2023-11-15 09:33:36,049 [INFO] Activator:176 - 


2023-11-15 09:33:36,053 [INFO] Activator:177 - !SESSION log4j initialized
2023-11-15 09:33:40,551 [INFO] LogOutputStream:77 - [STDOUT_REDIRECT] 
2023-11-15 09:33:50,915 [INFO] ApplicationProperties:184 - Using Application install path: C:\ST\STM32CubeIDE_1.13.1\STM32CubeIDE\plugins\com.st.stm32cube.common.mx_6.9.2.202309101412
2023-11-15 09:33:50,935 [INFO] DbMcusXml:78 - Set database path to: C:\ST\STM32CubeIDE_1.13.1\STM32CubeIDE\plugins\com.st.stm32cube.common.mx_6.9.2.202309101412\\db\/mcu/
2023-11-15 09:33:50,935 [INFO] ApiDb:274 - Set plugin database path to: C:\ST\STM32CubeIDE_1.13.1\STM32CubeIDE\plugins\com.st.stm32cube.common.mx_6.9.2.202309101412\\db\/plugins/boardmanager/
2023-11-15 09:33:50,936 [WARN] ApiDb:259 - Overriding images path with different value:  => C:\ST\STM32CubeIDE_1.13.1\STM32CubeIDE\plugins\com.st.stm32cube.common.mx_6.9.2.202309101412\\db\/plugins/mcufinder/images/
2023-11-15 09:33:50,952 [INFO] ApiDb:250 - Set database path to: C:\Users\singh\.stmcufinder\plugins\mcufinder//mcu/
2023-11-15 09:33:50,953 [INFO] DbMcusAds:125 - Set database path to: C:\Users\singh\.stmcufinder\plugins\mcufinder//mcu/
2023-11-15 09:33:50,960 [INFO] CrossReferenceDbSqlite:203 - Set database path to: C:\Users\singh\.stmcufinder\plugins\mcufinder//mcu/cs/
2023-11-15 09:33:51,047 [INFO] RulesReader:64 - Compatibility file has been processed (293 Rules)
2023-11-15 09:33:51,149 [INFO] DbMcusXml:78 - Set database path to: C:\ST\STM32CubeIDE_1.13.1\STM32CubeIDE\plugins\com.st.stm32cube.common.mx_6.9.2.202309101412\\db\/mcu/
2023-11-15 09:33:51,149 [INFO] ApiDb:274 - Set plugin database path to: C:\ST\STM32CubeIDE_1.13.1\STM32CubeIDE\plugins\com.st.stm32cube.common.mx_6.9.2.202309101412\\db\/plugins/boardmanager/
2023-11-15 09:33:51,149 [INFO] ApiDb:261 - Set plugin images path to: C:\ST\STM32CubeIDE_1.13.1\STM32CubeIDE\plugins\com.st.stm32cube.common.mx_6.9.2.202309101412\\db\/plugins/mcufinder/images/
2023-11-15 09:33:51,150 [WARN] DbFile:41 - Overriding database path with different value: C:\Users\singh\.stmcufinder\plugins\mcufinder/ => C:\Users\singh\.stmcufinder\plugins\mcufinder
2023-11-15 09:33:51,150 [INFO] ApiDb:250 - Set database path to: C:\Users\singh\.stmcufinder\plugins\mcufinder//mcu/
2023-11-15 09:33:51,150 [WARN] DbFile:41 - Overriding database path with different value: C:\Users\singh\.stmcufinder\plugins\mcufinder/ => C:\Users\singh\.stmcufinder\plugins\mcufinder
2023-11-15 09:33:51,150 [INFO] DbMcusAds:125 - Set database path to: C:\Users\singh\.stmcufinder\plugins\mcufinder//mcu/
2023-11-15 09:33:51,150 [WARN] DbFile:41 - Overriding database path with different value: C:\Users\singh\.stmcufinder\plugins\mcufinder/ => C:\Users\singh\.stmcufinder\plugins\mcufinder
2023-11-15 09:33:51,150 [WARN] DbFile:41 - Overriding database path with different value: C:\Users\singh\.stmcufinder\plugins\mcufinder/ => C:\Users\singh\.stmcufinder\plugins\mcufinder
2023-11-15 09:33:51,150 [INFO] CrossReferenceDbSqlite:203 - Set database path to: C:\Users\singh\.stmcufinder\plugins\mcufinder//mcu/cs/
2023-11-15 09:33:51,241 [INFO] MainPanel:262 - HeapMemory: 268435456
2023-11-15 09:33:51,324 [INFO] DbMcusXml:78 - Set database path to: C:\ST\STM32CubeIDE_1.13.1\STM32CubeIDE\plugins\com.st.stm32cube.common.mx_6.9.2.202309101412\\db\/mcu/
2023-11-15 09:33:51,324 [INFO] ApiDb:274 - Set plugin database path to: C:\ST\STM32CubeIDE_1.13.1\STM32CubeIDE\plugins\com.st.stm32cube.common.mx_6.9.2.202309101412\\db\/plugins/boardmanager/
2023-11-15 09:33:51,324 [INFO] ApiDb:261 - Set plugin images path to: C:\ST\STM32CubeIDE_1.13.1\STM32CubeIDE\plugins\com.st.stm32cube.common.mx_6.9.2.202309101412\\db\/plugins/mcufinder/images/
2023-11-15 09:33:51,324 [WARN] DbFile:41 - Overriding database path with different value: C:\Users\singh\.stmcufinder\plugins\mcufinder/ => C:\Users\singh\.stmcufinder\plugins\mcufinder
2023-11-15 09:33:51,325 [INFO] ApiDb:250 - Set database path to: C:\Users\singh\.stmcufinder\plugins\mcufinder//mcu/
2023-11-15 09:33:51,325 [WARN] DbFile:41 - Overriding database path with different value: C:\Users\singh\.stmcufinder\plugins\mcufinder/ => C:\Users\singh\.stmcufinder\plugins\mcufinder
2023-11-15 09:33:51,325 [INFO] DbMcusAds:125 - Set database path to: C:\Users\singh\.stmcufinder\plugins\mcufinder//mcu/
2023-11-15 09:33:51,325 [WARN] DbFile:41 - Overriding database path with different value: C:\Users\singh\.stmcufinder\plugins\mcufinder/ => C:\Users\singh\.stmcufinder\plugins\mcufinder
2023-11-15 09:33:51,325 [WARN] DbFile:41 - Overriding database path with different value: C:\Users\singh\.stmcufinder\plugins\mcufinder/ => C:\Users\singh\.stmcufinder\plugins\mcufinder
2023-11-15 09:33:51,325 [INFO] CrossReferenceDbSqlite:203 - Set database path to: C:\Users\singh\.stmcufinder\plugins\mcufinder//mcu/cs/
2023-11-15 09:33:51,344 [INFO] ApplicationProperties:184 - Using Application install path: C:\ST\STM32CubeIDE_1.13.1\STM32CubeIDE\plugins\com.st.stm32cube.common.mx_6.9.2.202309101412
2023-11-15 09:33:51,345 [INFO] PluginManage:196 - Search for loadable plugins [exclusion list=, ]
2023-11-15 09:33:51,347 [INFO] PluginManage:310 - Check plugin analytics
2023-11-15 09:33:51,496 [INFO] AnalyticsPlugin:253 - Accepted Software Licenses: STM32CubeMX.6.9.1
2023-11-15 09:33:51,497 [INFO] AnalyticsPlugin:255 - Accepted CMSIS Pack Licenses: 
2023-11-15 09:33:51,497 [INFO] AnalyticsPlugin:257 - Accepted Firmware Licenses: FW.F4.1.27.0,FW.G4.1.5.0
2023-11-15 09:33:51,499 [INFO] PluginManage:359 - Loaded plugin analytics (category:tool,tabindex:-1)
2023-11-15 09:33:51,501 [INFO] PluginManage:310 - Check plugin cadmodel
2023-11-15 09:33:51,514 [INFO] CADModel:105 - Init CAD model plugin
2023-11-15 09:33:51,514 [INFO] PluginManage:359 - Loaded plugin cadmodel (category:power,tabindex:5)
2023-11-15 09:33:51,515 [INFO] PluginManage:310 - Check plugin clock
2023-11-15 09:33:51,531 [INFO] PluginManage:359 - Loaded plugin clock (category:base,tabindex:2)
2023-11-15 09:33:51,532 [INFO] PluginManage:310 - Check plugin ddr
2023-11-15 09:33:51,534 [INFO] PluginManage:359 - Loaded plugin ddr (category:tool,tabindex:6)
2023-11-15 09:33:51,534 [INFO] PluginManage:310 - Check plugin filemanager
2023-11-15 09:33:51,656 [INFO] PluginManage:359 - Loaded plugin filemanager (category:base,tabindex:10)
2023-11-15 09:33:51,656 [INFO] PluginManage:310 - Check plugin ipmanager
2023-11-15 09:33:51,665 [INFO] PluginManage:359 - Loaded plugin ipmanager (category:base,tabindex:5)
2023-11-15 09:33:51,666 [INFO] PluginManage:310 - Check plugin lpbam
2023-11-15 09:33:51,679 [INFO] PluginManage:359 - Loaded plugin lpbam (category:base,tabindex:0)
2023-11-15 09:33:51,681 [INFO] PluginManage:310 - Check plugin memorymap
2023-11-15 09:33:51,702 [INFO] PluginManage:359 - Loaded plugin memorymap (category:base,tabindex:4)
2023-11-15 09:33:51,702 [INFO] PluginManage:310 - Check plugin pinoutandconfiguration
2023-11-15 09:33:51,715 [INFO] PluginManage:359 - Loaded plugin pinoutandconfiguration (category:base,tabindex:1)
2023-11-15 09:33:51,715 [INFO] PluginManage:310 - Check plugin pinoutconfig
2023-11-15 09:33:51,805 [WARN] SupportedApi:132 - Cannot load RTOS API schema: s4s-elt-must-match.1: The content of 'definitions' must match (annotation?, (simpleType | complexType)?, (unique | key | keyref)*)). A problem was found starting at: attribute.
2023-11-15 09:33:51,922 [INFO] PluginManage:359 - Loaded plugin pinoutconfig (category:base,tabindex:0)
2023-11-15 09:33:51,922 [INFO] PluginManage:310 - Check plugin power
2023-11-15 09:33:51,940 [INFO] PluginManage:359 - Loaded plugin power (category:power,tabindex:4)
2023-11-15 09:33:51,940 [INFO] PluginManage:310 - Check plugin projectmanager
2023-11-15 09:33:51,953 [INFO] PluginManage:359 - Loaded plugin projectmanager (category:projectmanager,tabindex:3)
2023-11-15 09:33:51,954 [INFO] PluginManage:310 - Check plugin thirdparty
2023-11-15 09:33:52,175 [INFO] PluginManage:359 - Loaded plugin thirdparty (category:base,tabindex:-1)
2023-11-15 09:33:52,175 [WARN] IntegrityCheckThread:84 - waiting for thirdparty lock release [integrity check]
2023-11-15 09:33:52,175 [INFO] PluginManage:310 - Check plugin tools
2023-11-15 09:33:52,175 [INFO] IntegrityCheckThread:86 - entering critical section [integrity check]
2023-11-15 09:33:52,176 [INFO] ThirdPartyUpdaterWithRetryManager:70 - Updater plugin not ready yet. [1/15]
2023-11-15 09:33:52,206 [INFO] PluginManage:359 - Loaded plugin tools (category:base,tabindex:7)
2023-11-15 09:33:52,206 [INFO] PluginManage:310 - Check plugin tutovideos
2023-11-15 09:33:52,383 [INFO] PluginManage:359 - Loaded plugin tutovideos (category:base,tabindex:-1)
2023-11-15 09:33:52,383 [INFO] PluginManage:310 - Check plugin updater
2023-11-15 09:33:52,393 [INFO] PluginManage:359 - Loaded plugin updater (category:base,tabindex:12)
2023-11-15 09:33:52,393 [INFO] PluginManage:310 - Check plugin userauth
2023-11-15 09:33:52,398 [INFO] UserAuth:113 - Init User Auth plugin
2023-11-15 09:33:52,398 [INFO] PluginManage:359 - Loaded plugin userauth (category:base,tabindex:14)
2023-11-15 09:33:52,399 [INFO] PluginManage:283 - PluginManage : Loaded plugins [17]
2023-11-15 09:33:52,625 [INFO] PinOutPanel:1499 - setPackage(No Configuration,No Configuration)
2023-11-15 09:33:52,745 [INFO] CADModel:165 - CPN selected for project level
2023-11-15 09:33:52,745 [INFO] CADModel:114 - Register for checkConnection events
2023-11-15 09:33:52,764 [INFO] IPUIPlugin:80 - create IPUIPlugin
2023-11-15 09:33:52,764 [INFO] PluginManager:220 - loadIPPluginJar : add adc
2023-11-15 09:33:52,790 [INFO] IPUIPlugin:80 - create IPUIPlugin
2023-11-15 09:33:52,791 [INFO] PluginManager:220 - loadIPPluginJar : add aes
2023-11-15 09:33:52,822 [INFO] IPUIPlugin:80 - create IPUIPlugin
2023-11-15 09:33:52,823 [INFO] PluginManager:220 - loadIPPluginJar : add can
2023-11-15 09:33:52,839 [INFO] IPUIPlugin:80 - create IPUIPlugin
2023-11-15 09:33:52,839 [INFO] PluginManager:220 - loadIPPluginJar : add comp
2023-11-15 09:33:52,863 [INFO] IPUIPlugin:80 - create IPUIPlugin
2023-11-15 09:33:52,863 [INFO] PluginManager:220 - loadIPPluginJar : add cryp
2023-11-15 09:33:52,884 [INFO] IPUIPlugin:80 - create IPUIPlugin
2023-11-15 09:33:52,884 [INFO] PluginManager:220 - loadIPPluginJar : add dfsdm
2023-11-15 09:33:52,894 [INFO] IPUIPlugin:80 - create IPUIPlugin
2023-11-15 09:33:52,894 [INFO] PluginManager:220 - loadIPPluginJar : add dma
2023-11-15 09:33:52,925 [INFO] IPUIPlugin:80 - create IPUIPlugin
2023-11-15 09:33:52,925 [INFO] PluginManager:220 - loadIPPluginJar : add dma3
2023-11-15 09:33:52,942 [INFO] IPUIPlugin:80 - create IPUIPlugin
2023-11-15 09:33:52,942 [INFO] PluginManager:220 - loadIPPluginJar : add fatfs
2023-11-15 09:33:52,988 [INFO] IPUIPlugin:80 - create IPUIPlugin
2023-11-15 09:33:52,988 [INFO] PluginManager:220 - loadIPPluginJar : add fmc
2023-11-15 09:33:53,001 [INFO] IPUIPlugin:80 - create IPUIPlugin
2023-11-15 09:33:53,002 [INFO] PluginManager:220 - loadIPPluginJar : add freertos
2023-11-15 09:33:53,019 [INFO] IPUIPlugin:80 - create IPUIPlugin
2023-11-15 09:33:53,020 [INFO] PluginManager:220 - loadIPPluginJar : add genericplugin
2023-11-15 09:33:53,081 [INFO] IPUIPlugin:80 - create IPUIPlugin
2023-11-15 09:33:53,081 [INFO] PluginManager:220 - loadIPPluginJar : add gfxmmu
2023-11-15 09:33:53,168 [INFO] IPUIPlugin:80 - create IPUIPlugin
2023-11-15 09:33:53,169 [INFO] PluginManager:220 - loadIPPluginJar : add gic
2023-11-15 09:33:53,179 [INFO] IPUIPlugin:80 - create IPUIPlugin
2023-11-15 09:33:53,180 [INFO] PluginManager:220 - loadIPPluginJar : add gpio
2023-11-15 09:33:53,245 [INFO] IPUIPlugin:80 - create IPUIPlugin
2023-11-15 09:33:53,245 [INFO] PluginManager:220 - loadIPPluginJar : add gtzc
2023-11-15 09:33:53,268 [INFO] IPUIPlugin:80 - create IPUIPlugin
2023-11-15 09:33:53,268 [INFO] PluginManager:220 - loadIPPluginJar : add hash
2023-11-15 09:33:53,304 [INFO] IPUIPlugin:80 - create IPUIPlugin
2023-11-15 09:33:53,304 [INFO] PluginManager:220 - loadIPPluginJar : add i2c
2023-11-15 09:33:53,333 [INFO] IPUIPlugin:80 - create IPUIPlugin
2023-11-15 09:33:53,333 [INFO] PluginManager:220 - loadIPPluginJar : add i2s
2023-11-15 09:33:53,361 [INFO] IPUIPlugin:80 - create IPUIPlugin
2023-11-15 09:33:53,361 [INFO] PluginManager:220 - loadIPPluginJar : add i3c
2023-11-15 09:33:53,441 [INFO] IPUIPlugin:80 - create IPUIPlugin
2023-11-15 09:33:53,441 [INFO] PluginManager:220 - loadIPPluginJar : add ipddr
2023-11-15 09:33:53,506 [INFO] IPUIPlugin:80 - create IPUIPlugin
2023-11-15 09:33:53,507 [INFO] PluginManager:220 - loadIPPluginJar : add linkedlist
2023-11-15 09:33:53,532 [INFO] IPUIPlugin:80 - create IPUIPlugin
2023-11-15 09:33:53,532 [INFO] PluginManager:220 - loadIPPluginJar : add lorawan
2023-11-15 09:33:53,556 [INFO] IPUIPlugin:80 - create IPUIPlugin
2023-11-15 09:33:53,556 [INFO] PluginManager:220 - loadIPPluginJar : add ltdc
2023-11-15 09:33:53,569 [INFO] IPUIPlugin:80 - create IPUIPlugin
2023-11-15 09:33:53,569 [INFO] PluginManager:220 - loadIPPluginJar : add mdma
2023-11-15 09:33:53,578 [INFO] IPUIPlugin:80 - create IPUIPlugin
2023-11-15 09:33:53,578 [INFO] PluginManager:220 - loadIPPluginJar : add nvic
2023-11-15 09:33:53,603 [INFO] IPUIPlugin:80 - create IPUIPlugin
2023-11-15 09:33:53,603 [INFO] PluginManager:220 - loadIPPluginJar : add opamp
2023-11-15 09:33:53,644 [INFO] IPUIPlugin:80 - create IPUIPlugin
2023-11-15 09:33:53,645 [INFO] PluginManager:220 - loadIPPluginJar : add openamp
2023-11-15 09:33:53,673 [INFO] IPUIPlugin:80 - create IPUIPlugin
2023-11-15 09:33:53,674 [INFO] PluginManager:220 - loadIPPluginJar : add pdm2pcm
2023-11-15 09:33:53,687 [INFO] IPUIPlugin:80 - create IPUIPlugin
2023-11-15 09:33:53,688 [INFO] PluginManager:220 - loadIPPluginJar : add plateformsettings
2023-11-15 09:33:53,705 [INFO] IPUIPlugin:80 - create IPUIPlugin
2023-11-15 09:33:53,705 [INFO] PluginManager:220 - loadIPPluginJar : add quadspi
2023-11-15 09:33:53,716 [INFO] IPUIPlugin:80 - create IPUIPlugin
2023-11-15 09:33:53,716 [INFO] PluginManager:220 - loadIPPluginJar : add resmgrutility
2023-11-15 09:33:53,751 [INFO] IPUIPlugin:80 - create IPUIPlugin
2023-11-15 09:33:53,751 [INFO] PluginManager:220 - loadIPPluginJar : add sai
2023-11-15 09:33:53,776 [INFO] IPUIPlugin:80 - create IPUIPlugin
2023-11-15 09:33:53,776 [INFO] PluginManager:220 - loadIPPluginJar : add spi
2023-11-15 09:33:53,824 [INFO] IPUIPlugin:80 - create IPUIPlugin
2023-11-15 09:33:53,824 [INFO] PluginManager:220 - loadIPPluginJar : add stm32_wpan
2023-11-15 09:33:53,842 [INFO] IPUIPlugin:80 - create IPUIPlugin
2023-11-15 09:33:53,842 [INFO] PluginManager:220 - loadIPPluginJar : add tim
2023-11-15 09:33:53,883 [INFO] IPUIPlugin:80 - create IPUIPlugin
2023-11-15 09:33:53,883 [INFO] PluginManager:220 - loadIPPluginJar : add touchsensing
2023-11-15 09:33:53,901 [INFO] IPUIPlugin:80 - create IPUIPlugin
2023-11-15 09:33:53,901 [INFO] PluginManager:220 - loadIPPluginJar : add tracer_emb
2023-11-15 09:33:53,917 [INFO] IPUIPlugin:80 - create IPUIPlugin
2023-11-15 09:33:53,917 [INFO] PluginManager:220 - loadIPPluginJar : add ts
2023-11-15 09:33:53,933 [INFO] IPUIPlugin:80 - create IPUIPlugin
2023-11-15 09:33:53,933 [INFO] PluginManager:220 - loadIPPluginJar : add tsc
2023-11-15 09:33:53,951 [INFO] IPUIPlugin:80 - create IPUIPlugin
2023-11-15 09:33:53,951 [INFO] PluginManager:220 - loadIPPluginJar : add ucpd
2023-11-15 09:33:53,992 [INFO] IPUIPlugin:80 - create IPUIPlugin
2023-11-15 09:33:53,993 [INFO] PluginManager:220 - loadIPPluginJar : add usart
2023-11-15 09:33:54,025 [INFO] IPUIPlugin:80 - create IPUIPlugin
2023-11-15 09:33:54,025 [INFO] PluginManager:220 - loadIPPluginJar : add usbx
2023-11-15 09:33:54,158 [INFO] CADModel:165 - CPN selected for project level
2023-11-15 09:33:54,158 [INFO] CADModel:114 - Register for checkConnection events
2023-11-15 09:33:54,158 [FATAL] Updater:308 - Updater called before beeing initialized
2023-11-15 09:33:54,158 [ERROR] CADModel:125 - Updater not yet initialized, retry later 
2023-11-15 09:33:54,297 [INFO] CADModel:165 - CPN selected for project level
2023-11-15 09:33:54,297 [INFO] CADModel:114 - Register for checkConnection events
2023-11-15 09:33:54,297 [FATAL] Updater:308 - Updater called before beeing initialized
2023-11-15 09:33:54,298 [ERROR] CADModel:125 - Updater not yet initialized, retry later 
2023-11-15 09:33:54,301 [FATAL] Updater:308 - Updater called before beeing initialized
2023-11-15 09:33:54,403 [FATAL] Updater:308 - Updater called before beeing initialized
2023-11-15 09:33:54,408 [INFO] DbMcusAds:53 - JSON generation date=Tue Mar 07 03:50:55 EST 2023 (1678179055335)
2023-11-15 09:33:54,408 [FATAL] Updater:308 - Updater called before beeing initialized
2023-11-15 09:33:54,444 [WARN] DetailPanel:346 - Failed to get advertising image, set to default
2023-11-15 09:33:54,558 [FATAL] Updater:308 - Updater called before beeing initialized
2023-11-15 09:33:54,559 [FATAL] Updater:308 - Updater called before beeing initialized
2023-11-15 09:33:54,559 [FATAL] Updater:308 - Updater called before beeing initialized
2023-11-15 09:33:54,559 [WARN] DetailPanel:346 - Failed to get advertising image, set to default
2023-11-15 09:33:54,560 [FATAL] Updater:308 - Updater called before beeing initialized
2023-11-15 09:33:54,613 [ERROR] Updater:1120 - MainUpdater not yet initialized. External WinMGr cannot be set.
2023-11-15 09:33:54,624 [INFO] Updater:1056 - Updater Version found : 6.9.2
2023-11-15 09:33:54,641 [INFO] ApplicationProperties:184 - Using Application install path: C:\ST\STM32CubeIDE_1.13.1\STM32CubeIDE\plugins\com.st.stm32cube.common.mx_6.9.2.202309101412
2023-11-15 09:33:54,771 [INFO] MainUpdater:521 - Copy updater definitions from MX database
2023-11-15 09:33:54,841 [INFO] MainUpdater:2868 - connection check result : 10
2023-11-15 09:33:54,841 [INFO] MainUpdater:3562 - Updater definition file requires update
2023-11-15 09:33:54,843 [INFO] MainUpdater:285 - Updater Check For Update Now.
2023-11-15 09:33:54,843 [INFO] MicroXplorer:498 - Change Database Version : DB.6.0.92
2023-11-15 09:33:54,858 [INFO] McuFinderGlobals:63 - Set McuFinder mode to 2 (CubeIDE integrated)
2023-11-15 09:33:54,914 [INFO] ServerAccessManage:473 - Download File updaters.zip
2023-11-15 09:33:54,984 [INFO] FileExtend:240 - Unzip File : updaters.zip
2023-11-15 09:33:54,984 [INFO] FileExtend:255 - Standard Zip Deflate
2023-11-15 09:33:55,203 [WARN] MainUpdater:1189 - Updater busy. Cannot search thirdparties
2023-11-15 09:33:55,204 [INFO] ThirdPartyUpdaterWithRetryManager:96 - Updater plugin is busy. [1/15]
2023-11-15 09:33:55,537 [INFO] ServerAccessManage:473 - Download File PacksControlFlags.xml
2023-11-15 09:33:55,621 [INFO] ServerAccessManage:473 - Download File cubemx.pidx
2023-11-15 09:33:55,708 [INFO] LoadServerUpdatesThread:373 - End of LoadServerUpdate Thread
2023-11-15 09:33:55,864 [INFO] CheckServerUpdateThread:120 - End of CheckServer Thread
2023-11-15 09:33:58,478 [WARN] PackLoader:240 - Cannot read IP mode file for STMicroelectronics.X-CUBE-SMBUS.2.1.0
2023-11-15 09:33:58,519 [WARN] PackLoader:240 - Cannot read IP mode file for STMicroelectronics.X-CUBE-AZRTOS-F7.1.1.0
2023-11-15 09:33:58,538 [WARN] PackLoader:240 - Cannot read IP mode file for STMicroelectronics.FP-SNS-MOTENV1.4.3.2
2023-11-15 09:33:58,551 [WARN] PackLoader:240 - Cannot read IP mode file for STMicroelectronics.FP-SNS-FLIGHT1.5.0.2
2023-11-15 09:33:58,569 [WARN] PackLoader:240 - Cannot read IP mode file for STMicroelectronics.X-CUBE-DISPLAY.3.0.0
2023-11-15 09:33:58,591 [WARN] PackLoader:240 - Cannot read IP mode file for STMicroelectronics.X-CUBE-BLE1.7.0.0
2023-11-15 09:33:58,606 [WARN] PackLoader:240 - Cannot read IP mode file for emotas.I-CUBE-CANOPEN.1.3.0
2023-11-15 09:33:58,619 [WARN] PackLoader:240 - Cannot read IP mode file for STMicroelectronics.X-CUBE-TOUCHGFX.4.22.0
2023-11-15 09:33:58,629 [WARN] PackLoader:240 - Cannot read IP mode file for STMicroelectronics.X-CUBE-TOUCHGFX.4.22.1
2023-11-15 09:33:58,639 [WARN] PackLoader:240 - Cannot read IP mode file for STMicroelectronics.FP-SNS-SMARTAG2.1.2.0
2023-11-15 09:33:58,655 [INFO] LogOutputStream:77 - [STDOUT_REDIRECT] 1 : Invalid condition id : UX_CORESTACK_Condition cause : null
2023-11-15 09:33:58,655 [INFO] LogOutputStream:77 - [STDOUT_REDIRECT] 1 : Invalid condition id : UX_CORESTACK_Condition cause : null
2023-11-15 09:33:58,656 [INFO] LogOutputStream:77 - [STDOUT_REDIRECT] 1 : Invalid condition id : UX_CORESTACK_Condition cause : null
2023-11-15 09:33:58,657 [INFO] LogOutputStream:77 - [STDOUT_REDIRECT] 1 : Invalid condition id : UX_CORESTACK_Condition cause : null
2023-11-15 09:33:58,658 [INFO] LogOutputStream:77 - [STDOUT_REDIRECT] 1 : Invalid condition id : UX_CORESTACK_Condition cause : null
2023-11-15 09:33:58,662 [WARN] PackLoader:240 - Cannot read IP mode file for STMicroelectronics.X-CUBE-AZRTOS-WL.2.0.0
2023-11-15 09:33:58,675 [WARN] PackLoader:240 - Cannot read IP mode file for WES.I-CUBE-Cesium.1.3.0
2023-11-15 09:33:58,686 [WARN] PackLoader:240 - Cannot read IP mode file for STMicroelectronics.X-CUBE-BLE2.3.3.0
2023-11-15 09:33:58,697 [WARN] PackLoader:240 - Cannot read IP mode file for STMicroelectronics.X-CUBE-ALGOBUILD.1.3.0
2023-11-15 09:33:58,725 [WARN] PackLoader:240 - Cannot read IP mode file for STMicroelectronics.X-CUBE-AZRTOS-G0.1.1.0
2023-11-15 09:33:58,742 [WARN] PackLoader:240 - Cannot read IP mode file for STMicroelectronics.X-CUBE-NFC4.3.0.0
2023-11-15 09:33:58,759 [WARN] PackLoader:240 - Cannot read IP mode file for STMicroelectronics.X-CUBE-BLEMGR.3.0.0
2023-11-15 09:33:58,774 [WARN] PackLoader:240 - Cannot read IP mode file for STMicroelectronics.FP-ATR-SIGFOX1.3.2.0
2023-11-15 09:33:58,812 [WARN] PackLoader:240 - Cannot read IP mode file for SEGGER.I-CUBE-embOS.1.3.1
2023-11-15 09:33:58,867 [WARN] PackLoader:240 - Cannot read IP mode file for STMicroelectronics.X-CUBE-GNSS1.6.0.0
2023-11-15 09:33:58,898 [WARN] PackLoader:240 - Cannot read IP mode file for STMicroelectronics.X-CUBE-AZRTOS-F4.1.1.0
2023-11-15 09:33:58,911 [WARN] PackLoader:240 - Cannot read IP mode file for wolfSSL.I-CUBE-wolfSSL.5.6.3
2023-11-15 09:33:58,941 [WARN] PackLoader:240 - Cannot read IP mode file for STMicroelectronics.X-CUBE-AZRTOS-L5.2.0.0
2023-11-15 09:33:58,998 [WARN] PackLoader:240 - Cannot read IP mode file for STMicroelectronics.X-CUBE-MEMS1.9.6.0
2023-11-15 09:33:59,161 [WARN] PackLoader:240 - Cannot read IP mode file for STMicroelectronics.X-CUBE-EEPRMA1.4.2.0
2023-11-15 09:33:59,177 [WARN] PackLoader:240 - Cannot read IP mode file for ITTIA_DB.I-CUBE-ITTIADB.8.8.0
2023-11-15 09:33:59,194 [WARN] PackLoader:240 - Cannot read IP mode file for STMicroelectronics.X-CUBE-BLEMGR.2.0.0
2023-11-15 09:33:59,227 [WARN] ConditionMgr:438 - getConditionDescription Invalid condition id : UX DEVICE CLASS RTOS Condition cause : null
2023-11-15 09:33:59,227 [WARN] ConditionMgr:438 - getConditionDescription Invalid condition id : UX DEVICE CLASS RTOS Condition cause : null
2023-11-15 09:33:59,230 [WARN] PackLoader:240 - Cannot read IP mode file for STMicroelectronics.X-CUBE-AZRTOS-H7.3.1.0
2023-11-15 09:33:59,232 [WARN] ConditionMgr:1039 - genDependencies : Invalid condition id : UX DEVICE CLASS RTOS Condition cause : null
2023-11-15 09:33:59,232 [WARN] ConditionMgr:1039 - genDependencies : Invalid condition id : UX DEVICE CLASS RTOS Condition cause : null
2023-11-15 09:33:59,232 [WARN] ConditionMgr:1039 - genDependencies : Invalid condition id : UX DEVICE CLASS RTOS Condition cause : null
2023-11-15 09:33:59,233 [WARN] ConditionMgr:1039 - genDependencies : Invalid condition id : UX DEVICE CLASS RTOS Condition cause : null
2023-11-15 09:33:59,233 [WARN] ConditionMgr:1039 - genDependencies : Invalid condition id : UX DEVICE CLASS RTOS Condition cause : null
2023-11-15 09:33:59,250 [WARN] PackLoader:240 - Cannot read IP mode file for STMicroelectronics.X-CUBE-NFC7.1.0.1
2023-11-15 09:33:59,268 [WARN] PackLoader:240 - Cannot read IP mode file for STMicroelectronics.X-CUBE-NFC6.3.0.0
2023-11-15 09:33:59,285 [WARN] PackLoader:240 - Cannot read IP mode file for STMicroelectronics.X-CUBE-EEPRMA1.4.1.0
2023-11-15 09:33:59,299 [WARN] PackLoader:240 - Cannot read IP mode file for STMicroelectronics.X-CUBE-AI.8.1.0
2023-11-15 09:33:59,333 [WARN] ConditionMgr:438 - getConditionDescription Invalid condition id : LAN8742 Phy interface Condition cause : null
2023-11-15 09:33:59,334 [WARN] PackLoader:240 - Cannot read IP mode file for STMicroelectronics.X-CUBE-AZRTOS-L4.2.0.0
2023-11-15 09:33:59,335 [WARN] ConditionMgr:1039 - genDependencies : Invalid condition id : LAN8742 Phy interface Condition cause : null
2023-11-15 09:33:59,336 [WARN] ConditionMgr:1039 - genDependencies : Invalid condition id : LAN8742 Phy interface Condition cause : null
2023-11-15 09:33:59,336 [WARN] ConditionMgr:1039 - genDependencies : Invalid condition id : LAN8742 Phy interface Condition cause : null
2023-11-15 09:33:59,353 [WARN] PackLoader:240 - Cannot read IP mode file for STMicroelectronics.X-CUBE-SFXS2LP1.4.0.0
2023-11-15 09:33:59,368 [WARN] PackLoader:240 - Cannot read IP mode file for STMicroelectronics.X-CUBE-ISPU.1.1.0
2023-11-15 09:33:59,394 [WARN] ConditionMgr:438 - getConditionDescription Invalid condition id : UX DEVICE CLASS RTOS Condition cause : null
2023-11-15 09:33:59,394 [WARN] ConditionMgr:438 - getConditionDescription Invalid condition id : UX DEVICE CLASS RTOS Condition cause : null
2023-11-15 09:33:59,396 [WARN] PackLoader:240 - Cannot read IP mode file for STMicroelectronics.X-CUBE-AZRTOS-WB.2.0.0
2023-11-15 09:33:59,397 [WARN] ConditionMgr:1039 - genDependencies : Invalid condition id : UX DEVICE CLASS RTOS Condition cause : null
2023-11-15 09:33:59,397 [WARN] ConditionMgr:1039 - genDependencies : Invalid condition id : UX DEVICE CLASS RTOS Condition cause : null
2023-11-15 09:33:59,398 [WARN] ConditionMgr:1039 - genDependencies : Invalid condition id : UX DEVICE CLASS RTOS Condition cause : null
2023-11-15 09:33:59,398 [WARN] ConditionMgr:1039 - genDependencies : Invalid condition id : UX DEVICE CLASS RTOS Condition cause : null
2023-11-15 09:33:59,398 [WARN] ConditionMgr:1039 - genDependencies : Invalid condition id : UX DEVICE CLASS RTOS Condition cause : null
2023-11-15 09:33:59,421 [WARN] PackLoader:240 - Cannot read IP mode file for STMicroelectronics.X-CUBE-SUBG2.5.0.0
2023-11-15 09:33:59,447 [WARN] PackLoader:240 - Cannot read IP mode file for STMicroelectronics.X-CUBE-TOF1.3.3.1
2023-11-15 09:33:59,484 [WARN] PackLoader:240 - Cannot read IP mode file for STMicroelectronics.X-CUBE-AZRTOS-G4.2.0.0
2023-11-15 09:33:59,512 [WARN] PackLoader:240 - Cannot read IP mode file for Infineon.AIROC-Wi-Fi-Bluetooth-STM32.1.5.1
2023-11-15 09:33:59,532 [WARN] PackLoader:240 - Cannot read IP mode file for STMicroelectronics.FP-SNS-MOTENVWB1.1.3.0
2023-11-15 09:33:59,588 [WARN] PackLoader:240 - Cannot read IP mode file for STMicroelectronics.X-CUBE-MEMS1.10.0.0
2023-11-15 09:33:59,705 [WARN] PackLoader:240 - Cannot read IP mode file for STMicroelectronics.X-CUBE-FREERTOS.1.1.0
2023-11-15 09:33:59,726 [WARN] PackLoader:240 - Cannot read IP mode file for portGmbH.I-Cube-SoM-uGOAL.1.1.0
2023-11-15 09:33:59,843 [WARN] PackLoader:240 - Cannot read IP mode file for STMicroelectronics.X-CUBE-ALS.1.0.1
2023-11-15 09:33:59,857 [WARN] PackLoader:240 - Cannot read IP mode file for STMicroelectronics.FP-ATR-ASTRA1.2.0.0
2023-11-15 09:33:59,858 [INFO] ThirdParty:978 - Integrity check success = true
2023-11-15 09:33:59,858 [INFO] IntegrityCheckThread:100 - exiting critical section [integrity check]
2023-11-15 09:33:59,858 [INFO] IntegrityCheckThread:103 - End integrity checks thread
2023-11-15 09:34:10,595 [ERROR] LogOutputStream:75 - [STDERR_REDIRECT] SLF4J: Failed to load class "org.slf4j.impl.StaticLoggerBinder".
2023-11-15 09:34:10,596 [ERROR] LogOutputStream:75 - [STDERR_REDIRECT] SLF4J: Defaulting to no-operation (NOP) logger implementation
2023-11-15 09:34:10,597 [ERROR] LogOutputStream:75 - [STDERR_REDIRECT] SLF4J: See http://www.slf4j.org/codes.html#StaticLoggerBinder for further details.
2023-11-15 09:35:05,681 [INFO] McuFinderGlobals:63 - Set McuFinder mode to 2 (CubeIDE integrated)
2023-11-15 09:35:05,706 [INFO] MainUpdater:2868 - connection check result : 10
2023-11-15 09:35:05,713 [INFO] MainUpdater:2868 - connection check result : 10
2023-11-15 09:35:05,863 [INFO] MicroXplorer:468 - Change Database Path : 
2023-11-15 09:35:05,863 [INFO] MicroXplorer:498 - Change Database Version : DB.6.0.92
2023-11-15 09:35:05,868 [WARN] ThirdParty:871 - waiting for thirdparty lock release [close project]
2023-11-15 09:35:05,868 [INFO] ThirdParty:873 - entering critical section [close project]
2023-11-15 09:35:05,868 [INFO] ThirdParty:883 - exiting critical section [close project]
2023-11-15 09:35:05,869 [INFO] PinOutPanel:1499 - setPackage(No Configuration,No Configuration)
2023-11-15 09:35:05,872 [INFO] UtilMem:75 - Begin LoadConfig() Used Memory: 523902016 Bytes (801112064)
2023-11-15 09:35:05,889 [INFO] MicroXplorer:468 - Change Database Path : C:/Users/singh/.stm32cubemx/databases/DB.6.0.91/db/
2023-11-15 09:35:05,890 [INFO] MicroXplorer:498 - Change Database Version : DB.6.0.91
2023-11-15 09:35:08,224 [INFO] OpenFileManager:308 - Change cursor
2023-11-15 09:35:08,251 [INFO] Mcu:1946 - Initializing MCU STM32F446R(C-E)Tx STM32F446RETx STM32F446RET6
2023-11-15 09:35:09,715 [INFO] Context:659 - Trying to add GPIOservice into a context  which must be forbidden
2023-11-15 09:35:10,270 [INFO] RtosManager:555 - Registered RTOS mode: class=CMSIS, group=RTOS, mode=CMSIS_V1, owner=FREERTOS
2023-11-15 09:35:10,270 [INFO] RtosManager:555 - Registered RTOS mode: class=CMSIS, group=RTOS2, mode=CMSIS_V2, owner=FREERTOS
2023-11-15 09:35:10,270 [INFO] RtosManager:555 - Registered RTOS mode: class=RTOS, group=Core, mode=CMSIS_V1, owner=FREERTOS
2023-11-15 09:35:10,270 [INFO] RtosManager:555 - Registered RTOS mode: class=RTOS, group=Core, mode=CMSIS_V2, owner=FREERTOS
2023-11-15 09:35:10,271 [WARN] ModelIntegratedComponent:184 - Missing modes for component STMicroelectronics:FreeRTOS:0.0.1:STMicroelectronics:RTOS:FreeRTOS:Core:::10.2.0:
2023-11-15 09:35:10,283 [WARN] ModelIntegratedComponent:63 - No mode defined for component null
2023-11-15 09:35:10,283 [WARN] ModelIntegratedComponent:63 - No mode defined for component null
2023-11-15 09:35:10,283 [WARN] ModelIntegratedComponent:63 - No mode defined for component null
2023-11-15 09:35:10,283 [WARN] ModelIntegratedComponent:63 - No mode defined for component null
2023-11-15 09:35:10,283 [WARN] ModelIntegratedComponent:63 - No mode defined for component null
2023-11-15 09:35:10,283 [WARN] ModelIntegratedComponent:63 - No mode defined for component null
2023-11-15 09:35:10,283 [WARN] ModelIntegratedComponent:63 - No mode defined for component null
2023-11-15 09:35:10,283 [WARN] ModelIntegratedComponent:63 - No mode defined for component null
2023-11-15 09:35:10,283 [WARN] ModelIntegratedComponent:63 - No mode defined for component null
2023-11-15 09:35:10,283 [WARN] ModelIntegratedComponent:63 - No mode defined for component null
2023-11-15 09:35:10,283 [WARN] ModelIntegratedComponent:63 - No mode defined for component null
2023-11-15 09:35:10,283 [WARN] ModelIntegratedComponent:63 - No mode defined for component null
2023-11-15 09:35:10,283 [WARN] ModelIntegratedComponent:63 - No mode defined for component null
2023-11-15 09:35:10,283 [WARN] ModelIntegratedComponent:63 - No mode defined for component null
2023-11-15 09:35:10,283 [WARN] ModelIntegratedComponent:63 - No mode defined for component null
2023-11-15 09:35:10,283 [WARN] ModelIntegratedComponent:63 - No mode defined for component null
2023-11-15 09:35:10,283 [WARN] ModelIntegratedComponent:63 - No mode defined for component null
2023-11-15 09:35:10,283 [WARN] ModelIntegratedComponent:63 - No mode defined for component null
2023-11-15 09:35:10,283 [WARN] ModelIntegratedComponent:63 - No mode defined for component null
2023-11-15 09:35:10,283 [WARN] ModelIntegratedComponent:63 - No mode defined for component null
2023-11-15 09:35:10,283 [WARN] ModelIntegratedComponent:63 - No mode defined for component null
2023-11-15 09:35:10,283 [WARN] ModelIntegratedComponent:63 - No mode defined for component null
2023-11-15 09:35:10,284 [WARN] ModelIntegratedComponent:63 - No mode defined for component null
2023-11-15 09:35:10,284 [WARN] ModelIntegratedComponent:63 - No mode defined for component null
2023-11-15 09:35:10,284 [WARN] ModelIntegratedComponent:63 - No mode defined for component null
2023-11-15 09:35:10,284 [WARN] ModelIntegratedComponent:63 - No mode defined for component null
2023-11-15 09:35:10,284 [WARN] ModelIntegratedComponent:63 - No mode defined for component null
2023-11-15 09:35:10,284 [WARN] ModelIntegratedComponent:63 - No mode defined for component null
2023-11-15 09:35:10,284 [WARN] ModelIntegratedComponent:63 - No mode defined for component null
2023-11-15 09:35:10,284 [WARN] ModelIntegratedComponent:63 - No mode defined for component null
2023-11-15 09:35:10,284 [WARN] ModelIntegratedComponent:63 - No mode defined for component null
2023-11-15 09:35:10,284 [WARN] ModelIntegratedComponent:63 - No mode defined for component null
2023-11-15 09:35:10,284 [WARN] ModelIntegratedComponent:63 - No mode defined for component null
2023-11-15 09:35:10,353 [INFO] ThirdPartyModel:298 - Start build external matchings
2023-11-15 09:35:10,772 [INFO] ThirdPartyModel:316 - End build external matchings
2023-11-15 09:35:10,789 [INFO] ImportTextPane:194 - (OptionalMessage_ERROR) IP (RCC) : Invalid parameter (48MHZClocksFreq_Value)
2023-11-15 09:35:10,789 [INFO] ImportTextPane:194 - (OptionalMessage_ERROR) IP (RCC) : Invalid parameter (EthernetFreq_Value)
2023-11-15 09:35:10,790 [INFO] ImportTextPane:194 - (OptionalMessage_ERROR) IP (RCC) : Parameter (FLatency) has Id (AdvancedSettings) currently not set
2023-11-15 09:35:10,790 [INFO] ImportTextPane:194 - (OptionalMessage_ERROR) IP (RCC) : Invalid parameter (FamilyName)
2023-11-15 09:35:10,790 [INFO] ImportTextPane:194 - (OptionalMessage_ERROR) IP (RCC) : Invalid parameter (I2SClocksFreq_Value)
2023-11-15 09:35:10,791 [INFO] ImportTextPane:194 - (OptionalMessage_ERROR) IP (RCC) : Parameter (SDIOFreq_Value) has invalid value (168000000)
2023-11-15 09:35:10,791 [INFO] ImportTextPane:194 - (OptionalMessage_ERROR) IP (RCC) : Parameter (USBFreq_Value) has invalid value (168000000)
2023-11-15 09:35:10,791 [INFO] ImportTextPane:194 - (OptionalMessage_ERROR) IP (RCC) : Invalid parameter (VCOInputMFreq_Value)
2023-11-15 09:35:10,791 [INFO] ImportTextPane:194 - (OptionalMessage_ERROR) IP (RCC) : Invalid parameter (VcooutputI2S)
2023-11-15 09:35:11,028 [INFO] UtilMem:75 - End LoadConfig() Used Memory: 847612400 Bytes (1073741824)
2023-11-15 09:35:11,241 [INFO] ApiDb:581 - Connected to CubeFinder SQLite database (C:\Users\singh\.stmcufinder\plugins\mcufinder\mcu\cube-finder-db.db)
2023-11-15 09:35:11,311 [INFO] ApiDb:668 - CubeFinder database Data Model version=2.1
2023-11-15 09:35:11,311 [INFO] ApiDb:669 - CubeFinder database Configuration version=3.0.37
2023-11-15 09:35:11,311 [INFO] ApiDb:670 - CubeFinder database generation date=2023-10-13 (1697197505)
2023-11-15 09:35:11,311 [INFO] ApiDb:671 - CubeFinder database FW Pack versions=[FP-ATR-ASTRA1_V2.0.0, FP-SNS-FLIGHT1_V5.0.1, FP-SNS-FLIGHT1_V5.0.2, FP-SNS-MOTENV1_V4.3.1, FP-SNS-MOTENV1_V4.3.2, FP-SNS-SMARTAG2_V1.2.0, I-CUBE-ITTIADB_V8.6.3-1, STM32Cube_FW_C0_V1.1.0, STM32Cube_FW_F4_V1.27.1, STM32Cube_FW_F7_V1.17.0, STM32Cube_FW_G0_V1.6.1, STM32Cube_FW_G4_V1.5.1, STM32Cube_FW_H5_V0.5.1, STM32Cube_FW_H5_V1.1.1, STM32Cube_FW_H7_V1.11.0, STM32Cube_FW_L0_V1.12.2, STM32Cube_FW_L5_V1.5.0, STM32Cube_FW_U5_V1.3.0, STM32Cube_FW_U5_V1.3.0RC4, STM32Cube_FW_WBA_V1.0.0RC1, STM32Cube_FW_WBA_V1.1.0RC1, STM32Cube_FW_WBA_V1.1.1, STM32Cube_FW_WB_V1.15.0RC1, STM32Cube_FW_WB_V1.16.0, STM32Cube_FW_WB_V1.16.0RC2, STM32Cube_FW_WB_V1.17.3, STM32Cube_FW_WL_V1.3.0, X-CUBE-ALGOBUILD_V1.3.0, X-CUBE-ALS_V1.0.1, X-CUBE-AZRTOS-F4_V1.1.0, X-CUBE-AZRTOS-F7_V1.1.0, X-CUBE-AZRTOS-G0_V1.1.0, X-CUBE-AZRTOS-G4_V2.0.0, X-CUBE-AZRTOS-H7_V3.1.0, X-CUBE-AZRTOS-L4_V1.0.0, X-CUBE-AZRTOS-L4_V2.0.0, X-CUBE-AZRTOS-L5_V1.1.0, X-CUBE-AZRTOS-WB_V2.0.0, X-CUBE-AZRTOS-WL_V2.0.0, X-CUBE-BLE1_V7.0.0, X-CUBE-BLE2_V3.3.0, X-CUBE-BLEMGR_V2.0.0, X-CUBE-EEPRMA1_V4.1.0, X-CUBE-FREERTOS_V1.1.0, X-CUBE-GNSS1_V6.0.0, X-CUBE-MEMS1_V10.0.0, X-CUBE-MEMS1_V9.1.0, X-CUBE-MEMS1_V9.4.0, X-CUBE-MEMS1_V9.6.0, X-CUBE-NFC4_V3.0.0, X-CUBE-NFC7_V1.0.1, X-CUBE-SFXS2LP1_V4.0.0, X-CUBE-SUBG2_V5.0.0, X-CUBE-TOF1_V3.3.1]
2023-11-15 09:35:12,713 [INFO] ApiDb:240 - Found 323 in-development CPN: [B-G473E-ZEST1S, B-WB1M-WPAN1, B-WL5M-SUBG1, NUCLEO-C031C6, NUCLEO-H503RB, NUCLEO-H563ZI, NUCLEO-U545RE-Q, NUCLEO-U5A5ZJ-Q, NUCLEO-WBA52CG, STEVAL-PROTEUS1, STEVAL-SMARTAG2, STEVAL-STWINBX1, STM320518-EVAL, STM32C0116-DK, STM32C011D6Y3TR, STM32C011D6Y6TR, STM32C011F4P3, STM32C011F4P6, STM32C011F4U3, STM32C011F4U6TR, STM32C011F6P3, STM32C011F6P6, STM32C011F6U3, STM32C011F6U6TR, STM32C011J4M3, STM32C011J4M6, STM32C011J6M3, STM32C011J6M6, STM32C0316-DK, STM32C031C4T3, STM32C031C4T6, STM32C031C4U3, STM32C031C4U6, STM32C031C6T3, STM32C031C6T6, STM32C031C6U3, STM32C031C6U6, STM32C031F4P3, STM32C031F4P6, STM32C031F6P3, STM32C031F6P6, STM32C031G4U3, STM32C031G4U6, STM32C031G6U3, STM32C031G6U6, STM32C031K4T3, STM32C031K4T6, STM32C031K4U3, STM32C031K4U6, STM32C031K6T3, STM32C031K6T6, STM32C031K6U3, STM32C031K6U6, STM32G071K8TXN, STM32G071K8UXN, STM32G081GBU6N, STM32G081KBT6N, STM32G081KBUXN, STM32G0B1CCT6N, STM32G0B1KCT6, STM32G0B1NEY6TR, STM32G0B1RCT6N, STM32G0C1CCT6, STM32G0C1CCT6N, STM32G0C1CCU6N, STM32G0C1CET6N, STM32G0C1CEU6N, STM32G0C1KCT6, STM32G0C1NEY6TR, STM32G0C1RCI6N, STM32G0C1RCT6N, STM32G0C1REI6N, STM32G0C1RET6N, STM32G0C1VCI6, STM32G0C1VEI6, STM32G471CCT6, STM32G471CCU6, STM32G471CET3, STM32G471CET6, STM32G471CEU3, STM32G471CEU6, STM32G471MCT6, STM32G471MET3, STM32G471MET6, STM32G471MEY6TR, STM32G471QCT6, STM32G471QET3, STM32G471RCT6, STM32G471RET3, STM32G471RET6, STM32G471VCH6, STM32G471VCI6, STM32G471VCT6, STM32G471VEH3, STM32G471VEH6, STM32G471VEI3, STM32G471VEI6, STM32G471VET3, STM32G471VET6, STM32G474CCT6, STM32H503CBT6, STM32H503CBU6, STM32H503EBY6TR, STM32H503KBU6, STM32H503RBT6, STM32H562AGI6, STM32H562AII6, STM32H562IGK6, STM32H562IGT6, STM32H562IIK6, STM32H562IIT6, STM32H562RGT6, STM32H562RGV6, STM32H562RIT6, STM32H562RIV6, STM32H562VGT6, STM32H562VIT6, STM32H562ZGT6, STM32H562ZIT6, STM32H563AGI6, STM32H563AII3Q, STM32H563AII6, STM32H563IGK6, STM32H563IGT6, STM32H563IIK3Q, STM32H563IIK6, STM32H563IIT3Q, STM32H563IIT6, STM32H563MIY3QTR, STM32H563RGT6, STM32H563RGV6, STM32H563RIT6, STM32H563RIV6, STM32H563VGT6, STM32H563VIT3Q, STM32H563VIT6, STM32H563ZGT6, STM32H563ZIT3Q, STM32H563ZIT6, STM32H573AII3Q, STM32H573AII6, STM32H573I-DK, STM32H573IIK3Q, STM32H573IIK6, STM32H573IIT3Q, STM32H573IIT6, STM32H573MIY3QTR, STM32H573RIT6, STM32H573RIV6, STM32H573VIT3Q, STM32H573VIT6, STM32H573ZIT3Q, STM32H573ZIT6, STM32L4R5QGI6STR, STM32MP131AAE3, STM32MP131AAF3, STM32MP131AAG3, STM32MP131CAE3, STM32MP131CAF3, STM32MP131CAG3, STM32MP131DAE7, STM32MP131DAF7, STM32MP131DAG7, STM32MP131FAE7, STM32MP131FAF7, STM32MP131FAG7, STM32MP133AAE3, STM32MP133AAF3, STM32MP133AAG3, STM32MP133CAE3, STM32MP133CAF3, STM32MP133CAG3, STM32MP133DAE7, STM32MP133DAF7, STM32MP133DAG7, STM32MP133FAE7, STM32MP133FAF7, STM32MP133FAG7, STM32MP135AAE3, STM32MP135AAF3, STM32MP135AAG3, STM32MP135CAE3, STM32MP135CAF3, STM32MP135CAG3, STM32MP135DAE7, STM32MP135DAF7, STM32MP135DAG7, STM32MP135F-DK, STM32MP135FAE7, STM32MP135FAF7, STM32MP135FAF7T, STM32MP135FAF7U, STM32MP135FAG7, STM32U535CBT6, STM32U535CBT6Q, STM32U535CBU6, STM32U535CBU6Q, STM32U535CCT6, STM32U535CCT6Q, STM32U535CCU6, STM32U535CCU6Q, STM32U535CET6, STM32U535CET6Q, STM32U535CEU6, STM32U535CEU6Q, STM32U535JEY6QTR, STM32U535NCY6QTR, STM32U535NEY6QTR, STM32U535RBI6, STM32U535RBI6Q, STM32U535RBT6, STM32U535RBT6Q, STM32U535RCI6, STM32U535RCI6Q, STM32U535RCT6, STM32U535RCT6Q, STM32U535REI6, STM32U535REI6Q, STM32U535RET6, STM32U535RET6Q, STM32U535VCI6, STM32U535VCI6Q, STM32U535VCT6, STM32U535VCT6Q, STM32U535VEI6, STM32U535VEI6Q, STM32U535VET6, STM32U535VET6Q, STM32U545CET6, STM32U545CET6Q, STM32U545CEU6, STM32U545CEU6Q, STM32U545JEY6QTR, STM32U545NEY6QTR, STM32U545REI6, STM32U545REI6Q, STM32U545RET6, STM32U545RET6Q, STM32U545VEI6, STM32U545VEI6Q, STM32U545VET6, STM32U545VET6Q, STM32U595AIH6, STM32U595AIH6Q, STM32U595AJH6, STM32U595AJH6Q, STM32U595QII6, STM32U595QII6Q, STM32U595QJI6, STM32U595QJI6Q, STM32U595RIT6, STM32U595RIT6Q, STM32U595RJT6, STM32U595RJT6Q, STM32U595VIT6, STM32U595VIT6Q, STM32U595VJT6, STM32U595VJT6Q, STM32U595ZIT6, STM32U595ZIT6Q, STM32U595ZIY6QTR, STM32U595ZJT6, STM32U595ZJT6Q, STM32U595ZJY6QTR, STM32U599BJY6QTR, STM32U599NIH6Q, STM32U599NJH6Q, STM32U599VIT6Q, STM32U599VJT6, STM32U599VJT6Q, STM32U599ZIT6Q, STM32U599ZIY6QTR, STM32U599ZJT6Q, STM32U599ZJY6QTR, STM32U5A5AJH6, STM32U5A5AJH6Q, STM32U5A5QJI6, STM32U5A5QJI6Q, STM32U5A5RJT6, STM32U5A5RJT6Q, STM32U5A5VJT6, STM32U5A5VJT6Q, STM32U5A5ZJT6, STM32U5A5ZJT6Q, STM32U5A5ZJY6QTR, STM32U5A9BJY6QTR, STM32U5A9J-DK, STM32U5A9NJH6Q, STM32U5A9VJT6Q, STM32U5A9ZJT6Q, STM32U5A9ZJY6QTR, STM32U5F7VIT6, STM32U5F7VIT6Q, STM32U5F7VJT6, STM32U5F7VJT6Q, STM32U5F9BJY6QTR, STM32U5F9NJH6Q, STM32U5F9VIT6Q, STM32U5F9VJT6Q, STM32U5F9ZIJ6QTR, STM32U5F9ZIT6Q, STM32U5F9ZJJ6QTR, STM32U5F9ZJT6Q, STM32U5G7VJT6, STM32U5G7VJT6Q, STM32U5G9BJY6QTR, STM32U5G9J-DK1, STM32U5G9J-DK2, STM32U5G9NJH6Q, STM32U5G9VJT6Q, STM32U5G9ZJJ6QTR, STM32U5G9ZJT6Q, STM32WB1MMCH6, STM32WBA52CEU6, STM32WBA52CEU6T, STM32WBA52CGU6, STM32WBA52CGU6T, STM32WBA52KEU6, STM32WBA52KEU6T, STM32WBA52KGU6, STM32WBA52KGU6T, STM32WL5MOCH6, STM32WL5MOCH6TR]
2023-11-15 09:35:12,716 [INFO] DbMcus:217 - Found 3848 MCUs, 3848 are supported
2023-11-15 09:35:12,717 [INFO] ApiDb:423 - Load user favorites file C:\Users\singh/.stm32cubeide/favorites.mcus.txt: 0 item(s)
2023-11-15 09:35:12,717 [INFO] ApiDb:427 - User favorites MCUs=[]
2023-11-15 09:35:12,717 [INFO] DbMcus:223 - Set 0 / 0 favorites MCUs
2023-11-15 09:35:13,000 [WARN] ThirdParty:833 - waiting for thirdparty lock release [change project]
2023-11-15 09:35:13,000 [INFO] ThirdParty:835 - entering critical section [change project]
2023-11-15 09:35:13,001 [INFO] ThirdParty:1030 - CMSIS Pack Vendor :STMicroelectronics X-CUBE-ISPU 1.1.0
2023-11-15 09:35:13,001 [INFO] ThirdParty:1030 - CMSIS Pack Vendor :STMicroelectronics USBPD 4.1
2023-11-15 09:35:13,001 [INFO] ThirdParty:1030 - CMSIS Pack Vendor :STMicroelectronics X-CUBE-GNSS1 6.0.0
2023-11-15 09:35:13,001 [INFO] ThirdParty:1030 - CMSIS Pack Vendor :STMicroelectronics USB_HOST 2.0.0
2023-11-15 09:35:13,001 [INFO] ThirdParty:1030 - CMSIS Pack Vendor :STMicroelectronics X-CUBE-AZRTOS-F4 1.1.0
2023-11-15 09:35:13,001 [INFO] ThirdParty:1030 - CMSIS Pack Vendor :STMicroelectronics LIBJPEG 8.0.0
2023-11-15 09:35:13,001 [INFO] ThirdParty:1030 - CMSIS Pack Vendor :wolfSSL I-CUBE-wolfSSL 5.6.3
2023-11-15 09:35:13,001 [INFO] ThirdParty:1030 - CMSIS Pack Vendor :STMicroelectronics X-CUBE-SMBUS 2.1.0
2023-11-15 09:35:13,001 [INFO] ThirdParty:1030 - CMSIS Pack Vendor :STMicroelectronics USB_DEVICE 3.0.0
2023-11-15 09:35:13,001 [INFO] ThirdParty:1030 - CMSIS Pack Vendor :STMicroelectronics X-CUBE-AZRTOS-WB 2.0.0
2023-11-15 09:35:13,001 [INFO] ThirdParty:1030 - CMSIS Pack Vendor :STMicroelectronics X-CUBE-AZRTOS-F7 1.1.0
2023-11-15 09:35:13,001 [INFO] ThirdParty:1030 - CMSIS Pack Vendor :STMicroelectronics X-CUBE-AZRTOS-L5 2.0.0
2023-11-15 09:35:13,001 [INFO] ThirdParty:1030 - CMSIS Pack Vendor :STMicroelectronics USB_DEVICE 2.0.0
2023-11-15 09:35:13,001 [INFO] ThirdParty:1030 - CMSIS Pack Vendor :STMicroelectronics X-CUBE-MEMS1 9.6.0
2023-11-15 09:35:13,001 [INFO] ThirdParty:1030 - CMSIS Pack Vendor :STMicroelectronics X-CUBE-EEPRMA1 4.2.0
2023-11-15 09:35:13,001 [INFO] ThirdParty:1030 - CMSIS Pack Vendor :ITTIA_DB I-CUBE-ITTIADB 8.8.0
2023-11-15 09:35:13,001 [INFO] ThirdParty:1030 - CMSIS Pack Vendor :STMicroelectronics FP-SNS-MOTENV1 4.3.2
2023-11-15 09:35:13,001 [INFO] ThirdParty:1030 - CMSIS Pack Vendor :STMicroelectronics X-CUBE-ALGOBUILD 1.3.0
2023-11-15 09:35:13,001 [INFO] ThirdParty:1030 - CMSIS Pack Vendor :STMicroelectronics FreeRTOS 0.0.1
2023-11-15 09:35:13,001 [INFO] ThirdParty:1030 - CMSIS Pack Vendor :STMicroelectronics X-CUBE-AZRTOS-G0 1.1.0
2023-11-15 09:35:13,001 [INFO] ThirdParty:1030 - CMSIS Pack Vendor :STMicroelectronics X-CUBE-BLEMGR 2.0.0
2023-11-15 09:35:13,001 [INFO] ThirdParty:1030 - CMSIS Pack Vendor :STMicroelectronics X-CUBE-NFC4 3.0.0
2023-11-15 09:35:13,001 [INFO] ThirdParty:1030 - CMSIS Pack Vendor :STMicroelectronics X-CUBE-SUBG2 5.0.0
2023-11-15 09:35:13,001 [INFO] ThirdParty:1030 - CMSIS Pack Vendor :STMicroelectronics STM32_WPAN 1.0.0
2023-11-15 09:35:13,001 [INFO] ThirdParty:1030 - CMSIS Pack Vendor :STMicroelectronics lwIP 2.0.3
2023-11-15 09:35:13,001 [INFO] ThirdParty:1030 - CMSIS Pack Vendor :STMicroelectronics FP-SNS-FLIGHT1 5.0.2
2023-11-15 09:35:13,001 [INFO] ThirdParty:1030 - CMSIS Pack Vendor :STMicroelectronics USB_HOST 1.0.0
2023-11-15 09:35:13,001 [INFO] ThirdParty:1030 - CMSIS Pack Vendor :STMicroelectronics X-CUBE-TOF1 3.3.1
2023-11-15 09:35:13,001 [INFO] ThirdParty:1030 - CMSIS Pack Vendor :STMicroelectronics X-CUBE-AZRTOS-G4 2.0.0
2023-11-15 09:35:13,002 [INFO] ThirdParty:1030 - CMSIS Pack Vendor :STMicroelectronics PDM2PCM 3.1.0
2023-11-15 09:35:13,002 [INFO] ThirdParty:1030 - CMSIS Pack Vendor :STMicroelectronics X-CUBE-AZRTOS-H7 3.1.0
2023-11-15 09:35:13,002 [INFO] ThirdParty:1030 - CMSIS Pack Vendor :Infineon AIROC-Wi-Fi-Bluetooth-STM32 1.5.1
2023-11-15 09:35:13,002 [INFO] ThirdParty:1030 - CMSIS Pack Vendor :STMicroelectronics X-CUBE-BLEMGR 3.0.0
2023-11-15 09:35:13,002 [INFO] ThirdParty:1030 - CMSIS Pack Vendor :STMicroelectronics PDM2PCM 3.3.0
2023-11-15 09:35:13,002 [INFO] ThirdParty:1030 - CMSIS Pack Vendor :STMicroelectronics X-CUBE-DISPLAY 3.0.0
2023-11-15 09:35:13,002 [INFO] ThirdParty:1030 - CMSIS Pack Vendor :STMicroelectronics FP-SNS-MOTENVWB1 1.3.0
2023-11-15 09:35:13,002 [INFO] ThirdParty:1030 - CMSIS Pack Vendor :STMicroelectronics X-CUBE-BLE1 7.0.0
2023-11-15 09:35:13,002 [INFO] ThirdParty:1030 - CMSIS Pack Vendor :STMicroelectronics FP-ATR-SIGFOX1 3.2.0
2023-11-15 09:35:13,002 [INFO] ThirdParty:1030 - CMSIS Pack Vendor :STMicroelectronics HAL Drivers 0.0.0
2023-11-15 09:35:13,002 [INFO] ThirdParty:1030 - CMSIS Pack Vendor :STMicroelectronics MBEDTLS 2.16.2
2023-11-15 09:35:13,002 [INFO] ThirdParty:1030 - CMSIS Pack Vendor :emotas I-CUBE-CANOPEN 1.3.0
2023-11-15 09:35:13,002 [INFO] ThirdParty:1030 - CMSIS Pack Vendor :STMicroelectronics X-CUBE-MEMS1 10.0.0
2023-11-15 09:35:13,002 [INFO] ThirdParty:1030 - CMSIS Pack Vendor :STMicroelectronics X-CUBE-FREERTOS 1.1.0
2023-11-15 09:35:13,002 [INFO] ThirdParty:1030 - CMSIS Pack Vendor :STMicroelectronics X-CUBE-TOUCHGFX 4.22.0
2023-11-15 09:35:13,002 [INFO] ThirdParty:1030 - CMSIS Pack Vendor :STMicroelectronics X-CUBE-NFC7 1.0.1
2023-11-15 09:35:13,002 [INFO] ThirdParty:1030 - CMSIS Pack Vendor :STMicroelectronics MBEDTLS 2.14.1
2023-11-15 09:35:13,002 [INFO] ThirdParty:1030 - CMSIS Pack Vendor :STMicroelectronics X-CUBE-TOUCHGFX 4.22.1
2023-11-15 09:35:13,002 [INFO] ThirdParty:1030 - CMSIS Pack Vendor :STMicroelectronics X-CUBE-NFC6 3.0.0
2023-11-15 09:35:13,002 [INFO] ThirdParty:1030 - CMSIS Pack Vendor :STMicroelectronics X-CUBE-EEPRMA1 4.1.0
2023-11-15 09:35:13,002 [INFO] ThirdParty:1030 - CMSIS Pack Vendor :portGmbH I-Cube-SoM-uGOAL 1.1.0
2023-11-15 09:35:13,002 [INFO] ThirdParty:1030 - CMSIS Pack Vendor :STMicroelectronics X-CUBE-ALS 1.0.1
2023-11-15 09:35:13,002 [INFO] ThirdParty:1030 - CMSIS Pack Vendor :STMicroelectronics ThreadX 1.0.0
2023-11-15 09:35:13,002 [INFO] ThirdParty:1030 - CMSIS Pack Vendor :STMicroelectronics FP-SNS-SMARTAG2 1.2.0
2023-11-15 09:35:13,002 [INFO] ThirdParty:1030 - CMSIS Pack Vendor :STMicroelectronics X-CUBE-AZRTOS-WL 2.0.0
2023-11-15 09:35:13,002 [INFO] ThirdParty:1030 - CMSIS Pack Vendor :SEGGER I-CUBE-embOS 1.3.1
2023-11-15 09:35:13,002 [INFO] ThirdParty:1030 - CMSIS Pack Vendor :STMicroelectronics USB_DEVICE 1.0.0
2023-11-15 09:35:13,002 [INFO] ThirdParty:1030 - CMSIS Pack Vendor :STMicroelectronics X-CUBE-AI 8.1.0
2023-11-15 09:35:13,002 [INFO] ThirdParty:1030 - CMSIS Pack Vendor :STMicroelectronics X-CUBE-AZRTOS-L4 2.0.0
2023-11-15 09:35:13,002 [INFO] ThirdParty:1030 - CMSIS Pack Vendor :STMicroelectronics ThreadX 0.0.2
2023-11-15 09:35:13,002 [INFO] ThirdParty:1030 - CMSIS Pack Vendor :WES I-CUBE-Cesium 1.3.0
2023-11-15 09:35:13,003 [INFO] ThirdParty:1030 - CMSIS Pack Vendor :STMicroelectronics FP-ATR-ASTRA1 2.0.0
2023-11-15 09:35:13,003 [INFO] ThirdParty:1030 - CMSIS Pack Vendor :STMicroelectronics lwIP 2.1.2
2023-11-15 09:35:13,003 [INFO] ThirdParty:1030 - CMSIS Pack Vendor :STMicroelectronics X-CUBE-SFXS2LP1 4.0.0
2023-11-15 09:35:13,003 [INFO] ThirdParty:1030 - CMSIS Pack Vendor :STMicroelectronics X-CUBE-BLE2 3.3.0
2023-11-15 09:35:13,003 [INFO] ThirdParty:1030 - CMSIS Pack Vendor :STMicroelectronics PDM2PCM 3.2.0
2023-11-15 09:35:13,003 [INFO] ThirdParty:841 - exiting critical section [change project]
2023-11-15 09:35:13,300 [INFO] PinOutPanel:1499 - setPackage(No Configuration,No Configuration)
2023-11-15 09:35:13,303 [INFO] PinOutPanel:1499 - setPackage(STM32F446RETx,LQFP64)
2023-11-15 09:35:13,732 [INFO] UtilMem:75 - Before build in PCC Used Memory: 526565624 Bytes (1073741824)
2023-11-15 09:35:14,664 [INFO] UtilMem:75 - After build in PCC Used Memory: 597868792 Bytes (1073741824)
2023-11-15 09:35:14,696 [INFO] IPUIPlugin:80 - create IPUIPlugin
2023-11-15 09:35:14,696 [INFO] IPUIPlugin:80 - create IPUIPlugin
2023-11-15 09:35:14,696 [INFO] IPUIPlugin:80 - create IPUIPlugin
2023-11-15 09:35:14,696 [INFO] IPUIPlugin:80 - create IPUIPlugin
2023-11-15 09:35:14,696 [INFO] IPUIPlugin:80 - create IPUIPlugin
2023-11-15 09:35:14,696 [INFO] IPUIPlugin:80 - create IPUIPlugin
2023-11-15 09:35:14,696 [INFO] IPUIPlugin:80 - create IPUIPlugin
2023-11-15 09:35:14,696 [INFO] IPUIPlugin:80 - create IPUIPlugin
2023-11-15 09:35:14,696 [INFO] IPUIPlugin:80 - create IPUIPlugin
2023-11-15 09:35:14,697 [INFO] IPUIPlugin:80 - create IPUIPlugin
2023-11-15 09:35:14,697 [INFO] IPUIPlugin:80 - create IPUIPlugin
2023-11-15 09:35:14,697 [INFO] IPUIPlugin:80 - create IPUIPlugin
2023-11-15 09:35:14,697 [INFO] IPUIPlugin:80 - create IPUIPlugin
2023-11-15 09:35:14,697 [INFO] IPUIPlugin:80 - create IPUIPlugin
2023-11-15 09:35:14,697 [INFO] IPUIPlugin:80 - create IPUIPlugin
2023-11-15 09:35:14,697 [INFO] IPUIPlugin:80 - create IPUIPlugin
2023-11-15 09:35:14,697 [INFO] IPUIPlugin:80 - create IPUIPlugin
2023-11-15 09:35:14,697 [INFO] IPUIPlugin:80 - create IPUIPlugin
2023-11-15 09:35:14,697 [INFO] IPUIPlugin:80 - create IPUIPlugin
2023-11-15 09:35:14,698 [INFO] IPUIPlugin:80 - create IPUIPlugin
2023-11-15 09:35:14,698 [INFO] IPUIPlugin:80 - create IPUIPlugin
2023-11-15 09:35:14,698 [INFO] IPUIPlugin:80 - create IPUIPlugin
2023-11-15 09:35:14,698 [INFO] IPUIPlugin:80 - create IPUIPlugin
2023-11-15 09:35:14,698 [INFO] IPUIPlugin:80 - create IPUIPlugin
2023-11-15 09:35:14,698 [INFO] IPUIPlugin:80 - create IPUIPlugin
2023-11-15 09:35:14,698 [INFO] IPUIPlugin:80 - create IPUIPlugin
2023-11-15 09:35:14,699 [INFO] IPUIPlugin:80 - create IPUIPlugin
2023-11-15 09:35:14,699 [INFO] IPUIPlugin:80 - create IPUIPlugin
2023-11-15 09:35:14,699 [INFO] IPUIPlugin:80 - create IPUIPlugin
2023-11-15 09:35:14,699 [INFO] IPUIPlugin:80 - create IPUIPlugin
2023-11-15 09:35:14,699 [INFO] IPUIPlugin:80 - create IPUIPlugin
2023-11-15 09:35:14,700 [INFO] IPUIPlugin:80 - create IPUIPlugin
2023-11-15 09:35:14,700 [INFO] IPUIPlugin:80 - create IPUIPlugin
2023-11-15 09:35:14,700 [INFO] IPUIPlugin:80 - create IPUIPlugin
2023-11-15 09:35:14,700 [INFO] IPUIPlugin:80 - create IPUIPlugin
2023-11-15 09:35:14,700 [INFO] IPUIPlugin:80 - create IPUIPlugin
2023-11-15 09:35:14,700 [INFO] IPUIPlugin:80 - create IPUIPlugin
2023-11-15 09:35:14,700 [INFO] IPUIPlugin:80 - create IPUIPlugin
2023-11-15 09:35:14,700 [INFO] IPUIPlugin:80 - create IPUIPlugin
2023-11-15 09:35:14,702 [INFO] IPUIPlugin:80 - create IPUIPlugin
2023-11-15 09:35:14,702 [INFO] IPUIPlugin:80 - create IPUIPlugin
2023-11-15 09:35:14,702 [INFO] IPUIPlugin:80 - create IPUIPlugin
2023-11-15 09:35:14,702 [INFO] IPUIPlugin:80 - create IPUIPlugin
2023-11-15 09:35:14,702 [INFO] IPUIPlugin:80 - create IPUIPlugin
2023-11-15 09:35:14,702 [INFO] IPUIPlugin:80 - create IPUIPlugin
2023-11-15 09:35:14,702 [INFO] IPUIPlugin:80 - create IPUIPlugin
2023-11-15 09:35:14,702 [INFO] IPUIPlugin:80 - create IPUIPlugin
2023-11-15 09:35:14,702 [INFO] IPUIPlugin:80 - create IPUIPlugin
2023-11-15 09:35:14,704 [INFO] IPUIPlugin:80 - create IPUIPlugin
2023-11-15 09:35:14,704 [INFO] IPUIPlugin:80 - create IPUIPlugin
2023-11-15 09:35:14,704 [INFO] IPUIPlugin:80 - create IPUIPlugin
2023-11-15 09:35:14,704 [INFO] IPUIPlugin:80 - create IPUIPlugin
2023-11-15 09:35:14,705 [INFO] IPUIPlugin:80 - create IPUIPlugin
2023-11-15 09:35:14,705 [INFO] IPUIPlugin:80 - create IPUIPlugin
2023-11-15 09:35:14,705 [INFO] IPUIPlugin:80 - create IPUIPlugin
2023-11-15 09:35:14,705 [INFO] IPUIPlugin:80 - create IPUIPlugin
2023-11-15 09:35:14,706 [INFO] IPUIPlugin:80 - create IPUIPlugin
2023-11-15 09:35:14,707 [INFO] IPUIPlugin:80 - create IPUIPlugin
2023-11-15 09:35:14,707 [INFO] IPUIPlugin:80 - create IPUIPlugin
2023-11-15 09:35:14,707 [INFO] IPUIPlugin:80 - create IPUIPlugin
2023-11-15 09:35:14,863 [INFO] ApiDbMcu:507 - Load IP Config File for PDM2PCM
2023-11-15 09:35:15,116 [INFO] CADModel:165 - CPN selected for project levelSTM32F446RET6
2023-11-15 09:35:15,116 [INFO] CADModel:114 - Register for checkConnection events
2023-11-15 09:35:15,170 [INFO] OpenFileManager:328 - Restore cursor
