2023-12-04 16:06:57,648 [INFO] Activator:176 - 


2023-12-04 16:06:57,660 [INFO] Activator:177 - !SESSION log4j initialized
2023-12-04 16:07:02,889 [INFO] LogOutputStream:77 - [STDOUT_REDIRECT] 
2023-12-04 16:07:14,265 [INFO] ApplicationProperties:184 - Using Application install path: C:\ST\STM32CubeIDE_1.13.1\STM32CubeIDE\plugins\com.st.stm32cube.common.mx_6.9.2.202309101412
2023-12-04 16:07:14,282 [INFO] DbMcusXml:78 - Set database path to: C:\ST\STM32CubeIDE_1.13.1\STM32CubeIDE\plugins\com.st.stm32cube.common.mx_6.9.2.202309101412\\db\/mcu/
2023-12-04 16:07:14,282 [INFO] ApiDb:274 - Set plugin database path to: C:\ST\STM32CubeIDE_1.13.1\STM32CubeIDE\plugins\com.st.stm32cube.common.mx_6.9.2.202309101412\\db\/plugins/boardmanager/
2023-12-04 16:07:14,282 [WARN] ApiDb:259 - Overriding images path with different value:  => C:\ST\STM32CubeIDE_1.13.1\STM32CubeIDE\plugins\com.st.stm32cube.common.mx_6.9.2.202309101412\\db\/plugins/mcufinder/images/
2023-12-04 16:07:14,294 [INFO] ApiDb:250 - Set database path to: C:\Users\singh\.stmcufinder\plugins\mcufinder//mcu/
2023-12-04 16:07:14,295 [INFO] DbMcusAds:125 - Set database path to: C:\Users\singh\.stmcufinder\plugins\mcufinder//mcu/
2023-12-04 16:07:14,301 [INFO] CrossReferenceDbSqlite:203 - Set database path to: C:\Users\singh\.stmcufinder\plugins\mcufinder//mcu/cs/
2023-12-04 16:07:14,412 [INFO] RulesReader:64 - Compatibility file has been processed (293 Rules)
2023-12-04 16:07:14,508 [INFO] DbMcusXml:78 - Set database path to: C:\ST\STM32CubeIDE_1.13.1\STM32CubeIDE\plugins\com.st.stm32cube.common.mx_6.9.2.202309101412\\db\/mcu/
2023-12-04 16:07:14,508 [INFO] ApiDb:274 - Set plugin database path to: C:\ST\STM32CubeIDE_1.13.1\STM32CubeIDE\plugins\com.st.stm32cube.common.mx_6.9.2.202309101412\\db\/plugins/boardmanager/
2023-12-04 16:07:14,508 [INFO] ApiDb:261 - Set plugin images path to: C:\ST\STM32CubeIDE_1.13.1\STM32CubeIDE\plugins\com.st.stm32cube.common.mx_6.9.2.202309101412\\db\/plugins/mcufinder/images/
2023-12-04 16:07:14,508 [WARN] DbFile:41 - Overriding database path with different value: C:\Users\singh\.stmcufinder\plugins\mcufinder/ => C:\Users\singh\.stmcufinder\plugins\mcufinder
2023-12-04 16:07:14,508 [INFO] ApiDb:250 - Set database path to: C:\Users\singh\.stmcufinder\plugins\mcufinder//mcu/
2023-12-04 16:07:14,508 [WARN] DbFile:41 - Overriding database path with different value: C:\Users\singh\.stmcufinder\plugins\mcufinder/ => C:\Users\singh\.stmcufinder\plugins\mcufinder
2023-12-04 16:07:14,508 [INFO] DbMcusAds:125 - Set database path to: C:\Users\singh\.stmcufinder\plugins\mcufinder//mcu/
2023-12-04 16:07:14,508 [WARN] DbFile:41 - Overriding database path with different value: C:\Users\singh\.stmcufinder\plugins\mcufinder/ => C:\Users\singh\.stmcufinder\plugins\mcufinder
2023-12-04 16:07:14,508 [WARN] DbFile:41 - Overriding database path with different value: C:\Users\singh\.stmcufinder\plugins\mcufinder/ => C:\Users\singh\.stmcufinder\plugins\mcufinder
2023-12-04 16:07:14,508 [INFO] CrossReferenceDbSqlite:203 - Set database path to: C:\Users\singh\.stmcufinder\plugins\mcufinder//mcu/cs/
2023-12-04 16:07:14,584 [INFO] MainPanel:262 - HeapMemory: 268435456
2023-12-04 16:07:14,646 [INFO] DbMcusXml:78 - Set database path to: C:\ST\STM32CubeIDE_1.13.1\STM32CubeIDE\plugins\com.st.stm32cube.common.mx_6.9.2.202309101412\\db\/mcu/
2023-12-04 16:07:14,646 [INFO] ApiDb:274 - Set plugin database path to: C:\ST\STM32CubeIDE_1.13.1\STM32CubeIDE\plugins\com.st.stm32cube.common.mx_6.9.2.202309101412\\db\/plugins/boardmanager/
2023-12-04 16:07:14,646 [INFO] ApiDb:261 - Set plugin images path to: C:\ST\STM32CubeIDE_1.13.1\STM32CubeIDE\plugins\com.st.stm32cube.common.mx_6.9.2.202309101412\\db\/plugins/mcufinder/images/
2023-12-04 16:07:14,648 [WARN] DbFile:41 - Overriding database path with different value: C:\Users\singh\.stmcufinder\plugins\mcufinder/ => C:\Users\singh\.stmcufinder\plugins\mcufinder
2023-12-04 16:07:14,648 [INFO] ApiDb:250 - Set database path to: C:\Users\singh\.stmcufinder\plugins\mcufinder//mcu/
2023-12-04 16:07:14,648 [WARN] DbFile:41 - Overriding database path with different value: C:\Users\singh\.stmcufinder\plugins\mcufinder/ => C:\Users\singh\.stmcufinder\plugins\mcufinder
2023-12-04 16:07:14,648 [INFO] DbMcusAds:125 - Set database path to: C:\Users\singh\.stmcufinder\plugins\mcufinder//mcu/
2023-12-04 16:07:14,648 [WARN] DbFile:41 - Overriding database path with different value: C:\Users\singh\.stmcufinder\plugins\mcufinder/ => C:\Users\singh\.stmcufinder\plugins\mcufinder
2023-12-04 16:07:14,648 [WARN] DbFile:41 - Overriding database path with different value: C:\Users\singh\.stmcufinder\plugins\mcufinder/ => C:\Users\singh\.stmcufinder\plugins\mcufinder
2023-12-04 16:07:14,649 [INFO] CrossReferenceDbSqlite:203 - Set database path to: C:\Users\singh\.stmcufinder\plugins\mcufinder//mcu/cs/
2023-12-04 16:07:14,666 [INFO] ApplicationProperties:184 - Using Application install path: C:\ST\STM32CubeIDE_1.13.1\STM32CubeIDE\plugins\com.st.stm32cube.common.mx_6.9.2.202309101412
2023-12-04 16:07:14,668 [INFO] PluginManage:196 - Search for loadable plugins [exclusion list=, ]
2023-12-04 16:07:14,669 [INFO] PluginManage:310 - Check plugin analytics
2023-12-04 16:07:14,824 [INFO] AnalyticsPlugin:253 - Accepted Software Licenses: STM32CubeMX.6.9.1
2023-12-04 16:07:14,824 [INFO] AnalyticsPlugin:255 - Accepted CMSIS Pack Licenses: 
2023-12-04 16:07:14,825 [INFO] AnalyticsPlugin:257 - Accepted Firmware Licenses: FW.F4.1.27.0,FW.G4.1.5.0
2023-12-04 16:07:14,828 [INFO] PluginManage:359 - Loaded plugin analytics (category:tool,tabindex:-1)
2023-12-04 16:07:14,828 [INFO] PluginManage:310 - Check plugin cadmodel
2023-12-04 16:07:14,836 [INFO] CADModel:105 - Init CAD model plugin
2023-12-04 16:07:14,836 [INFO] PluginManage:359 - Loaded plugin cadmodel (category:power,tabindex:5)
2023-12-04 16:07:14,836 [INFO] PluginManage:310 - Check plugin clock
2023-12-04 16:07:14,845 [INFO] PluginManage:359 - Loaded plugin clock (category:base,tabindex:2)
2023-12-04 16:07:14,846 [INFO] PluginManage:310 - Check plugin ddr
2023-12-04 16:07:14,848 [INFO] PluginManage:359 - Loaded plugin ddr (category:tool,tabindex:6)
2023-12-04 16:07:14,848 [INFO] PluginManage:310 - Check plugin filemanager
2023-12-04 16:07:14,977 [INFO] PluginManage:359 - Loaded plugin filemanager (category:base,tabindex:10)
2023-12-04 16:07:14,977 [INFO] PluginManage:310 - Check plugin ipmanager
2023-12-04 16:07:14,985 [INFO] PluginManage:359 - Loaded plugin ipmanager (category:base,tabindex:5)
2023-12-04 16:07:14,986 [INFO] PluginManage:310 - Check plugin lpbam
2023-12-04 16:07:14,992 [INFO] PluginManage:359 - Loaded plugin lpbam (category:base,tabindex:0)
2023-12-04 16:07:14,992 [INFO] PluginManage:310 - Check plugin memorymap
2023-12-04 16:07:15,004 [INFO] PluginManage:359 - Loaded plugin memorymap (category:base,tabindex:4)
2023-12-04 16:07:15,004 [INFO] PluginManage:310 - Check plugin pinoutandconfiguration
2023-12-04 16:07:15,009 [INFO] PluginManage:359 - Loaded plugin pinoutandconfiguration (category:base,tabindex:1)
2023-12-04 16:07:15,009 [INFO] PluginManage:310 - Check plugin pinoutconfig
2023-12-04 16:07:15,085 [WARN] SupportedApi:132 - Cannot load RTOS API schema: s4s-elt-must-match.1: The content of 'definitions' must match (annotation?, (simpleType | complexType)?, (unique | key | keyref)*)). A problem was found starting at: attribute.
2023-12-04 16:07:15,230 [INFO] PluginManage:359 - Loaded plugin pinoutconfig (category:base,tabindex:0)
2023-12-04 16:07:15,230 [INFO] PluginManage:310 - Check plugin power
2023-12-04 16:07:15,239 [INFO] PluginManage:359 - Loaded plugin power (category:power,tabindex:4)
2023-12-04 16:07:15,240 [INFO] PluginManage:310 - Check plugin projectmanager
2023-12-04 16:07:15,256 [INFO] PluginManage:359 - Loaded plugin projectmanager (category:projectmanager,tabindex:3)
2023-12-04 16:07:15,256 [INFO] PluginManage:310 - Check plugin thirdparty
2023-12-04 16:07:15,421 [WARN] IntegrityCheckThread:84 - waiting for thirdparty lock release [integrity check]
2023-12-04 16:07:15,421 [INFO] IntegrityCheckThread:86 - entering critical section [integrity check]
2023-12-04 16:07:15,421 [INFO] PluginManage:359 - Loaded plugin thirdparty (category:base,tabindex:-1)
2023-12-04 16:07:15,422 [INFO] PluginManage:310 - Check plugin tools
2023-12-04 16:07:15,422 [INFO] ThirdPartyUpdaterWithRetryManager:70 - Updater plugin not ready yet. [1/15]
2023-12-04 16:07:15,425 [INFO] PluginManage:359 - Loaded plugin tools (category:base,tabindex:7)
2023-12-04 16:07:15,425 [INFO] PluginManage:310 - Check plugin tutovideos
2023-12-04 16:07:15,597 [INFO] PluginManage:359 - Loaded plugin tutovideos (category:base,tabindex:-1)
2023-12-04 16:07:15,597 [INFO] PluginManage:310 - Check plugin updater
2023-12-04 16:07:15,611 [INFO] PluginManage:359 - Loaded plugin updater (category:base,tabindex:12)
2023-12-04 16:07:15,611 [INFO] PluginManage:310 - Check plugin userauth
2023-12-04 16:07:15,617 [INFO] UserAuth:113 - Init User Auth plugin
2023-12-04 16:07:15,617 [INFO] PluginManage:359 - Loaded plugin userauth (category:base,tabindex:14)
2023-12-04 16:07:15,618 [INFO] PluginManage:283 - PluginManage : Loaded plugins [17]
2023-12-04 16:07:15,832 [INFO] PinOutPanel:1499 - setPackage(No Configuration,No Configuration)
2023-12-04 16:07:15,946 [INFO] CADModel:165 - CPN selected for project level
2023-12-04 16:07:15,947 [INFO] CADModel:114 - Register for checkConnection events
2023-12-04 16:07:15,960 [INFO] IPUIPlugin:80 - create IPUIPlugin
2023-12-04 16:07:15,961 [INFO] PluginManager:220 - loadIPPluginJar : add adc
2023-12-04 16:07:15,962 [INFO] IPUIPlugin:80 - create IPUIPlugin
2023-12-04 16:07:15,962 [INFO] PluginManager:220 - loadIPPluginJar : add aes
2023-12-04 16:07:15,965 [INFO] IPUIPlugin:80 - create IPUIPlugin
2023-12-04 16:07:15,965 [INFO] PluginManager:220 - loadIPPluginJar : add can
2023-12-04 16:07:15,966 [INFO] IPUIPlugin:80 - create IPUIPlugin
2023-12-04 16:07:15,966 [INFO] PluginManager:220 - loadIPPluginJar : add comp
2023-12-04 16:07:15,968 [INFO] IPUIPlugin:80 - create IPUIPlugin
2023-12-04 16:07:15,968 [INFO] PluginManager:220 - loadIPPluginJar : add cryp
2023-12-04 16:07:15,969 [INFO] IPUIPlugin:80 - create IPUIPlugin
2023-12-04 16:07:15,969 [INFO] PluginManager:220 - loadIPPluginJar : add dfsdm
2023-12-04 16:07:15,973 [INFO] IPUIPlugin:80 - create IPUIPlugin
2023-12-04 16:07:15,974 [INFO] PluginManager:220 - loadIPPluginJar : add dma
2023-12-04 16:07:15,975 [INFO] IPUIPlugin:80 - create IPUIPlugin
2023-12-04 16:07:15,975 [INFO] PluginManager:220 - loadIPPluginJar : add dma3
2023-12-04 16:07:15,976 [INFO] IPUIPlugin:80 - create IPUIPlugin
2023-12-04 16:07:15,976 [INFO] PluginManager:220 - loadIPPluginJar : add fatfs
2023-12-04 16:07:15,984 [INFO] IPUIPlugin:80 - create IPUIPlugin
2023-12-04 16:07:15,984 [INFO] PluginManager:220 - loadIPPluginJar : add fmc
2023-12-04 16:07:15,989 [INFO] IPUIPlugin:80 - create IPUIPlugin
2023-12-04 16:07:15,989 [INFO] PluginManager:220 - loadIPPluginJar : add freertos
2023-12-04 16:07:15,989 [INFO] IPUIPlugin:80 - create IPUIPlugin
2023-12-04 16:07:15,991 [INFO] PluginManager:220 - loadIPPluginJar : add genericplugin
2023-12-04 16:07:15,992 [INFO] IPUIPlugin:80 - create IPUIPlugin
2023-12-04 16:07:15,993 [INFO] PluginManager:220 - loadIPPluginJar : add gfxmmu
2023-12-04 16:07:15,995 [INFO] IPUIPlugin:80 - create IPUIPlugin
2023-12-04 16:07:15,996 [INFO] PluginManager:220 - loadIPPluginJar : add gic
2023-12-04 16:07:15,999 [INFO] IPUIPlugin:80 - create IPUIPlugin
2023-12-04 16:07:15,999 [INFO] PluginManager:220 - loadIPPluginJar : add gpio
2023-12-04 16:07:16,002 [INFO] IPUIPlugin:80 - create IPUIPlugin
2023-12-04 16:07:16,002 [INFO] PluginManager:220 - loadIPPluginJar : add gtzc
2023-12-04 16:07:16,004 [INFO] IPUIPlugin:80 - create IPUIPlugin
2023-12-04 16:07:16,004 [INFO] PluginManager:220 - loadIPPluginJar : add hash
2023-12-04 16:07:16,006 [INFO] IPUIPlugin:80 - create IPUIPlugin
2023-12-04 16:07:16,006 [INFO] PluginManager:220 - loadIPPluginJar : add i2c
2023-12-04 16:07:16,008 [INFO] IPUIPlugin:80 - create IPUIPlugin
2023-12-04 16:07:16,008 [INFO] PluginManager:220 - loadIPPluginJar : add i2s
2023-12-04 16:07:16,010 [INFO] IPUIPlugin:80 - create IPUIPlugin
2023-12-04 16:07:16,010 [INFO] PluginManager:220 - loadIPPluginJar : add i3c
2023-12-04 16:07:16,013 [INFO] IPUIPlugin:80 - create IPUIPlugin
2023-12-04 16:07:16,013 [INFO] PluginManager:220 - loadIPPluginJar : add ipddr
2023-12-04 16:07:16,019 [INFO] IPUIPlugin:80 - create IPUIPlugin
2023-12-04 16:07:16,019 [INFO] PluginManager:220 - loadIPPluginJar : add linkedlist
2023-12-04 16:07:16,022 [INFO] IPUIPlugin:80 - create IPUIPlugin
2023-12-04 16:07:16,022 [INFO] PluginManager:220 - loadIPPluginJar : add lorawan
2023-12-04 16:07:16,023 [INFO] IPUIPlugin:80 - create IPUIPlugin
2023-12-04 16:07:16,023 [INFO] PluginManager:220 - loadIPPluginJar : add ltdc
2023-12-04 16:07:16,027 [INFO] IPUIPlugin:80 - create IPUIPlugin
2023-12-04 16:07:16,027 [INFO] PluginManager:220 - loadIPPluginJar : add mdma
2023-12-04 16:07:16,031 [INFO] IPUIPlugin:80 - create IPUIPlugin
2023-12-04 16:07:16,031 [INFO] PluginManager:220 - loadIPPluginJar : add nvic
2023-12-04 16:07:16,034 [INFO] IPUIPlugin:80 - create IPUIPlugin
2023-12-04 16:07:16,034 [INFO] PluginManager:220 - loadIPPluginJar : add opamp
2023-12-04 16:07:16,036 [INFO] IPUIPlugin:80 - create IPUIPlugin
2023-12-04 16:07:16,036 [INFO] PluginManager:220 - loadIPPluginJar : add openamp
2023-12-04 16:07:16,039 [INFO] IPUIPlugin:80 - create IPUIPlugin
2023-12-04 16:07:16,039 [INFO] PluginManager:220 - loadIPPluginJar : add pdm2pcm
2023-12-04 16:07:16,043 [INFO] IPUIPlugin:80 - create IPUIPlugin
2023-12-04 16:07:16,045 [INFO] PluginManager:220 - loadIPPluginJar : add plateformsettings
2023-12-04 16:07:16,047 [INFO] IPUIPlugin:80 - create IPUIPlugin
2023-12-04 16:07:16,047 [INFO] PluginManager:220 - loadIPPluginJar : add quadspi
2023-12-04 16:07:16,049 [INFO] IPUIPlugin:80 - create IPUIPlugin
2023-12-04 16:07:16,049 [INFO] PluginManager:220 - loadIPPluginJar : add resmgrutility
2023-12-04 16:07:16,052 [INFO] IPUIPlugin:80 - create IPUIPlugin
2023-12-04 16:07:16,052 [INFO] PluginManager:220 - loadIPPluginJar : add sai
2023-12-04 16:07:16,053 [INFO] IPUIPlugin:80 - create IPUIPlugin
2023-12-04 16:07:16,053 [INFO] PluginManager:220 - loadIPPluginJar : add spi
2023-12-04 16:07:16,057 [INFO] IPUIPlugin:80 - create IPUIPlugin
2023-12-04 16:07:16,057 [INFO] PluginManager:220 - loadIPPluginJar : add stm32_wpan
2023-12-04 16:07:16,058 [INFO] IPUIPlugin:80 - create IPUIPlugin
2023-12-04 16:07:16,059 [INFO] PluginManager:220 - loadIPPluginJar : add tim
2023-12-04 16:07:16,060 [INFO] IPUIPlugin:80 - create IPUIPlugin
2023-12-04 16:07:16,060 [INFO] PluginManager:220 - loadIPPluginJar : add touchsensing
2023-12-04 16:07:16,062 [INFO] IPUIPlugin:80 - create IPUIPlugin
2023-12-04 16:07:16,062 [INFO] PluginManager:220 - loadIPPluginJar : add tracer_emb
2023-12-04 16:07:16,063 [INFO] IPUIPlugin:80 - create IPUIPlugin
2023-12-04 16:07:16,063 [INFO] PluginManager:220 - loadIPPluginJar : add ts
2023-12-04 16:07:16,065 [INFO] IPUIPlugin:80 - create IPUIPlugin
2023-12-04 16:07:16,065 [INFO] PluginManager:220 - loadIPPluginJar : add tsc
2023-12-04 16:07:16,066 [INFO] IPUIPlugin:80 - create IPUIPlugin
2023-12-04 16:07:16,067 [INFO] PluginManager:220 - loadIPPluginJar : add ucpd
2023-12-04 16:07:16,070 [INFO] IPUIPlugin:80 - create IPUIPlugin
2023-12-04 16:07:16,070 [INFO] PluginManager:220 - loadIPPluginJar : add usart
2023-12-04 16:07:16,073 [INFO] IPUIPlugin:80 - create IPUIPlugin
2023-12-04 16:07:16,073 [INFO] PluginManager:220 - loadIPPluginJar : add usbx
2023-12-04 16:07:16,196 [INFO] CADModel:165 - CPN selected for project level
2023-12-04 16:07:16,196 [INFO] CADModel:114 - Register for checkConnection events
2023-12-04 16:07:16,196 [FATAL] Updater:308 - Updater called before beeing initialized
2023-12-04 16:07:16,196 [ERROR] CADModel:125 - Updater not yet initialized, retry later 
2023-12-04 16:07:16,318 [INFO] CADModel:165 - CPN selected for project level
2023-12-04 16:07:16,318 [INFO] CADModel:114 - Register for checkConnection events
2023-12-04 16:07:16,318 [FATAL] Updater:308 - Updater called before beeing initialized
2023-12-04 16:07:16,318 [ERROR] CADModel:125 - Updater not yet initialized, retry later 
2023-12-04 16:07:16,321 [FATAL] Updater:308 - Updater called before beeing initialized
2023-12-04 16:07:16,429 [FATAL] Updater:308 - Updater called before beeing initialized
2023-12-04 16:07:16,435 [INFO] DbMcusAds:53 - JSON generation date=Tue Mar 07 03:50:55 EST 2023 (1678179055114)
2023-12-04 16:07:16,435 [FATAL] Updater:308 - Updater called before beeing initialized
2023-12-04 16:07:16,469 [WARN] DetailPanel:346 - Failed to get advertising image, set to default
2023-12-04 16:07:16,585 [FATAL] Updater:308 - Updater called before beeing initialized
2023-12-04 16:07:16,588 [FATAL] Updater:308 - Updater called before beeing initialized
2023-12-04 16:07:16,588 [FATAL] Updater:308 - Updater called before beeing initialized
2023-12-04 16:07:16,588 [WARN] DetailPanel:346 - Failed to get advertising image, set to default
2023-12-04 16:07:16,589 [FATAL] Updater:308 - Updater called before beeing initialized
2023-12-04 16:07:16,634 [ERROR] Updater:1120 - MainUpdater not yet initialized. External WinMGr cannot be set.
2023-12-04 16:07:16,636 [INFO] Updater:1056 - Updater Version found : 6.9.2
2023-12-04 16:07:16,654 [INFO] ApplicationProperties:184 - Using Application install path: C:\ST\STM32CubeIDE_1.13.1\STM32CubeIDE\plugins\com.st.stm32cube.common.mx_6.9.2.202309101412
2023-12-04 16:07:16,822 [INFO] MainUpdater:2868 - connection check result : 10
2023-12-04 16:07:16,823 [INFO] MainUpdater:285 - Updater Check For Update Now.
2023-12-04 16:07:16,824 [INFO] MicroXplorer:498 - Change Database Version : DB.6.0.92
2023-12-04 16:07:16,839 [INFO] McuFinderGlobals:63 - Set McuFinder mode to 2 (CubeIDE integrated)
2023-12-04 16:07:17,024 [INFO] CheckServerUpdateThread:120 - End of CheckServer Thread
2023-12-04 16:07:18,582 [WARN] PackLoader:240 - Cannot read IP mode file for STMicroelectronics.X-CUBE-SMBUS.2.1.0
2023-12-04 16:07:18,606 [WARN] PackLoader:240 - Cannot read IP mode file for STMicroelectronics.X-CUBE-AZRTOS-F7.1.1.0
2023-12-04 16:07:18,622 [WARN] PackLoader:240 - Cannot read IP mode file for STMicroelectronics.FP-SNS-MOTENV1.4.3.2
2023-12-04 16:07:18,628 [WARN] PackLoader:240 - Cannot read IP mode file for STMicroelectronics.FP-SNS-FLIGHT1.5.0.2
2023-12-04 16:07:18,636 [WARN] PackLoader:240 - Cannot read IP mode file for STMicroelectronics.X-CUBE-DISPLAY.3.0.0
2023-12-04 16:07:18,648 [WARN] PackLoader:240 - Cannot read IP mode file for STMicroelectronics.X-CUBE-BLE1.7.0.0
2023-12-04 16:07:18,655 [WARN] PackLoader:240 - Cannot read IP mode file for emotas.I-CUBE-CANOPEN.1.3.0
2023-12-04 16:07:18,659 [WARN] PackLoader:240 - Cannot read IP mode file for STMicroelectronics.X-CUBE-TOUCHGFX.4.22.0
2023-12-04 16:07:18,662 [WARN] PackLoader:240 - Cannot read IP mode file for STMicroelectronics.X-CUBE-TOUCHGFX.4.22.1
2023-12-04 16:07:18,667 [WARN] PackLoader:240 - Cannot read IP mode file for STMicroelectronics.FP-SNS-SMARTAG2.1.2.0
2023-12-04 16:07:18,679 [INFO] LogOutputStream:77 - [STDOUT_REDIRECT] 1 : Invalid condition id : UX_CORESTACK_Condition cause : null
2023-12-04 16:07:18,680 [INFO] LogOutputStream:77 - [STDOUT_REDIRECT] 1 : Invalid condition id : UX_CORESTACK_Condition cause : null
2023-12-04 16:07:18,681 [INFO] LogOutputStream:77 - [STDOUT_REDIRECT] 1 : Invalid condition id : UX_CORESTACK_Condition cause : null
2023-12-04 16:07:18,683 [INFO] LogOutputStream:77 - [STDOUT_REDIRECT] 1 : Invalid condition id : UX_CORESTACK_Condition cause : null
2023-12-04 16:07:18,684 [INFO] LogOutputStream:77 - [STDOUT_REDIRECT] 1 : Invalid condition id : UX_CORESTACK_Condition cause : null
2023-12-04 16:07:18,687 [WARN] PackLoader:240 - Cannot read IP mode file for STMicroelectronics.X-CUBE-AZRTOS-WL.2.0.0
2023-12-04 16:07:18,694 [WARN] PackLoader:240 - Cannot read IP mode file for WES.I-CUBE-Cesium.1.3.0
2023-12-04 16:07:18,701 [WARN] PackLoader:240 - Cannot read IP mode file for STMicroelectronics.X-CUBE-BLE2.3.3.0
2023-12-04 16:07:18,707 [WARN] PackLoader:240 - Cannot read IP mode file for STMicroelectronics.X-CUBE-ALGOBUILD.1.3.0
2023-12-04 16:07:18,719 [WARN] PackLoader:240 - Cannot read IP mode file for STMicroelectronics.X-CUBE-AZRTOS-G0.1.1.0
2023-12-04 16:07:18,727 [WARN] PackLoader:240 - Cannot read IP mode file for STMicroelectronics.X-CUBE-NFC4.3.0.0
2023-12-04 16:07:18,738 [WARN] PackLoader:240 - Cannot read IP mode file for STMicroelectronics.X-CUBE-BLEMGR.3.0.0
2023-12-04 16:07:18,745 [WARN] PackLoader:240 - Cannot read IP mode file for STMicroelectronics.FP-ATR-SIGFOX1.3.2.0
2023-12-04 16:07:18,780 [WARN] PackLoader:240 - Cannot read IP mode file for SEGGER.I-CUBE-embOS.1.3.1
2023-12-04 16:07:18,814 [WARN] PackLoader:240 - Cannot read IP mode file for STMicroelectronics.X-CUBE-GNSS1.6.0.0
2023-12-04 16:07:18,828 [WARN] PackLoader:240 - Cannot read IP mode file for STMicroelectronics.X-CUBE-AZRTOS-F4.1.1.0
2023-12-04 16:07:18,838 [WARN] PackLoader:240 - Cannot read IP mode file for wolfSSL.I-CUBE-wolfSSL.5.6.3
2023-12-04 16:07:18,853 [WARN] PackLoader:240 - Cannot read IP mode file for STMicroelectronics.X-CUBE-AZRTOS-L5.2.0.0
2023-12-04 16:07:18,884 [WARN] PackLoader:240 - Cannot read IP mode file for STMicroelectronics.X-CUBE-MEMS1.9.6.0
2023-12-04 16:07:19,055 [WARN] PackLoader:240 - Cannot read IP mode file for STMicroelectronics.X-CUBE-EEPRMA1.4.2.0
2023-12-04 16:07:19,061 [WARN] PackLoader:240 - Cannot read IP mode file for ITTIA_DB.I-CUBE-ITTIADB.8.8.0
2023-12-04 16:07:19,068 [WARN] PackLoader:240 - Cannot read IP mode file for STMicroelectronics.X-CUBE-BLEMGR.2.0.0
2023-12-04 16:07:19,080 [WARN] ConditionMgr:438 - getConditionDescription Invalid condition id : UX DEVICE CLASS RTOS Condition cause : null
2023-12-04 16:07:19,080 [WARN] ConditionMgr:438 - getConditionDescription Invalid condition id : UX DEVICE CLASS RTOS Condition cause : null
2023-12-04 16:07:19,083 [WARN] PackLoader:240 - Cannot read IP mode file for STMicroelectronics.X-CUBE-AZRTOS-H7.3.1.0
2023-12-04 16:07:19,084 [WARN] ConditionMgr:1039 - genDependencies : Invalid condition id : UX DEVICE CLASS RTOS Condition cause : null
2023-12-04 16:07:19,085 [WARN] ConditionMgr:1039 - genDependencies : Invalid condition id : UX DEVICE CLASS RTOS Condition cause : null
2023-12-04 16:07:19,085 [WARN] ConditionMgr:1039 - genDependencies : Invalid condition id : UX DEVICE CLASS RTOS Condition cause : null
2023-12-04 16:07:19,086 [WARN] ConditionMgr:1039 - genDependencies : Invalid condition id : UX DEVICE CLASS RTOS Condition cause : null
2023-12-04 16:07:19,086 [WARN] ConditionMgr:1039 - genDependencies : Invalid condition id : UX DEVICE CLASS RTOS Condition cause : null
2023-12-04 16:07:19,093 [WARN] PackLoader:240 - Cannot read IP mode file for STMicroelectronics.X-CUBE-NFC7.1.0.1
2023-12-04 16:07:19,106 [WARN] PackLoader:240 - Cannot read IP mode file for STMicroelectronics.X-CUBE-NFC6.3.0.0
2023-12-04 16:07:19,115 [WARN] PackLoader:240 - Cannot read IP mode file for STMicroelectronics.X-CUBE-EEPRMA1.4.1.0
2023-12-04 16:07:19,122 [WARN] PackLoader:240 - Cannot read IP mode file for STMicroelectronics.X-CUBE-AI.8.1.0
2023-12-04 16:07:19,137 [WARN] ConditionMgr:438 - getConditionDescription Invalid condition id : LAN8742 Phy interface Condition cause : null
2023-12-04 16:07:19,138 [WARN] PackLoader:240 - Cannot read IP mode file for STMicroelectronics.X-CUBE-AZRTOS-L4.2.0.0
2023-12-04 16:07:19,143 [WARN] ConditionMgr:1039 - genDependencies : Invalid condition id : LAN8742 Phy interface Condition cause : null
2023-12-04 16:07:19,144 [WARN] ConditionMgr:1039 - genDependencies : Invalid condition id : LAN8742 Phy interface Condition cause : null
2023-12-04 16:07:19,145 [WARN] ConditionMgr:1039 - genDependencies : Invalid condition id : LAN8742 Phy interface Condition cause : null
2023-12-04 16:07:19,155 [WARN] PackLoader:240 - Cannot read IP mode file for STMicroelectronics.X-CUBE-SFXS2LP1.4.0.0
2023-12-04 16:07:19,163 [WARN] PackLoader:240 - Cannot read IP mode file for STMicroelectronics.X-CUBE-ISPU.1.1.0
2023-12-04 16:07:19,177 [WARN] ConditionMgr:438 - getConditionDescription Invalid condition id : UX DEVICE CLASS RTOS Condition cause : null
2023-12-04 16:07:19,177 [WARN] ConditionMgr:438 - getConditionDescription Invalid condition id : UX DEVICE CLASS RTOS Condition cause : null
2023-12-04 16:07:19,179 [WARN] PackLoader:240 - Cannot read IP mode file for STMicroelectronics.X-CUBE-AZRTOS-WB.2.0.0
2023-12-04 16:07:19,180 [WARN] ConditionMgr:1039 - genDependencies : Invalid condition id : UX DEVICE CLASS RTOS Condition cause : null
2023-12-04 16:07:19,181 [WARN] ConditionMgr:1039 - genDependencies : Invalid condition id : UX DEVICE CLASS RTOS Condition cause : null
2023-12-04 16:07:19,181 [WARN] ConditionMgr:1039 - genDependencies : Invalid condition id : UX DEVICE CLASS RTOS Condition cause : null
2023-12-04 16:07:19,181 [WARN] ConditionMgr:1039 - genDependencies : Invalid condition id : UX DEVICE CLASS RTOS Condition cause : null
2023-12-04 16:07:19,181 [WARN] ConditionMgr:1039 - genDependencies : Invalid condition id : UX DEVICE CLASS RTOS Condition cause : null
2023-12-04 16:07:19,192 [WARN] PackLoader:240 - Cannot read IP mode file for STMicroelectronics.X-CUBE-SUBG2.5.0.0
2023-12-04 16:07:19,205 [WARN] PackLoader:240 - Cannot read IP mode file for STMicroelectronics.X-CUBE-TOF1.3.3.1
2023-12-04 16:07:19,226 [WARN] PackLoader:240 - Cannot read IP mode file for STMicroelectronics.X-CUBE-AZRTOS-G4.2.0.0
2023-12-04 16:07:19,241 [WARN] PackLoader:240 - Cannot read IP mode file for Infineon.AIROC-Wi-Fi-Bluetooth-STM32.1.5.1
2023-12-04 16:07:19,251 [WARN] PackLoader:240 - Cannot read IP mode file for STMicroelectronics.FP-SNS-MOTENVWB1.1.3.0
2023-12-04 16:07:19,256 [WARN] PackLoader:240 - Cannot read IP mode file for STMicroelectronics.FP-SNS-MOTENVWB1.1.3.1
2023-12-04 16:07:19,293 [WARN] PackLoader:240 - Cannot read IP mode file for STMicroelectronics.X-CUBE-MEMS1.10.0.0
2023-12-04 16:07:19,392 [WARN] PackLoader:240 - Cannot read IP mode file for STMicroelectronics.X-CUBE-FREERTOS.1.1.0
2023-12-04 16:07:19,400 [WARN] PackLoader:240 - Cannot read IP mode file for portGmbH.I-Cube-SoM-uGOAL.1.1.0
2023-12-04 16:07:19,505 [WARN] PackLoader:240 - Cannot read IP mode file for STMicroelectronics.X-CUBE-ALS.1.0.1
2023-12-04 16:07:19,510 [WARN] PackLoader:240 - Cannot read IP mode file for STMicroelectronics.FP-ATR-ASTRA1.2.0.0
2023-12-04 16:07:19,519 [WARN] PackLoader:240 - Cannot read IP mode file for STMicroelectronics.X-CUBE-TOF1.3.4.0
2023-12-04 16:07:19,526 [INFO] ThirdParty:978 - Integrity check success = true
2023-12-04 16:07:19,526 [INFO] IntegrityCheckThread:100 - exiting critical section [integrity check]
2023-12-04 16:07:19,527 [INFO] IntegrityCheckThread:103 - End integrity checks thread
2023-12-04 16:07:22,221 [INFO] McuFinderGlobals:63 - Set McuFinder mode to 2 (CubeIDE integrated)
2023-12-04 16:07:22,245 [INFO] MainUpdater:2868 - connection check result : 10
2023-12-04 16:07:22,251 [INFO] MainUpdater:2868 - connection check result : 10
2023-12-04 16:07:22,413 [INFO] MicroXplorer:468 - Change Database Path : 
2023-12-04 16:07:22,413 [INFO] MicroXplorer:498 - Change Database Version : DB.6.0.92
2023-12-04 16:07:22,416 [WARN] ThirdParty:871 - waiting for thirdparty lock release [close project]
2023-12-04 16:07:22,417 [INFO] ThirdParty:873 - entering critical section [close project]
2023-12-04 16:07:22,417 [INFO] ThirdParty:883 - exiting critical section [close project]
2023-12-04 16:07:22,418 [INFO] PinOutPanel:1499 - setPackage(No Configuration,No Configuration)
2023-12-04 16:07:22,423 [INFO] UtilMem:75 - Begin LoadConfig() Used Memory: 212264456 Bytes (272629760)
2023-12-04 16:07:22,446 [INFO] MicroXplorer:468 - Change Database Path : C:/Users/singh/.stm32cubemx/databases/DB.6.0.91/db/
2023-12-04 16:07:22,446 [INFO] MicroXplorer:498 - Change Database Version : DB.6.0.91
2023-12-04 16:07:24,957 [INFO] OpenFileManager:308 - Change cursor
2023-12-04 16:07:24,986 [INFO] Mcu:1946 - Initializing MCU STM32F446R(C-E)Tx STM32F446RETx STM32F446RET6
2023-12-04 16:07:26,376 [INFO] Context:659 - Trying to add GPIOservice into a context  which must be forbidden
2023-12-04 16:07:27,015 [INFO] RtosManager:555 - Registered RTOS mode: class=CMSIS, group=RTOS, mode=CMSIS_V1, owner=FREERTOS
2023-12-04 16:07:27,015 [INFO] RtosManager:555 - Registered RTOS mode: class=CMSIS, group=RTOS2, mode=CMSIS_V2, owner=FREERTOS
2023-12-04 16:07:27,015 [INFO] RtosManager:555 - Registered RTOS mode: class=RTOS, group=Core, mode=CMSIS_V1, owner=FREERTOS
2023-12-04 16:07:27,015 [INFO] RtosManager:555 - Registered RTOS mode: class=RTOS, group=Core, mode=CMSIS_V2, owner=FREERTOS
2023-12-04 16:07:27,016 [WARN] ModelIntegratedComponent:184 - Missing modes for component STMicroelectronics:FreeRTOS:0.0.1:STMicroelectronics:RTOS:FreeRTOS:Core:::10.2.0:
2023-12-04 16:07:27,029 [WARN] ModelIntegratedComponent:63 - No mode defined for component null
2023-12-04 16:07:27,030 [WARN] ModelIntegratedComponent:63 - No mode defined for component null
2023-12-04 16:07:27,030 [WARN] ModelIntegratedComponent:63 - No mode defined for component null
2023-12-04 16:07:27,030 [WARN] ModelIntegratedComponent:63 - No mode defined for component null
2023-12-04 16:07:27,030 [WARN] ModelIntegratedComponent:63 - No mode defined for component null
2023-12-04 16:07:27,030 [WARN] ModelIntegratedComponent:63 - No mode defined for component null
2023-12-04 16:07:27,030 [WARN] ModelIntegratedComponent:63 - No mode defined for component null
2023-12-04 16:07:27,030 [WARN] ModelIntegratedComponent:63 - No mode defined for component null
2023-12-04 16:07:27,030 [WARN] ModelIntegratedComponent:63 - No mode defined for component null
2023-12-04 16:07:27,030 [WARN] ModelIntegratedComponent:63 - No mode defined for component null
2023-12-04 16:07:27,030 [WARN] ModelIntegratedComponent:63 - No mode defined for component null
2023-12-04 16:07:27,030 [WARN] ModelIntegratedComponent:63 - No mode defined for component null
2023-12-04 16:07:27,030 [WARN] ModelIntegratedComponent:63 - No mode defined for component null
2023-12-04 16:07:27,030 [WARN] ModelIntegratedComponent:63 - No mode defined for component null
2023-12-04 16:07:27,030 [WARN] ModelIntegratedComponent:63 - No mode defined for component null
2023-12-04 16:07:27,030 [WARN] ModelIntegratedComponent:63 - No mode defined for component null
2023-12-04 16:07:27,030 [WARN] ModelIntegratedComponent:63 - No mode defined for component null
2023-12-04 16:07:27,030 [WARN] ModelIntegratedComponent:63 - No mode defined for component null
2023-12-04 16:07:27,030 [WARN] ModelIntegratedComponent:63 - No mode defined for component null
2023-12-04 16:07:27,030 [WARN] ModelIntegratedComponent:63 - No mode defined for component null
2023-12-04 16:07:27,030 [WARN] ModelIntegratedComponent:63 - No mode defined for component null
2023-12-04 16:07:27,031 [WARN] ModelIntegratedComponent:63 - No mode defined for component null
2023-12-04 16:07:27,031 [WARN] ModelIntegratedComponent:63 - No mode defined for component null
2023-12-04 16:07:27,031 [WARN] ModelIntegratedComponent:63 - No mode defined for component null
2023-12-04 16:07:27,031 [WARN] ModelIntegratedComponent:63 - No mode defined for component null
2023-12-04 16:07:27,031 [WARN] ModelIntegratedComponent:63 - No mode defined for component null
2023-12-04 16:07:27,031 [WARN] ModelIntegratedComponent:63 - No mode defined for component null
2023-12-04 16:07:27,031 [WARN] ModelIntegratedComponent:63 - No mode defined for component null
2023-12-04 16:07:27,031 [WARN] ModelIntegratedComponent:63 - No mode defined for component null
2023-12-04 16:07:27,031 [WARN] ModelIntegratedComponent:63 - No mode defined for component null
2023-12-04 16:07:27,031 [WARN] ModelIntegratedComponent:63 - No mode defined for component null
2023-12-04 16:07:27,031 [WARN] ModelIntegratedComponent:63 - No mode defined for component null
2023-12-04 16:07:27,031 [WARN] ModelIntegratedComponent:63 - No mode defined for component null
2023-12-04 16:07:27,112 [INFO] ThirdPartyModel:298 - Start build external matchings
2023-12-04 16:07:27,547 [INFO] ThirdPartyModel:316 - End build external matchings
2023-12-04 16:07:27,564 [WARN] IP:2114 - I2C_Coeff_DF not found: check if there is a RefParameter without a condition.
2023-12-04 16:07:27,564 [WARN] IP:2114 - Analog_Filter not found: check if there is a RefParameter without a condition.
2023-12-04 16:07:27,565 [INFO] ImportTextPane:194 - (OptionalMessage_ERROR) IP (RCC) : Invalid parameter (48MHZClocksFreq_Value)
2023-12-04 16:07:27,565 [INFO] ImportTextPane:194 - (OptionalMessage_ERROR) IP (RCC) : Invalid parameter (EthernetFreq_Value)
2023-12-04 16:07:27,566 [INFO] ImportTextPane:194 - (OptionalMessage_ERROR) IP (RCC) : Parameter (FLatency) has Id (AdvancedSettings) currently not set
2023-12-04 16:07:27,566 [INFO] ImportTextPane:194 - (OptionalMessage_ERROR) IP (RCC) : Invalid parameter (FamilyName)
2023-12-04 16:07:27,566 [INFO] ImportTextPane:194 - (OptionalMessage_ERROR) IP (RCC) : Invalid parameter (I2SClocksFreq_Value)
2023-12-04 16:07:27,567 [INFO] ImportTextPane:194 - (OptionalMessage_ERROR) IP (RCC) : Parameter (SDIOFreq_Value) has invalid value (168000000)
2023-12-04 16:07:27,567 [INFO] ImportTextPane:194 - (OptionalMessage_ERROR) IP (RCC) : Parameter (USBFreq_Value) has invalid value (168000000)
2023-12-04 16:07:27,568 [INFO] ImportTextPane:194 - (OptionalMessage_ERROR) IP (RCC) : Invalid parameter (VCOInputMFreq_Value)
2023-12-04 16:07:27,568 [INFO] ImportTextPane:194 - (OptionalMessage_ERROR) IP (RCC) : Invalid parameter (VcooutputI2S)
2023-12-04 16:07:27,841 [INFO] UtilMem:75 - End LoadConfig() Used Memory: 188254992 Bytes (379584512)
2023-12-04 16:07:27,946 [INFO] ApiDb:581 - Connected to CubeFinder SQLite database (C:\Users\singh\.stmcufinder\plugins\mcufinder\mcu\cube-finder-db.db)
2023-12-04 16:07:28,055 [INFO] ApiDb:668 - CubeFinder database Data Model version=2.1
2023-12-04 16:07:28,055 [INFO] ApiDb:669 - CubeFinder database Configuration version=3.0.39
2023-12-04 16:07:28,056 [INFO] ApiDb:670 - CubeFinder database generation date=2023-11-06 (1699269565)
2023-12-04 16:07:28,056 [INFO] ApiDb:671 - CubeFinder database FW Pack versions=[FP-ATR-ASTRA1_V2.0.0, FP-SNS-FLIGHT1_V5.0.1, FP-SNS-FLIGHT1_V5.0.2, FP-SNS-MOTENV1_V4.3.1, FP-SNS-MOTENV1_V4.3.2, FP-SNS-MOTENVWB1_V1.3.0, FP-SNS-SMARTAG2_V1.2.0, STM32Cube_FW_C0_V1.1.0, STM32Cube_FW_F4_V1.28.0, STM32Cube_FW_F7_V1.17.0, STM32Cube_FW_G0_V1.6.1, STM32Cube_FW_G4_V1.5.1, STM32Cube_FW_H5_V0.5.1, STM32Cube_FW_H5_V1.1.1, STM32Cube_FW_H5_V1.2.0RC2, STM32Cube_FW_H7_V1.11.0, STM32Cube_FW_L0_V1.12.2, STM32Cube_FW_L5_V1.5.0, STM32Cube_FW_U5_V1.3.0RC4, STM32Cube_FW_U5_V1.4.0, STM32Cube_FW_WBA_V1.0.0RC1, STM32Cube_FW_WBA_V1.1.0RC1, STM32Cube_FW_WBA_V1.2.0, STM32Cube_FW_WBA_V1.2.0RC2, STM32Cube_FW_WB_V1.15.0RC1, STM32Cube_FW_WB_V1.16.0, STM32Cube_FW_WB_V1.16.0RC2, STM32Cube_FW_WB_V1.18.0, STM32Cube_FW_WL_V1.3.0, X-CUBE-ALGOBUILD_V1.3.0, X-CUBE-ALS_V1.0.1, X-CUBE-AZRTOS-F4_V1.1.0, X-CUBE-AZRTOS-F7_V1.1.0, X-CUBE-AZRTOS-G0_V1.1.0, X-CUBE-AZRTOS-G4_V2.0.0, X-CUBE-AZRTOS-H7_V3.1.0, X-CUBE-AZRTOS-L4_V1.0.0, X-CUBE-AZRTOS-L4_V2.0.0, X-CUBE-AZRTOS-L5_V1.1.0, X-CUBE-AZRTOS-WB_V2.0.0, X-CUBE-AZRTOS-WL_V2.0.0, X-CUBE-BLE1_V7.0.0, X-CUBE-BLE2_V3.3.0, X-CUBE-BLEMGR_V2.0.0, X-CUBE-EEPRMA1_V4.1.0, X-CUBE-EEPRMA1_V4.2.0, X-CUBE-FREERTOS_V1.1.0, X-CUBE-GNSS1_V6.0.0, X-CUBE-MEMS1_V10.0.0, X-CUBE-MEMS1_V9.1.0, X-CUBE-MEMS1_V9.4.0, X-CUBE-MEMS1_V9.6.0, X-CUBE-NFC4_V3.0.0, X-CUBE-NFC7_V1.0.1, X-CUBE-SFXS2LP1_V4.0.0, X-CUBE-SUBG2_V5.0.0, X-CUBE-TOF1_V3.3.1]
2023-12-04 16:07:30,312 [INFO] ApiDb:240 - Found 323 in-development CPN: [B-G473E-ZEST1S, B-WB1M-WPAN1, B-WL5M-SUBG1, NUCLEO-C031C6, NUCLEO-H503RB, NUCLEO-H563ZI, NUCLEO-U545RE-Q, NUCLEO-U5A5ZJ-Q, NUCLEO-WBA52CG, STEVAL-PROTEUS1, STEVAL-SMARTAG2, STEVAL-STWINBX1, STM320518-EVAL, STM32C0116-DK, STM32C011D6Y3TR, STM32C011D6Y6TR, STM32C011F4P3, STM32C011F4P6, STM32C011F4U3, STM32C011F4U6TR, STM32C011F6P3, STM32C011F6P6, STM32C011F6U3, STM32C011F6U6TR, STM32C011J4M3, STM32C011J4M6, STM32C011J6M3, STM32C011J6M6, STM32C0316-DK, STM32C031C4T3, STM32C031C4T6, STM32C031C4U3, STM32C031C4U6, STM32C031C6T3, STM32C031C6T6, STM32C031C6U3, STM32C031C6U6, STM32C031F4P3, STM32C031F4P6, STM32C031F6P3, STM32C031F6P6, STM32C031G4U3, STM32C031G4U6, STM32C031G6U3, STM32C031G6U6, STM32C031K4T3, STM32C031K4T6, STM32C031K4U3, STM32C031K4U6, STM32C031K6T3, STM32C031K6T6, STM32C031K6U3, STM32C031K6U6, STM32G071K8TXN, STM32G071K8UXN, STM32G081GBU6N, STM32G081KBT6N, STM32G081KBUXN, STM32G0B1CCT6N, STM32G0B1KCT6, STM32G0B1NEY6TR, STM32G0B1RCT6N, STM32G0C1CCT6, STM32G0C1CCT6N, STM32G0C1CCU6N, STM32G0C1CET6N, STM32G0C1CEU6N, STM32G0C1KCT6, STM32G0C1NEY6TR, STM32G0C1RCI6N, STM32G0C1RCT6N, STM32G0C1REI6N, STM32G0C1RET6N, STM32G0C1VCI6, STM32G0C1VEI6, STM32G471CCT6, STM32G471CCU6, STM32G471CET3, STM32G471CET6, STM32G471CEU3, STM32G471CEU6, STM32G471MCT6, STM32G471MET3, STM32G471MET6, STM32G471MEY6TR, STM32G471QCT6, STM32G471QET3, STM32G471RCT6, STM32G471RET3, STM32G471RET6, STM32G471VCH6, STM32G471VCI6, STM32G471VCT6, STM32G471VEH3, STM32G471VEH6, STM32G471VEI3, STM32G471VEI6, STM32G471VET3, STM32G471VET6, STM32G474CCT6, STM32H503CBT6, STM32H503CBU6, STM32H503EBY6TR, STM32H503KBU6, STM32H503RBT6, STM32H562AGI6, STM32H562AII6, STM32H562IGK6, STM32H562IGT6, STM32H562IIK6, STM32H562IIT6, STM32H562RGT6, STM32H562RGV6, STM32H562RIT6, STM32H562RIV6, STM32H562VGT6, STM32H562VIT6, STM32H562ZGT6, STM32H562ZIT6, STM32H563AGI6, STM32H563AII3Q, STM32H563AII6, STM32H563IGK6, STM32H563IGT6, STM32H563IIK3Q, STM32H563IIK6, STM32H563IIT3Q, STM32H563IIT6, STM32H563MIY3QTR, STM32H563RGT6, STM32H563RGV6, STM32H563RIT6, STM32H563RIV6, STM32H563VGT6, STM32H563VIT3Q, STM32H563VIT6, STM32H563ZGT6, STM32H563ZIT3Q, STM32H563ZIT6, STM32H573AII3Q, STM32H573AII6, STM32H573I-DK, STM32H573IIK3Q, STM32H573IIK6, STM32H573IIT3Q, STM32H573IIT6, STM32H573MIY3QTR, STM32H573RIT6, STM32H573RIV6, STM32H573VIT3Q, STM32H573VIT6, STM32H573ZIT3Q, STM32H573ZIT6, STM32L4R5QGI6STR, STM32MP131AAE3, STM32MP131AAF3, STM32MP131AAG3, STM32MP131CAE3, STM32MP131CAF3, STM32MP131CAG3, STM32MP131DAE7, STM32MP131DAF7, STM32MP131DAG7, STM32MP131FAE7, STM32MP131FAF7, STM32MP131FAG7, STM32MP133AAE3, STM32MP133AAF3, STM32MP133AAG3, STM32MP133CAE3, STM32MP133CAF3, STM32MP133CAG3, STM32MP133DAE7, STM32MP133DAF7, STM32MP133DAG7, STM32MP133FAE7, STM32MP133FAF7, STM32MP133FAG7, STM32MP135AAE3, STM32MP135AAF3, STM32MP135AAG3, STM32MP135CAE3, STM32MP135CAF3, STM32MP135CAG3, STM32MP135DAE7, STM32MP135DAF7, STM32MP135DAG7, STM32MP135F-DK, STM32MP135FAE7, STM32MP135FAF7, STM32MP135FAF7T, STM32MP135FAF7U, STM32MP135FAG7, STM32U535CBT6, STM32U535CBT6Q, STM32U535CBU6, STM32U535CBU6Q, STM32U535CCT6, STM32U535CCT6Q, STM32U535CCU6, STM32U535CCU6Q, STM32U535CET6, STM32U535CET6Q, STM32U535CEU6, STM32U535CEU6Q, STM32U535JEY6QTR, STM32U535NCY6QTR, STM32U535NEY6QTR, STM32U535RBI6, STM32U535RBI6Q, STM32U535RBT6, STM32U535RBT6Q, STM32U535RCI6, STM32U535RCI6Q, STM32U535RCT6, STM32U535RCT6Q, STM32U535REI6, STM32U535REI6Q, STM32U535RET6, STM32U535RET6Q, STM32U535VCI6, STM32U535VCI6Q, STM32U535VCT6, STM32U535VCT6Q, STM32U535VEI6, STM32U535VEI6Q, STM32U535VET6, STM32U535VET6Q, STM32U545CET6, STM32U545CET6Q, STM32U545CEU6, STM32U545CEU6Q, STM32U545JEY6QTR, STM32U545NEY6QTR, STM32U545REI6, STM32U545REI6Q, STM32U545RET6, STM32U545RET6Q, STM32U545VEI6, STM32U545VEI6Q, STM32U545VET6, STM32U545VET6Q, STM32U595AIH6, STM32U595AIH6Q, STM32U595AJH6, STM32U595AJH6Q, STM32U595QII6, STM32U595QII6Q, STM32U595QJI6, STM32U595QJI6Q, STM32U595RIT6, STM32U595RIT6Q, STM32U595RJT6, STM32U595RJT6Q, STM32U595VIT6, STM32U595VIT6Q, STM32U595VJT6, STM32U595VJT6Q, STM32U595ZIT6, STM32U595ZIT6Q, STM32U595ZIY6QTR, STM32U595ZJT6, STM32U595ZJT6Q, STM32U595ZJY6QTR, STM32U599BJY6QTR, STM32U599NIH6Q, STM32U599NJH6Q, STM32U599VIT6Q, STM32U599VJT6, STM32U599VJT6Q, STM32U599ZIT6Q, STM32U599ZIY6QTR, STM32U599ZJT6Q, STM32U599ZJY6QTR, STM32U5A5AJH6, STM32U5A5AJH6Q, STM32U5A5QJI6, STM32U5A5QJI6Q, STM32U5A5RJT6, STM32U5A5RJT6Q, STM32U5A5VJT6, STM32U5A5VJT6Q, STM32U5A5ZJT6, STM32U5A5ZJT6Q, STM32U5A5ZJY6QTR, STM32U5A9BJY6QTR, STM32U5A9J-DK, STM32U5A9NJH6Q, STM32U5A9VJT6Q, STM32U5A9ZJT6Q, STM32U5A9ZJY6QTR, STM32U5F7VIT6, STM32U5F7VIT6Q, STM32U5F7VJT6, STM32U5F7VJT6Q, STM32U5F9BJY6QTR, STM32U5F9NJH6Q, STM32U5F9VIT6Q, STM32U5F9VJT6Q, STM32U5F9ZIJ6QTR, STM32U5F9ZIT6Q, STM32U5F9ZJJ6QTR, STM32U5F9ZJT6Q, STM32U5G7VJT6, STM32U5G7VJT6Q, STM32U5G9BJY6QTR, STM32U5G9J-DK1, STM32U5G9J-DK2, STM32U5G9NJH6Q, STM32U5G9VJT6Q, STM32U5G9ZJJ6QTR, STM32U5G9ZJT6Q, STM32WB1MMCH6, STM32WBA52CEU6, STM32WBA52CEU6T, STM32WBA52CGU6, STM32WBA52CGU6T, STM32WBA52KEU6, STM32WBA52KEU6T, STM32WBA52KGU6, STM32WBA52KGU6T, STM32WL5MOCH6, STM32WL5MOCH6TR]
2023-12-04 16:07:30,315 [INFO] DbMcus:217 - Found 3882 MCUs, 3882 are supported
2023-12-04 16:07:30,317 [INFO] ApiDb:423 - Load user favorites file C:\Users\singh/.stm32cubeide/favorites.mcus.txt: 0 item(s)
2023-12-04 16:07:30,317 [INFO] ApiDb:427 - User favorites MCUs=[]
2023-12-04 16:07:30,317 [INFO] DbMcus:223 - Set 0 / 0 favorites MCUs
2023-12-04 16:07:30,648 [WARN] ThirdParty:833 - waiting for thirdparty lock release [change project]
2023-12-04 16:07:30,648 [INFO] ThirdParty:835 - entering critical section [change project]
2023-12-04 16:07:30,649 [INFO] ThirdParty:1030 - CMSIS Pack Vendor :STMicroelectronics X-CUBE-ISPU 1.1.0
2023-12-04 16:07:30,649 [INFO] ThirdParty:1030 - CMSIS Pack Vendor :STMicroelectronics USBPD 4.1
2023-12-04 16:07:30,649 [INFO] ThirdParty:1030 - CMSIS Pack Vendor :STMicroelectronics X-CUBE-GNSS1 6.0.0
2023-12-04 16:07:30,649 [INFO] ThirdParty:1030 - CMSIS Pack Vendor :STMicroelectronics USB_HOST 2.0.0
2023-12-04 16:07:30,649 [INFO] ThirdParty:1030 - CMSIS Pack Vendor :STMicroelectronics X-CUBE-AZRTOS-F4 1.1.0
2023-12-04 16:07:30,649 [INFO] ThirdParty:1030 - CMSIS Pack Vendor :STMicroelectronics LIBJPEG 8.0.0
2023-12-04 16:07:30,649 [INFO] ThirdParty:1030 - CMSIS Pack Vendor :wolfSSL I-CUBE-wolfSSL 5.6.3
2023-12-04 16:07:30,649 [INFO] ThirdParty:1030 - CMSIS Pack Vendor :STMicroelectronics X-CUBE-SMBUS 2.1.0
2023-12-04 16:07:30,649 [INFO] ThirdParty:1030 - CMSIS Pack Vendor :STMicroelectronics USB_DEVICE 3.0.0
2023-12-04 16:07:30,649 [INFO] ThirdParty:1030 - CMSIS Pack Vendor :STMicroelectronics X-CUBE-AZRTOS-WB 2.0.0
2023-12-04 16:07:30,649 [INFO] ThirdParty:1030 - CMSIS Pack Vendor :STMicroelectronics X-CUBE-AZRTOS-F7 1.1.0
2023-12-04 16:07:30,649 [INFO] ThirdParty:1030 - CMSIS Pack Vendor :STMicroelectronics X-CUBE-AZRTOS-L5 2.0.0
2023-12-04 16:07:30,649 [INFO] ThirdParty:1030 - CMSIS Pack Vendor :STMicroelectronics USB_DEVICE 2.0.0
2023-12-04 16:07:30,649 [INFO] ThirdParty:1030 - CMSIS Pack Vendor :STMicroelectronics X-CUBE-MEMS1 9.6.0
2023-12-04 16:07:30,649 [INFO] ThirdParty:1030 - CMSIS Pack Vendor :STMicroelectronics X-CUBE-EEPRMA1 4.2.0
2023-12-04 16:07:30,649 [INFO] ThirdParty:1030 - CMSIS Pack Vendor :ITTIA_DB I-CUBE-ITTIADB 8.8.0
2023-12-04 16:07:30,649 [INFO] ThirdParty:1030 - CMSIS Pack Vendor :STMicroelectronics FP-SNS-MOTENV1 4.3.2
2023-12-04 16:07:30,649 [INFO] ThirdParty:1030 - CMSIS Pack Vendor :STMicroelectronics X-CUBE-ALGOBUILD 1.3.0
2023-12-04 16:07:30,649 [INFO] ThirdParty:1030 - CMSIS Pack Vendor :STMicroelectronics FreeRTOS 0.0.1
2023-12-04 16:07:30,649 [INFO] ThirdParty:1030 - CMSIS Pack Vendor :STMicroelectronics X-CUBE-AZRTOS-G0 1.1.0
2023-12-04 16:07:30,649 [INFO] ThirdParty:1030 - CMSIS Pack Vendor :STMicroelectronics X-CUBE-BLEMGR 2.0.0
2023-12-04 16:07:30,649 [INFO] ThirdParty:1030 - CMSIS Pack Vendor :STMicroelectronics X-CUBE-NFC4 3.0.0
2023-12-04 16:07:30,649 [INFO] ThirdParty:1030 - CMSIS Pack Vendor :STMicroelectronics X-CUBE-SUBG2 5.0.0
2023-12-04 16:07:30,649 [INFO] ThirdParty:1030 - CMSIS Pack Vendor :STMicroelectronics STM32_WPAN 1.0.0
2023-12-04 16:07:30,649 [INFO] ThirdParty:1030 - CMSIS Pack Vendor :STMicroelectronics lwIP 2.0.3
2023-12-04 16:07:30,649 [INFO] ThirdParty:1030 - CMSIS Pack Vendor :STMicroelectronics FP-SNS-FLIGHT1 5.0.2
2023-12-04 16:07:30,649 [INFO] ThirdParty:1030 - CMSIS Pack Vendor :STMicroelectronics USB_HOST 1.0.0
2023-12-04 16:07:30,649 [INFO] ThirdParty:1030 - CMSIS Pack Vendor :STMicroelectronics X-CUBE-TOF1 3.3.1
2023-12-04 16:07:30,649 [INFO] ThirdParty:1030 - CMSIS Pack Vendor :STMicroelectronics X-CUBE-AZRTOS-G4 2.0.0
2023-12-04 16:07:30,649 [INFO] ThirdParty:1030 - CMSIS Pack Vendor :STMicroelectronics PDM2PCM 3.1.0
2023-12-04 16:07:30,649 [INFO] ThirdParty:1030 - CMSIS Pack Vendor :STMicroelectronics X-CUBE-AZRTOS-H7 3.1.0
2023-12-04 16:07:30,649 [INFO] ThirdParty:1030 - CMSIS Pack Vendor :Infineon AIROC-Wi-Fi-Bluetooth-STM32 1.5.1
2023-12-04 16:07:30,649 [INFO] ThirdParty:1030 - CMSIS Pack Vendor :STMicroelectronics X-CUBE-BLEMGR 3.0.0
2023-12-04 16:07:30,649 [INFO] ThirdParty:1030 - CMSIS Pack Vendor :STMicroelectronics PDM2PCM 3.3.0
2023-12-04 16:07:30,649 [INFO] ThirdParty:1030 - CMSIS Pack Vendor :STMicroelectronics X-CUBE-DISPLAY 3.0.0
2023-12-04 16:07:30,649 [INFO] ThirdParty:1030 - CMSIS Pack Vendor :STMicroelectronics FP-SNS-MOTENVWB1 1.3.0
2023-12-04 16:07:30,649 [INFO] ThirdParty:1030 - CMSIS Pack Vendor :STMicroelectronics FP-SNS-MOTENVWB1 1.3.1
2023-12-04 16:07:30,649 [INFO] ThirdParty:1030 - CMSIS Pack Vendor :STMicroelectronics X-CUBE-BLE1 7.0.0
2023-12-04 16:07:30,649 [INFO] ThirdParty:1030 - CMSIS Pack Vendor :STMicroelectronics FP-ATR-SIGFOX1 3.2.0
2023-12-04 16:07:30,649 [INFO] ThirdParty:1030 - CMSIS Pack Vendor :STMicroelectronics HAL Drivers 0.0.0
2023-12-04 16:07:30,649 [INFO] ThirdParty:1030 - CMSIS Pack Vendor :STMicroelectronics MBEDTLS 2.16.2
2023-12-04 16:07:30,649 [INFO] ThirdParty:1030 - CMSIS Pack Vendor :emotas I-CUBE-CANOPEN 1.3.0
2023-12-04 16:07:30,649 [INFO] ThirdParty:1030 - CMSIS Pack Vendor :STMicroelectronics X-CUBE-MEMS1 10.0.0
2023-12-04 16:07:30,649 [INFO] ThirdParty:1030 - CMSIS Pack Vendor :STMicroelectronics X-CUBE-FREERTOS 1.1.0
2023-12-04 16:07:30,651 [INFO] ThirdParty:1030 - CMSIS Pack Vendor :STMicroelectronics X-CUBE-TOUCHGFX 4.22.0
2023-12-04 16:07:30,651 [INFO] ThirdParty:1030 - CMSIS Pack Vendor :STMicroelectronics X-CUBE-NFC7 1.0.1
2023-12-04 16:07:30,651 [INFO] ThirdParty:1030 - CMSIS Pack Vendor :STMicroelectronics MBEDTLS 2.14.1
2023-12-04 16:07:30,651 [INFO] ThirdParty:1030 - CMSIS Pack Vendor :STMicroelectronics X-CUBE-TOUCHGFX 4.22.1
2023-12-04 16:07:30,651 [INFO] ThirdParty:1030 - CMSIS Pack Vendor :STMicroelectronics X-CUBE-NFC6 3.0.0
2023-12-04 16:07:30,651 [INFO] ThirdParty:1030 - CMSIS Pack Vendor :STMicroelectronics X-CUBE-EEPRMA1 4.1.0
2023-12-04 16:07:30,651 [INFO] ThirdParty:1030 - CMSIS Pack Vendor :portGmbH I-Cube-SoM-uGOAL 1.1.0
2023-12-04 16:07:30,651 [INFO] ThirdParty:1030 - CMSIS Pack Vendor :STMicroelectronics X-CUBE-ALS 1.0.1
2023-12-04 16:07:30,651 [INFO] ThirdParty:1030 - CMSIS Pack Vendor :STMicroelectronics ThreadX 1.0.0
2023-12-04 16:07:30,651 [INFO] ThirdParty:1030 - CMSIS Pack Vendor :STMicroelectronics FP-SNS-SMARTAG2 1.2.0
2023-12-04 16:07:30,651 [INFO] ThirdParty:1030 - CMSIS Pack Vendor :STMicroelectronics X-CUBE-AZRTOS-WL 2.0.0
2023-12-04 16:07:30,651 [INFO] ThirdParty:1030 - CMSIS Pack Vendor :SEGGER I-CUBE-embOS 1.3.1
2023-12-04 16:07:30,651 [INFO] ThirdParty:1030 - CMSIS Pack Vendor :STMicroelectronics USB_DEVICE 1.0.0
2023-12-04 16:07:30,651 [INFO] ThirdParty:1030 - CMSIS Pack Vendor :STMicroelectronics X-CUBE-AI 8.1.0
2023-12-04 16:07:30,651 [INFO] ThirdParty:1030 - CMSIS Pack Vendor :STMicroelectronics X-CUBE-AZRTOS-L4 2.0.0
2023-12-04 16:07:30,651 [INFO] ThirdParty:1030 - CMSIS Pack Vendor :STMicroelectronics ThreadX 0.0.2
2023-12-04 16:07:30,651 [INFO] ThirdParty:1030 - CMSIS Pack Vendor :WES I-CUBE-Cesium 1.3.0
2023-12-04 16:07:30,651 [INFO] ThirdParty:1030 - CMSIS Pack Vendor :STMicroelectronics FP-ATR-ASTRA1 2.0.0
2023-12-04 16:07:30,651 [INFO] ThirdParty:1030 - CMSIS Pack Vendor :STMicroelectronics lwIP 2.1.2
2023-12-04 16:07:30,651 [INFO] ThirdParty:1030 - CMSIS Pack Vendor :STMicroelectronics X-CUBE-SFXS2LP1 4.0.0
2023-12-04 16:07:30,651 [INFO] ThirdParty:1030 - CMSIS Pack Vendor :STMicroelectronics X-CUBE-BLE2 3.3.0
2023-12-04 16:07:30,651 [INFO] ThirdParty:1030 - CMSIS Pack Vendor :STMicroelectronics X-CUBE-TOF1 3.4.0
2023-12-04 16:07:30,651 [INFO] ThirdParty:1030 - CMSIS Pack Vendor :STMicroelectronics PDM2PCM 3.2.0
2023-12-04 16:07:30,651 [INFO] ThirdParty:841 - exiting critical section [change project]
2023-12-04 16:07:30,979 [INFO] PinOutPanel:1499 - setPackage(No Configuration,No Configuration)
2023-12-04 16:07:30,982 [INFO] PinOutPanel:1499 - setPackage(STM32F446RETx,LQFP64)
2023-12-04 16:07:31,480 [INFO] UtilMem:75 - Before build in PCC Used Memory: 223506176 Bytes (379584512)
2023-12-04 16:07:32,555 [INFO] UtilMem:75 - After build in PCC Used Memory: 295333632 Bytes (379584512)
2023-12-04 16:07:32,593 [INFO] IPUIPlugin:80 - create IPUIPlugin
2023-12-04 16:07:32,594 [INFO] IPUIPlugin:80 - create IPUIPlugin
2023-12-04 16:07:32,594 [INFO] IPUIPlugin:80 - create IPUIPlugin
2023-12-04 16:07:32,594 [INFO] IPUIPlugin:80 - create IPUIPlugin
2023-12-04 16:07:32,594 [INFO] IPUIPlugin:80 - create IPUIPlugin
2023-12-04 16:07:32,594 [INFO] IPUIPlugin:80 - create IPUIPlugin
2023-12-04 16:07:32,594 [INFO] IPUIPlugin:80 - create IPUIPlugin
2023-12-04 16:07:32,594 [INFO] IPUIPlugin:80 - create IPUIPlugin
2023-12-04 16:07:32,594 [INFO] IPUIPlugin:80 - create IPUIPlugin
2023-12-04 16:07:32,595 [INFO] IPUIPlugin:80 - create IPUIPlugin
2023-12-04 16:07:32,595 [INFO] IPUIPlugin:80 - create IPUIPlugin
2023-12-04 16:07:32,595 [INFO] IPUIPlugin:80 - create IPUIPlugin
2023-12-04 16:07:32,595 [INFO] IPUIPlugin:80 - create IPUIPlugin
2023-12-04 16:07:32,595 [INFO] IPUIPlugin:80 - create IPUIPlugin
2023-12-04 16:07:32,595 [INFO] IPUIPlugin:80 - create IPUIPlugin
2023-12-04 16:07:32,595 [INFO] IPUIPlugin:80 - create IPUIPlugin
2023-12-04 16:07:32,595 [INFO] IPUIPlugin:80 - create IPUIPlugin
2023-12-04 16:07:32,595 [INFO] IPUIPlugin:80 - create IPUIPlugin
2023-12-04 16:07:32,596 [INFO] IPUIPlugin:80 - create IPUIPlugin
2023-12-04 16:07:32,596 [INFO] IPUIPlugin:80 - create IPUIPlugin
2023-12-04 16:07:32,596 [INFO] IPUIPlugin:80 - create IPUIPlugin
2023-12-04 16:07:32,596 [INFO] IPUIPlugin:80 - create IPUIPlugin
2023-12-04 16:07:32,596 [INFO] IPUIPlugin:80 - create IPUIPlugin
2023-12-04 16:07:32,597 [INFO] IPUIPlugin:80 - create IPUIPlugin
2023-12-04 16:07:32,597 [INFO] IPUIPlugin:80 - create IPUIPlugin
2023-12-04 16:07:32,597 [INFO] IPUIPlugin:80 - create IPUIPlugin
2023-12-04 16:07:32,597 [INFO] IPUIPlugin:80 - create IPUIPlugin
2023-12-04 16:07:32,597 [INFO] IPUIPlugin:80 - create IPUIPlugin
2023-12-04 16:07:32,598 [INFO] IPUIPlugin:80 - create IPUIPlugin
2023-12-04 16:07:32,598 [INFO] IPUIPlugin:80 - create IPUIPlugin
2023-12-04 16:07:32,598 [INFO] IPUIPlugin:80 - create IPUIPlugin
2023-12-04 16:07:32,598 [INFO] IPUIPlugin:80 - create IPUIPlugin
2023-12-04 16:07:32,598 [INFO] IPUIPlugin:80 - create IPUIPlugin
2023-12-04 16:07:32,599 [INFO] IPUIPlugin:80 - create IPUIPlugin
2023-12-04 16:07:32,599 [INFO] IPUIPlugin:80 - create IPUIPlugin
2023-12-04 16:07:32,599 [INFO] IPUIPlugin:80 - create IPUIPlugin
2023-12-04 16:07:32,599 [INFO] IPUIPlugin:80 - create IPUIPlugin
2023-12-04 16:07:32,599 [INFO] IPUIPlugin:80 - create IPUIPlugin
2023-12-04 16:07:32,599 [INFO] IPUIPlugin:80 - create IPUIPlugin
2023-12-04 16:07:32,599 [INFO] IPUIPlugin:80 - create IPUIPlugin
2023-12-04 16:07:32,599 [INFO] IPUIPlugin:80 - create IPUIPlugin
2023-12-04 16:07:32,599 [INFO] IPUIPlugin:80 - create IPUIPlugin
2023-12-04 16:07:32,601 [INFO] IPUIPlugin:80 - create IPUIPlugin
2023-12-04 16:07:32,601 [INFO] IPUIPlugin:80 - create IPUIPlugin
2023-12-04 16:07:32,601 [INFO] IPUIPlugin:80 - create IPUIPlugin
2023-12-04 16:07:32,601 [INFO] IPUIPlugin:80 - create IPUIPlugin
2023-12-04 16:07:32,601 [INFO] IPUIPlugin:80 - create IPUIPlugin
2023-12-04 16:07:32,602 [INFO] IPUIPlugin:80 - create IPUIPlugin
2023-12-04 16:07:32,602 [INFO] IPUIPlugin:80 - create IPUIPlugin
2023-12-04 16:07:32,602 [INFO] IPUIPlugin:80 - create IPUIPlugin
2023-12-04 16:07:32,602 [INFO] IPUIPlugin:80 - create IPUIPlugin
2023-12-04 16:07:32,602 [INFO] IPUIPlugin:80 - create IPUIPlugin
2023-12-04 16:07:32,607 [INFO] IPUIPlugin:80 - create IPUIPlugin
2023-12-04 16:07:32,608 [INFO] IPUIPlugin:80 - create IPUIPlugin
2023-12-04 16:07:32,608 [INFO] IPUIPlugin:80 - create IPUIPlugin
2023-12-04 16:07:32,608 [INFO] IPUIPlugin:80 - create IPUIPlugin
2023-12-04 16:07:32,609 [INFO] IPUIPlugin:80 - create IPUIPlugin
2023-12-04 16:07:32,609 [INFO] IPUIPlugin:80 - create IPUIPlugin
2023-12-04 16:07:32,609 [INFO] IPUIPlugin:80 - create IPUIPlugin
2023-12-04 16:07:32,611 [INFO] IPUIPlugin:80 - create IPUIPlugin
2023-12-04 16:07:32,792 [INFO] ApiDbMcu:507 - Load IP Config File for PDM2PCM
2023-12-04 16:07:32,816 [WARN] IP:2114 - I2C_Coeff_DF not found: check if there is a RefParameter without a condition.
2023-12-04 16:07:32,816 [WARN] IP:2114 - Analog_Filter not found: check if there is a RefParameter without a condition.
2023-12-04 16:07:33,075 [INFO] CADModel:165 - CPN selected for project levelSTM32F446RET6
2023-12-04 16:07:33,075 [INFO] CADModel:114 - Register for checkConnection events
2023-12-04 16:07:33,126 [INFO] OpenFileManager:328 - Restore cursor
2023-12-04 16:07:33,312 [WARN] IP:2114 - I2C_Coeff_DF not found: check if there is a RefParameter without a condition.
2023-12-04 16:07:33,313 [WARN] IP:2114 - Analog_Filter not found: check if there is a RefParameter without a condition.
2023-12-04 16:07:33,313 [WARN] IP:2114 - I2C_Coeff_DF not found: check if there is a RefParameter without a condition.
2023-12-04 16:07:33,313 [WARN] IP:2114 - Analog_Filter not found: check if there is a RefParameter without a condition.
2023-12-04 16:07:34,193 [ERROR] LogOutputStream:75 - [STDERR_REDIRECT] SLF4J: Failed to load class "org.slf4j.impl.StaticLoggerBinder".
2023-12-04 16:07:34,194 [ERROR] LogOutputStream:75 - [STDERR_REDIRECT] SLF4J: Defaulting to no-operation (NOP) logger implementation
2023-12-04 16:07:34,195 [ERROR] LogOutputStream:75 - [STDERR_REDIRECT] SLF4J: See http://www.slf4j.org/codes.html#StaticLoggerBinder for further details.
2023-12-04 16:07:44,036 [INFO] Gpio:273 - dependency for GPIO [I2C1, RCC, SYS, USART2]
2023-12-04 16:07:51,947 [INFO] NvicIntPanel:101 - NVIC parent = com.st.microxplorer.plugins.ip.nvic.MultiNvicIntPanel[,2,46,361x377,layout=javax.swing.BoxLayout,alignmentX=0.0,alignmentY=0.0,border=,flags=9,maximumSize=,minimumSize=,preferredSize=]
2023-12-04 16:08:05,675 [WARN] IP:2114 - I2C_Coeff_DF not found: check if there is a RefParameter without a condition.
2023-12-04 16:08:05,675 [WARN] IP:2114 - Analog_Filter not found: check if there is a RefParameter without a condition.
2023-12-04 16:08:05,675 [WARN] IP:2114 - I2C_Coeff_DF not found: check if there is a RefParameter without a condition.
2023-12-04 16:08:05,676 [WARN] IP:2114 - Analog_Filter not found: check if there is a RefParameter without a condition.
2023-12-04 16:08:05,706 [WARN] IP:2114 - I2C_Coeff_DF not found: check if there is a RefParameter without a condition.
2023-12-04 16:08:05,707 [WARN] IP:2114 - Analog_Filter not found: check if there is a RefParameter without a condition.
2023-12-04 16:08:05,739 [WARN] IP:2114 - I2C_Coeff_DF not found: check if there is a RefParameter without a condition.
2023-12-04 16:08:05,739 [WARN] IP:2114 - Analog_Filter not found: check if there is a RefParameter without a condition.
2023-12-04 16:08:05,769 [INFO] Gpio:273 - dependency for GPIO [I2C1, RCC, SYS, USART2]
2023-12-04 16:08:05,830 [INFO] NvicIntPanel:101 - NVIC parent = com.st.microxplorer.plugins.ip.nvic.MultiNvicIntPanel[,0,0,0x0,invalid,layout=javax.swing.BoxLayout,alignmentX=0.0,alignmentY=0.0,border=,flags=9,maximumSize=,minimumSize=,preferredSize=]
2023-12-04 16:08:11,894 [WARN] IP:2114 - I2C_Coeff_DF not found: check if there is a RefParameter without a condition.
2023-12-04 16:08:11,894 [WARN] IP:2114 - Analog_Filter not found: check if there is a RefParameter without a condition.
2023-12-04 16:08:11,895 [WARN] IP:2114 - I2C_Coeff_DF not found: check if there is a RefParameter without a condition.
2023-12-04 16:08:11,895 [WARN] IP:2114 - Analog_Filter not found: check if there is a RefParameter without a condition.
2023-12-04 16:08:11,917 [WARN] IP:2114 - I2C_Coeff_DF not found: check if there is a RefParameter without a condition.
2023-12-04 16:08:11,918 [WARN] IP:2114 - Analog_Filter not found: check if there is a RefParameter without a condition.
2023-12-04 16:08:11,939 [WARN] IP:2114 - I2C_Coeff_DF not found: check if there is a RefParameter without a condition.
2023-12-04 16:08:11,939 [WARN] IP:2114 - Analog_Filter not found: check if there is a RefParameter without a condition.
2023-12-04 16:08:11,962 [INFO] Gpio:273 - dependency for GPIO [I2C1, RCC, SYS, USART2]
2023-12-04 16:08:12,010 [INFO] NvicIntPanel:101 - NVIC parent = com.st.microxplorer.plugins.ip.nvic.MultiNvicIntPanel[,0,0,0x0,invalid,layout=javax.swing.BoxLayout,alignmentX=0.0,alignmentY=0.0,border=,flags=9,maximumSize=,minimumSize=,preferredSize=]
2023-12-04 18:14:15,756 [INFO] UtilMem:75 - End SaveConfig() Used Memory: 704336272 Bytes (1073741824)
2023-12-04 18:14:16,067 [INFO] UtilMem:75 - End SaveConfig() Used Memory: 725834128 Bytes (1073741824)
2023-12-04 18:14:16,476 [INFO] UtilMem:75 - End SaveConfig() Used Memory: 761485712 Bytes (1073741824)
2023-12-04 18:14:17,064 [INFO] BlockDiagram:2759 - set Specific Code input for plugin: SYS
2023-12-04 18:14:17,064 [INFO] BlockDiagram:2759 - set Specific Code input for plugin: RCC
2023-12-04 18:14:17,064 [INFO] BlockDiagram:2759 - set Specific Code input for plugin: I2C
2023-12-04 18:14:17,064 [INFO] BlockDiagram:2759 - set Specific Code input for plugin: NVIC
2023-12-04 18:14:17,064 [INFO] BlockDiagram:2759 - set Specific Code input for plugin: USART
2023-12-04 18:14:17,065 [INFO] BlockDiagram:2759 - set Specific Code input for plugin: GPIO
2023-12-04 18:14:17,067 [INFO] CodeGenerator:799 - code generatio: config db path: C:/Users/singh/.stm32cubemx/databases/DB.6.0.91/db/
2023-12-04 18:14:17,078 [WARN] IP:2114 - I2C_Coeff_DF not found: check if there is a RefParameter without a condition.
2023-12-04 18:14:17,079 [WARN] IP:2114 - Analog_Filter not found: check if there is a RefParameter without a condition.
2023-12-04 18:14:17,402 [INFO] CodeEngine:255 - oldGeneratedFile, C:\Users\singh\STM32CubeIDE\workspace_1.13.1\oled_01\MXTmpFiles\license.tmp_save
2023-12-04 18:14:17,844 [INFO] CodeEngine:279 - Generated code: C:\Users\singh\STM32CubeIDE\workspace_1.13.1\oled_01\MXTmpFiles\license.tmp
2023-12-04 18:14:17,933 [INFO] CodeEngine:255 - oldGeneratedFile, C:\Users\singh\STM32CubeIDE\workspace_1.13.1\oled_01\MXTmpFiles\gpio.tmp_save
2023-12-04 18:14:18,108 [INFO] CodeEngine:279 - Generated code: C:\Users\singh\STM32CubeIDE\workspace_1.13.1\oled_01\MXTmpFiles\gpio.tmp
2023-12-04 18:14:18,334 [INFO] CodeEngine:255 - oldGeneratedFile, C:\Users\singh\STM32CubeIDE\workspace_1.13.1\oled_01\Core\Src\stm32f4xx_it.c_save
2023-12-04 18:14:18,500 [INFO] CodeEngine:279 - Generated code: C:\Users\singh\STM32CubeIDE\workspace_1.13.1\oled_01\Core\Src\stm32f4xx_it.c
2023-12-04 18:14:18,526 [INFO] CodeEngine:255 - oldGeneratedFile, C:\Users\singh\STM32CubeIDE\workspace_1.13.1\oled_01\Core\Inc\stm32f4xx_it.h_save
2023-12-04 18:14:18,624 [INFO] CodeEngine:279 - Generated code: C:\Users\singh\STM32CubeIDE\workspace_1.13.1\oled_01\Core\Inc\stm32f4xx_it.h
2023-12-04 18:14:18,670 [INFO] CodeEngine:255 - oldGeneratedFile, C:\Users\singh\STM32CubeIDE\workspace_1.13.1\oled_01\Core\Src\stm32f4xx_hal_msp.c_save
2023-12-04 18:14:18,828 [INFO] CodeEngine:279 - Generated code: C:\Users\singh\STM32CubeIDE\workspace_1.13.1\oled_01\Core\Src\stm32f4xx_hal_msp.c
2023-12-04 18:14:18,843 [INFO] CodeEngine:255 - oldGeneratedFile, C:\Users\singh\STM32CubeIDE\workspace_1.13.1\oled_01\MXTmpFiles\system.tmp_save
2023-12-04 18:14:18,931 [INFO] CodeEngine:279 - Generated code: C:\Users\singh\STM32CubeIDE\workspace_1.13.1\oled_01\MXTmpFiles\system.tmp
2023-12-04 18:14:18,969 [INFO] CodeEngine:311 - oldGeneratedFile, C:\Users\singh\STM32CubeIDE\workspace_1.13.1\oled_01\Core\Inc\stm32f4xx_hal_conf.h_save
2023-12-04 18:14:19,080 [INFO] CodeEngine:335 - Generated code: C:\Users\singh\STM32CubeIDE\workspace_1.13.1\oled_01\Core\Inc\stm32f4xx_hal_conf.h
2023-12-04 18:14:19,115 [WARN] IPConfigManager:2937 - Warning: the RefConfig PLL2P_FOR_MCO is not available in your config.xml file
2023-12-04 18:14:19,150 [INFO] CodeEngine:255 - oldGeneratedFile, C:\Users\singh\STM32CubeIDE\workspace_1.13.1\oled_01\Core\Inc\main.h_save
2023-12-04 18:14:19,254 [INFO] CodeEngine:279 - Generated code: C:\Users\singh\STM32CubeIDE\workspace_1.13.1\oled_01\Core\Inc\main.h
2023-12-04 18:14:19,278 [INFO] CodeEngine:255 - oldGeneratedFile, C:\Users\singh\STM32CubeIDE\workspace_1.13.1\oled_01\Core\Src\main.c_save
2023-12-04 18:14:19,454 [INFO] CodeEngine:279 - Generated code: C:\Users\singh\STM32CubeIDE\workspace_1.13.1\oled_01\Core\Src\main.c
2023-12-04 18:14:20,290 [INFO] ProjectBuilder:3064 - Time for Copy HAL[1] : 447mS.
2023-12-04 18:14:20,299 [INFO] ProjectBuilder:4404 - Project Generator version: 4.1.0
2023-12-04 18:14:20,539 [INFO] ConfigFileManager:1457 - The Die is : DIE421
2023-12-04 18:14:20,559 [INFO] ApiDbMcu:507 - Load IP Config File for FATFS
2023-12-04 18:14:20,572 [INFO] ApiDbMcu:507 - Load IP Config File for FREERTOS
2023-12-04 18:14:20,583 [INFO] ApiDbMcu:507 - Load IP Config File for LIBJPEG
2023-12-04 18:14:20,599 [INFO] ApiDbMcu:507 - Load IP Config File for MBEDTLS
2023-12-04 18:14:20,619 [INFO] ApiDbMcu:507 - Load IP Config File for USB_DEVICE
2023-12-04 18:14:20,631 [INFO] ApiDbMcu:507 - Load IP Config File for USB_HOST
2023-12-04 18:14:21,830 [INFO] LogOutputStream:77 - [STDOUT_REDIRECT] 
2023-12-04 18:14:24,488 [INFO] ProjectBuilder:4626 - Time for Generating toolchain IDE Files: 4189mS.
2023-12-04 18:14:24,490 [INFO] ProjectBuilder:2935 - Time for Copy CMSIS : 1mS.
2023-12-04 18:14:24,495 [INFO] ProjectBuilder:2935 - Time for Copy CMSIS : 0mS.
