2023-09-21 13:20:49,037 [INFO] MainUpdater:2868 - connection check result : 10
2023-09-21 13:20:49,315 [INFO] McuFinderGlobals:76 - Set McuFinderConnectedMode to true
2023-09-21 13:20:49,318 [INFO] MultiScanPanel:200 - Auto-refresh data requested => check proxy status ongoing
2023-09-21 13:20:49,319 [INFO] FinderPluginLoader:95 - Searching for filters in installed packs
2023-09-21 13:20:50,690 [INFO] LoadUrlFilesThread:185 - End of LoadServerUrlFiles without Thread
2023-09-21 13:20:50,690 [INFO] DetailPanel:341 - Set advertising image to C:/Users/singh/STM32Cube/Repository/\en.prom-stm32h5-mcu-finder.jpg
2023-09-21 13:21:07,933 [INFO] MultiScanPanel:200 - Auto-refresh data requested => check proxy status ongoing
2023-09-21 13:21:08,023 [INFO] LoadUrlFilesThread:185 - End of LoadServerUrlFiles without Thread
2023-09-21 13:21:08,023 [INFO] DetailPanel:341 - Set advertising image to C:/Users/singh/STM32Cube/Repository/\en.prom-stm32h5-mcu-finder.jpg
2023-09-21 13:21:31,623 [INFO] MainUpdater:2868 - connection check result : 10
2023-09-21 13:21:31,623 [INFO] MainUpdater:2868 - connection check result : 10
2023-09-21 13:21:31,677 [INFO] MicroXplorer:468 - Change Database Path : 
2023-09-21 13:21:31,677 [INFO] MicroXplorer:498 - Change Database Version : DB.6.0.92
2023-09-21 13:21:31,822 [WARN] ThirdParty:871 - waiting for thirdparty lock release [close project]
2023-09-21 13:21:31,822 [INFO] ThirdParty:873 - entering critical section [close project]
2023-09-21 13:21:31,822 [INFO] ThirdParty:883 - exiting critical section [close project]
2023-09-21 13:21:31,825 [INFO] PinOutPanel:1499 - setPackage(No Configuration,No Configuration)
2023-09-21 13:21:31,836 [WARN] IpParametersView:151 - Warning: This peripheral hasn't parameters
2023-09-21 13:21:31,844 [WARN] MainPanel:272 - <html><b><center>Warning: This peripheral has no parameters to be configured<br></b></html>
2023-09-21 13:21:31,858 [INFO] UtilMem:75 - Begin LoadConfig() Used Memory: 431468088 Bytes (1073741824)
2023-09-21 13:21:31,860 [INFO] OpenFileManager:308 - Change cursor
2023-09-21 13:21:31,901 [INFO] RulesReader:64 - Compatibility file has been processed (293 Rules)
2023-09-21 13:21:31,973 [INFO] ProjectFactory:402 - No CPN specified for board NUCLEO-F446RE => set CPN to STM32F446RET6
2023-09-21 13:21:31,973 [INFO] Mcu:1946 - Initializing MCU STM32F446R(C-E)Tx STM32F446RETx STM32F446RET6
2023-09-21 13:21:34,573 [INFO] Context:659 - Trying to add GPIOservice into a context  which must be forbidden
2023-09-21 13:21:34,979 [INFO] Rule:228 - rule 117617 - U5Cobra4M][GTZC] default value MPCBB3 and MPCBB5 - Not Secured memory - MPCBB1 is applicable
2023-09-21 13:21:34,979 [INFO] Rule:228 - rule 117617 - U5Cobra4M][GTZC] default value MPCBB3 and MPCBB5 - Not Secured memory - MPCBB1 is applicable
2023-09-21 13:21:34,979 [INFO] Rule:228 - rule 117617 - U5Cobra4M][GTZC] default value MPCBB3 and MPCBB5 - Not Secured memory - MPCBB2 is applicable
2023-09-21 13:21:34,979 [INFO] Rule:228 - rule 117617 - U5Cobra4M][GTZC] default value MPCBB3 and MPCBB5 - Not Secured memory - MPCBB2 is applicable
2023-09-21 13:21:34,979 [INFO] Rule:228 - rule 117617 - U5Cobra4M][GTZC] default value MPCBB3 and MPCBB5 - Not Secured memory - MPCBB3 is applicable
2023-09-21 13:21:34,979 [INFO] Rule:228 - rule 117617 - U5Cobra4M][GTZC] default value MPCBB3 and MPCBB5 - Not Secured memory - MPCBB3 is applicable
2023-09-21 13:21:34,979 [INFO] Rule:228 - rule 117617 - U5Cobra4M][GTZC] default value MPCBB3 and MPCBB5 - Not Secured memory - MPCBB4 is applicable
2023-09-21 13:21:34,979 [INFO] Rule:228 - rule 117617 - U5Cobra4M][GTZC] default value MPCBB3 and MPCBB5 - Not Secured memory - MPCBB4 is applicable
2023-09-21 13:21:34,979 [INFO] Rule:228 - rule 117617 - U5Cobra4M][GTZC] default value MPCBB3 and MPCBB5 - Secured memory - MPCBB1 is applicable
2023-09-21 13:21:34,979 [INFO] Rule:228 - rule 117617 - U5Cobra4M][GTZC] default value MPCBB3 and MPCBB5 - Secured memory - MPCBB2 is applicable
2023-09-21 13:21:34,979 [INFO] Rule:228 - rule 117617 - U5Cobra4M][GTZC] default value MPCBB3 and MPCBB5 - Secured memory - MPCBB3 is applicable
2023-09-21 13:21:34,979 [INFO] Rule:228 - rule 117617 - U5Cobra4M][GTZC] default value MPCBB3 and MPCBB5 - Secured memory - MPCBB4 is applicable
2023-09-21 13:21:34,979 [INFO] Rule:228 - rule 117617 - U5Cobra4M][GTZC] default value MPCBB3 and MPCBB5 - Privileged memory - MPCBB1 is applicable
2023-09-21 13:21:34,979 [INFO] Rule:228 - rule 117617 - U5Cobra4M][GTZC] default value MPCBB3 and MPCBB5 - Privileged memory - MPCBB2 is applicable
2023-09-21 13:21:34,979 [INFO] Rule:228 - rule 117617 - U5Cobra4M][GTZC] default value MPCBB3 and MPCBB5 - Privileged memory - MPCBB3 is applicable
2023-09-21 13:21:34,979 [INFO] Rule:228 - rule 117617 - U5Cobra4M][GTZC] default value MPCBB3 and MPCBB5 - Privileged memory - MPCBB4 is applicable
2023-09-21 13:21:34,979 [INFO] Rule:228 - rule 117617 - U5Cobra4M][GTZC] default value MPCBB3 and MPCBB5 - Not Privileged memory - MPCBB1 is applicable
2023-09-21 13:21:34,979 [INFO] Rule:228 - rule 117617 - U5Cobra4M][GTZC] default value MPCBB3 and MPCBB5 - Not Privileged memory - MPCBB2 is applicable
2023-09-21 13:21:34,979 [INFO] Rule:228 - rule 117617 - U5Cobra4M][GTZC] default value MPCBB3 and MPCBB5 - Not Privileged memory - MPCBB3 is applicable
2023-09-21 13:21:34,979 [INFO] Rule:228 - rule 117617 - U5Cobra4M][GTZC] default value MPCBB3 and MPCBB5 - Not Privileged memory - MPCBB4 is applicable
2023-09-21 13:21:34,979 [INFO] Rule:228 - rule 117617 - U5Cobra4M][GTZC] default value MPCBB3 and MPCBB5 - Privileged memory - MPCBB1 is applicable
2023-09-21 13:21:34,979 [INFO] Rule:228 - rule 117617 - U5Cobra4M][GTZC] default value MPCBB3 and MPCBB5 - Privileged memory - MPCBB2 is applicable
2023-09-21 13:21:34,979 [INFO] Rule:228 - rule 117617 - U5Cobra4M][GTZC] default value MPCBB3 and MPCBB5 - Privileged memory - MPCBB3 is applicable
2023-09-21 13:21:34,979 [INFO] Rule:228 - rule 117617 - U5Cobra4M][GTZC] default value MPCBB3 and MPCBB5 - Privileged memory - MPCBB4 is applicable
2023-09-21 13:21:34,979 [INFO] Rule:228 - rule 117617 - U5Cobra4M][GTZC] default value MPCBB3 and MPCBB5 - Privileged memory - MPCBB1 is applicable
2023-09-21 13:21:34,979 [INFO] Rule:228 - rule 117617 - U5Cobra4M][GTZC] default value MPCBB3 and MPCBB5 - Privileged memory - MPCBB2 is applicable
2023-09-21 13:21:34,979 [INFO] Rule:228 - rule 117617 - U5Cobra4M][GTZC] default value MPCBB3 and MPCBB5 - Privileged memory - MPCBB3 is applicable
2023-09-21 13:21:34,979 [INFO] Rule:228 - rule 117617 - U5Cobra4M][GTZC] default value MPCBB3 and MPCBB5 - Privileged memory - MPCBB4 is applicable
2023-09-21 13:21:34,979 [INFO] Rule:228 - rule 117617 - U5Cobra4M][GTZC] default value MPCBB3 and MPCBB5 - Not Privileged memory - MPCBB1 is applicable
2023-09-21 13:21:34,979 [INFO] Rule:228 - rule 117617 - U5Cobra4M][GTZC] default value MPCBB3 and MPCBB5 - Not Privileged memory - MPCBB2 is applicable
2023-09-21 13:21:34,979 [INFO] Rule:228 - rule 117617 - U5Cobra4M][GTZC] default value MPCBB3 and MPCBB5 - Not Privileged memory - MPCBB3 is applicable
2023-09-21 13:21:34,979 [INFO] Rule:228 - rule 117617 - U5Cobra4M][GTZC] default value MPCBB3 and MPCBB5 - Not Privileged memory - MPCBB4 is applicable
2023-09-21 13:21:34,979 [INFO] Rule:228 - rule 117617 - U5Cobra4M][GTZC] default value MPCBB3 and MPCBB5 - Privileged memory - MPCBB1 is applicable
2023-09-21 13:21:34,979 [INFO] Rule:228 - rule 117617 - U5Cobra4M][GTZC] default value MPCBB3 and MPCBB5 - Privileged memory - MPCBB2 is applicable
2023-09-21 13:21:34,979 [INFO] Rule:228 - rule 117617 - U5Cobra4M][GTZC] default value MPCBB3 and MPCBB5 - Privileged memory - MPCBB3 is applicable
2023-09-21 13:21:34,979 [INFO] Rule:228 - rule 117617 - U5Cobra4M][GTZC] default value MPCBB3 and MPCBB5 - Privileged memory - MPCBB4 is applicable
2023-09-21 13:21:34,979 [INFO] Rule:228 - rule Rename SubGHz_Phy SUBGHZ_APPLICATION SUBGHZ_PINGPONG to SUBGHZ_ADV_APPLICATION is applicable
2023-09-21 13:21:34,979 [INFO] Rule:228 - rule Rename Enabled to IBEACON is applicable
2023-09-21 13:21:34,979 [INFO] Rule:228 - rule GTZC_S instance for project manager is applicable
2023-09-21 13:21:34,979 [INFO] Rule:228 - rule GTZC_S instance for context M33S is applicable
2023-09-21 13:21:34,979 [INFO] Rule:228 - rule GTZC_S instance value for IP GTZC is applicable
2023-09-21 13:21:34,979 [INFO] Rule:228 - rule GTZC_S instance for mcu.IP is applicable
2023-09-21 13:21:34,979 [INFO] Rule:228 - rule GTZC_S instance for VP is applicable
2023-09-21 13:21:34,979 [INFO] Rule:228 - rule GTZC_S instance for signal is applicable
2023-09-21 13:21:34,979 [INFO] Rule:228 - rule GTZC_S instance for mcu.Pin is applicable
2023-09-21 13:21:34,979 [INFO] Rule:228 - rule GTZC_S instance for VP is applicable
2023-09-21 13:21:34,979 [INFO] Rule:228 - rule GTZC_S instance for signal is applicable
2023-09-21 13:21:34,979 [INFO] Rule:228 - rule GTZC_S instance for mcu is applicable
2023-09-21 13:21:34,979 [INFO] Rule:228 - rule GTZC_S instance for mcu.Pin is applicable
2023-09-21 13:21:34,983 [INFO] Rule:228 - rule GTZC_S instance value for IP GTZC is applicable
2023-09-21 13:21:34,984 [INFO] Rule:228 - rule GTZC_S instance for project manager is applicable
2023-09-21 13:21:34,984 [INFO] Rule:228 - rule GTZC_S instance for context M33S is applicable
2023-09-21 13:21:34,984 [INFO] Rule:228 - rule GTZC_S instance for VP is applicable
2023-09-21 13:21:34,984 [INFO] Rule:228 - rule GTZC_S instance for signal is applicable
2023-09-21 13:21:34,984 [INFO] Rule:228 - rule SPDIFRX instance for mcu is applicable
2023-09-21 13:21:34,984 [INFO] Rule:228 - rule Rename Tracer Mode is applicable
2023-09-21 13:21:34,984 [INFO] Rule:228 - rule SPDIFRX instance value for IP SPDIFRX is applicable
2023-09-21 13:21:34,984 [INFO] Rule:228 - rule SPDIFRX instance for signal is applicable
2023-09-21 13:21:34,984 [INFO] Rule:228 - rule SPDIFRX instance for project manager is applicable
2023-09-21 13:21:34,984 [INFO] Rule:228 - rule SPDIFRX instance for project manager is applicable
2023-09-21 13:21:34,984 [INFO] Rule:228 - rule ADC Scan  fix with FW F7 is applicable
2023-09-21 13:21:34,984 [INFO] Rule:228 - rule ADC Scan  fix with FW F7 is applicable
2023-09-21 13:21:34,984 [INFO] Rule:228 - rule WakeUp0 Mode is applicable
2023-09-21 13:21:34,984 [INFO] Rule:228 - rule WakeUp0 SIGNAL is applicable
2023-09-21 13:21:34,984 [INFO] Rule:228 - rule WakeUp1 Mode is applicable
2023-09-21 13:21:34,984 [INFO] Rule:228 - rule WakeUp1 SIGNAL is applicable
2023-09-21 13:21:34,984 [INFO] Rule:228 - rule WakeUp2 Mode is applicable
2023-09-21 13:21:34,984 [INFO] Rule:228 - rule WakeUp2 SIGNAL is applicable
2023-09-21 13:21:34,984 [INFO] Rule:228 - rule WakeUp4 Mode is applicable
2023-09-21 13:21:34,984 [INFO] Rule:228 - rule WakeUp4 SIGNAL is applicable
2023-09-21 13:21:34,984 [INFO] Rule:228 - rule WakeUp5 Mode is applicable
2023-09-21 13:21:34,984 [INFO] Rule:228 - rule WakeUp5 SIGNAL is applicable
2023-09-21 13:21:34,984 [INFO] Rule:228 - rule Add RTC Activate Clock Source is applicable
2023-09-21 13:21:34,984 [INFO] Rule:228 - rule Add RTC Activate Calendar 1 is applicable
2023-09-21 13:21:34,984 [INFO] Rule:228 - rule Add RTC Activate Calendar 2 is applicable
2023-09-21 13:21:34,984 [INFO] Rule:228 - rule Add RTC Activate Calendar 3 is applicable
2023-09-21 13:21:34,984 [INFO] Rule:228 - rule UART/USART TX Mode is applicable
2023-09-21 13:21:34,984 [INFO] Rule:228 - rule UART/USART RX Mode is applicable
2023-09-21 13:21:34,984 [INFO] Rule:228 - rule UART/USART RX TX Mode is applicable
2023-09-21 13:21:34,984 [INFO] Rule:228 - rule UART/USART PARITY NONE is applicable
2023-09-21 13:21:34,984 [INFO] Rule:228 - rule UART/USART PARITY EVEN is applicable
2023-09-21 13:21:34,984 [INFO] Rule:228 - rule UART/USART PARITY ODD is applicable
2023-09-21 13:21:34,984 [INFO] Rule:228 - rule USART StopBits 1 is applicable
2023-09-21 13:21:34,984 [INFO] Rule:228 - rule USART StopBits 2 is applicable
2023-09-21 13:21:34,984 [INFO] Rule:228 - rule USART StopBits 1.5 is applicable
2023-09-21 13:21:34,984 [INFO] Rule:228 - rule USART StopBits 0.5 is applicable
2023-09-21 13:21:34,984 [INFO] Rule:228 - rule UART/USART WORD LENGTH 7 is applicable
2023-09-21 13:21:34,984 [INFO] Rule:228 - rule UART/USART WORD LENGTH 8 is applicable
2023-09-21 13:21:34,984 [INFO] Rule:228 - rule UART/USART WORD LENGTH 9 is applicable
2023-09-21 13:21:34,984 [INFO] Rule:228 - rule Rename FMC NAND NCE signal is applicable
2023-09-21 13:21:34,984 [INFO] Rule:228 - rule Rename FMC NAND INT signal is applicable
2023-09-21 13:21:34,984 [INFO] Rule:228 - rule Change Default Value for LSE Drive Capability for WB family is applicable
2023-09-21 13:21:34,984 [INFO] Rule:228 - rule Change Default Value for ADC Clock Prescaler G0 family is applicable
2023-09-21 13:21:34,984 [INFO] Rule:228 - rule Change Default Value for ADC ExternalTrigConv L4 family is applicable
2023-09-21 13:21:34,984 [INFO] Rule:228 - rule Change Default Value for ADC ExternalTrigInjecConv L4 family is applicable
2023-09-21 13:21:34,984 [INFO] Rule:228 - rule Change Default Value for ADC ExternalTrigConv F3 family is applicable
2023-09-21 13:21:34,984 [INFO] Rule:228 - rule Change Default Value for ADC ExternalTrigInjecConv F3 family is applicable
2023-09-21 13:21:34,984 [INFO] Rule:228 - rule Change Default Value for ADC ExternalTrigConv Goldfish serie is applicable
2023-09-21 13:21:34,984 [INFO] Rule:228 - rule Change Default Value for ADC ExternalTrigInjecConv Goldfish serie is applicable
2023-09-21 13:21:34,984 [INFO] Rule:228 - rule Change Default Value for ADC ExternalTrigConv L0 family is applicable
2023-09-21 13:21:34,984 [INFO] Rule:228 - rule Change Default Value for ADC ExternalTrigConv F0 family is applicable
2023-09-21 13:21:34,984 [INFO] Rule:228 - rule Change Default Value for ADC ExternalTrigConvn L1 family is applicable
2023-09-21 13:21:34,984 [INFO] Rule:228 - rule Change Default Value for ADC ExternalTrigInjecConv L1 family is applicable
2023-09-21 13:21:34,984 [INFO] Rule:228 - rule Change Default Value for ADC ExternalTrigConv F1 family is applicable
2023-09-21 13:21:34,984 [INFO] Rule:228 - rule Change Default Value for ADC ExternalTrigInjecConv F1 family is applicable
2023-09-21 13:21:34,984 [INFO] Rule:228 - rule Change Default Value for ADC ExternalTrigConv F7 family is applicable
2023-09-21 13:21:34,984 [INFO] Rule:228 - rule Change Default Value for ADC ExternalTrigInjecConv F7 family is applicable
2023-09-21 13:21:34,984 [INFO] Rule:228 - rule Change Default Value for ADC ExternalTrigConv F4 and F2 family is applicable
2023-09-21 13:21:34,988 [INFO] Rule:228 - rule Change Default Value for ADC ExternalTrigInjecConv F4 and F2 family is applicable
2023-09-21 13:21:34,988 [INFO] Rule:228 - rule ADC SamplingTime fix with FW L0  is applicable
2023-09-21 13:21:34,988 [INFO] Rule:228 - rule ADC SamplingTime fix with FW L0  is applicable
2023-09-21 13:21:34,988 [INFO] Rule:228 - rule ADC SamplingTime fix with FW L0 is applicable
2023-09-21 13:21:34,988 [INFO] Rule:228 - rule ADC SamplingTime fix with FW L0 is applicable
2023-09-21 13:21:34,988 [INFO] Rule:228 - rule ADC SamplingTime fix with FW L0  is applicable
2023-09-21 13:21:34,988 [INFO] Rule:228 - rule ADC SamplingTime fix with FW L0 is applicable
2023-09-21 13:21:34,988 [INFO] Rule:228 - rule Rename USB_OE Signal is applicable
2023-09-21 13:21:34,988 [INFO] Rule:228 - rule Rename Activate_OE Mode is applicable
2023-09-21 13:21:34,988 [INFO] Rule:228 - rule Rename DIE462/DIE415 pin PC14/OSC32_IN -> PC14-OSC32_IN (PC14) is applicable
2023-09-21 13:21:34,988 [INFO] Rule:228 - rule Rename DIE462/DIE415 pin PC15/OSC32_OUT -> PC15-OSC32_OUT (PC15) is applicable
2023-09-21 13:21:34,988 [INFO] Rule:228 - rule Rename DIE462/DIE415 pin PH0/OSC_IN -> PH0-OSC_IN (PH0) is applicable
2023-09-21 13:21:34,988 [INFO] Rule:228 - rule Rename DIE462/DIE415 pin PH1/OSC_OUT -> PH1-OSC_OUT (PH1) is applicable
2023-09-21 13:21:34,988 [INFO] Rule:228 - rule Rename DIE462 pin PA13 -> PA13 (JTMS/SWDIO) is applicable
2023-09-21 13:21:34,988 [INFO] Rule:228 - rule Rename DIE415 pin PA13 -> PA13 (JTMS/SWDIO) is applicable
2023-09-21 13:21:34,988 [INFO] Rule:228 - rule Rename DIE462 pin PA14 -> PA14 (JTCK/SWCLK) is applicable
2023-09-21 13:21:34,988 [INFO] Rule:228 - rule Rename DIE415 pin PA14 -> PA14 (JTCK/SWCLK) is applicable
2023-09-21 13:21:34,988 [INFO] Rule:228 - rule Rename DIE462/DIE415 pin PA15 -> PA15 (JTDI) is applicable
2023-09-21 13:21:34,988 [INFO] Rule:228 - rule Rename DIE462 pin PB3 -> PB3 (JTD0/TRACESWO) is applicable
2023-09-21 13:21:34,988 [INFO] Rule:228 - rule Rename DIE415 pin PB3 -> PB3 (JTD0-TRACESWO) is applicable
2023-09-21 13:21:34,988 [INFO] Rule:228 - rule Rename DIE462/DIE415 pin PB4 -> PB4 (NJTRST) is applicable
2023-09-21 13:21:34,988 [INFO] Rule:228 - rule Rename DIE462 pin PH3/BOOT0 -> PH3-BOOT0 (BOOT0) is applicable
2023-09-21 13:21:34,988 [INFO] Rule:228 - rule Rename CRYP DataEncryptionTypesList to Algorithm is applicable
2023-09-21 13:21:34,988 [INFO] Rule:228 - rule Rename AES DataEncryptionTypesList to Algorithm is applicable
2023-09-21 13:21:34,988 [INFO] Rule:228 - rule Rename TDESECB to CRYP_TDES_ECB is applicable
2023-09-21 13:21:34,988 [INFO] Rule:228 - rule Rename TDESCBC to CRYP_TDES_CBC is applicable
2023-09-21 13:21:34,988 [INFO] Rule:228 - rule Rename DESECB to CRYP_DES_ECB is applicable
2023-09-21 13:21:34,988 [INFO] Rule:228 - rule Rename DESCBC to CRYP_DES_CBC is applicable
2023-09-21 13:21:34,988 [INFO] Rule:228 - rule Rename AESECB to CRYP_AES_ECB is applicable
2023-09-21 13:21:34,988 [INFO] Rule:228 - rule Rename AESCBC to CRYP_AES_CBC is applicable
2023-09-21 13:21:34,988 [INFO] Rule:228 - rule Rename AESCTR to CRYP_AES_CTR is applicable
2023-09-21 13:21:34,988 [INFO] Rule:228 - rule Rename AESGCM to CRYP_AES_GCM is applicable
2023-09-21 13:21:34,988 [INFO] Rule:228 - rule Rename AESCCM to CRYP_AES_CCM is applicable
2023-09-21 13:21:34,988 [INFO] Rule:228 - rule Rename CAN TimeSeg1 to BS1 is applicable
2023-09-21 13:21:34,988 [INFO] Rule:228 - rule Rename CAN TimeSeg2 to BS2 is applicable
2023-09-21 13:21:34,988 [INFO] Rule:228 - rule Rename CAN SyncJumpWidth to SJW is applicable
2023-09-21 13:21:34,988 [INFO] Rule:228 - rule TimeTriggeredMode to TTCM is applicable
2023-09-21 13:21:34,988 [INFO] Rule:228 - rule Rename CAN AutoBusOff to ABOM is applicable
2023-09-21 13:21:34,988 [INFO] Rule:228 - rule Rename CAN AutoWakeUp to AWUM is applicable
2023-09-21 13:21:34,988 [INFO] Rule:228 - rule Rename CAN AutoRetransmission to NART is applicable
2023-09-21 13:21:34,988 [INFO] Rule:228 - rule Rename CAN ReceiveFifoLocked to RFLM is applicable
2023-09-21 13:21:34,988 [INFO] Rule:228 - rule Rename CAN TransmitFifoPriority to TXFP is applicable
2023-09-21 13:21:34,988 [INFO] Rule:228 - rule Rename HRTIMER HRTIM_OUTPUTFAULTLEVEL_HIGH in HRTIMER HRTIM_OUTPUTFAULTLEVEL_HIGHZ is applicable
2023-09-21 13:21:34,988 [INFO] Rule:228 - rule Rename TIMER TIM_CLEARINPUTSOURCE_OCREFCLR in  TIMER TIM_CLEARINPUTSOURCE_NONE for F7 family is applicable
2023-09-21 13:21:34,988 [INFO] Rule:228 - rule FDCAN_R1 - Rename FDCAN mode Master into Classic is applicable
2023-09-21 13:21:34,988 [INFO] Rule:228 - rule FDCAN_R2 - Rename FDCAN mode Slave into Classic is applicable
2023-09-21 13:21:34,988 [INFO] Rule:228 - rule FDCAN1_R3 - if PA10.Mode=FullDuplex, add Pin PA12 is applicable
2023-09-21 13:21:34,988 [INFO] Rule:228 - rule FDCAN1_R3 - if PA9.Mode=FullDuplex, add Pin PA11 is applicable
2023-09-21 13:21:34,988 [INFO] Rule:228 - rule FDCAN1_R3 - Alternatepin_1 - if PE1.Mode=FullDuplex, add Pin PB9 is applicable
2023-09-21 13:21:34,988 [INFO] Rule:228 - rule FDCAN1_R3 - Alternatepin_1 - if PE0.Mode=FullDuplex, add Pin PB8 is applicable
2023-09-21 13:21:34,988 [INFO] Rule:228 - rule FDCAN1_R3 - Alternatepin_2 - if PD5.Mode=FullDuplex, add Pin PD1 is applicable
2023-09-21 13:21:34,988 [INFO] Rule:228 - rule FDCAN1_R3 - Alternatepin_2 - if PD4.Mode=FullDuplex, add Pin PD0 is applicable
2023-09-21 13:21:34,988 [INFO] Rule:228 - rule FDCAN1_R4 - Rename Mode FullDuplex into Enable FDCAN_TXFD for pin PA10 is applicable
2023-09-21 13:21:34,988 [INFO] Rule:228 - rule FDCAN1_R4 - Rename Mode FullDuplex into Enable FDCAN_TXFD for pin PA9 is applicable
2023-09-21 13:21:34,988 [INFO] Rule:228 - rule FDCAN1_R4 - Alternatepin_1 - Rename Mode FullDuplex into Enable FDCAN_TXFD for pin PE1 is applicable
2023-09-21 13:21:34,988 [INFO] Rule:228 - rule FDCAN1_R4 - Alternatepin_1 - Rename Mode FullDuplex into Enable FDCAN_TXFD for pin PE0 is applicable
2023-09-21 13:21:34,988 [INFO] Rule:228 - rule FDCAN1_R4 - Alternatepin_2 - Rename Mode FullDuplex into Enable FDCAN_TXFD for pin PD5 is applicable
2023-09-21 13:21:34,988 [INFO] Rule:228 - rule FDCAN1_R4 - Alternatepin_2 - Rename Mode FullDuplex into Enable FDCAN_TXFD for pin PD4 is applicable
2023-09-21 13:21:34,988 [INFO] Rule:228 - rule FDCAN2_R3 - if PD10.Mode=FullDuplex, add Pin PB13 is applicable
2023-09-21 13:21:34,988 [INFO] Rule:228 - rule FDCAN2_R3 - if PD9.Mode=FullDuplex, add Pin PB12 is applicable
2023-09-21 13:21:34,994 [INFO] Rule:228 - rule FDCAN2_R3 - Alternatepin_1 - if PB7.Mode=FullDuplex, add Pin PB6 is applicable
2023-09-21 13:21:34,994 [INFO] Rule:228 - rule FDCAN2_R3 - Alternatepin_1 - if PD9.Mode=FullDuplex, add Pin PB12 is applicable
2023-09-21 13:21:34,994 [INFO] Rule:228 - rule FDCAN2_R4 - Rename Mode FullDuplex into Enable FDCAN_TXFD for pin PD10 is applicable
2023-09-21 13:21:34,994 [INFO] Rule:228 - rule FDCAN2_R4 - Rename Mode FullDuplex into Enable FDCAN_TXFD for pin PD9 is applicable
2023-09-21 13:21:34,994 [INFO] Rule:228 - rule FDCAN2_R4 - Alternatepin_1 - Rename Mode FullDuplex into Enable FDCAN_TXFD for pin PB7 is applicable
2023-09-21 13:21:34,994 [INFO] Rule:228 - rule FDCAN2_R4 - Alternatepin_1 - Rename Mode FullDuplex into Enable FDCAN_TXFD for pin PD6 is applicable
2023-09-21 13:21:34,994 [INFO] Rule:228 - rule USART TxPinLevelInvertParam Mode is applicable
2023-09-21 13:21:34,994 [INFO] Rule:228 - rule USART RxPinLevelInvertParam Mode is applicable
2023-09-21 13:21:34,994 [INFO] Rule:228 - rule USART DataInvertParam Mode is applicable
2023-09-21 13:21:34,994 [INFO] Rule:228 - rule USART SwapParam Mode is applicable
2023-09-21 13:21:34,994 [INFO] Rule:228 - rule USART OverrunDisableParam Mode is applicable
2023-09-21 13:21:34,994 [INFO] Rule:228 - rule USART DMADisableonRxErrorParam Mode is applicable
2023-09-21 13:21:34,994 [INFO] Rule:228 - rule USART MSBFirstParam Mode is applicable
2023-09-21 13:21:34,994 [INFO] Rule:228 - rule Update MwName for USB_DEVICE is applicable
2023-09-21 13:21:34,994 [INFO] Rule:228 - rule Change PWR_Regulator_Voltage_Scale Default Value for RCC  H7 family is applicable
2023-09-21 13:21:34,994 [INFO] Rule:228 - rule UART/USART IPParameter rename Prescaler parameter to ClockPrescaler is applicable
2023-09-21 13:21:34,994 [INFO] Rule:228 - rule UART/USART Prescaler rename Prescaler parameter to ClockPrescaler is applicable
2023-09-21 13:21:34,994 [INFO] Rule:228 - rule TIM1CLockSelection is applicable
2023-09-21 13:21:34,994 [INFO] Rule:228 - rule TIM15CLockSelection is applicable
2023-09-21 13:21:34,994 [INFO] Rule:228 - rule align RCC SDMMC3CLockSelection default value on MP1 is applicable
2023-09-21 13:21:34,994 [INFO] Rule:228 - rule align RCC SDMMC12CLockSelection default value on MP1 is applicable
2023-09-21 13:21:34,994 [INFO] Rule:228 - rule align RCC QSPICLockSelection default value on MP1 is applicable
2023-09-21 13:21:34,994 [INFO] Rule:228 - rule align RCC QSPICLockSelection default value on MP1 is applicable
2023-09-21 13:21:34,994 [INFO] Rule:228 - rule align RCC SPI6CLockSelection default value on MP1 is applicable
2023-09-21 13:21:34,994 [INFO] Rule:228 - rule align RCC LPTIM23CLockSelection default value on MP1 is applicable
2023-09-21 13:21:34,994 [INFO] Rule:228 - rule align RCC LPTIM1CLockSelection default value on MP1 is applicable
2023-09-21 13:21:34,996 [INFO] Rule:228 - rule align RCC USART1CLockSelection default value on MP1 is applicable
2023-09-21 13:21:34,996 [INFO] Rule:228 - rule align RCC USART24CLockSelection default value on MP1 is applicable
2023-09-21 13:21:34,996 [INFO] Rule:228 - rule align RCC USART6CLockSelection default value on MP1 is applicable
2023-09-21 13:21:34,996 [INFO] Rule:228 - rule align RCC UART78CLockSelection default value on MP1 is applicable
2023-09-21 13:21:34,996 [INFO] Rule:228 - rule align RCC USART35CLockSelection default value on MP1 is applicable
2023-09-21 13:21:34,996 [INFO] Rule:228 - rule align RCC SPI45CLockSelection default value on MP1 is applicable
2023-09-21 13:21:34,996 [INFO] Rule:228 - rule align RCC I2C46CLockSelection BCLK value on MP1 is applicable
2023-09-21 13:21:34,996 [INFO] Rule:228 - rule align RCC SPI45CLockSelection default value on MP1 is applicable
2023-09-21 13:21:34,996 [INFO] Rule:228 - rule align RCC I2C12CLockSelection default value on MP1 is applicable
2023-09-21 13:21:34,996 [INFO] Rule:228 - rule align RCC I2C35CLockSelection default value on MP1 is applicable
2023-09-21 13:21:34,996 [INFO] Rule:228 - rule align RCC LPTIM45CLockSelection default value on MP1 is applicable
2023-09-21 13:21:34,996 [INFO] Rule:228 - rule Rename DCMI PIXCK signal is applicable
2023-09-21 13:21:34,996 [INFO] Rule:228 - rule Change Default Value for I2C46CLockSelection MP1 family is applicable
2023-09-21 13:21:34,996 [INFO] Rule:228 - rule Change Default Value for UART for G4, G0 and WB families is applicable
2023-09-21 13:21:34,996 [INFO] Rule:228 - rule Change Default Value for USART for G4, G0 and WB families is applicable
2023-09-21 13:21:34,996 [INFO] Rule:228 - rule Change Default Value for USART for G4 family is applicable
2023-09-21 13:21:34,996 [INFO] Rule:228 - rule Change USART1CLockSelection refparam name for MP1 is applicable
2023-09-21 13:21:34,996 [INFO] Rule:228 - rule Change USART2CLockSelection refparam name for MP1 is applicable
2023-09-21 13:21:34,996 [INFO] Rule:228 - rule Change USART3CLockSelection refparam name for MP1 is applicable
2023-09-21 13:21:34,996 [INFO] Rule:228 - rule Change UART4CLockSelection refparam name for MP1 is applicable
2023-09-21 13:21:34,996 [INFO] Rule:228 - rule Change UART5CLockSelection refparam name for MP1 is applicable
2023-09-21 13:21:34,996 [INFO] Rule:228 - rule Change LPUART1CLockSelection refparam name for MP1 is applicable
2023-09-21 13:21:34,996 [INFO] Rule:228 - rule Change LPTIM1CLockSelection refparam name for MP1 is applicable
2023-09-21 13:21:34,996 [INFO] Rule:228 - rule Change LPTIM2CLockSelection refparam name for MP1 is applicable
2023-09-21 13:21:34,996 [INFO] Rule:228 - rule Change RCC_MCO1Source refparam name for MP1 is applicable
2023-09-21 13:21:34,996 [INFO] Rule:228 - rule Change LSCOSource1 refparam name for MP1 is applicable
2023-09-21 13:21:34,996 [INFO] Rule:228 - rule Change SMPSCLockSelection refparam name for MP1 is applicable
2023-09-21 13:21:34,996 [INFO] Rule:228 - rule Change LPTIM3CLockSelection refparam name for MP1 is applicable
2023-09-21 13:21:34,996 [INFO] Rule:228 - rule Change MPCBB* Default Template Mode to Parameters is applicable
2023-09-21 13:21:34,996 [INFO] Rule:228 - rule Change MPCWM* or MPCBB* Secure Mode to Parameters is applicable
2023-09-21 13:21:34,996 [INFO] Rule:228 - rule Change MPCWM* or MPCBB* No Secure Mode to Parameters is applicable
2023-09-21 13:21:34,996 [INFO] Rule:228 - rule Change TZSC IP Secure Mode to Parameters is applicable
2023-09-21 13:21:34,996 [INFO] Rule:228 - rule Change TZSC IP No Secure Mode to Parameters is applicable
2023-09-21 13:21:34,996 [INFO] Rule:228 - rule Change TZSC IP Privilege Mode to Parameters is applicable
2023-09-21 13:21:34,996 [INFO] Rule:228 - rule Change TZSC IP No Privilege Mode to Parameters is applicable
2023-09-21 13:21:34,996 [INFO] Rule:228 - rule Change TZIC IT Secure Mode to Parameters is applicable
2023-09-21 13:21:34,996 [INFO] Rule:228 - rule Change TZIC IT No Secure Mode to Parameters is applicable
2023-09-21 13:21:34,996 [INFO] Rule:228 - rule Add MPCBB1_NonSecureArea_Start_Address value with referenced to MPCBB1_NonSecureArea_Start value is applicable
2023-09-21 13:21:34,996 [INFO] Rule:228 - rule Add MPCBB2_NonSecureArea_Start_Address value with referenced to MPCBB2_NonSecureArea_Start value is applicable
2023-09-21 13:21:34,996 [INFO] Rule:228 - rule Add MPCWM1_NonSecureArea*_Start_Address value with referenced to MPCWM1_NonSecureArea*_Start value is applicable
2023-09-21 13:21:34,996 [INFO] Rule:228 - rule Add MPCWM2_NonSecureArea*_Start_Address value with referenced to MPCWM2_NonSecureArea*_Start value is applicable
2023-09-21 13:21:34,996 [INFO] Rule:228 - rule Add MPCWM3_NonSecureArea_Start_Address value with referenced to MPCWM3_NonSecureArea_Start value is applicable
2023-09-21 13:21:34,996 [INFO] Rule:228 - rule Change Default Value for PLL1UserDefinedConfig is applicable
2023-09-21 13:21:34,996 [INFO] Rule:228 - rule Change GPIO_PuPd Default Value for USART in async mode is applicable
2023-09-21 13:21:34,996 [INFO] Rule:228 - rule Change SMPSDivider Default Value is applicable
2023-09-21 13:21:34,996 [INFO] Rule:228 - rule OPAMP is applicable
2023-09-21 13:21:34,996 [INFO] Rule:228 - rule LPUART IPParameter rename Prescaler parameter to ClockPrescaler for STM32H7 is applicable
2023-09-21 13:21:34,996 [INFO] Rule:228 - rule LPUART IPParameter rename Prescaler parameter to ClockPrescaler for STM32H7 is applicable
2023-09-21 13:21:34,996 [INFO] Rule:228 - rule LPUART IPParameter rename Prescaler parameter to ClockPrescaler for STM32WB is applicable
2023-09-21 13:21:34,996 [INFO] Rule:228 - rule LPUART IPParameter rename Prescaler parameter to ClockPrescaler for STM32WB is applicable
2023-09-21 13:21:34,996 [INFO] Rule:228 - rule LPUART IPParameter rename Prescaler parameter to ClockPrescaler for STM32G4 is applicable
2023-09-21 13:21:34,996 [INFO] Rule:228 - rule LPUART IPParameter rename Prescaler parameter to ClockPrescaler for STM32G4 is applicable
2023-09-21 13:21:34,996 [INFO] Rule:228 - rule LPUART IPParameter rename Prescaler parameter to ClockPrescaler for STM32L5 is applicable
2023-09-21 13:21:34,996 [INFO] Rule:228 - rule LPUART IPParameter rename Prescaler parameter to ClockPrescaler for STM32L5 is applicable
2023-09-21 13:21:34,996 [INFO] Rule:228 - rule LPUART IPParameter rename Prescaler parameter to ClockPrescaler for STM32G4 is applicable
2023-09-21 13:21:34,996 [INFO] Rule:228 - rule LPUART IPParameter rename Prescaler parameter to ClockPrescaler for STM32G4 is applicable
2023-09-21 13:21:34,996 [INFO] Rule:228 - rule USB device lib V2.5.3 for L0 rename USBD_SUPPORT_USER_STRING parameter to USBD_SUPPORT_USER_STRING_DESC4 is applicable
2023-09-21 13:21:34,996 [INFO] Rule:228 - rule I2SCLockSelection clock entry align is applicable
2023-09-21 13:21:34,996 [INFO] Rule:228 - rule Assign TIMx context if used as SYS timebase is applicable
2023-09-21 13:21:34,996 [INFO] Rule:228 - rule Change GPIO_Pu Default Value for I2C is applicable
2023-09-21 13:21:34,996 [INFO] Rule:228 - rule Change GPIO_Pu Default Value for SMBus is applicable
2023-09-21 13:21:34,996 [INFO] Rule:228 - rule change FDCAN default value is applicable
2023-09-21 13:21:34,996 [INFO] Rule:228 - rule Change mode sai is applicable
2023-09-21 13:21:34,996 [INFO] Rule:228 - rule **Change sai mode is applicable
2023-09-21 13:21:35,013 [INFO] DbConfProperties:307 - Apply Compatibility (49/258 Rules)
2023-09-21 13:21:35,054 [INFO] ImportTextPane:194 - (OptionalMessage_ERROR) Unable to find key (Mcu.ThirdPartyNb) in loaded IOC file
2023-09-21 13:21:35,215 [INFO] RtosManager:555 - Registered RTOS mode: class=CMSIS, group=RTOS, mode=CMSIS_V1, owner=FREERTOS
2023-09-21 13:21:35,215 [INFO] RtosManager:555 - Registered RTOS mode: class=CMSIS, group=RTOS2, mode=CMSIS_V2, owner=FREERTOS
2023-09-21 13:21:35,215 [INFO] RtosManager:555 - Registered RTOS mode: class=RTOS, group=Core, mode=CMSIS_V1, owner=FREERTOS
2023-09-21 13:21:35,215 [INFO] RtosManager:555 - Registered RTOS mode: class=RTOS, group=Core, mode=CMSIS_V2, owner=FREERTOS
2023-09-21 13:21:35,215 [WARN] ModelIntegratedComponent:184 - Missing modes for component STMicroelectronics:FreeRTOS:0.0.1:STMicroelectronics:RTOS:FreeRTOS:Core:::10.2.0:
2023-09-21 13:21:35,231 [WARN] ModelIntegratedComponent:63 - No mode defined for component null
2023-09-21 13:21:35,231 [WARN] ModelIntegratedComponent:63 - No mode defined for component null
2023-09-21 13:21:35,231 [WARN] ModelIntegratedComponent:63 - No mode defined for component null
2023-09-21 13:21:35,231 [WARN] ModelIntegratedComponent:63 - No mode defined for component null
2023-09-21 13:21:35,231 [WARN] ModelIntegratedComponent:63 - No mode defined for component null
2023-09-21 13:21:35,231 [WARN] ModelIntegratedComponent:63 - No mode defined for component null
2023-09-21 13:21:35,231 [WARN] ModelIntegratedComponent:63 - No mode defined for component null
2023-09-21 13:21:35,231 [WARN] ModelIntegratedComponent:63 - No mode defined for component null
2023-09-21 13:21:35,231 [WARN] ModelIntegratedComponent:63 - No mode defined for component null
2023-09-21 13:21:35,232 [WARN] ModelIntegratedComponent:63 - No mode defined for component null
2023-09-21 13:21:35,232 [WARN] ModelIntegratedComponent:63 - No mode defined for component null
2023-09-21 13:21:35,232 [WARN] ModelIntegratedComponent:63 - No mode defined for component null
2023-09-21 13:21:35,232 [WARN] ModelIntegratedComponent:63 - No mode defined for component null
2023-09-21 13:21:35,232 [WARN] ModelIntegratedComponent:63 - No mode defined for component null
2023-09-21 13:21:35,232 [WARN] ModelIntegratedComponent:63 - No mode defined for component null
2023-09-21 13:21:35,232 [WARN] ModelIntegratedComponent:63 - No mode defined for component null
2023-09-21 13:21:35,232 [WARN] ModelIntegratedComponent:63 - No mode defined for component null
2023-09-21 13:21:35,232 [WARN] ModelIntegratedComponent:63 - No mode defined for component null
2023-09-21 13:21:35,232 [WARN] ModelIntegratedComponent:63 - No mode defined for component null
2023-09-21 13:21:35,232 [WARN] ModelIntegratedComponent:63 - No mode defined for component null
2023-09-21 13:21:35,232 [WARN] ModelIntegratedComponent:63 - No mode defined for component null
2023-09-21 13:21:35,232 [WARN] ModelIntegratedComponent:63 - No mode defined for component null
2023-09-21 13:21:35,232 [WARN] ModelIntegratedComponent:63 - No mode defined for component null
2023-09-21 13:21:35,232 [WARN] ModelIntegratedComponent:63 - No mode defined for component null
2023-09-21 13:21:35,232 [WARN] ModelIntegratedComponent:63 - No mode defined for component null
2023-09-21 13:21:35,232 [WARN] ModelIntegratedComponent:63 - No mode defined for component null
2023-09-21 13:21:35,232 [WARN] ModelIntegratedComponent:63 - No mode defined for component null
2023-09-21 13:21:35,232 [WARN] ModelIntegratedComponent:63 - No mode defined for component null
2023-09-21 13:21:35,233 [WARN] ModelIntegratedComponent:63 - No mode defined for component null
2023-09-21 13:21:35,233 [WARN] ModelIntegratedComponent:63 - No mode defined for component null
2023-09-21 13:21:35,233 [WARN] ModelIntegratedComponent:63 - No mode defined for component null
2023-09-21 13:21:35,233 [WARN] ModelIntegratedComponent:63 - No mode defined for component null
2023-09-21 13:21:35,233 [WARN] ModelIntegratedComponent:63 - No mode defined for component null
2023-09-21 13:21:35,251 [INFO] ThirdPartyModel:298 - Start build external matchings
2023-09-21 13:21:35,841 [INFO] ThirdPartyModel:316 - End build external matchings
2023-09-21 13:21:35,855 [INFO] ImportTextPane:194 - (OptionalMessage_ERROR) IP (RCC) : Invalid parameter (48MHZClocksFreq_Value)
2023-09-21 13:21:35,856 [INFO] ImportTextPane:194 - (OptionalMessage_ERROR) IP (RCC) : Invalid parameter (EthernetFreq_Value)
2023-09-21 13:21:35,857 [INFO] ImportTextPane:194 - (OptionalMessage_ERROR) IP (RCC) : Parameter (FLatency) has Id (AdvancedSettings) currently not set
2023-09-21 13:21:35,857 [INFO] ImportTextPane:194 - (OptionalMessage_ERROR) IP (RCC) : Invalid parameter (FamilyName)
2023-09-21 13:21:35,857 [INFO] ImportTextPane:194 - (OptionalMessage_ERROR) IP (RCC) : Invalid parameter (I2SClocksFreq_Value)
2023-09-21 13:21:35,858 [INFO] ImportTextPane:194 - (OptionalMessage_ERROR) IP (RCC) : Parameter (SDIOFreq_Value) has invalid value (168000000)
2023-09-21 13:21:35,858 [INFO] ImportTextPane:194 - (OptionalMessage_ERROR) IP (RCC) : Parameter (USBFreq_Value) has invalid value (168000000)
2023-09-21 13:21:35,859 [INFO] ImportTextPane:194 - (OptionalMessage_ERROR) IP (RCC) : Invalid parameter (VCOInputMFreq_Value)
2023-09-21 13:21:35,859 [INFO] ImportTextPane:194 - (OptionalMessage_ERROR) IP (RCC) : Invalid parameter (VcooutputI2S)
2023-09-21 13:21:36,347 [INFO] UtilMem:75 - End LoadConfig() Used Memory: 791398928 Bytes (1073741824)
2023-09-21 13:21:36,572 [WARN] ThirdParty:833 - waiting for thirdparty lock release [change project]
2023-09-21 13:21:36,572 [INFO] ThirdParty:835 - entering critical section [change project]
2023-09-21 13:21:36,572 [INFO] ThirdParty:1030 - CMSIS Pack Vendor :STMicroelectronics X-CUBE-ISPU 1.1.0
2023-09-21 13:21:36,572 [INFO] ThirdParty:1030 - CMSIS Pack Vendor :STMicroelectronics USBPD 4.1
2023-09-21 13:21:36,572 [INFO] ThirdParty:1030 - CMSIS Pack Vendor :STMicroelectronics X-CUBE-GNSS1 6.0.0
2023-09-21 13:21:36,572 [INFO] ThirdParty:1030 - CMSIS Pack Vendor :STMicroelectronics USB_HOST 2.0.0
2023-09-21 13:21:36,572 [INFO] ThirdParty:1030 - CMSIS Pack Vendor :STMicroelectronics X-CUBE-AZRTOS-F4 1.1.0
2023-09-21 13:21:36,574 [INFO] ThirdParty:1030 - CMSIS Pack Vendor :STMicroelectronics LIBJPEG 8.0.0
2023-09-21 13:21:36,574 [INFO] ThirdParty:1030 - CMSIS Pack Vendor :wolfSSL I-CUBE-wolfSSL 5.6.3
2023-09-21 13:21:36,574 [INFO] ThirdParty:1030 - CMSIS Pack Vendor :STMicroelectronics X-CUBE-SMBUS 2.1.0
2023-09-21 13:21:36,574 [INFO] ThirdParty:1030 - CMSIS Pack Vendor :STMicroelectronics USB_DEVICE 3.0.0
2023-09-21 13:21:36,574 [INFO] ThirdParty:1030 - CMSIS Pack Vendor :STMicroelectronics X-CUBE-AZRTOS-WB 2.0.0
2023-09-21 13:21:36,574 [INFO] ThirdParty:1030 - CMSIS Pack Vendor :STMicroelectronics X-CUBE-AZRTOS-F7 1.1.0
2023-09-21 13:21:36,574 [INFO] ThirdParty:1030 - CMSIS Pack Vendor :STMicroelectronics X-CUBE-AZRTOS-L5 2.0.0
2023-09-21 13:21:36,574 [INFO] ThirdParty:1030 - CMSIS Pack Vendor :STMicroelectronics USB_DEVICE 2.0.0
2023-09-21 13:21:36,574 [INFO] ThirdParty:1030 - CMSIS Pack Vendor :STMicroelectronics X-CUBE-MEMS1 9.6.0
2023-09-21 13:21:36,574 [INFO] ThirdParty:1030 - CMSIS Pack Vendor :STMicroelectronics FP-SNS-MOTENV1 4.3.2
2023-09-21 13:21:36,575 [INFO] ThirdParty:1030 - CMSIS Pack Vendor :STMicroelectronics X-CUBE-ALGOBUILD 1.3.0
2023-09-21 13:21:36,575 [INFO] ThirdParty:1030 - CMSIS Pack Vendor :STMicroelectronics FreeRTOS 0.0.1
2023-09-21 13:21:36,575 [INFO] ThirdParty:1030 - CMSIS Pack Vendor :STMicroelectronics X-CUBE-AZRTOS-G0 1.1.0
2023-09-21 13:21:36,575 [INFO] ThirdParty:1030 - CMSIS Pack Vendor :STMicroelectronics X-CUBE-BLEMGR 2.0.0
2023-09-21 13:21:36,575 [INFO] ThirdParty:1030 - CMSIS Pack Vendor :STMicroelectronics X-CUBE-NFC4 3.0.0
2023-09-21 13:21:36,575 [INFO] ThirdParty:1030 - CMSIS Pack Vendor :STMicroelectronics X-CUBE-SUBG2 5.0.0
2023-09-21 13:21:36,575 [INFO] ThirdParty:1030 - CMSIS Pack Vendor :STMicroelectronics STM32_WPAN 1.0.0
2023-09-21 13:21:36,575 [INFO] ThirdParty:1030 - CMSIS Pack Vendor :STMicroelectronics lwIP 2.0.3
2023-09-21 13:21:36,575 [INFO] ThirdParty:1030 - CMSIS Pack Vendor :STMicroelectronics FP-SNS-FLIGHT1 5.0.2
2023-09-21 13:21:36,575 [INFO] ThirdParty:1030 - CMSIS Pack Vendor :STMicroelectronics USB_HOST 1.0.0
2023-09-21 13:21:36,575 [INFO] ThirdParty:1030 - CMSIS Pack Vendor :STMicroelectronics X-CUBE-TOF1 3.3.1
2023-09-21 13:21:36,575 [INFO] ThirdParty:1030 - CMSIS Pack Vendor :STMicroelectronics X-CUBE-AZRTOS-G4 2.0.0
2023-09-21 13:21:36,575 [INFO] ThirdParty:1030 - CMSIS Pack Vendor :STMicroelectronics PDM2PCM 3.1.0
2023-09-21 13:21:36,575 [INFO] ThirdParty:1030 - CMSIS Pack Vendor :STMicroelectronics X-CUBE-AZRTOS-H7 3.1.0
2023-09-21 13:21:36,575 [INFO] ThirdParty:1030 - CMSIS Pack Vendor :STMicroelectronics PDM2PCM 3.3.0
2023-09-21 13:21:36,576 [INFO] ThirdParty:1030 - CMSIS Pack Vendor :STMicroelectronics X-CUBE-DISPLAY 3.0.0
2023-09-21 13:21:36,576 [INFO] ThirdParty:1030 - CMSIS Pack Vendor :STMicroelectronics X-CUBE-BLE1 7.0.0
2023-09-21 13:21:36,576 [INFO] ThirdParty:1030 - CMSIS Pack Vendor :STMicroelectronics FP-ATR-SIGFOX1 3.2.0
2023-09-21 13:21:36,576 [INFO] ThirdParty:1030 - CMSIS Pack Vendor :STMicroelectronics HAL Drivers 0.0.0
2023-09-21 13:21:36,576 [INFO] ThirdParty:1030 - CMSIS Pack Vendor :STMicroelectronics MBEDTLS 2.16.2
2023-09-21 13:21:36,576 [INFO] ThirdParty:1030 - CMSIS Pack Vendor :emotas I-CUBE-CANOPEN 1.3.0
2023-09-21 13:21:36,576 [INFO] ThirdParty:1030 - CMSIS Pack Vendor :STMicroelectronics X-CUBE-FREERTOS 1.1.0
2023-09-21 13:21:36,576 [INFO] ThirdParty:1030 - CMSIS Pack Vendor :STMicroelectronics X-CUBE-TOUCHGFX 4.22.0
2023-09-21 13:21:36,576 [INFO] ThirdParty:1030 - CMSIS Pack Vendor :STMicroelectronics X-CUBE-NFC7 1.0.1
2023-09-21 13:21:36,576 [INFO] ThirdParty:1030 - CMSIS Pack Vendor :STMicroelectronics MBEDTLS 2.14.1
2023-09-21 13:21:36,576 [INFO] ThirdParty:1030 - CMSIS Pack Vendor :STMicroelectronics X-CUBE-NFC6 3.0.0
2023-09-21 13:21:36,576 [INFO] ThirdParty:1030 - CMSIS Pack Vendor :STMicroelectronics X-CUBE-EEPRMA1 4.1.0
2023-09-21 13:21:36,576 [INFO] ThirdParty:1030 - CMSIS Pack Vendor :portGmbH I-Cube-SoM-uGOAL 1.1.0
2023-09-21 13:21:36,576 [INFO] ThirdParty:1030 - CMSIS Pack Vendor :STMicroelectronics X-CUBE-ALS 1.0.1
2023-09-21 13:21:36,577 [INFO] ThirdParty:1030 - CMSIS Pack Vendor :STMicroelectronics ThreadX 1.0.0
2023-09-21 13:21:36,577 [INFO] ThirdParty:1030 - CMSIS Pack Vendor :STMicroelectronics FP-SNS-SMARTAG2 1.2.0
2023-09-21 13:21:36,577 [INFO] ThirdParty:1030 - CMSIS Pack Vendor :STMicroelectronics X-CUBE-AZRTOS-WL 2.0.0
2023-09-21 13:21:36,577 [INFO] ThirdParty:1030 - CMSIS Pack Vendor :SEGGER I-CUBE-embOS 1.3.1
2023-09-21 13:21:36,577 [INFO] ThirdParty:1030 - CMSIS Pack Vendor :STMicroelectronics USB_DEVICE 1.0.0
2023-09-21 13:21:36,577 [INFO] ThirdParty:1030 - CMSIS Pack Vendor :STMicroelectronics X-CUBE-AI 8.1.0
2023-09-21 13:21:36,577 [INFO] ThirdParty:1030 - CMSIS Pack Vendor :STMicroelectronics X-CUBE-AZRTOS-L4 2.0.0
2023-09-21 13:21:36,577 [INFO] ThirdParty:1030 - CMSIS Pack Vendor :STMicroelectronics ThreadX 0.0.2
2023-09-21 13:21:36,577 [INFO] ThirdParty:1030 - CMSIS Pack Vendor :WES I-CUBE-Cesium 1.3.0
2023-09-21 13:21:36,577 [INFO] ThirdParty:1030 - CMSIS Pack Vendor :STMicroelectronics FP-ATR-ASTRA1 2.0.0
2023-09-21 13:21:36,577 [INFO] ThirdParty:1030 - CMSIS Pack Vendor :STMicroelectronics lwIP 2.1.2
2023-09-21 13:21:36,577 [INFO] ThirdParty:1030 - CMSIS Pack Vendor :STMicroelectronics X-CUBE-SFXS2LP1 4.0.0
2023-09-21 13:21:36,577 [INFO] ThirdParty:1030 - CMSIS Pack Vendor :STMicroelectronics X-CUBE-BLE2 3.3.0
2023-09-21 13:21:36,577 [INFO] ThirdParty:1030 - CMSIS Pack Vendor :STMicroelectronics PDM2PCM 3.2.0
2023-09-21 13:21:36,577 [INFO] ThirdParty:841 - exiting critical section [change project]
2023-09-21 13:21:36,869 [INFO] PinOutPanel:1499 - setPackage(No Configuration,No Configuration)
2023-09-21 13:21:36,870 [INFO] PinOutPanel:1499 - setPackage(STM32F446RETx,LQFP64)
2023-09-21 13:21:37,264 [INFO] UtilMem:75 - Before build in PCC Used Memory: 446142088 Bytes (1073741824)
2023-09-21 13:21:37,692 [INFO] UtilMem:75 - After build in PCC Used Memory: 494902920 Bytes (1073741824)
2023-09-21 13:21:37,719 [INFO] IPUIPlugin:80 - create IPUIPlugin
2023-09-21 13:21:37,720 [INFO] IPUIPlugin:80 - create IPUIPlugin
2023-09-21 13:21:37,720 [INFO] IPUIPlugin:80 - create IPUIPlugin
2023-09-21 13:21:37,720 [INFO] IPUIPlugin:80 - create IPUIPlugin
2023-09-21 13:21:37,720 [INFO] IPUIPlugin:80 - create IPUIPlugin
2023-09-21 13:21:37,720 [INFO] IPUIPlugin:80 - create IPUIPlugin
2023-09-21 13:21:37,720 [INFO] IPUIPlugin:80 - create IPUIPlugin
2023-09-21 13:21:37,720 [INFO] IPUIPlugin:80 - create IPUIPlugin
2023-09-21 13:21:37,720 [INFO] IPUIPlugin:80 - create IPUIPlugin
2023-09-21 13:21:37,721 [INFO] IPUIPlugin:80 - create IPUIPlugin
2023-09-21 13:21:37,721 [INFO] IPUIPlugin:80 - create IPUIPlugin
2023-09-21 13:21:37,721 [INFO] IPUIPlugin:80 - create IPUIPlugin
2023-09-21 13:21:37,721 [INFO] IPUIPlugin:80 - create IPUIPlugin
2023-09-21 13:21:37,721 [INFO] IPUIPlugin:80 - create IPUIPlugin
2023-09-21 13:21:37,721 [INFO] IPUIPlugin:80 - create IPUIPlugin
2023-09-21 13:21:37,722 [INFO] IPUIPlugin:80 - create IPUIPlugin
2023-09-21 13:21:37,722 [INFO] IPUIPlugin:80 - create IPUIPlugin
2023-09-21 13:21:37,722 [INFO] IPUIPlugin:80 - create IPUIPlugin
2023-09-21 13:21:37,722 [INFO] IPUIPlugin:80 - create IPUIPlugin
2023-09-21 13:21:37,722 [INFO] IPUIPlugin:80 - create IPUIPlugin
2023-09-21 13:21:37,722 [INFO] IPUIPlugin:80 - create IPUIPlugin
2023-09-21 13:21:37,723 [INFO] IPUIPlugin:80 - create IPUIPlugin
2023-09-21 13:21:37,723 [INFO] IPUIPlugin:80 - create IPUIPlugin
2023-09-21 13:21:37,723 [INFO] IPUIPlugin:80 - create IPUIPlugin
2023-09-21 13:21:37,723 [INFO] IPUIPlugin:80 - create IPUIPlugin
2023-09-21 13:21:37,723 [INFO] IPUIPlugin:80 - create IPUIPlugin
2023-09-21 13:21:37,724 [INFO] IPUIPlugin:80 - create IPUIPlugin
2023-09-21 13:21:37,724 [INFO] IPUIPlugin:80 - create IPUIPlugin
2023-09-21 13:21:37,724 [INFO] IPUIPlugin:80 - create IPUIPlugin
2023-09-21 13:21:37,726 [INFO] IPUIPlugin:80 - create IPUIPlugin
2023-09-21 13:21:37,726 [INFO] IPUIPlugin:80 - create IPUIPlugin
2023-09-21 13:21:37,726 [INFO] IPUIPlugin:80 - create IPUIPlugin
2023-09-21 13:21:37,726 [INFO] IPUIPlugin:80 - create IPUIPlugin
2023-09-21 13:21:37,726 [INFO] IPUIPlugin:80 - create IPUIPlugin
2023-09-21 13:21:37,726 [INFO] IPUIPlugin:80 - create IPUIPlugin
2023-09-21 13:21:37,726 [INFO] IPUIPlugin:80 - create IPUIPlugin
2023-09-21 13:21:37,728 [INFO] IPUIPlugin:80 - create IPUIPlugin
2023-09-21 13:21:37,728 [INFO] IPUIPlugin:80 - create IPUIPlugin
2023-09-21 13:21:37,728 [INFO] IPUIPlugin:80 - create IPUIPlugin
2023-09-21 13:21:37,728 [INFO] IPUIPlugin:80 - create IPUIPlugin
2023-09-21 13:21:37,729 [INFO] IPUIPlugin:80 - create IPUIPlugin
2023-09-21 13:21:37,729 [INFO] IPUIPlugin:80 - create IPUIPlugin
2023-09-21 13:21:37,729 [INFO] IPUIPlugin:80 - create IPUIPlugin
2023-09-21 13:21:37,730 [INFO] IPUIPlugin:80 - create IPUIPlugin
2023-09-21 13:21:37,730 [INFO] IPUIPlugin:80 - create IPUIPlugin
2023-09-21 13:21:37,730 [INFO] IPUIPlugin:80 - create IPUIPlugin
2023-09-21 13:21:37,730 [INFO] IPUIPlugin:80 - create IPUIPlugin
2023-09-21 13:21:37,730 [INFO] IPUIPlugin:80 - create IPUIPlugin
2023-09-21 13:21:37,730 [INFO] IPUIPlugin:80 - create IPUIPlugin
2023-09-21 13:21:37,732 [INFO] IPUIPlugin:80 - create IPUIPlugin
2023-09-21 13:21:37,732 [INFO] IPUIPlugin:80 - create IPUIPlugin
2023-09-21 13:21:37,732 [INFO] IPUIPlugin:80 - create IPUIPlugin
2023-09-21 13:21:37,732 [INFO] IPUIPlugin:80 - create IPUIPlugin
2023-09-21 13:21:37,732 [INFO] IPUIPlugin:80 - create IPUIPlugin
2023-09-21 13:21:37,733 [INFO] IPUIPlugin:80 - create IPUIPlugin
2023-09-21 13:21:37,733 [INFO] IPUIPlugin:80 - create IPUIPlugin
2023-09-21 13:21:37,733 [INFO] IPUIPlugin:80 - create IPUIPlugin
2023-09-21 13:21:37,735 [INFO] IPUIPlugin:80 - create IPUIPlugin
2023-09-21 13:21:37,736 [INFO] IPUIPlugin:80 - create IPUIPlugin
2023-09-21 13:21:37,736 [INFO] IPUIPlugin:80 - create IPUIPlugin
2023-09-21 13:21:37,764 [INFO] ApiDbMcu:507 - Load IP Config File for PDM2PCM
2023-09-21 13:21:37,844 [INFO] CADModel:165 - CPN selected for project levelSTM32F446RET6
2023-09-21 13:21:37,844 [INFO] CADModel:114 - Register for checkConnection events
2023-09-21 13:21:37,919 [INFO] OpenFileManager:328 - Restore cursor
2023-09-21 13:21:38,645 [INFO] UtilMem:75 - End SaveConfig() Used Memory: 654387000 Bytes (1073741824)
2023-09-21 13:21:38,770 [INFO] UtilMem:75 - End SaveConfig() Used Memory: 676406896 Bytes (1073741824)
2023-09-21 13:21:39,026 [INFO] BlockDiagram:2759 - set Specific Code input for plugin: SYS
2023-09-21 13:21:39,026 [INFO] BlockDiagram:2759 - set Specific Code input for plugin: RCC
2023-09-21 13:21:39,026 [INFO] BlockDiagram:2759 - set Specific Code input for plugin: NVIC
2023-09-21 13:21:39,026 [INFO] BlockDiagram:2759 - set Specific Code input for plugin: USART
2023-09-21 13:21:39,026 [INFO] BlockDiagram:2759 - set Specific Code input for plugin: GPIO
2023-09-21 13:21:39,028 [INFO] CodeGenerator:799 - code generatio: config db path: C:\ST\STM32CubeIDE_1.13.1\STM32CubeIDE\plugins\com.st.stm32cube.common.mx_6.9.2.202309101412\\db\
2023-09-21 13:21:39,350 [INFO] CodeEngine:255 - oldGeneratedFile, C:\Users\singh\STM32CubeIDE\workspace_1.13.1\MPU6050_01\MXTmpFiles\license.tmp_save
2023-09-21 13:21:39,512 [INFO] CodeEngine:279 - Generated code: C:\Users\singh\STM32CubeIDE\workspace_1.13.1\MPU6050_01\MXTmpFiles\license.tmp
2023-09-21 13:21:39,614 [INFO] CodeEngine:255 - oldGeneratedFile, C:\Users\singh\STM32CubeIDE\workspace_1.13.1\MPU6050_01\MXTmpFiles\gpio.tmp_save
2023-09-21 13:21:39,780 [INFO] CodeEngine:279 - Generated code: C:\Users\singh\STM32CubeIDE\workspace_1.13.1\MPU6050_01\MXTmpFiles\gpio.tmp
2023-09-21 13:21:39,907 [INFO] CodeEngine:255 - oldGeneratedFile, C:\Users\singh\STM32CubeIDE\workspace_1.13.1\MPU6050_01\Core\Src\stm32f4xx_it.c_save
2023-09-21 13:21:40,299 [INFO] CodeEngine:279 - Generated code: C:\Users\singh\STM32CubeIDE\workspace_1.13.1\MPU6050_01\Core\Src\stm32f4xx_it.c
2023-09-21 13:21:40,327 [INFO] CodeEngine:255 - oldGeneratedFile, C:\Users\singh\STM32CubeIDE\workspace_1.13.1\MPU6050_01\Core\Inc\stm32f4xx_it.h_save
2023-09-21 13:21:40,458 [INFO] CodeEngine:279 - Generated code: C:\Users\singh\STM32CubeIDE\workspace_1.13.1\MPU6050_01\Core\Inc\stm32f4xx_it.h
2023-09-21 13:21:40,499 [INFO] CodeEngine:255 - oldGeneratedFile, C:\Users\singh\STM32CubeIDE\workspace_1.13.1\MPU6050_01\Core\Src\stm32f4xx_hal_msp.c_save
2023-09-21 13:21:40,712 [INFO] CodeEngine:279 - Generated code: C:\Users\singh\STM32CubeIDE\workspace_1.13.1\MPU6050_01\Core\Src\stm32f4xx_hal_msp.c
2023-09-21 13:21:40,739 [INFO] CodeEngine:255 - oldGeneratedFile, C:\Users\singh\STM32CubeIDE\workspace_1.13.1\MPU6050_01\MXTmpFiles\system.tmp_save
2023-09-21 13:21:40,852 [INFO] CodeEngine:279 - Generated code: C:\Users\singh\STM32CubeIDE\workspace_1.13.1\MPU6050_01\MXTmpFiles\system.tmp
2023-09-21 13:21:40,895 [INFO] CodeEngine:311 - oldGeneratedFile, C:\Users\singh\STM32CubeIDE\workspace_1.13.1\MPU6050_01\Core\Inc\stm32f4xx_hal_conf.h_save
2023-09-21 13:21:41,069 [INFO] CodeEngine:335 - Generated code: C:\Users\singh\STM32CubeIDE\workspace_1.13.1\MPU6050_01\Core\Inc\stm32f4xx_hal_conf.h
2023-09-21 13:21:41,114 [WARN] IPConfigManager:2937 - Warning: the RefConfig PLL2P_FOR_MCO is not available in your config.xml file
2023-09-21 13:21:41,151 [INFO] CodeEngine:255 - oldGeneratedFile, C:\Users\singh\STM32CubeIDE\workspace_1.13.1\MPU6050_01\Core\Inc\main.h_save
2023-09-21 13:21:41,352 [INFO] CodeEngine:279 - Generated code: C:\Users\singh\STM32CubeIDE\workspace_1.13.1\MPU6050_01\Core\Inc\main.h
2023-09-21 13:21:41,376 [INFO] CodeEngine:255 - oldGeneratedFile, C:\Users\singh\STM32CubeIDE\workspace_1.13.1\MPU6050_01\Core\Src\main.c_save
2023-09-21 13:21:41,572 [INFO] CodeEngine:279 - Generated code: C:\Users\singh\STM32CubeIDE\workspace_1.13.1\MPU6050_01\Core\Src\main.c
2023-09-21 13:21:42,604 [INFO] ProjectBuilder:3064 - Time for Copy HAL[1] : 409mS.
2023-09-21 13:21:42,614 [INFO] ProjectBuilder:4404 - Project Generator version: 4.1.0
2023-09-21 13:21:42,882 [INFO] ConfigFileManager:1457 - The Die is : DIE421
2023-09-21 13:21:42,904 [INFO] ApiDbMcu:507 - Load IP Config File for FATFS
2023-09-21 13:21:42,926 [INFO] ApiDbMcu:507 - Load IP Config File for FREERTOS
2023-09-21 13:21:42,941 [INFO] ApiDbMcu:507 - Load IP Config File for LIBJPEG
2023-09-21 13:21:42,964 [INFO] ApiDbMcu:507 - Load IP Config File for MBEDTLS
2023-09-21 13:21:42,990 [INFO] ApiDbMcu:507 - Load IP Config File for USB_DEVICE
2023-09-21 13:21:43,007 [INFO] ApiDbMcu:507 - Load IP Config File for USB_HOST
2023-09-21 13:21:46,447 [INFO] ProjectBuilder:4626 - Time for Generating toolchain IDE Files: 3833mS.
2023-09-21 13:21:46,449 [INFO] ProjectBuilder:2935 - Time for Copy CMSIS : 1mS.
2023-09-21 13:21:46,455 [INFO] ProjectBuilder:2935 - Time for Copy CMSIS : 0mS.
2023-09-21 13:21:47,003 [INFO] McuFinderGlobals:76 - Set McuFinderConnectedMode to true
2023-09-21 13:21:47,013 [INFO] ApiDb:448 - Save user favorites file C:\Users\singh/.stm32cubeide/favorites.mcus.txt: 0 item(s)
2023-09-21 13:21:47,014 [INFO] ApiDb:452 - User favorites MCUs=[]
2023-09-21 13:21:47,016 [INFO] ApiDb:448 - Save user favorites file C:\Users\singh/.stm32cubeide/favorites.boards.txt: 0 item(s)
2023-09-21 13:21:47,017 [INFO] ApiDb:452 - User favorites Boards=[]
2023-09-21 14:16:24,304 [INFO] UtilMem:75 - End SaveConfig() Used Memory: 857082272 Bytes (1073741824)
2023-09-21 14:16:24,742 [INFO] UtilMem:75 - End SaveConfig() Used Memory: 897201192 Bytes (1073741824)
2023-09-21 14:16:24,893 [INFO] BlockDiagram:2759 - set Specific Code input for plugin: SYS
2023-09-21 14:16:24,893 [INFO] BlockDiagram:2759 - set Specific Code input for plugin: ADC
2023-09-21 14:16:24,894 [INFO] BlockDiagram:2759 - set Specific Code input for plugin: RCC
2023-09-21 14:16:24,894 [INFO] BlockDiagram:2759 - set Specific Code input for plugin: NVIC
2023-09-21 14:16:24,894 [INFO] BlockDiagram:2759 - set Specific Code input for plugin: USART
2023-09-21 14:16:24,894 [INFO] BlockDiagram:2759 - set Specific Code input for plugin: GPIO
2023-09-21 14:16:24,895 [INFO] CodeGenerator:799 - code generatio: config db path: C:\ST\STM32CubeIDE_1.13.1\STM32CubeIDE\plugins\com.st.stm32cube.common.mx_6.9.2.202309101412\\db\
2023-09-21 14:16:25,016 [INFO] CodeEngine:255 - oldGeneratedFile, C:\Users\singh\STM32CubeIDE\workspace_1.13.1\MPU6050_01\MXTmpFiles\license.tmp_save
2023-09-21 14:16:25,084 [INFO] CodeEngine:279 - Generated code: C:\Users\singh\STM32CubeIDE\workspace_1.13.1\MPU6050_01\MXTmpFiles\license.tmp
2023-09-21 14:16:25,108 [INFO] CodeEngine:255 - oldGeneratedFile, C:\Users\singh\STM32CubeIDE\workspace_1.13.1\MPU6050_01\MXTmpFiles\gpio.tmp_save
2023-09-21 14:16:25,176 [INFO] CodeEngine:279 - Generated code: C:\Users\singh\STM32CubeIDE\workspace_1.13.1\MPU6050_01\MXTmpFiles\gpio.tmp
2023-09-21 14:16:25,261 [INFO] CodeEngine:255 - oldGeneratedFile, C:\Users\singh\STM32CubeIDE\workspace_1.13.1\MPU6050_01\Core\Src\stm32f4xx_it.c_save
2023-09-21 14:16:25,366 [INFO] CodeEngine:279 - Generated code: C:\Users\singh\STM32CubeIDE\workspace_1.13.1\MPU6050_01\Core\Src\stm32f4xx_it.c
2023-09-21 14:16:25,377 [INFO] CodeEngine:255 - oldGeneratedFile, C:\Users\singh\STM32CubeIDE\workspace_1.13.1\MPU6050_01\Core\Inc\stm32f4xx_it.h_save
2023-09-21 14:16:25,435 [INFO] CodeEngine:279 - Generated code: C:\Users\singh\STM32CubeIDE\workspace_1.13.1\MPU6050_01\Core\Inc\stm32f4xx_it.h
2023-09-21 14:16:25,457 [INFO] CodeEngine:255 - oldGeneratedFile, C:\Users\singh\STM32CubeIDE\workspace_1.13.1\MPU6050_01\Core\Src\stm32f4xx_hal_msp.c_save
2023-09-21 14:16:25,553 [INFO] CodeEngine:279 - Generated code: C:\Users\singh\STM32CubeIDE\workspace_1.13.1\MPU6050_01\Core\Src\stm32f4xx_hal_msp.c
2023-09-21 14:16:25,563 [INFO] CodeEngine:255 - oldGeneratedFile, C:\Users\singh\STM32CubeIDE\workspace_1.13.1\MPU6050_01\MXTmpFiles\system.tmp_save
2023-09-21 14:16:25,612 [INFO] CodeEngine:279 - Generated code: C:\Users\singh\STM32CubeIDE\workspace_1.13.1\MPU6050_01\MXTmpFiles\system.tmp
2023-09-21 14:16:25,632 [INFO] CodeEngine:311 - oldGeneratedFile, C:\Users\singh\STM32CubeIDE\workspace_1.13.1\MPU6050_01\Core\Inc\stm32f4xx_hal_conf.h_save
2023-09-21 14:16:25,705 [INFO] CodeEngine:335 - Generated code: C:\Users\singh\STM32CubeIDE\workspace_1.13.1\MPU6050_01\Core\Inc\stm32f4xx_hal_conf.h
2023-09-21 14:16:25,724 [WARN] IPConfigManager:2937 - Warning: the RefConfig PLL2P_FOR_MCO is not available in your config.xml file
2023-09-21 14:16:25,744 [INFO] CodeEngine:255 - oldGeneratedFile, C:\Users\singh\STM32CubeIDE\workspace_1.13.1\MPU6050_01\Core\Inc\main.h_save
2023-09-21 14:16:25,815 [INFO] CodeEngine:279 - Generated code: C:\Users\singh\STM32CubeIDE\workspace_1.13.1\MPU6050_01\Core\Inc\main.h
2023-09-21 14:16:25,833 [INFO] CodeEngine:255 - oldGeneratedFile, C:\Users\singh\STM32CubeIDE\workspace_1.13.1\MPU6050_01\Core\Src\main.c_save
2023-09-21 14:16:25,920 [INFO] CodeEngine:279 - Generated code: C:\Users\singh\STM32CubeIDE\workspace_1.13.1\MPU6050_01\Core\Src\main.c
2023-09-21 14:16:26,419 [INFO] ProjectBuilder:3064 - Time for Copy HAL[1] : 210mS.
2023-09-21 14:16:26,422 [INFO] ProjectBuilder:4404 - Project Generator version: 4.1.0
2023-09-21 14:16:26,537 [INFO] ConfigFileManager:1457 - The Die is : DIE421
2023-09-21 14:16:27,316 [INFO] ProjectBuilder:4626 - Time for Generating toolchain IDE Files: 894mS.
2023-09-21 14:16:27,317 [INFO] ProjectBuilder:2935 - Time for Copy CMSIS : 1mS.
2023-09-21 14:16:27,320 [INFO] ProjectBuilder:2935 - Time for Copy CMSIS : 1mS.
2023-09-21 15:19:04,625 [INFO] UtilMem:75 - End SaveConfig() Used Memory: 869589968 Bytes (1073741824)
2023-09-21 15:19:05,403 [INFO] UtilMem:75 - End SaveConfig() Used Memory: 420806880 Bytes (1073741824)
2023-09-21 15:19:05,654 [INFO] BlockDiagram:2759 - set Specific Code input for plugin: TIM1_8
2023-09-21 15:19:05,655 [INFO] BlockDiagram:2759 - set Specific Code input for plugin: SYS
2023-09-21 15:19:05,655 [INFO] BlockDiagram:2759 - set Specific Code input for plugin: ADC
2023-09-21 15:19:05,655 [INFO] BlockDiagram:2759 - set Specific Code input for plugin: RCC
2023-09-21 15:19:05,655 [INFO] BlockDiagram:2759 - set Specific Code input for plugin: NVIC
2023-09-21 15:19:05,655 [INFO] BlockDiagram:2759 - set Specific Code input for plugin: USART
2023-09-21 15:19:05,655 [INFO] BlockDiagram:2759 - set Specific Code input for plugin: GPIO
2023-09-21 15:19:05,656 [INFO] CodeGenerator:799 - code generatio: config db path: C:\ST\STM32CubeIDE_1.13.1\STM32CubeIDE\plugins\com.st.stm32cube.common.mx_6.9.2.202309101412\\db\
2023-09-21 15:19:05,894 [INFO] CodeEngine:255 - oldGeneratedFile, C:\Users\singh\STM32CubeIDE\workspace_1.13.1\MPU6050_01\MXTmpFiles\license.tmp_save
2023-09-21 15:19:06,005 [INFO] CodeEngine:279 - Generated code: C:\Users\singh\STM32CubeIDE\workspace_1.13.1\MPU6050_01\MXTmpFiles\license.tmp
2023-09-21 15:19:06,045 [INFO] CodeEngine:255 - oldGeneratedFile, C:\Users\singh\STM32CubeIDE\workspace_1.13.1\MPU6050_01\MXTmpFiles\gpio.tmp_save
2023-09-21 15:19:06,156 [INFO] CodeEngine:279 - Generated code: C:\Users\singh\STM32CubeIDE\workspace_1.13.1\MPU6050_01\MXTmpFiles\gpio.tmp
2023-09-21 15:19:06,334 [INFO] CodeEngine:255 - oldGeneratedFile, C:\Users\singh\STM32CubeIDE\workspace_1.13.1\MPU6050_01\Core\Src\stm32f4xx_it.c_save
2023-09-21 15:19:06,504 [INFO] CodeEngine:279 - Generated code: C:\Users\singh\STM32CubeIDE\workspace_1.13.1\MPU6050_01\Core\Src\stm32f4xx_it.c
2023-09-21 15:19:06,522 [INFO] CodeEngine:255 - oldGeneratedFile, C:\Users\singh\STM32CubeIDE\workspace_1.13.1\MPU6050_01\Core\Inc\stm32f4xx_it.h_save
2023-09-21 15:19:06,619 [INFO] CodeEngine:279 - Generated code: C:\Users\singh\STM32CubeIDE\workspace_1.13.1\MPU6050_01\Core\Inc\stm32f4xx_it.h
2023-09-21 15:19:06,652 [INFO] CodeEngine:255 - oldGeneratedFile, C:\Users\singh\STM32CubeIDE\workspace_1.13.1\MPU6050_01\Core\Src\stm32f4xx_hal_msp.c_save
2023-09-21 15:19:06,828 [INFO] CodeEngine:279 - Generated code: C:\Users\singh\STM32CubeIDE\workspace_1.13.1\MPU6050_01\Core\Src\stm32f4xx_hal_msp.c
2023-09-21 15:19:06,839 [INFO] CodeEngine:255 - oldGeneratedFile, C:\Users\singh\STM32CubeIDE\workspace_1.13.1\MPU6050_01\MXTmpFiles\system.tmp_save
2023-09-21 15:19:06,921 [INFO] CodeEngine:279 - Generated code: C:\Users\singh\STM32CubeIDE\workspace_1.13.1\MPU6050_01\MXTmpFiles\system.tmp
2023-09-21 15:19:06,954 [INFO] CodeEngine:311 - oldGeneratedFile, C:\Users\singh\STM32CubeIDE\workspace_1.13.1\MPU6050_01\Core\Inc\stm32f4xx_hal_conf.h_save
2023-09-21 15:19:07,080 [INFO] CodeEngine:335 - Generated code: C:\Users\singh\STM32CubeIDE\workspace_1.13.1\MPU6050_01\Core\Inc\stm32f4xx_hal_conf.h
2023-09-21 15:19:07,118 [WARN] IPConfigManager:2937 - Warning: the RefConfig PLL2P_FOR_MCO is not available in your config.xml file
2023-09-21 15:19:07,124 [WARN] IPConfigManager:3431 - IP not found : TIM
2023-09-21 15:19:07,126 [WARN] CodeGenerator:3764 - IP not found : null
2023-09-21 15:19:07,163 [INFO] CodeEngine:255 - oldGeneratedFile, C:\Users\singh\STM32CubeIDE\workspace_1.13.1\MPU6050_01\Core\Inc\main.h_save
2023-09-21 15:19:07,287 [INFO] CodeEngine:279 - Generated code: C:\Users\singh\STM32CubeIDE\workspace_1.13.1\MPU6050_01\Core\Inc\main.h
2023-09-21 15:19:07,315 [INFO] CodeEngine:255 - oldGeneratedFile, C:\Users\singh\STM32CubeIDE\workspace_1.13.1\MPU6050_01\Core\Src\main.c_save
2023-09-21 15:19:07,462 [INFO] CodeEngine:279 - Generated code: C:\Users\singh\STM32CubeIDE\workspace_1.13.1\MPU6050_01\Core\Src\main.c
2023-09-21 15:19:08,210 [INFO] ProjectBuilder:3064 - Time for Copy HAL[1] : 326mS.
2023-09-21 15:19:08,215 [INFO] ProjectBuilder:4404 - Project Generator version: 4.1.0
2023-09-21 15:19:08,399 [INFO] ConfigFileManager:1457 - The Die is : DIE421
2023-09-21 15:19:09,688 [INFO] ProjectBuilder:4626 - Time for Generating toolchain IDE Files: 1473mS.
2023-09-21 15:19:09,689 [INFO] ProjectBuilder:2935 - Time for Copy CMSIS : 0mS.
2023-09-21 15:19:09,694 [INFO] ProjectBuilder:2935 - Time for Copy CMSIS : 0mS.
