2023-09-26 12:36:24,411 [INFO] Activator:176 - 


2023-09-26 12:36:24,423 [INFO] Activator:177 - !SESSION log4j initialized
2023-09-26 12:36:34,140 [INFO] LogOutputStream:77 - [STDOUT_REDIRECT] 
2023-09-26 12:36:55,046 [INFO] ApplicationProperties:184 - Using Application install path: C:\ST\STM32CubeIDE_1.13.1\STM32CubeIDE\plugins\com.st.stm32cube.common.mx_6.9.2.202309101412
2023-09-26 12:36:55,076 [INFO] DbMcusXml:78 - Set database path to: C:\ST\STM32CubeIDE_1.13.1\STM32CubeIDE\plugins\com.st.stm32cube.common.mx_6.9.2.202309101412\\db\/mcu/
2023-09-26 12:36:55,076 [INFO] ApiDb:274 - Set plugin database path to: C:\ST\STM32CubeIDE_1.13.1\STM32CubeIDE\plugins\com.st.stm32cube.common.mx_6.9.2.202309101412\\db\/plugins/boardmanager/
2023-09-26 12:36:55,083 [WARN] ApiDb:259 - Overriding images path with different value:  => C:\ST\STM32CubeIDE_1.13.1\STM32CubeIDE\plugins\com.st.stm32cube.common.mx_6.9.2.202309101412\\db\/plugins/mcufinder/images/
2023-09-26 12:36:55,101 [INFO] ApiDb:250 - Set database path to: C:\Users\singh\.stmcufinder\plugins\mcufinder//mcu/
2023-09-26 12:36:55,103 [INFO] DbMcusAds:125 - Set database path to: C:\Users\singh\.stmcufinder\plugins\mcufinder//mcu/
2023-09-26 12:36:55,133 [INFO] CrossReferenceDbSqlite:203 - Set database path to: C:\Users\singh\.stmcufinder\plugins\mcufinder//mcu/cs/
2023-09-26 12:36:55,323 [INFO] RulesReader:64 - Compatibility file has been processed (293 Rules)
2023-09-26 12:36:55,517 [INFO] DbMcusXml:78 - Set database path to: C:\ST\STM32CubeIDE_1.13.1\STM32CubeIDE\plugins\com.st.stm32cube.common.mx_6.9.2.202309101412\\db\/mcu/
2023-09-26 12:36:55,517 [INFO] ApiDb:274 - Set plugin database path to: C:\ST\STM32CubeIDE_1.13.1\STM32CubeIDE\plugins\com.st.stm32cube.common.mx_6.9.2.202309101412\\db\/plugins/boardmanager/
2023-09-26 12:36:55,517 [INFO] ApiDb:261 - Set plugin images path to: C:\ST\STM32CubeIDE_1.13.1\STM32CubeIDE\plugins\com.st.stm32cube.common.mx_6.9.2.202309101412\\db\/plugins/mcufinder/images/
2023-09-26 12:36:55,518 [WARN] DbFile:41 - Overriding database path with different value: C:\Users\singh\.stmcufinder\plugins\mcufinder/ => C:\Users\singh\.stmcufinder\plugins\mcufinder
2023-09-26 12:36:55,518 [INFO] ApiDb:250 - Set database path to: C:\Users\singh\.stmcufinder\plugins\mcufinder//mcu/
2023-09-26 12:36:55,518 [WARN] DbFile:41 - Overriding database path with different value: C:\Users\singh\.stmcufinder\plugins\mcufinder/ => C:\Users\singh\.stmcufinder\plugins\mcufinder
2023-09-26 12:36:55,519 [INFO] DbMcusAds:125 - Set database path to: C:\Users\singh\.stmcufinder\plugins\mcufinder//mcu/
2023-09-26 12:36:55,519 [WARN] DbFile:41 - Overriding database path with different value: C:\Users\singh\.stmcufinder\plugins\mcufinder/ => C:\Users\singh\.stmcufinder\plugins\mcufinder
2023-09-26 12:36:55,519 [WARN] DbFile:41 - Overriding database path with different value: C:\Users\singh\.stmcufinder\plugins\mcufinder/ => C:\Users\singh\.stmcufinder\plugins\mcufinder
2023-09-26 12:36:55,519 [INFO] CrossReferenceDbSqlite:203 - Set database path to: C:\Users\singh\.stmcufinder\plugins\mcufinder//mcu/cs/
2023-09-26 12:36:55,674 [INFO] MainPanel:262 - HeapMemory: 268435456
2023-09-26 12:36:55,815 [INFO] DbMcusXml:78 - Set database path to: C:\ST\STM32CubeIDE_1.13.1\STM32CubeIDE\plugins\com.st.stm32cube.common.mx_6.9.2.202309101412\\db\/mcu/
2023-09-26 12:36:55,815 [INFO] ApiDb:274 - Set plugin database path to: C:\ST\STM32CubeIDE_1.13.1\STM32CubeIDE\plugins\com.st.stm32cube.common.mx_6.9.2.202309101412\\db\/plugins/boardmanager/
2023-09-26 12:36:55,816 [INFO] ApiDb:261 - Set plugin images path to: C:\ST\STM32CubeIDE_1.13.1\STM32CubeIDE\plugins\com.st.stm32cube.common.mx_6.9.2.202309101412\\db\/plugins/mcufinder/images/
2023-09-26 12:36:55,816 [WARN] DbFile:41 - Overriding database path with different value: C:\Users\singh\.stmcufinder\plugins\mcufinder/ => C:\Users\singh\.stmcufinder\plugins\mcufinder
2023-09-26 12:36:55,816 [INFO] ApiDb:250 - Set database path to: C:\Users\singh\.stmcufinder\plugins\mcufinder//mcu/
2023-09-26 12:36:55,816 [WARN] DbFile:41 - Overriding database path with different value: C:\Users\singh\.stmcufinder\plugins\mcufinder/ => C:\Users\singh\.stmcufinder\plugins\mcufinder
2023-09-26 12:36:55,817 [INFO] DbMcusAds:125 - Set database path to: C:\Users\singh\.stmcufinder\plugins\mcufinder//mcu/
2023-09-26 12:36:55,817 [WARN] DbFile:41 - Overriding database path with different value: C:\Users\singh\.stmcufinder\plugins\mcufinder/ => C:\Users\singh\.stmcufinder\plugins\mcufinder
2023-09-26 12:36:55,817 [WARN] DbFile:41 - Overriding database path with different value: C:\Users\singh\.stmcufinder\plugins\mcufinder/ => C:\Users\singh\.stmcufinder\plugins\mcufinder
2023-09-26 12:36:55,817 [INFO] CrossReferenceDbSqlite:203 - Set database path to: C:\Users\singh\.stmcufinder\plugins\mcufinder//mcu/cs/
2023-09-26 12:36:55,861 [INFO] ApplicationProperties:184 - Using Application install path: C:\ST\STM32CubeIDE_1.13.1\STM32CubeIDE\plugins\com.st.stm32cube.common.mx_6.9.2.202309101412
2023-09-26 12:36:55,863 [INFO] PluginManage:196 - Search for loadable plugins [exclusion list=, ]
2023-09-26 12:36:55,867 [INFO] PluginManage:310 - Check plugin analytics
2023-09-26 12:36:56,170 [INFO] AnalyticsPlugin:253 - Accepted Software Licenses: STM32CubeMX.6.9.1
2023-09-26 12:36:56,171 [INFO] AnalyticsPlugin:255 - Accepted CMSIS Pack Licenses: 
2023-09-26 12:36:56,171 [INFO] AnalyticsPlugin:257 - Accepted Firmware Licenses: FW.F4.1.27.0,FW.G4.1.5.0
2023-09-26 12:36:56,175 [INFO] PluginManage:359 - Loaded plugin analytics (category:tool,tabindex:-1)
2023-09-26 12:36:56,178 [INFO] PluginManage:310 - Check plugin cadmodel
2023-09-26 12:36:56,186 [INFO] CADModel:105 - Init CAD model plugin
2023-09-26 12:36:56,187 [INFO] PluginManage:359 - Loaded plugin cadmodel (category:power,tabindex:5)
2023-09-26 12:36:56,187 [INFO] PluginManage:310 - Check plugin clock
2023-09-26 12:36:56,203 [INFO] PluginManage:359 - Loaded plugin clock (category:base,tabindex:2)
2023-09-26 12:36:56,203 [INFO] PluginManage:310 - Check plugin ddr
2023-09-26 12:36:56,208 [INFO] PluginManage:359 - Loaded plugin ddr (category:tool,tabindex:6)
2023-09-26 12:36:56,208 [INFO] PluginManage:310 - Check plugin filemanager
2023-09-26 12:36:56,435 [INFO] PluginManage:359 - Loaded plugin filemanager (category:base,tabindex:10)
2023-09-26 12:36:56,436 [INFO] PluginManage:310 - Check plugin ipmanager
2023-09-26 12:36:56,452 [INFO] PluginManage:359 - Loaded plugin ipmanager (category:base,tabindex:5)
2023-09-26 12:36:56,453 [INFO] PluginManage:310 - Check plugin lpbam
2023-09-26 12:36:56,468 [INFO] PluginManage:359 - Loaded plugin lpbam (category:base,tabindex:0)
2023-09-26 12:36:56,468 [INFO] PluginManage:310 - Check plugin memorymap
2023-09-26 12:36:56,488 [INFO] PluginManage:359 - Loaded plugin memorymap (category:base,tabindex:4)
2023-09-26 12:36:56,488 [INFO] PluginManage:310 - Check plugin pinoutandconfiguration
2023-09-26 12:36:56,500 [INFO] PluginManage:359 - Loaded plugin pinoutandconfiguration (category:base,tabindex:1)
2023-09-26 12:36:56,500 [INFO] PluginManage:310 - Check plugin pinoutconfig
2023-09-26 12:36:56,668 [WARN] SupportedApi:132 - Cannot load RTOS API schema: s4s-elt-must-match.1: The content of 'definitions' must match (annotation?, (simpleType | complexType)?, (unique | key | keyref)*)). A problem was found starting at: attribute.
2023-09-26 12:36:56,910 [INFO] PluginManage:359 - Loaded plugin pinoutconfig (category:base,tabindex:0)
2023-09-26 12:36:56,910 [INFO] PluginManage:310 - Check plugin power
2023-09-26 12:36:56,925 [INFO] PluginManage:359 - Loaded plugin power (category:power,tabindex:4)
2023-09-26 12:36:56,925 [INFO] PluginManage:310 - Check plugin projectmanager
2023-09-26 12:36:56,952 [INFO] PluginManage:359 - Loaded plugin projectmanager (category:projectmanager,tabindex:3)
2023-09-26 12:36:56,953 [INFO] PluginManage:310 - Check plugin thirdparty
2023-09-26 12:36:57,174 [WARN] IntegrityCheckThread:84 - waiting for thirdparty lock release [integrity check]
2023-09-26 12:36:57,175 [INFO] IntegrityCheckThread:86 - entering critical section [integrity check]
2023-09-26 12:36:57,175 [INFO] PluginManage:359 - Loaded plugin thirdparty (category:base,tabindex:-1)
2023-09-26 12:36:57,175 [INFO] PluginManage:310 - Check plugin tools
2023-09-26 12:36:57,176 [INFO] ThirdPartyUpdaterWithRetryManager:70 - Updater plugin not ready yet. [1/15]
2023-09-26 12:36:57,182 [INFO] PluginManage:359 - Loaded plugin tools (category:base,tabindex:7)
2023-09-26 12:36:57,182 [INFO] PluginManage:310 - Check plugin tutovideos
2023-09-26 12:36:57,523 [INFO] PluginManage:359 - Loaded plugin tutovideos (category:base,tabindex:-1)
2023-09-26 12:36:57,524 [INFO] PluginManage:310 - Check plugin updater
2023-09-26 12:36:57,540 [INFO] PluginManage:359 - Loaded plugin updater (category:base,tabindex:12)
2023-09-26 12:36:57,540 [INFO] PluginManage:310 - Check plugin userauth
2023-09-26 12:36:57,548 [INFO] UserAuth:113 - Init User Auth plugin
2023-09-26 12:36:57,548 [INFO] PluginManage:359 - Loaded plugin userauth (category:base,tabindex:14)
2023-09-26 12:36:57,549 [INFO] PluginManage:283 - PluginManage : Loaded plugins [17]
2023-09-26 12:36:57,939 [INFO] PinOutPanel:1499 - setPackage(No Configuration,No Configuration)
2023-09-26 12:36:58,145 [INFO] CADModel:165 - CPN selected for project level
2023-09-26 12:36:58,145 [INFO] CADModel:114 - Register for checkConnection events
2023-09-26 12:36:58,169 [INFO] IPUIPlugin:80 - create IPUIPlugin
2023-09-26 12:36:58,169 [INFO] PluginManager:220 - loadIPPluginJar : add adc
2023-09-26 12:36:58,173 [INFO] IPUIPlugin:80 - create IPUIPlugin
2023-09-26 12:36:58,173 [INFO] PluginManager:220 - loadIPPluginJar : add aes
2023-09-26 12:36:58,177 [INFO] IPUIPlugin:80 - create IPUIPlugin
2023-09-26 12:36:58,177 [INFO] PluginManager:220 - loadIPPluginJar : add can
2023-09-26 12:36:58,179 [INFO] IPUIPlugin:80 - create IPUIPlugin
2023-09-26 12:36:58,180 [INFO] PluginManager:220 - loadIPPluginJar : add comp
2023-09-26 12:36:58,184 [INFO] IPUIPlugin:80 - create IPUIPlugin
2023-09-26 12:36:58,184 [INFO] PluginManager:220 - loadIPPluginJar : add cryp
2023-09-26 12:36:58,188 [INFO] IPUIPlugin:80 - create IPUIPlugin
2023-09-26 12:36:58,188 [INFO] PluginManager:220 - loadIPPluginJar : add dfsdm
2023-09-26 12:36:58,197 [INFO] IPUIPlugin:80 - create IPUIPlugin
2023-09-26 12:36:58,198 [INFO] PluginManager:220 - loadIPPluginJar : add dma
2023-09-26 12:36:58,202 [INFO] IPUIPlugin:80 - create IPUIPlugin
2023-09-26 12:36:58,202 [INFO] PluginManager:220 - loadIPPluginJar : add dma3
2023-09-26 12:36:58,205 [INFO] IPUIPlugin:80 - create IPUIPlugin
2023-09-26 12:36:58,205 [INFO] PluginManager:220 - loadIPPluginJar : add fatfs
2023-09-26 12:36:58,210 [INFO] IPUIPlugin:80 - create IPUIPlugin
2023-09-26 12:36:58,211 [INFO] PluginManager:220 - loadIPPluginJar : add fmc
2023-09-26 12:36:58,217 [INFO] IPUIPlugin:80 - create IPUIPlugin
2023-09-26 12:36:58,218 [INFO] PluginManager:220 - loadIPPluginJar : add freertos
2023-09-26 12:36:58,220 [INFO] IPUIPlugin:80 - create IPUIPlugin
2023-09-26 12:36:58,220 [INFO] PluginManager:220 - loadIPPluginJar : add genericplugin
2023-09-26 12:36:58,223 [INFO] IPUIPlugin:80 - create IPUIPlugin
2023-09-26 12:36:58,224 [INFO] PluginManager:220 - loadIPPluginJar : add gfxmmu
2023-09-26 12:36:58,230 [INFO] IPUIPlugin:80 - create IPUIPlugin
2023-09-26 12:36:58,231 [INFO] PluginManager:220 - loadIPPluginJar : add gic
2023-09-26 12:36:58,235 [INFO] IPUIPlugin:80 - create IPUIPlugin
2023-09-26 12:36:58,235 [INFO] PluginManager:220 - loadIPPluginJar : add gpio
2023-09-26 12:36:58,240 [INFO] IPUIPlugin:80 - create IPUIPlugin
2023-09-26 12:36:58,241 [INFO] PluginManager:220 - loadIPPluginJar : add gtzc
2023-09-26 12:36:58,244 [INFO] IPUIPlugin:80 - create IPUIPlugin
2023-09-26 12:36:58,244 [INFO] PluginManager:220 - loadIPPluginJar : add hash
2023-09-26 12:36:58,249 [INFO] IPUIPlugin:80 - create IPUIPlugin
2023-09-26 12:36:58,249 [INFO] PluginManager:220 - loadIPPluginJar : add i2c
2023-09-26 12:36:58,253 [INFO] IPUIPlugin:80 - create IPUIPlugin
2023-09-26 12:36:58,253 [INFO] PluginManager:220 - loadIPPluginJar : add i2s
2023-09-26 12:36:58,258 [INFO] IPUIPlugin:80 - create IPUIPlugin
2023-09-26 12:36:58,258 [INFO] PluginManager:220 - loadIPPluginJar : add i3c
2023-09-26 12:36:58,263 [INFO] IPUIPlugin:80 - create IPUIPlugin
2023-09-26 12:36:58,263 [INFO] PluginManager:220 - loadIPPluginJar : add ipddr
2023-09-26 12:36:58,273 [INFO] IPUIPlugin:80 - create IPUIPlugin
2023-09-26 12:36:58,273 [INFO] PluginManager:220 - loadIPPluginJar : add linkedlist
2023-09-26 12:36:58,278 [INFO] IPUIPlugin:80 - create IPUIPlugin
2023-09-26 12:36:58,279 [INFO] PluginManager:220 - loadIPPluginJar : add lorawan
2023-09-26 12:36:58,281 [INFO] IPUIPlugin:80 - create IPUIPlugin
2023-09-26 12:36:58,282 [INFO] PluginManager:220 - loadIPPluginJar : add ltdc
2023-09-26 12:36:58,293 [INFO] IPUIPlugin:80 - create IPUIPlugin
2023-09-26 12:36:58,294 [INFO] PluginManager:220 - loadIPPluginJar : add mdma
2023-09-26 12:36:58,300 [INFO] IPUIPlugin:80 - create IPUIPlugin
2023-09-26 12:36:58,301 [INFO] PluginManager:220 - loadIPPluginJar : add nvic
2023-09-26 12:36:58,307 [INFO] IPUIPlugin:80 - create IPUIPlugin
2023-09-26 12:36:58,308 [INFO] PluginManager:220 - loadIPPluginJar : add opamp
2023-09-26 12:36:58,314 [INFO] IPUIPlugin:80 - create IPUIPlugin
2023-09-26 12:36:58,314 [INFO] PluginManager:220 - loadIPPluginJar : add openamp
2023-09-26 12:36:58,319 [INFO] IPUIPlugin:80 - create IPUIPlugin
2023-09-26 12:36:58,319 [INFO] PluginManager:220 - loadIPPluginJar : add pdm2pcm
2023-09-26 12:36:58,330 [INFO] IPUIPlugin:80 - create IPUIPlugin
2023-09-26 12:36:58,335 [INFO] PluginManager:220 - loadIPPluginJar : add plateformsettings
2023-09-26 12:36:58,339 [INFO] IPUIPlugin:80 - create IPUIPlugin
2023-09-26 12:36:58,339 [INFO] PluginManager:220 - loadIPPluginJar : add quadspi
2023-09-26 12:36:58,343 [INFO] IPUIPlugin:80 - create IPUIPlugin
2023-09-26 12:36:58,343 [INFO] PluginManager:220 - loadIPPluginJar : add resmgrutility
2023-09-26 12:36:58,349 [INFO] IPUIPlugin:80 - create IPUIPlugin
2023-09-26 12:36:58,349 [INFO] PluginManager:220 - loadIPPluginJar : add sai
2023-09-26 12:36:58,353 [INFO] IPUIPlugin:80 - create IPUIPlugin
2023-09-26 12:36:58,353 [INFO] PluginManager:220 - loadIPPluginJar : add spi
2023-09-26 12:36:58,362 [INFO] IPUIPlugin:80 - create IPUIPlugin
2023-09-26 12:36:58,362 [INFO] PluginManager:220 - loadIPPluginJar : add stm32_wpan
2023-09-26 12:36:58,365 [INFO] IPUIPlugin:80 - create IPUIPlugin
2023-09-26 12:36:58,366 [INFO] PluginManager:220 - loadIPPluginJar : add tim
2023-09-26 12:36:58,371 [INFO] IPUIPlugin:80 - create IPUIPlugin
2023-09-26 12:36:58,371 [INFO] PluginManager:220 - loadIPPluginJar : add touchsensing
2023-09-26 12:36:58,375 [INFO] IPUIPlugin:80 - create IPUIPlugin
2023-09-26 12:36:58,377 [INFO] PluginManager:220 - loadIPPluginJar : add tracer_emb
2023-09-26 12:36:58,380 [INFO] IPUIPlugin:80 - create IPUIPlugin
2023-09-26 12:36:58,380 [INFO] PluginManager:220 - loadIPPluginJar : add ts
2023-09-26 12:36:58,383 [INFO] IPUIPlugin:80 - create IPUIPlugin
2023-09-26 12:36:58,383 [INFO] PluginManager:220 - loadIPPluginJar : add tsc
2023-09-26 12:36:58,386 [INFO] IPUIPlugin:80 - create IPUIPlugin
2023-09-26 12:36:58,387 [INFO] PluginManager:220 - loadIPPluginJar : add ucpd
2023-09-26 12:36:58,391 [INFO] IPUIPlugin:80 - create IPUIPlugin
2023-09-26 12:36:58,391 [INFO] PluginManager:220 - loadIPPluginJar : add usart
2023-09-26 12:36:58,396 [INFO] IPUIPlugin:80 - create IPUIPlugin
2023-09-26 12:36:58,396 [INFO] PluginManager:220 - loadIPPluginJar : add usbx
2023-09-26 12:36:58,580 [INFO] CADModel:165 - CPN selected for project level
2023-09-26 12:36:58,580 [INFO] CADModel:114 - Register for checkConnection events
2023-09-26 12:36:58,580 [FATAL] Updater:308 - Updater called before beeing initialized
2023-09-26 12:36:58,580 [ERROR] CADModel:125 - Updater not yet initialized, retry later 
2023-09-26 12:36:58,856 [INFO] CADModel:165 - CPN selected for project level
2023-09-26 12:36:58,856 [INFO] CADModel:114 - Register for checkConnection events
2023-09-26 12:36:58,856 [FATAL] Updater:308 - Updater called before beeing initialized
2023-09-26 12:36:58,856 [ERROR] CADModel:125 - Updater not yet initialized, retry later 
2023-09-26 12:36:58,862 [FATAL] Updater:308 - Updater called before beeing initialized
2023-09-26 12:36:59,101 [FATAL] Updater:308 - Updater called before beeing initialized
2023-09-26 12:36:59,111 [INFO] DbMcusAds:53 - JSON generation date=Tue Mar 07 03:50:55 EST 2023 (1678179055114)
2023-09-26 12:36:59,111 [FATAL] Updater:308 - Updater called before beeing initialized
2023-09-26 12:36:59,177 [WARN] DetailPanel:346 - Failed to get advertising image, set to default
2023-09-26 12:36:59,452 [FATAL] Updater:308 - Updater called before beeing initialized
2023-09-26 12:36:59,455 [FATAL] Updater:308 - Updater called before beeing initialized
2023-09-26 12:36:59,455 [FATAL] Updater:308 - Updater called before beeing initialized
2023-09-26 12:36:59,457 [WARN] DetailPanel:346 - Failed to get advertising image, set to default
2023-09-26 12:36:59,458 [FATAL] Updater:308 - Updater called before beeing initialized
2023-09-26 12:36:59,554 [ERROR] Updater:1120 - MainUpdater not yet initialized. External WinMGr cannot be set.
2023-09-26 12:36:59,557 [INFO] Updater:1056 - Updater Version found : 6.9.2
2023-09-26 12:36:59,585 [INFO] ApplicationProperties:184 - Using Application install path: C:\ST\STM32CubeIDE_1.13.1\STM32CubeIDE\plugins\com.st.stm32cube.common.mx_6.9.2.202309101412
2023-09-26 12:37:00,177 [INFO] ThirdPartyUpdaterWithRetryManager:70 - Updater plugin not ready yet. [2/15]
2023-09-26 12:37:01,267 [INFO] MainUpdater:2868 - connection check result : 10
2023-09-26 12:37:01,269 [INFO] MainUpdater:285 - Updater Check For Update Now.
2023-09-26 12:37:01,269 [INFO] MicroXplorer:498 - Change Database Version : DB.6.0.92
2023-09-26 12:37:01,285 [INFO] McuFinderGlobals:63 - Set McuFinder mode to 2 (CubeIDE integrated)
2023-09-26 12:37:01,589 [INFO] CheckServerUpdateThread:120 - End of CheckServer Thread
2023-09-26 12:37:03,619 [WARN] PackLoader:240 - Cannot read IP mode file for STMicroelectronics.X-CUBE-SMBUS.2.1.0
2023-09-26 12:37:03,710 [WARN] PackLoader:240 - Cannot read IP mode file for STMicroelectronics.X-CUBE-AZRTOS-F7.1.1.0
2023-09-26 12:37:03,744 [WARN] PackLoader:240 - Cannot read IP mode file for STMicroelectronics.FP-SNS-MOTENV1.4.3.2
2023-09-26 12:37:03,763 [WARN] PackLoader:240 - Cannot read IP mode file for STMicroelectronics.FP-SNS-FLIGHT1.5.0.2
2023-09-26 12:37:03,783 [WARN] PackLoader:240 - Cannot read IP mode file for STMicroelectronics.X-CUBE-DISPLAY.3.0.0
2023-09-26 12:37:03,819 [WARN] PackLoader:240 - Cannot read IP mode file for STMicroelectronics.X-CUBE-BLE1.7.0.0
2023-09-26 12:37:03,833 [WARN] PackLoader:240 - Cannot read IP mode file for emotas.I-CUBE-CANOPEN.1.3.0
2023-09-26 12:37:03,847 [WARN] PackLoader:240 - Cannot read IP mode file for STMicroelectronics.X-CUBE-TOUCHGFX.4.22.0
2023-09-26 12:37:03,858 [WARN] PackLoader:240 - Cannot read IP mode file for STMicroelectronics.FP-SNS-SMARTAG2.1.2.0
2023-09-26 12:37:03,890 [INFO] LogOutputStream:77 - [STDOUT_REDIRECT] 1 : Invalid condition id : UX_CORESTACK_Condition cause : null
2023-09-26 12:37:03,892 [INFO] LogOutputStream:77 - [STDOUT_REDIRECT] 1 : Invalid condition id : UX_CORESTACK_Condition cause : null
2023-09-26 12:37:03,895 [INFO] LogOutputStream:77 - [STDOUT_REDIRECT] 1 : Invalid condition id : UX_CORESTACK_Condition cause : null
2023-09-26 12:37:03,898 [INFO] LogOutputStream:77 - [STDOUT_REDIRECT] 1 : Invalid condition id : UX_CORESTACK_Condition cause : null
2023-09-26 12:37:03,901 [INFO] LogOutputStream:77 - [STDOUT_REDIRECT] 1 : Invalid condition id : UX_CORESTACK_Condition cause : null
2023-09-26 12:37:03,907 [WARN] PackLoader:240 - Cannot read IP mode file for STMicroelectronics.X-CUBE-AZRTOS-WL.2.0.0
2023-09-26 12:37:03,933 [WARN] PackLoader:240 - Cannot read IP mode file for WES.I-CUBE-Cesium.1.3.0
2023-09-26 12:37:03,943 [WARN] PackLoader:240 - Cannot read IP mode file for STMicroelectronics.X-CUBE-BLE2.3.3.0
2023-09-26 12:37:03,958 [WARN] PackLoader:240 - Cannot read IP mode file for STMicroelectronics.X-CUBE-ALGOBUILD.1.3.0
2023-09-26 12:37:03,989 [WARN] PackLoader:240 - Cannot read IP mode file for STMicroelectronics.X-CUBE-AZRTOS-G0.1.1.0
2023-09-26 12:37:04,010 [WARN] PackLoader:240 - Cannot read IP mode file for STMicroelectronics.X-CUBE-NFC4.3.0.0
2023-09-26 12:37:04,024 [WARN] PackLoader:240 - Cannot read IP mode file for STMicroelectronics.FP-ATR-SIGFOX1.3.2.0
2023-09-26 12:37:04,085 [WARN] PackLoader:240 - Cannot read IP mode file for SEGGER.I-CUBE-embOS.1.3.1
2023-09-26 12:37:04,186 [WARN] PackLoader:240 - Cannot read IP mode file for STMicroelectronics.X-CUBE-GNSS1.6.0.0
2023-09-26 12:37:04,223 [WARN] PackLoader:240 - Cannot read IP mode file for STMicroelectronics.X-CUBE-AZRTOS-F4.1.1.0
2023-09-26 12:37:04,247 [WARN] PackLoader:240 - Cannot read IP mode file for wolfSSL.I-CUBE-wolfSSL.5.6.3
2023-09-26 12:37:04,285 [WARN] PackLoader:240 - Cannot read IP mode file for STMicroelectronics.X-CUBE-AZRTOS-L5.2.0.0
2023-09-26 12:37:04,360 [WARN] PackLoader:240 - Cannot read IP mode file for STMicroelectronics.X-CUBE-MEMS1.9.6.0
2023-09-26 12:37:04,628 [WARN] PackLoader:240 - Cannot read IP mode file for STMicroelectronics.X-CUBE-BLEMGR.2.0.0
2023-09-26 12:37:04,655 [WARN] ConditionMgr:438 - getConditionDescription Invalid condition id : UX DEVICE CLASS RTOS Condition cause : null
2023-09-26 12:37:04,656 [WARN] ConditionMgr:438 - getConditionDescription Invalid condition id : UX DEVICE CLASS RTOS Condition cause : null
2023-09-26 12:37:04,660 [WARN] PackLoader:240 - Cannot read IP mode file for STMicroelectronics.X-CUBE-AZRTOS-H7.3.1.0
2023-09-26 12:37:04,662 [WARN] ConditionMgr:1039 - genDependencies : Invalid condition id : UX DEVICE CLASS RTOS Condition cause : null
2023-09-26 12:37:04,663 [WARN] ConditionMgr:1039 - genDependencies : Invalid condition id : UX DEVICE CLASS RTOS Condition cause : null
2023-09-26 12:37:04,664 [WARN] ConditionMgr:1039 - genDependencies : Invalid condition id : UX DEVICE CLASS RTOS Condition cause : null
2023-09-26 12:37:04,664 [WARN] ConditionMgr:1039 - genDependencies : Invalid condition id : UX DEVICE CLASS RTOS Condition cause : null
2023-09-26 12:37:04,665 [WARN] ConditionMgr:1039 - genDependencies : Invalid condition id : UX DEVICE CLASS RTOS Condition cause : null
2023-09-26 12:37:04,677 [WARN] PackLoader:240 - Cannot read IP mode file for STMicroelectronics.X-CUBE-NFC7.1.0.1
2023-09-26 12:37:04,714 [WARN] PackLoader:240 - Cannot read IP mode file for STMicroelectronics.X-CUBE-NFC6.3.0.0
2023-09-26 12:37:04,738 [WARN] PackLoader:240 - Cannot read IP mode file for STMicroelectronics.X-CUBE-EEPRMA1.4.1.0
2023-09-26 12:37:04,757 [WARN] PackLoader:240 - Cannot read IP mode file for STMicroelectronics.X-CUBE-AI.8.1.0
2023-09-26 12:37:04,825 [WARN] ConditionMgr:438 - getConditionDescription Invalid condition id : LAN8742 Phy interface Condition cause : null
2023-09-26 12:37:04,827 [WARN] PackLoader:240 - Cannot read IP mode file for STMicroelectronics.X-CUBE-AZRTOS-L4.2.0.0
2023-09-26 12:37:04,835 [WARN] ConditionMgr:1039 - genDependencies : Invalid condition id : LAN8742 Phy interface Condition cause : null
2023-09-26 12:37:04,836 [WARN] ConditionMgr:1039 - genDependencies : Invalid condition id : LAN8742 Phy interface Condition cause : null
2023-09-26 12:37:04,839 [WARN] ConditionMgr:1039 - genDependencies : Invalid condition id : LAN8742 Phy interface Condition cause : null
2023-09-26 12:37:04,863 [WARN] PackLoader:240 - Cannot read IP mode file for STMicroelectronics.X-CUBE-SFXS2LP1.4.0.0
2023-09-26 12:37:04,873 [WARN] PackLoader:240 - Cannot read IP mode file for STMicroelectronics.X-CUBE-ISPU.1.1.0
2023-09-26 12:37:04,907 [WARN] ConditionMgr:438 - getConditionDescription Invalid condition id : UX DEVICE CLASS RTOS Condition cause : null
2023-09-26 12:37:04,908 [WARN] ConditionMgr:438 - getConditionDescription Invalid condition id : UX DEVICE CLASS RTOS Condition cause : null
2023-09-26 12:37:04,915 [WARN] PackLoader:240 - Cannot read IP mode file for STMicroelectronics.X-CUBE-AZRTOS-WB.2.0.0
2023-09-26 12:37:04,919 [WARN] ConditionMgr:1039 - genDependencies : Invalid condition id : UX DEVICE CLASS RTOS Condition cause : null
2023-09-26 12:37:04,920 [WARN] ConditionMgr:1039 - genDependencies : Invalid condition id : UX DEVICE CLASS RTOS Condition cause : null
2023-09-26 12:37:04,922 [WARN] ConditionMgr:1039 - genDependencies : Invalid condition id : UX DEVICE CLASS RTOS Condition cause : null
2023-09-26 12:37:04,924 [WARN] ConditionMgr:1039 - genDependencies : Invalid condition id : UX DEVICE CLASS RTOS Condition cause : null
2023-09-26 12:37:04,924 [WARN] ConditionMgr:1039 - genDependencies : Invalid condition id : UX DEVICE CLASS RTOS Condition cause : null
2023-09-26 12:37:04,974 [WARN] PackLoader:240 - Cannot read IP mode file for STMicroelectronics.X-CUBE-SUBG2.5.0.0
2023-09-26 12:37:04,997 [WARN] PackLoader:240 - Cannot read IP mode file for STMicroelectronics.X-CUBE-TOF1.3.3.1
2023-09-26 12:37:05,061 [WARN] PackLoader:240 - Cannot read IP mode file for STMicroelectronics.X-CUBE-AZRTOS-G4.2.0.0
2023-09-26 12:37:05,076 [WARN] PackLoader:240 - Cannot read IP mode file for STMicroelectronics.X-CUBE-FREERTOS.1.1.0
2023-09-26 12:37:05,097 [WARN] PackLoader:240 - Cannot read IP mode file for portGmbH.I-Cube-SoM-uGOAL.1.1.0
2023-09-26 12:37:05,273 [WARN] PackLoader:240 - Cannot read IP mode file for STMicroelectronics.X-CUBE-ALS.1.0.1
2023-09-26 12:37:05,284 [WARN] PackLoader:240 - Cannot read IP mode file for STMicroelectronics.FP-ATR-ASTRA1.2.0.0
2023-09-26 12:37:05,287 [INFO] ThirdParty:978 - Integrity check success = true
2023-09-26 12:37:05,287 [INFO] IntegrityCheckThread:100 - exiting critical section [integrity check]
2023-09-26 12:37:05,287 [INFO] IntegrityCheckThread:103 - End integrity checks thread
2023-09-26 12:37:15,160 [ERROR] LogOutputStream:75 - [STDERR_REDIRECT] SLF4J: Failed to load class "org.slf4j.impl.StaticLoggerBinder".
2023-09-26 12:37:15,161 [ERROR] LogOutputStream:75 - [STDERR_REDIRECT] SLF4J: Defaulting to no-operation (NOP) logger implementation
2023-09-26 12:37:15,164 [ERROR] LogOutputStream:75 - [STDERR_REDIRECT] SLF4J: See http://www.slf4j.org/codes.html#StaticLoggerBinder for further details.
