2023-10-28 02:32:40,990 [INFO] Activator:176 - 


2023-10-28 02:32:40,995 [INFO] Activator:177 - !SESSION log4j initialized
2023-10-28 02:32:45,272 [INFO] LogOutputStream:77 - [STDOUT_REDIRECT] 
2023-10-28 02:32:54,361 [INFO] ApplicationProperties:184 - Using Application install path: C:\ST\STM32CubeIDE_1.13.1\STM32CubeIDE\plugins\com.st.stm32cube.common.mx_6.9.2.202309101412
2023-10-28 02:32:54,373 [INFO] DbMcusXml:78 - Set database path to: C:\ST\STM32CubeIDE_1.13.1\STM32CubeIDE\plugins\com.st.stm32cube.common.mx_6.9.2.202309101412\\db\/mcu/
2023-10-28 02:32:54,373 [INFO] ApiDb:274 - Set plugin database path to: C:\ST\STM32CubeIDE_1.13.1\STM32CubeIDE\plugins\com.st.stm32cube.common.mx_6.9.2.202309101412\\db\/plugins/boardmanager/
2023-10-28 02:32:54,374 [WARN] ApiDb:259 - Overriding images path with different value:  => C:\ST\STM32CubeIDE_1.13.1\STM32CubeIDE\plugins\com.st.stm32cube.common.mx_6.9.2.202309101412\\db\/plugins/mcufinder/images/
2023-10-28 02:32:54,380 [INFO] ApiDb:250 - Set database path to: C:\Users\singh\.stmcufinder\plugins\mcufinder//mcu/
2023-10-28 02:32:54,380 [INFO] DbMcusAds:125 - Set database path to: C:\Users\singh\.stmcufinder\plugins\mcufinder//mcu/
2023-10-28 02:32:54,382 [INFO] CrossReferenceDbSqlite:203 - Set database path to: C:\Users\singh\.stmcufinder\plugins\mcufinder//mcu/cs/
2023-10-28 02:32:54,460 [INFO] RulesReader:64 - Compatibility file has been processed (293 Rules)
2023-10-28 02:32:54,537 [INFO] DbMcusXml:78 - Set database path to: C:\ST\STM32CubeIDE_1.13.1\STM32CubeIDE\plugins\com.st.stm32cube.common.mx_6.9.2.202309101412\\db\/mcu/
2023-10-28 02:32:54,537 [INFO] ApiDb:274 - Set plugin database path to: C:\ST\STM32CubeIDE_1.13.1\STM32CubeIDE\plugins\com.st.stm32cube.common.mx_6.9.2.202309101412\\db\/plugins/boardmanager/
2023-10-28 02:32:54,537 [INFO] ApiDb:261 - Set plugin images path to: C:\ST\STM32CubeIDE_1.13.1\STM32CubeIDE\plugins\com.st.stm32cube.common.mx_6.9.2.202309101412\\db\/plugins/mcufinder/images/
2023-10-28 02:32:54,538 [WARN] DbFile:41 - Overriding database path with different value: C:\Users\singh\.stmcufinder\plugins\mcufinder/ => C:\Users\singh\.stmcufinder\plugins\mcufinder
2023-10-28 02:32:54,538 [INFO] ApiDb:250 - Set database path to: C:\Users\singh\.stmcufinder\plugins\mcufinder//mcu/
2023-10-28 02:32:54,538 [WARN] DbFile:41 - Overriding database path with different value: C:\Users\singh\.stmcufinder\plugins\mcufinder/ => C:\Users\singh\.stmcufinder\plugins\mcufinder
2023-10-28 02:32:54,538 [INFO] DbMcusAds:125 - Set database path to: C:\Users\singh\.stmcufinder\plugins\mcufinder//mcu/
2023-10-28 02:32:54,538 [WARN] DbFile:41 - Overriding database path with different value: C:\Users\singh\.stmcufinder\plugins\mcufinder/ => C:\Users\singh\.stmcufinder\plugins\mcufinder
2023-10-28 02:32:54,538 [WARN] DbFile:41 - Overriding database path with different value: C:\Users\singh\.stmcufinder\plugins\mcufinder/ => C:\Users\singh\.stmcufinder\plugins\mcufinder
2023-10-28 02:32:54,538 [INFO] CrossReferenceDbSqlite:203 - Set database path to: C:\Users\singh\.stmcufinder\plugins\mcufinder//mcu/cs/
2023-10-28 02:32:54,598 [INFO] MainPanel:262 - HeapMemory: 268435456
2023-10-28 02:32:54,644 [INFO] DbMcusXml:78 - Set database path to: C:\ST\STM32CubeIDE_1.13.1\STM32CubeIDE\plugins\com.st.stm32cube.common.mx_6.9.2.202309101412\\db\/mcu/
2023-10-28 02:32:54,644 [INFO] ApiDb:274 - Set plugin database path to: C:\ST\STM32CubeIDE_1.13.1\STM32CubeIDE\plugins\com.st.stm32cube.common.mx_6.9.2.202309101412\\db\/plugins/boardmanager/
2023-10-28 02:32:54,644 [INFO] ApiDb:261 - Set plugin images path to: C:\ST\STM32CubeIDE_1.13.1\STM32CubeIDE\plugins\com.st.stm32cube.common.mx_6.9.2.202309101412\\db\/plugins/mcufinder/images/
2023-10-28 02:32:54,644 [WARN] DbFile:41 - Overriding database path with different value: C:\Users\singh\.stmcufinder\plugins\mcufinder/ => C:\Users\singh\.stmcufinder\plugins\mcufinder
2023-10-28 02:32:54,644 [INFO] ApiDb:250 - Set database path to: C:\Users\singh\.stmcufinder\plugins\mcufinder//mcu/
2023-10-28 02:32:54,644 [WARN] DbFile:41 - Overriding database path with different value: C:\Users\singh\.stmcufinder\plugins\mcufinder/ => C:\Users\singh\.stmcufinder\plugins\mcufinder
2023-10-28 02:32:54,644 [INFO] DbMcusAds:125 - Set database path to: C:\Users\singh\.stmcufinder\plugins\mcufinder//mcu/
2023-10-28 02:32:54,644 [WARN] DbFile:41 - Overriding database path with different value: C:\Users\singh\.stmcufinder\plugins\mcufinder/ => C:\Users\singh\.stmcufinder\plugins\mcufinder
2023-10-28 02:32:54,645 [WARN] DbFile:41 - Overriding database path with different value: C:\Users\singh\.stmcufinder\plugins\mcufinder/ => C:\Users\singh\.stmcufinder\plugins\mcufinder
2023-10-28 02:32:54,645 [INFO] CrossReferenceDbSqlite:203 - Set database path to: C:\Users\singh\.stmcufinder\plugins\mcufinder//mcu/cs/
2023-10-28 02:32:54,659 [INFO] ApplicationProperties:184 - Using Application install path: C:\ST\STM32CubeIDE_1.13.1\STM32CubeIDE\plugins\com.st.stm32cube.common.mx_6.9.2.202309101412
2023-10-28 02:32:54,660 [INFO] PluginManage:196 - Search for loadable plugins [exclusion list=, ]
2023-10-28 02:32:54,661 [INFO] PluginManage:310 - Check plugin analytics
2023-10-28 02:32:54,786 [INFO] AnalyticsPlugin:253 - Accepted Software Licenses: STM32CubeMX.6.9.1
2023-10-28 02:32:54,787 [INFO] AnalyticsPlugin:255 - Accepted CMSIS Pack Licenses: 
2023-10-28 02:32:54,787 [INFO] AnalyticsPlugin:257 - Accepted Firmware Licenses: FW.F4.1.27.0,FW.G4.1.5.0
2023-10-28 02:32:54,789 [INFO] PluginManage:359 - Loaded plugin analytics (category:tool,tabindex:-1)
2023-10-28 02:32:54,789 [INFO] PluginManage:310 - Check plugin cadmodel
2023-10-28 02:32:54,793 [INFO] CADModel:105 - Init CAD model plugin
2023-10-28 02:32:54,793 [INFO] PluginManage:359 - Loaded plugin cadmodel (category:power,tabindex:5)
2023-10-28 02:32:54,793 [INFO] PluginManage:310 - Check plugin clock
2023-10-28 02:32:54,802 [INFO] PluginManage:359 - Loaded plugin clock (category:base,tabindex:2)
2023-10-28 02:32:54,802 [INFO] PluginManage:310 - Check plugin ddr
2023-10-28 02:32:54,804 [INFO] PluginManage:359 - Loaded plugin ddr (category:tool,tabindex:6)
2023-10-28 02:32:54,804 [INFO] PluginManage:310 - Check plugin filemanager
2023-10-28 02:32:54,897 [INFO] PluginManage:359 - Loaded plugin filemanager (category:base,tabindex:10)
2023-10-28 02:32:54,898 [INFO] PluginManage:310 - Check plugin ipmanager
2023-10-28 02:32:54,904 [INFO] PluginManage:359 - Loaded plugin ipmanager (category:base,tabindex:5)
2023-10-28 02:32:54,904 [INFO] PluginManage:310 - Check plugin lpbam
2023-10-28 02:32:54,910 [INFO] PluginManage:359 - Loaded plugin lpbam (category:base,tabindex:0)
2023-10-28 02:32:54,910 [INFO] PluginManage:310 - Check plugin memorymap
2023-10-28 02:32:54,918 [INFO] PluginManage:359 - Loaded plugin memorymap (category:base,tabindex:4)
2023-10-28 02:32:54,918 [INFO] PluginManage:310 - Check plugin pinoutandconfiguration
2023-10-28 02:32:54,925 [INFO] PluginManage:359 - Loaded plugin pinoutandconfiguration (category:base,tabindex:1)
2023-10-28 02:32:54,925 [INFO] PluginManage:310 - Check plugin pinoutconfig
2023-10-28 02:32:54,987 [WARN] SupportedApi:132 - Cannot load RTOS API schema: s4s-elt-must-match.1: The content of 'definitions' must match (annotation?, (simpleType | complexType)?, (unique | key | keyref)*)). A problem was found starting at: attribute.
2023-10-28 02:32:55,081 [INFO] PluginManage:359 - Loaded plugin pinoutconfig (category:base,tabindex:0)
2023-10-28 02:32:55,081 [INFO] PluginManage:310 - Check plugin power
2023-10-28 02:32:55,090 [INFO] PluginManage:359 - Loaded plugin power (category:power,tabindex:4)
2023-10-28 02:32:55,090 [INFO] PluginManage:310 - Check plugin projectmanager
2023-10-28 02:32:55,102 [INFO] PluginManage:359 - Loaded plugin projectmanager (category:projectmanager,tabindex:3)
2023-10-28 02:32:55,102 [INFO] PluginManage:310 - Check plugin thirdparty
2023-10-28 02:32:55,192 [WARN] IntegrityCheckThread:84 - waiting for thirdparty lock release [integrity check]
2023-10-28 02:32:55,192 [INFO] PluginManage:359 - Loaded plugin thirdparty (category:base,tabindex:-1)
2023-10-28 02:32:55,192 [INFO] IntegrityCheckThread:86 - entering critical section [integrity check]
2023-10-28 02:32:55,192 [INFO] PluginManage:310 - Check plugin tools
2023-10-28 02:32:55,193 [INFO] ThirdPartyUpdaterWithRetryManager:70 - Updater plugin not ready yet. [1/15]
2023-10-28 02:32:55,194 [INFO] PluginManage:359 - Loaded plugin tools (category:base,tabindex:7)
2023-10-28 02:32:55,194 [INFO] PluginManage:310 - Check plugin tutovideos
2023-10-28 02:32:55,312 [INFO] PluginManage:359 - Loaded plugin tutovideos (category:base,tabindex:-1)
2023-10-28 02:32:55,312 [INFO] PluginManage:310 - Check plugin updater
2023-10-28 02:32:55,319 [INFO] PluginManage:359 - Loaded plugin updater (category:base,tabindex:12)
2023-10-28 02:32:55,320 [INFO] PluginManage:310 - Check plugin userauth
2023-10-28 02:32:55,323 [INFO] UserAuth:113 - Init User Auth plugin
2023-10-28 02:32:55,323 [INFO] PluginManage:359 - Loaded plugin userauth (category:base,tabindex:14)
2023-10-28 02:32:55,324 [INFO] PluginManage:283 - PluginManage : Loaded plugins [17]
2023-10-28 02:32:55,501 [INFO] PinOutPanel:1499 - setPackage(No Configuration,No Configuration)
2023-10-28 02:32:55,596 [INFO] CADModel:165 - CPN selected for project level
2023-10-28 02:32:55,596 [INFO] CADModel:114 - Register for checkConnection events
2023-10-28 02:32:55,607 [INFO] IPUIPlugin:80 - create IPUIPlugin
2023-10-28 02:32:55,607 [INFO] PluginManager:220 - loadIPPluginJar : add adc
2023-10-28 02:32:55,609 [INFO] IPUIPlugin:80 - create IPUIPlugin
2023-10-28 02:32:55,609 [INFO] PluginManager:220 - loadIPPluginJar : add aes
2023-10-28 02:32:55,611 [INFO] IPUIPlugin:80 - create IPUIPlugin
2023-10-28 02:32:55,611 [INFO] PluginManager:220 - loadIPPluginJar : add can
2023-10-28 02:32:55,612 [INFO] IPUIPlugin:80 - create IPUIPlugin
2023-10-28 02:32:55,613 [INFO] PluginManager:220 - loadIPPluginJar : add comp
2023-10-28 02:32:55,614 [INFO] IPUIPlugin:80 - create IPUIPlugin
2023-10-28 02:32:55,615 [INFO] PluginManager:220 - loadIPPluginJar : add cryp
2023-10-28 02:32:55,616 [INFO] IPUIPlugin:80 - create IPUIPlugin
2023-10-28 02:32:55,616 [INFO] PluginManager:220 - loadIPPluginJar : add dfsdm
2023-10-28 02:32:55,620 [INFO] IPUIPlugin:80 - create IPUIPlugin
2023-10-28 02:32:55,620 [INFO] PluginManager:220 - loadIPPluginJar : add dma
2023-10-28 02:32:55,622 [INFO] IPUIPlugin:80 - create IPUIPlugin
2023-10-28 02:32:55,622 [INFO] PluginManager:220 - loadIPPluginJar : add dma3
2023-10-28 02:32:55,623 [INFO] IPUIPlugin:80 - create IPUIPlugin
2023-10-28 02:32:55,623 [INFO] PluginManager:220 - loadIPPluginJar : add fatfs
2023-10-28 02:32:55,626 [INFO] IPUIPlugin:80 - create IPUIPlugin
2023-10-28 02:32:55,626 [INFO] PluginManager:220 - loadIPPluginJar : add fmc
2023-10-28 02:32:55,630 [INFO] IPUIPlugin:80 - create IPUIPlugin
2023-10-28 02:32:55,630 [INFO] PluginManager:220 - loadIPPluginJar : add freertos
2023-10-28 02:32:55,631 [INFO] IPUIPlugin:80 - create IPUIPlugin
2023-10-28 02:32:55,631 [INFO] PluginManager:220 - loadIPPluginJar : add genericplugin
2023-10-28 02:32:55,632 [INFO] IPUIPlugin:80 - create IPUIPlugin
2023-10-28 02:32:55,632 [INFO] PluginManager:220 - loadIPPluginJar : add gfxmmu
2023-10-28 02:32:55,635 [INFO] IPUIPlugin:80 - create IPUIPlugin
2023-10-28 02:32:55,636 [INFO] PluginManager:220 - loadIPPluginJar : add gic
2023-10-28 02:32:55,638 [INFO] IPUIPlugin:80 - create IPUIPlugin
2023-10-28 02:32:55,638 [INFO] PluginManager:220 - loadIPPluginJar : add gpio
2023-10-28 02:32:55,640 [INFO] IPUIPlugin:80 - create IPUIPlugin
2023-10-28 02:32:55,640 [INFO] PluginManager:220 - loadIPPluginJar : add gtzc
2023-10-28 02:32:55,641 [INFO] IPUIPlugin:80 - create IPUIPlugin
2023-10-28 02:32:55,641 [INFO] PluginManager:220 - loadIPPluginJar : add hash
2023-10-28 02:32:55,643 [INFO] IPUIPlugin:80 - create IPUIPlugin
2023-10-28 02:32:55,643 [INFO] PluginManager:220 - loadIPPluginJar : add i2c
2023-10-28 02:32:55,645 [INFO] IPUIPlugin:80 - create IPUIPlugin
2023-10-28 02:32:55,645 [INFO] PluginManager:220 - loadIPPluginJar : add i2s
2023-10-28 02:32:55,647 [INFO] IPUIPlugin:80 - create IPUIPlugin
2023-10-28 02:32:55,647 [INFO] PluginManager:220 - loadIPPluginJar : add i3c
2023-10-28 02:32:55,649 [INFO] IPUIPlugin:80 - create IPUIPlugin
2023-10-28 02:32:55,649 [INFO] PluginManager:220 - loadIPPluginJar : add ipddr
2023-10-28 02:32:55,653 [INFO] IPUIPlugin:80 - create IPUIPlugin
2023-10-28 02:32:55,653 [INFO] PluginManager:220 - loadIPPluginJar : add linkedlist
2023-10-28 02:32:55,655 [INFO] IPUIPlugin:80 - create IPUIPlugin
2023-10-28 02:32:55,655 [INFO] PluginManager:220 - loadIPPluginJar : add lorawan
2023-10-28 02:32:55,656 [INFO] IPUIPlugin:80 - create IPUIPlugin
2023-10-28 02:32:55,656 [INFO] PluginManager:220 - loadIPPluginJar : add ltdc
2023-10-28 02:32:55,660 [INFO] IPUIPlugin:80 - create IPUIPlugin
2023-10-28 02:32:55,660 [INFO] PluginManager:220 - loadIPPluginJar : add mdma
2023-10-28 02:32:55,663 [INFO] IPUIPlugin:80 - create IPUIPlugin
2023-10-28 02:32:55,663 [INFO] PluginManager:220 - loadIPPluginJar : add nvic
2023-10-28 02:32:55,664 [INFO] IPUIPlugin:80 - create IPUIPlugin
2023-10-28 02:32:55,664 [INFO] PluginManager:220 - loadIPPluginJar : add opamp
2023-10-28 02:32:55,665 [INFO] IPUIPlugin:80 - create IPUIPlugin
2023-10-28 02:32:55,666 [INFO] PluginManager:220 - loadIPPluginJar : add openamp
2023-10-28 02:32:55,668 [INFO] IPUIPlugin:80 - create IPUIPlugin
2023-10-28 02:32:55,668 [INFO] PluginManager:220 - loadIPPluginJar : add pdm2pcm
2023-10-28 02:32:55,672 [INFO] IPUIPlugin:80 - create IPUIPlugin
2023-10-28 02:32:55,674 [INFO] PluginManager:220 - loadIPPluginJar : add plateformsettings
2023-10-28 02:32:55,675 [INFO] IPUIPlugin:80 - create IPUIPlugin
2023-10-28 02:32:55,675 [INFO] PluginManager:220 - loadIPPluginJar : add quadspi
2023-10-28 02:32:55,678 [INFO] IPUIPlugin:80 - create IPUIPlugin
2023-10-28 02:32:55,678 [INFO] PluginManager:220 - loadIPPluginJar : add resmgrutility
2023-10-28 02:32:55,679 [INFO] IPUIPlugin:80 - create IPUIPlugin
2023-10-28 02:32:55,680 [INFO] PluginManager:220 - loadIPPluginJar : add sai
2023-10-28 02:32:55,682 [INFO] IPUIPlugin:80 - create IPUIPlugin
2023-10-28 02:32:55,682 [INFO] PluginManager:220 - loadIPPluginJar : add spi
2023-10-28 02:32:55,685 [INFO] IPUIPlugin:80 - create IPUIPlugin
2023-10-28 02:32:55,685 [INFO] PluginManager:220 - loadIPPluginJar : add stm32_wpan
2023-10-28 02:32:55,687 [INFO] IPUIPlugin:80 - create IPUIPlugin
2023-10-28 02:32:55,687 [INFO] PluginManager:220 - loadIPPluginJar : add tim
2023-10-28 02:32:55,689 [INFO] IPUIPlugin:80 - create IPUIPlugin
2023-10-28 02:32:55,689 [INFO] PluginManager:220 - loadIPPluginJar : add touchsensing
2023-10-28 02:32:55,691 [INFO] IPUIPlugin:80 - create IPUIPlugin
2023-10-28 02:32:55,691 [INFO] PluginManager:220 - loadIPPluginJar : add tracer_emb
2023-10-28 02:32:55,692 [INFO] IPUIPlugin:80 - create IPUIPlugin
2023-10-28 02:32:55,692 [INFO] PluginManager:220 - loadIPPluginJar : add ts
2023-10-28 02:32:55,693 [INFO] IPUIPlugin:80 - create IPUIPlugin
2023-10-28 02:32:55,693 [INFO] PluginManager:220 - loadIPPluginJar : add tsc
2023-10-28 02:32:55,694 [INFO] IPUIPlugin:80 - create IPUIPlugin
2023-10-28 02:32:55,694 [INFO] PluginManager:220 - loadIPPluginJar : add ucpd
2023-10-28 02:32:55,697 [INFO] IPUIPlugin:80 - create IPUIPlugin
2023-10-28 02:32:55,697 [INFO] PluginManager:220 - loadIPPluginJar : add usart
2023-10-28 02:32:55,699 [INFO] IPUIPlugin:80 - create IPUIPlugin
2023-10-28 02:32:55,699 [INFO] PluginManager:220 - loadIPPluginJar : add usbx
2023-10-28 02:32:55,816 [INFO] CADModel:165 - CPN selected for project level
2023-10-28 02:32:55,816 [INFO] CADModel:114 - Register for checkConnection events
2023-10-28 02:32:55,816 [FATAL] Updater:308 - Updater called before beeing initialized
2023-10-28 02:32:55,816 [ERROR] CADModel:125 - Updater not yet initialized, retry later 
2023-10-28 02:32:55,922 [INFO] CADModel:165 - CPN selected for project level
2023-10-28 02:32:55,922 [INFO] CADModel:114 - Register for checkConnection events
2023-10-28 02:32:55,922 [FATAL] Updater:308 - Updater called before beeing initialized
2023-10-28 02:32:55,922 [ERROR] CADModel:125 - Updater not yet initialized, retry later 
2023-10-28 02:32:55,925 [FATAL] Updater:308 - Updater called before beeing initialized
2023-10-28 02:32:56,010 [FATAL] Updater:308 - Updater called before beeing initialized
2023-10-28 02:32:56,014 [INFO] DbMcusAds:53 - JSON generation date=Tue Mar 07 03:50:55 EST 2023 (1678179055114)
2023-10-28 02:32:56,014 [FATAL] Updater:308 - Updater called before beeing initialized
2023-10-28 02:32:56,047 [WARN] DetailPanel:346 - Failed to get advertising image, set to default
2023-10-28 02:32:56,142 [FATAL] Updater:308 - Updater called before beeing initialized
2023-10-28 02:32:56,144 [FATAL] Updater:308 - Updater called before beeing initialized
2023-10-28 02:32:56,144 [FATAL] Updater:308 - Updater called before beeing initialized
2023-10-28 02:32:56,144 [WARN] DetailPanel:346 - Failed to get advertising image, set to default
2023-10-28 02:32:56,144 [FATAL] Updater:308 - Updater called before beeing initialized
2023-10-28 02:32:56,191 [ERROR] Updater:1120 - MainUpdater not yet initialized. External WinMGr cannot be set.
2023-10-28 02:32:56,193 [INFO] Updater:1056 - Updater Version found : 6.9.2
2023-10-28 02:32:56,207 [INFO] ApplicationProperties:184 - Using Application install path: C:\ST\STM32CubeIDE_1.13.1\STM32CubeIDE\plugins\com.st.stm32cube.common.mx_6.9.2.202309101412
2023-10-28 02:32:56,349 [INFO] MainUpdater:2868 - connection check result : 10
2023-10-28 02:32:56,350 [INFO] MainUpdater:285 - Updater Check For Update Now.
2023-10-28 02:32:56,350 [INFO] MicroXplorer:498 - Change Database Version : DB.6.0.92
2023-10-28 02:32:56,356 [INFO] McuFinderGlobals:63 - Set McuFinder mode to 2 (CubeIDE integrated)
2023-10-28 02:32:56,523 [INFO] CheckServerUpdateThread:120 - End of CheckServer Thread
2023-10-28 02:32:58,334 [WARN] PackLoader:240 - Cannot read IP mode file for STMicroelectronics.X-CUBE-SMBUS.2.1.0
2023-10-28 02:32:58,357 [WARN] PackLoader:240 - Cannot read IP mode file for STMicroelectronics.X-CUBE-AZRTOS-F7.1.1.0
2023-10-28 02:32:58,372 [WARN] PackLoader:240 - Cannot read IP mode file for STMicroelectronics.FP-SNS-MOTENV1.4.3.2
2023-10-28 02:32:58,378 [WARN] PackLoader:240 - Cannot read IP mode file for STMicroelectronics.FP-SNS-FLIGHT1.5.0.2
2023-10-28 02:32:58,385 [WARN] PackLoader:240 - Cannot read IP mode file for STMicroelectronics.X-CUBE-DISPLAY.3.0.0
2023-10-28 02:32:58,398 [WARN] PackLoader:240 - Cannot read IP mode file for STMicroelectronics.X-CUBE-BLE1.7.0.0
2023-10-28 02:32:58,403 [WARN] PackLoader:240 - Cannot read IP mode file for emotas.I-CUBE-CANOPEN.1.3.0
2023-10-28 02:32:58,408 [WARN] PackLoader:240 - Cannot read IP mode file for STMicroelectronics.X-CUBE-TOUCHGFX.4.22.0
2023-10-28 02:32:58,411 [WARN] PackLoader:240 - Cannot read IP mode file for STMicroelectronics.X-CUBE-TOUCHGFX.4.22.1
2023-10-28 02:32:58,416 [WARN] PackLoader:240 - Cannot read IP mode file for STMicroelectronics.FP-SNS-SMARTAG2.1.2.0
2023-10-28 02:32:58,424 [INFO] LogOutputStream:77 - [STDOUT_REDIRECT] 1 : Invalid condition id : UX_CORESTACK_Condition cause : null
2023-10-28 02:32:58,426 [INFO] LogOutputStream:77 - [STDOUT_REDIRECT] 1 : Invalid condition id : UX_CORESTACK_Condition cause : null
2023-10-28 02:32:58,427 [INFO] LogOutputStream:77 - [STDOUT_REDIRECT] 1 : Invalid condition id : UX_CORESTACK_Condition cause : null
2023-10-28 02:32:58,428 [INFO] LogOutputStream:77 - [STDOUT_REDIRECT] 1 : Invalid condition id : UX_CORESTACK_Condition cause : null
2023-10-28 02:32:58,429 [INFO] LogOutputStream:77 - [STDOUT_REDIRECT] 1 : Invalid condition id : UX_CORESTACK_Condition cause : null
2023-10-28 02:32:58,432 [WARN] PackLoader:240 - Cannot read IP mode file for STMicroelectronics.X-CUBE-AZRTOS-WL.2.0.0
2023-10-28 02:32:58,440 [WARN] PackLoader:240 - Cannot read IP mode file for WES.I-CUBE-Cesium.1.3.0
2023-10-28 02:32:58,444 [WARN] PackLoader:240 - Cannot read IP mode file for STMicroelectronics.X-CUBE-BLE2.3.3.0
2023-10-28 02:32:58,449 [WARN] PackLoader:240 - Cannot read IP mode file for STMicroelectronics.X-CUBE-ALGOBUILD.1.3.0
2023-10-28 02:32:58,462 [WARN] PackLoader:240 - Cannot read IP mode file for STMicroelectronics.X-CUBE-AZRTOS-G0.1.1.0
2023-10-28 02:32:58,469 [WARN] PackLoader:240 - Cannot read IP mode file for STMicroelectronics.X-CUBE-NFC4.3.0.0
2023-10-28 02:32:58,475 [WARN] PackLoader:240 - Cannot read IP mode file for STMicroelectronics.FP-ATR-SIGFOX1.3.2.0
2023-10-28 02:32:58,499 [WARN] PackLoader:240 - Cannot read IP mode file for SEGGER.I-CUBE-embOS.1.3.1
2023-10-28 02:32:58,540 [WARN] PackLoader:240 - Cannot read IP mode file for STMicroelectronics.X-CUBE-GNSS1.6.0.0
2023-10-28 02:32:58,553 [WARN] PackLoader:240 - Cannot read IP mode file for STMicroelectronics.X-CUBE-AZRTOS-F4.1.1.0
2023-10-28 02:32:58,560 [WARN] PackLoader:240 - Cannot read IP mode file for wolfSSL.I-CUBE-wolfSSL.5.6.3
2023-10-28 02:32:58,573 [WARN] PackLoader:240 - Cannot read IP mode file for STMicroelectronics.X-CUBE-AZRTOS-L5.2.0.0
2023-10-28 02:32:58,600 [WARN] PackLoader:240 - Cannot read IP mode file for STMicroelectronics.X-CUBE-MEMS1.9.6.0
2023-10-28 02:32:58,728 [WARN] PackLoader:240 - Cannot read IP mode file for STMicroelectronics.X-CUBE-EEPRMA1.4.2.0
2023-10-28 02:32:58,873 [WARN] PackLoader:240 - Cannot read IP mode file for ITTIA_DB.I-CUBE-ITTIADB.8.8.0
2023-10-28 02:32:58,882 [WARN] PackLoader:240 - Cannot read IP mode file for STMicroelectronics.X-CUBE-BLEMGR.2.0.0
2023-10-28 02:32:58,900 [WARN] ConditionMgr:438 - getConditionDescription Invalid condition id : UX DEVICE CLASS RTOS Condition cause : null
2023-10-28 02:32:58,901 [WARN] ConditionMgr:438 - getConditionDescription Invalid condition id : UX DEVICE CLASS RTOS Condition cause : null
2023-10-28 02:32:58,904 [WARN] PackLoader:240 - Cannot read IP mode file for STMicroelectronics.X-CUBE-AZRTOS-H7.3.1.0
2023-10-28 02:32:58,905 [WARN] ConditionMgr:1039 - genDependencies : Invalid condition id : UX DEVICE CLASS RTOS Condition cause : null
2023-10-28 02:32:58,906 [WARN] ConditionMgr:1039 - genDependencies : Invalid condition id : UX DEVICE CLASS RTOS Condition cause : null
2023-10-28 02:32:58,906 [WARN] ConditionMgr:1039 - genDependencies : Invalid condition id : UX DEVICE CLASS RTOS Condition cause : null
2023-10-28 02:32:58,907 [WARN] ConditionMgr:1039 - genDependencies : Invalid condition id : UX DEVICE CLASS RTOS Condition cause : null
2023-10-28 02:32:58,907 [WARN] ConditionMgr:1039 - genDependencies : Invalid condition id : UX DEVICE CLASS RTOS Condition cause : null
2023-10-28 02:32:58,914 [WARN] PackLoader:240 - Cannot read IP mode file for STMicroelectronics.X-CUBE-NFC7.1.0.1
2023-10-28 02:32:59,511 [WARN] PackLoader:240 - Cannot read IP mode file for STMicroelectronics.X-CUBE-NFC6.3.0.0
2023-10-28 02:32:59,516 [WARN] PackLoader:240 - Cannot read IP mode file for STMicroelectronics.X-CUBE-EEPRMA1.4.1.0
2023-10-28 02:32:59,519 [WARN] PackLoader:240 - Cannot read IP mode file for STMicroelectronics.X-CUBE-AI.8.1.0
2023-10-28 02:32:59,530 [WARN] ConditionMgr:438 - getConditionDescription Invalid condition id : LAN8742 Phy interface Condition cause : null
2023-10-28 02:32:59,531 [WARN] PackLoader:240 - Cannot read IP mode file for STMicroelectronics.X-CUBE-AZRTOS-L4.2.0.0
2023-10-28 02:32:59,532 [WARN] ConditionMgr:1039 - genDependencies : Invalid condition id : LAN8742 Phy interface Condition cause : null
2023-10-28 02:32:59,532 [WARN] ConditionMgr:1039 - genDependencies : Invalid condition id : LAN8742 Phy interface Condition cause : null
2023-10-28 02:32:59,532 [WARN] ConditionMgr:1039 - genDependencies : Invalid condition id : LAN8742 Phy interface Condition cause : null
2023-10-28 02:32:59,538 [WARN] PackLoader:240 - Cannot read IP mode file for STMicroelectronics.X-CUBE-SFXS2LP1.4.0.0
2023-10-28 02:32:59,543 [WARN] PackLoader:240 - Cannot read IP mode file for STMicroelectronics.X-CUBE-ISPU.1.1.0
2023-10-28 02:32:59,553 [WARN] ConditionMgr:438 - getConditionDescription Invalid condition id : UX DEVICE CLASS RTOS Condition cause : null
2023-10-28 02:32:59,553 [WARN] ConditionMgr:438 - getConditionDescription Invalid condition id : UX DEVICE CLASS RTOS Condition cause : null
2023-10-28 02:32:59,554 [WARN] PackLoader:240 - Cannot read IP mode file for STMicroelectronics.X-CUBE-AZRTOS-WB.2.0.0
2023-10-28 02:32:59,555 [WARN] ConditionMgr:1039 - genDependencies : Invalid condition id : UX DEVICE CLASS RTOS Condition cause : null
2023-10-28 02:32:59,555 [WARN] ConditionMgr:1039 - genDependencies : Invalid condition id : UX DEVICE CLASS RTOS Condition cause : null
2023-10-28 02:32:59,555 [WARN] ConditionMgr:1039 - genDependencies : Invalid condition id : UX DEVICE CLASS RTOS Condition cause : null
2023-10-28 02:32:59,556 [WARN] ConditionMgr:1039 - genDependencies : Invalid condition id : UX DEVICE CLASS RTOS Condition cause : null
2023-10-28 02:32:59,556 [WARN] ConditionMgr:1039 - genDependencies : Invalid condition id : UX DEVICE CLASS RTOS Condition cause : null
2023-10-28 02:32:59,562 [WARN] PackLoader:240 - Cannot read IP mode file for STMicroelectronics.X-CUBE-SUBG2.5.0.0
2023-10-28 02:32:59,574 [WARN] PackLoader:240 - Cannot read IP mode file for STMicroelectronics.X-CUBE-TOF1.3.3.1
2023-10-28 02:32:59,588 [WARN] PackLoader:240 - Cannot read IP mode file for STMicroelectronics.X-CUBE-AZRTOS-G4.2.0.0
2023-10-28 02:32:59,602 [WARN] PackLoader:240 - Cannot read IP mode file for Infineon.AIROC-Wi-Fi-Bluetooth-STM32.1.5.1
2023-10-28 02:32:59,629 [WARN] PackLoader:240 - Cannot read IP mode file for STMicroelectronics.X-CUBE-MEMS1.10.0.0
2023-10-28 02:32:59,704 [WARN] PackLoader:240 - Cannot read IP mode file for STMicroelectronics.X-CUBE-FREERTOS.1.1.0
2023-10-28 02:32:59,711 [WARN] PackLoader:240 - Cannot read IP mode file for portGmbH.I-Cube-SoM-uGOAL.1.1.0
2023-10-28 02:32:59,799 [WARN] PackLoader:240 - Cannot read IP mode file for STMicroelectronics.X-CUBE-ALS.1.0.1
2023-10-28 02:32:59,807 [WARN] PackLoader:240 - Cannot read IP mode file for STMicroelectronics.FP-ATR-ASTRA1.2.0.0
2023-10-28 02:32:59,808 [INFO] ThirdParty:978 - Integrity check success = true
2023-10-28 02:32:59,808 [INFO] IntegrityCheckThread:100 - exiting critical section [integrity check]
2023-10-28 02:32:59,808 [INFO] IntegrityCheckThread:103 - End integrity checks thread
2023-10-28 02:33:14,435 [ERROR] LogOutputStream:75 - [STDERR_REDIRECT] SLF4J: Failed to load class "org.slf4j.impl.StaticLoggerBinder".
2023-10-28 02:33:14,436 [ERROR] LogOutputStream:75 - [STDERR_REDIRECT] SLF4J: Defaulting to no-operation (NOP) logger implementation
2023-10-28 02:33:14,437 [ERROR] LogOutputStream:75 - [STDERR_REDIRECT] SLF4J: See http://www.slf4j.org/codes.html#StaticLoggerBinder for further details.
2023-10-28 16:39:10,356 [INFO] Activator:176 - 


2023-10-28 16:39:10,357 [INFO] Activator:177 - !SESSION log4j initialized
2023-10-28 16:39:15,879 [INFO] LogOutputStream:77 - [STDOUT_REDIRECT] 
2023-10-28 16:39:29,977 [INFO] ApplicationProperties:184 - Using Application install path: C:\ST\STM32CubeIDE_1.13.1\STM32CubeIDE\plugins\com.st.stm32cube.common.mx_6.9.2.202309101412
2023-10-28 16:39:30,002 [INFO] DbMcusXml:78 - Set database path to: C:\ST\STM32CubeIDE_1.13.1\STM32CubeIDE\plugins\com.st.stm32cube.common.mx_6.9.2.202309101412\\db\/mcu/
2023-10-28 16:39:30,002 [INFO] ApiDb:274 - Set plugin database path to: C:\ST\STM32CubeIDE_1.13.1\STM32CubeIDE\plugins\com.st.stm32cube.common.mx_6.9.2.202309101412\\db\/plugins/boardmanager/
2023-10-28 16:39:30,003 [WARN] ApiDb:259 - Overriding images path with different value:  => C:\ST\STM32CubeIDE_1.13.1\STM32CubeIDE\plugins\com.st.stm32cube.common.mx_6.9.2.202309101412\\db\/plugins/mcufinder/images/
2023-10-28 16:39:30,023 [INFO] ApiDb:250 - Set database path to: C:\Users\singh\.stmcufinder\plugins\mcufinder//mcu/
2023-10-28 16:39:30,024 [INFO] DbMcusAds:125 - Set database path to: C:\Users\singh\.stmcufinder\plugins\mcufinder//mcu/
2023-10-28 16:39:30,041 [INFO] CrossReferenceDbSqlite:203 - Set database path to: C:\Users\singh\.stmcufinder\plugins\mcufinder//mcu/cs/
2023-10-28 16:39:30,181 [INFO] RulesReader:64 - Compatibility file has been processed (293 Rules)
2023-10-28 16:39:30,332 [INFO] DbMcusXml:78 - Set database path to: C:\ST\STM32CubeIDE_1.13.1\STM32CubeIDE\plugins\com.st.stm32cube.common.mx_6.9.2.202309101412\\db\/mcu/
2023-10-28 16:39:30,332 [INFO] ApiDb:274 - Set plugin database path to: C:\ST\STM32CubeIDE_1.13.1\STM32CubeIDE\plugins\com.st.stm32cube.common.mx_6.9.2.202309101412\\db\/plugins/boardmanager/
2023-10-28 16:39:30,332 [INFO] ApiDb:261 - Set plugin images path to: C:\ST\STM32CubeIDE_1.13.1\STM32CubeIDE\plugins\com.st.stm32cube.common.mx_6.9.2.202309101412\\db\/plugins/mcufinder/images/
2023-10-28 16:39:30,333 [WARN] DbFile:41 - Overriding database path with different value: C:\Users\singh\.stmcufinder\plugins\mcufinder/ => C:\Users\singh\.stmcufinder\plugins\mcufinder
2023-10-28 16:39:30,333 [INFO] ApiDb:250 - Set database path to: C:\Users\singh\.stmcufinder\plugins\mcufinder//mcu/
2023-10-28 16:39:30,333 [WARN] DbFile:41 - Overriding database path with different value: C:\Users\singh\.stmcufinder\plugins\mcufinder/ => C:\Users\singh\.stmcufinder\plugins\mcufinder
2023-10-28 16:39:30,333 [INFO] DbMcusAds:125 - Set database path to: C:\Users\singh\.stmcufinder\plugins\mcufinder//mcu/
2023-10-28 16:39:30,333 [WARN] DbFile:41 - Overriding database path with different value: C:\Users\singh\.stmcufinder\plugins\mcufinder/ => C:\Users\singh\.stmcufinder\plugins\mcufinder
2023-10-28 16:39:30,333 [WARN] DbFile:41 - Overriding database path with different value: C:\Users\singh\.stmcufinder\plugins\mcufinder/ => C:\Users\singh\.stmcufinder\plugins\mcufinder
2023-10-28 16:39:30,334 [INFO] CrossReferenceDbSqlite:203 - Set database path to: C:\Users\singh\.stmcufinder\plugins\mcufinder//mcu/cs/
2023-10-28 16:39:30,453 [INFO] MainPanel:262 - HeapMemory: 268435456
2023-10-28 16:39:30,585 [INFO] DbMcusXml:78 - Set database path to: C:\ST\STM32CubeIDE_1.13.1\STM32CubeIDE\plugins\com.st.stm32cube.common.mx_6.9.2.202309101412\\db\/mcu/
2023-10-28 16:39:30,585 [INFO] ApiDb:274 - Set plugin database path to: C:\ST\STM32CubeIDE_1.13.1\STM32CubeIDE\plugins\com.st.stm32cube.common.mx_6.9.2.202309101412\\db\/plugins/boardmanager/
2023-10-28 16:39:30,585 [INFO] ApiDb:261 - Set plugin images path to: C:\ST\STM32CubeIDE_1.13.1\STM32CubeIDE\plugins\com.st.stm32cube.common.mx_6.9.2.202309101412\\db\/plugins/mcufinder/images/
2023-10-28 16:39:30,586 [WARN] DbFile:41 - Overriding database path with different value: C:\Users\singh\.stmcufinder\plugins\mcufinder/ => C:\Users\singh\.stmcufinder\plugins\mcufinder
2023-10-28 16:39:30,586 [INFO] ApiDb:250 - Set database path to: C:\Users\singh\.stmcufinder\plugins\mcufinder//mcu/
2023-10-28 16:39:30,586 [WARN] DbFile:41 - Overriding database path with different value: C:\Users\singh\.stmcufinder\plugins\mcufinder/ => C:\Users\singh\.stmcufinder\plugins\mcufinder
2023-10-28 16:39:30,586 [INFO] DbMcusAds:125 - Set database path to: C:\Users\singh\.stmcufinder\plugins\mcufinder//mcu/
2023-10-28 16:39:30,586 [WARN] DbFile:41 - Overriding database path with different value: C:\Users\singh\.stmcufinder\plugins\mcufinder/ => C:\Users\singh\.stmcufinder\plugins\mcufinder
2023-10-28 16:39:30,586 [WARN] DbFile:41 - Overriding database path with different value: C:\Users\singh\.stmcufinder\plugins\mcufinder/ => C:\Users\singh\.stmcufinder\plugins\mcufinder
2023-10-28 16:39:30,586 [INFO] CrossReferenceDbSqlite:203 - Set database path to: C:\Users\singh\.stmcufinder\plugins\mcufinder//mcu/cs/
2023-10-28 16:39:30,614 [INFO] ApplicationProperties:184 - Using Application install path: C:\ST\STM32CubeIDE_1.13.1\STM32CubeIDE\plugins\com.st.stm32cube.common.mx_6.9.2.202309101412
2023-10-28 16:39:30,616 [INFO] PluginManage:196 - Search for loadable plugins [exclusion list=, ]
2023-10-28 16:39:30,618 [INFO] PluginManage:310 - Check plugin analytics
2023-10-28 16:39:30,845 [INFO] AnalyticsPlugin:253 - Accepted Software Licenses: STM32CubeMX.6.9.1
2023-10-28 16:39:30,845 [INFO] AnalyticsPlugin:255 - Accepted CMSIS Pack Licenses: 
2023-10-28 16:39:30,845 [INFO] AnalyticsPlugin:257 - Accepted Firmware Licenses: FW.F4.1.27.0,FW.G4.1.5.0
2023-10-28 16:39:30,851 [INFO] PluginManage:359 - Loaded plugin analytics (category:tool,tabindex:-1)
2023-10-28 16:39:30,852 [INFO] PluginManage:310 - Check plugin cadmodel
2023-10-28 16:39:30,873 [INFO] CADModel:105 - Init CAD model plugin
2023-10-28 16:39:30,873 [INFO] PluginManage:359 - Loaded plugin cadmodel (category:power,tabindex:5)
2023-10-28 16:39:30,873 [INFO] PluginManage:310 - Check plugin clock
2023-10-28 16:39:30,897 [INFO] PluginManage:359 - Loaded plugin clock (category:base,tabindex:2)
2023-10-28 16:39:30,898 [INFO] PluginManage:310 - Check plugin ddr
2023-10-28 16:39:30,901 [INFO] PluginManage:359 - Loaded plugin ddr (category:tool,tabindex:6)
2023-10-28 16:39:30,901 [INFO] PluginManage:310 - Check plugin filemanager
2023-10-28 16:39:31,053 [INFO] PluginManage:359 - Loaded plugin filemanager (category:base,tabindex:10)
2023-10-28 16:39:31,053 [INFO] PluginManage:310 - Check plugin ipmanager
2023-10-28 16:39:31,065 [INFO] PluginManage:359 - Loaded plugin ipmanager (category:base,tabindex:5)
2023-10-28 16:39:31,065 [INFO] PluginManage:310 - Check plugin lpbam
2023-10-28 16:39:31,087 [INFO] PluginManage:359 - Loaded plugin lpbam (category:base,tabindex:0)
2023-10-28 16:39:31,087 [INFO] PluginManage:310 - Check plugin memorymap
2023-10-28 16:39:31,119 [INFO] PluginManage:359 - Loaded plugin memorymap (category:base,tabindex:4)
2023-10-28 16:39:31,119 [INFO] PluginManage:310 - Check plugin pinoutandconfiguration
2023-10-28 16:39:31,138 [INFO] PluginManage:359 - Loaded plugin pinoutandconfiguration (category:base,tabindex:1)
2023-10-28 16:39:31,138 [INFO] PluginManage:310 - Check plugin pinoutconfig
2023-10-28 16:39:31,265 [WARN] SupportedApi:132 - Cannot load RTOS API schema: s4s-elt-must-match.1: The content of 'definitions' must match (annotation?, (simpleType | complexType)?, (unique | key | keyref)*)). A problem was found starting at: attribute.
2023-10-28 16:39:31,444 [INFO] PluginManage:359 - Loaded plugin pinoutconfig (category:base,tabindex:0)
2023-10-28 16:39:31,444 [INFO] PluginManage:310 - Check plugin power
2023-10-28 16:39:31,467 [INFO] PluginManage:359 - Loaded plugin power (category:power,tabindex:4)
2023-10-28 16:39:31,467 [INFO] PluginManage:310 - Check plugin projectmanager
2023-10-28 16:39:31,486 [INFO] PluginManage:359 - Loaded plugin projectmanager (category:projectmanager,tabindex:3)
2023-10-28 16:39:31,486 [INFO] PluginManage:310 - Check plugin thirdparty
2023-10-28 16:39:31,826 [INFO] PluginManage:359 - Loaded plugin thirdparty (category:base,tabindex:-1)
2023-10-28 16:39:31,826 [WARN] IntegrityCheckThread:84 - waiting for thirdparty lock release [integrity check]
2023-10-28 16:39:31,826 [INFO] PluginManage:310 - Check plugin tools
2023-10-28 16:39:31,826 [INFO] IntegrityCheckThread:86 - entering critical section [integrity check]
2023-10-28 16:39:31,827 [INFO] ThirdPartyUpdaterWithRetryManager:70 - Updater plugin not ready yet. [1/15]
2023-10-28 16:39:31,874 [INFO] PluginManage:359 - Loaded plugin tools (category:base,tabindex:7)
2023-10-28 16:39:31,875 [INFO] PluginManage:310 - Check plugin tutovideos
2023-10-28 16:39:32,136 [INFO] PluginManage:359 - Loaded plugin tutovideos (category:base,tabindex:-1)
2023-10-28 16:39:32,136 [INFO] PluginManage:310 - Check plugin updater
2023-10-28 16:39:32,149 [INFO] PluginManage:359 - Loaded plugin updater (category:base,tabindex:12)
2023-10-28 16:39:32,149 [INFO] PluginManage:310 - Check plugin userauth
2023-10-28 16:39:32,154 [INFO] UserAuth:113 - Init User Auth plugin
2023-10-28 16:39:32,154 [INFO] PluginManage:359 - Loaded plugin userauth (category:base,tabindex:14)
2023-10-28 16:39:32,155 [INFO] PluginManage:283 - PluginManage : Loaded plugins [17]
2023-10-28 16:39:32,452 [INFO] PinOutPanel:1499 - setPackage(No Configuration,No Configuration)
2023-10-28 16:39:32,607 [INFO] CADModel:165 - CPN selected for project level
2023-10-28 16:39:32,608 [INFO] CADModel:114 - Register for checkConnection events
2023-10-28 16:39:32,638 [INFO] IPUIPlugin:80 - create IPUIPlugin
2023-10-28 16:39:32,638 [INFO] PluginManager:220 - loadIPPluginJar : add adc
2023-10-28 16:39:32,681 [INFO] IPUIPlugin:80 - create IPUIPlugin
2023-10-28 16:39:32,681 [INFO] PluginManager:220 - loadIPPluginJar : add aes
2023-10-28 16:39:32,730 [INFO] IPUIPlugin:80 - create IPUIPlugin
2023-10-28 16:39:32,730 [INFO] PluginManager:220 - loadIPPluginJar : add can
2023-10-28 16:39:32,756 [INFO] IPUIPlugin:80 - create IPUIPlugin
2023-10-28 16:39:32,756 [INFO] PluginManager:220 - loadIPPluginJar : add comp
2023-10-28 16:39:32,795 [INFO] IPUIPlugin:80 - create IPUIPlugin
2023-10-28 16:39:32,795 [INFO] PluginManager:220 - loadIPPluginJar : add cryp
2023-10-28 16:39:32,831 [INFO] IPUIPlugin:80 - create IPUIPlugin
2023-10-28 16:39:32,831 [INFO] PluginManager:220 - loadIPPluginJar : add dfsdm
2023-10-28 16:39:32,855 [INFO] IPUIPlugin:80 - create IPUIPlugin
2023-10-28 16:39:32,856 [INFO] PluginManager:220 - loadIPPluginJar : add dma
2023-10-28 16:39:32,905 [INFO] IPUIPlugin:80 - create IPUIPlugin
2023-10-28 16:39:32,905 [INFO] PluginManager:220 - loadIPPluginJar : add dma3
2023-10-28 16:39:32,932 [INFO] IPUIPlugin:80 - create IPUIPlugin
2023-10-28 16:39:32,932 [INFO] PluginManager:220 - loadIPPluginJar : add fatfs
2023-10-28 16:39:32,983 [INFO] IPUIPlugin:80 - create IPUIPlugin
2023-10-28 16:39:32,983 [INFO] PluginManager:220 - loadIPPluginJar : add fmc
2023-10-28 16:39:33,001 [INFO] IPUIPlugin:80 - create IPUIPlugin
2023-10-28 16:39:33,001 [INFO] PluginManager:220 - loadIPPluginJar : add freertos
2023-10-28 16:39:33,028 [INFO] IPUIPlugin:80 - create IPUIPlugin
2023-10-28 16:39:33,029 [INFO] PluginManager:220 - loadIPPluginJar : add genericplugin
2023-10-28 16:39:33,136 [INFO] IPUIPlugin:80 - create IPUIPlugin
2023-10-28 16:39:33,136 [INFO] PluginManager:220 - loadIPPluginJar : add gfxmmu
2023-10-28 16:39:33,282 [INFO] IPUIPlugin:80 - create IPUIPlugin
2023-10-28 16:39:33,282 [INFO] PluginManager:220 - loadIPPluginJar : add gic
2023-10-28 16:39:33,298 [INFO] IPUIPlugin:80 - create IPUIPlugin
2023-10-28 16:39:33,298 [INFO] PluginManager:220 - loadIPPluginJar : add gpio
2023-10-28 16:39:33,410 [INFO] IPUIPlugin:80 - create IPUIPlugin
2023-10-28 16:39:33,410 [INFO] PluginManager:220 - loadIPPluginJar : add gtzc
2023-10-28 16:39:33,447 [INFO] IPUIPlugin:80 - create IPUIPlugin
2023-10-28 16:39:33,447 [INFO] PluginManager:220 - loadIPPluginJar : add hash
2023-10-28 16:39:33,506 [INFO] IPUIPlugin:80 - create IPUIPlugin
2023-10-28 16:39:33,506 [INFO] PluginManager:220 - loadIPPluginJar : add i2c
2023-10-28 16:39:33,552 [INFO] IPUIPlugin:80 - create IPUIPlugin
2023-10-28 16:39:33,552 [INFO] PluginManager:220 - loadIPPluginJar : add i2s
2023-10-28 16:39:33,600 [INFO] IPUIPlugin:80 - create IPUIPlugin
2023-10-28 16:39:33,600 [INFO] PluginManager:220 - loadIPPluginJar : add i3c
2023-10-28 16:39:33,722 [INFO] IPUIPlugin:80 - create IPUIPlugin
2023-10-28 16:39:33,723 [INFO] PluginManager:220 - loadIPPluginJar : add ipddr
2023-10-28 16:39:33,828 [INFO] IPUIPlugin:80 - create IPUIPlugin
2023-10-28 16:39:33,829 [INFO] PluginManager:220 - loadIPPluginJar : add linkedlist
2023-10-28 16:39:33,868 [INFO] IPUIPlugin:80 - create IPUIPlugin
2023-10-28 16:39:33,868 [INFO] PluginManager:220 - loadIPPluginJar : add lorawan
2023-10-28 16:39:33,911 [INFO] IPUIPlugin:80 - create IPUIPlugin
2023-10-28 16:39:33,912 [INFO] PluginManager:220 - loadIPPluginJar : add ltdc
2023-10-28 16:39:33,929 [INFO] IPUIPlugin:80 - create IPUIPlugin
2023-10-28 16:39:33,930 [INFO] PluginManager:220 - loadIPPluginJar : add mdma
2023-10-28 16:39:33,947 [INFO] IPUIPlugin:80 - create IPUIPlugin
2023-10-28 16:39:33,947 [INFO] PluginManager:220 - loadIPPluginJar : add nvic
2023-10-28 16:39:33,989 [INFO] IPUIPlugin:80 - create IPUIPlugin
2023-10-28 16:39:33,989 [INFO] PluginManager:220 - loadIPPluginJar : add opamp
2023-10-28 16:39:34,071 [INFO] IPUIPlugin:80 - create IPUIPlugin
2023-10-28 16:39:34,071 [INFO] PluginManager:220 - loadIPPluginJar : add openamp
2023-10-28 16:39:34,121 [INFO] IPUIPlugin:80 - create IPUIPlugin
2023-10-28 16:39:34,122 [INFO] PluginManager:220 - loadIPPluginJar : add pdm2pcm
2023-10-28 16:39:34,140 [INFO] IPUIPlugin:80 - create IPUIPlugin
2023-10-28 16:39:34,143 [INFO] PluginManager:220 - loadIPPluginJar : add plateformsettings
2023-10-28 16:39:34,167 [INFO] IPUIPlugin:80 - create IPUIPlugin
2023-10-28 16:39:34,167 [INFO] PluginManager:220 - loadIPPluginJar : add quadspi
2023-10-28 16:39:34,183 [INFO] IPUIPlugin:80 - create IPUIPlugin
2023-10-28 16:39:34,183 [INFO] PluginManager:220 - loadIPPluginJar : add resmgrutility
2023-10-28 16:39:34,243 [INFO] IPUIPlugin:80 - create IPUIPlugin
2023-10-28 16:39:34,243 [INFO] PluginManager:220 - loadIPPluginJar : add sai
2023-10-28 16:39:34,284 [INFO] IPUIPlugin:80 - create IPUIPlugin
2023-10-28 16:39:34,284 [INFO] PluginManager:220 - loadIPPluginJar : add spi
2023-10-28 16:39:34,349 [INFO] IPUIPlugin:80 - create IPUIPlugin
2023-10-28 16:39:34,350 [INFO] PluginManager:220 - loadIPPluginJar : add stm32_wpan
2023-10-28 16:39:34,375 [INFO] IPUIPlugin:80 - create IPUIPlugin
2023-10-28 16:39:34,375 [INFO] PluginManager:220 - loadIPPluginJar : add tim
2023-10-28 16:39:34,440 [INFO] IPUIPlugin:80 - create IPUIPlugin
2023-10-28 16:39:34,440 [INFO] PluginManager:220 - loadIPPluginJar : add touchsensing
2023-10-28 16:39:34,466 [INFO] IPUIPlugin:80 - create IPUIPlugin
2023-10-28 16:39:34,466 [INFO] PluginManager:220 - loadIPPluginJar : add tracer_emb
2023-10-28 16:39:34,494 [INFO] IPUIPlugin:80 - create IPUIPlugin
2023-10-28 16:39:34,494 [INFO] PluginManager:220 - loadIPPluginJar : add ts
2023-10-28 16:39:34,521 [INFO] IPUIPlugin:80 - create IPUIPlugin
2023-10-28 16:39:34,521 [INFO] PluginManager:220 - loadIPPluginJar : add tsc
2023-10-28 16:39:34,548 [INFO] IPUIPlugin:80 - create IPUIPlugin
2023-10-28 16:39:34,548 [INFO] PluginManager:220 - loadIPPluginJar : add ucpd
2023-10-28 16:39:34,599 [INFO] IPUIPlugin:80 - create IPUIPlugin
2023-10-28 16:39:34,599 [INFO] PluginManager:220 - loadIPPluginJar : add usart
2023-10-28 16:39:34,648 [INFO] IPUIPlugin:80 - create IPUIPlugin
2023-10-28 16:39:34,648 [INFO] PluginManager:220 - loadIPPluginJar : add usbx
2023-10-28 16:39:34,803 [INFO] CADModel:165 - CPN selected for project level
2023-10-28 16:39:34,803 [INFO] CADModel:114 - Register for checkConnection events
2023-10-28 16:39:34,803 [FATAL] Updater:308 - Updater called before beeing initialized
2023-10-28 16:39:34,803 [ERROR] CADModel:125 - Updater not yet initialized, retry later 
2023-10-28 16:39:34,828 [INFO] ThirdPartyUpdaterWithRetryManager:70 - Updater plugin not ready yet. [2/15]
2023-10-28 16:39:35,015 [INFO] CADModel:165 - CPN selected for project level
2023-10-28 16:39:35,015 [INFO] CADModel:114 - Register for checkConnection events
2023-10-28 16:39:35,016 [FATAL] Updater:308 - Updater called before beeing initialized
2023-10-28 16:39:35,016 [ERROR] CADModel:125 - Updater not yet initialized, retry later 
2023-10-28 16:39:35,020 [FATAL] Updater:308 - Updater called before beeing initialized
2023-10-28 16:39:35,152 [FATAL] Updater:308 - Updater called before beeing initialized
2023-10-28 16:39:35,165 [INFO] DbMcusAds:53 - JSON generation date=Tue Mar 07 03:50:55 EST 2023 (1678179055114)
2023-10-28 16:39:35,165 [FATAL] Updater:308 - Updater called before beeing initialized
2023-10-28 16:39:35,228 [WARN] DetailPanel:346 - Failed to get advertising image, set to default
2023-10-28 16:39:35,409 [FATAL] Updater:308 - Updater called before beeing initialized
2023-10-28 16:39:35,410 [FATAL] Updater:308 - Updater called before beeing initialized
2023-10-28 16:39:35,411 [FATAL] Updater:308 - Updater called before beeing initialized
2023-10-28 16:39:35,411 [WARN] DetailPanel:346 - Failed to get advertising image, set to default
2023-10-28 16:39:35,412 [FATAL] Updater:308 - Updater called before beeing initialized
2023-10-28 16:39:35,485 [ERROR] Updater:1120 - MainUpdater not yet initialized. External WinMGr cannot be set.
2023-10-28 16:39:35,498 [INFO] Updater:1056 - Updater Version found : 6.9.2
2023-10-28 16:39:35,514 [INFO] ApplicationProperties:184 - Using Application install path: C:\ST\STM32CubeIDE_1.13.1\STM32CubeIDE\plugins\com.st.stm32cube.common.mx_6.9.2.202309101412
2023-10-28 16:39:35,809 [INFO] MainUpdater:2868 - connection check result : 10
2023-10-28 16:39:35,810 [INFO] MainUpdater:285 - Updater Check For Update Now.
2023-10-28 16:39:35,811 [INFO] MicroXplorer:498 - Change Database Version : DB.6.0.92
2023-10-28 16:39:35,834 [INFO] McuFinderGlobals:63 - Set McuFinder mode to 2 (CubeIDE integrated)
2023-10-28 16:39:36,068 [INFO] CheckServerUpdateThread:120 - End of CheckServer Thread
2023-10-28 16:39:38,145 [WARN] PackLoader:240 - Cannot read IP mode file for STMicroelectronics.X-CUBE-SMBUS.2.1.0
2023-10-28 16:39:38,204 [WARN] PackLoader:240 - Cannot read IP mode file for STMicroelectronics.X-CUBE-AZRTOS-F7.1.1.0
2023-10-28 16:39:38,237 [WARN] PackLoader:240 - Cannot read IP mode file for STMicroelectronics.FP-SNS-MOTENV1.4.3.2
2023-10-28 16:39:38,255 [WARN] PackLoader:240 - Cannot read IP mode file for STMicroelectronics.FP-SNS-FLIGHT1.5.0.2
2023-10-28 16:39:38,278 [WARN] PackLoader:240 - Cannot read IP mode file for STMicroelectronics.X-CUBE-DISPLAY.3.0.0
2023-10-28 16:39:38,302 [WARN] PackLoader:240 - Cannot read IP mode file for STMicroelectronics.X-CUBE-BLE1.7.0.0
2023-10-28 16:39:38,321 [WARN] PackLoader:240 - Cannot read IP mode file for emotas.I-CUBE-CANOPEN.1.3.0
2023-10-28 16:39:38,336 [WARN] PackLoader:240 - Cannot read IP mode file for STMicroelectronics.X-CUBE-TOUCHGFX.4.22.0
2023-10-28 16:39:38,348 [WARN] PackLoader:240 - Cannot read IP mode file for STMicroelectronics.X-CUBE-TOUCHGFX.4.22.1
2023-10-28 16:39:38,363 [WARN] PackLoader:240 - Cannot read IP mode file for STMicroelectronics.FP-SNS-SMARTAG2.1.2.0
2023-10-28 16:39:38,388 [INFO] LogOutputStream:77 - [STDOUT_REDIRECT] 1 : Invalid condition id : UX_CORESTACK_Condition cause : null
2023-10-28 16:39:38,389 [INFO] LogOutputStream:77 - [STDOUT_REDIRECT] 1 : Invalid condition id : UX_CORESTACK_Condition cause : null
2023-10-28 16:39:38,390 [INFO] LogOutputStream:77 - [STDOUT_REDIRECT] 1 : Invalid condition id : UX_CORESTACK_Condition cause : null
2023-10-28 16:39:38,391 [INFO] LogOutputStream:77 - [STDOUT_REDIRECT] 1 : Invalid condition id : UX_CORESTACK_Condition cause : null
2023-10-28 16:39:38,392 [INFO] LogOutputStream:77 - [STDOUT_REDIRECT] 1 : Invalid condition id : UX_CORESTACK_Condition cause : null
2023-10-28 16:39:38,398 [WARN] PackLoader:240 - Cannot read IP mode file for STMicroelectronics.X-CUBE-AZRTOS-WL.2.0.0
2023-10-28 16:39:38,418 [WARN] PackLoader:240 - Cannot read IP mode file for WES.I-CUBE-Cesium.1.3.0
2023-10-28 16:39:38,433 [WARN] PackLoader:240 - Cannot read IP mode file for STMicroelectronics.X-CUBE-BLE2.3.3.0
2023-10-28 16:39:38,451 [WARN] PackLoader:240 - Cannot read IP mode file for STMicroelectronics.X-CUBE-ALGOBUILD.1.3.0
2023-10-28 16:39:38,486 [WARN] PackLoader:240 - Cannot read IP mode file for STMicroelectronics.X-CUBE-AZRTOS-G0.1.1.0
2023-10-28 16:39:38,510 [WARN] PackLoader:240 - Cannot read IP mode file for STMicroelectronics.X-CUBE-NFC4.3.0.0
2023-10-28 16:39:38,526 [WARN] PackLoader:240 - Cannot read IP mode file for STMicroelectronics.FP-ATR-SIGFOX1.3.2.0
2023-10-28 16:39:38,577 [WARN] PackLoader:240 - Cannot read IP mode file for SEGGER.I-CUBE-embOS.1.3.1
2023-10-28 16:39:38,655 [WARN] PackLoader:240 - Cannot read IP mode file for STMicroelectronics.X-CUBE-GNSS1.6.0.0
2023-10-28 16:39:38,697 [WARN] PackLoader:240 - Cannot read IP mode file for STMicroelectronics.X-CUBE-AZRTOS-F4.1.1.0
2023-10-28 16:39:38,720 [WARN] PackLoader:240 - Cannot read IP mode file for wolfSSL.I-CUBE-wolfSSL.5.6.3
2023-10-28 16:39:38,763 [WARN] PackLoader:240 - Cannot read IP mode file for STMicroelectronics.X-CUBE-AZRTOS-L5.2.0.0
2023-10-28 16:39:38,827 [WARN] PackLoader:240 - Cannot read IP mode file for STMicroelectronics.X-CUBE-MEMS1.9.6.0
2023-10-28 16:39:39,001 [WARN] PackLoader:240 - Cannot read IP mode file for STMicroelectronics.X-CUBE-EEPRMA1.4.2.0
2023-10-28 16:39:39,036 [WARN] PackLoader:240 - Cannot read IP mode file for ITTIA_DB.I-CUBE-ITTIADB.8.8.0
2023-10-28 16:39:39,063 [WARN] PackLoader:240 - Cannot read IP mode file for STMicroelectronics.X-CUBE-BLEMGR.2.0.0
2023-10-28 16:39:39,106 [WARN] ConditionMgr:438 - getConditionDescription Invalid condition id : UX DEVICE CLASS RTOS Condition cause : null
2023-10-28 16:39:39,107 [WARN] ConditionMgr:438 - getConditionDescription Invalid condition id : UX DEVICE CLASS RTOS Condition cause : null
2023-10-28 16:39:39,111 [WARN] PackLoader:240 - Cannot read IP mode file for STMicroelectronics.X-CUBE-AZRTOS-H7.3.1.0
2023-10-28 16:39:39,113 [WARN] ConditionMgr:1039 - genDependencies : Invalid condition id : UX DEVICE CLASS RTOS Condition cause : null
2023-10-28 16:39:39,114 [WARN] ConditionMgr:1039 - genDependencies : Invalid condition id : UX DEVICE CLASS RTOS Condition cause : null
2023-10-28 16:39:39,115 [WARN] ConditionMgr:1039 - genDependencies : Invalid condition id : UX DEVICE CLASS RTOS Condition cause : null
2023-10-28 16:39:39,116 [WARN] ConditionMgr:1039 - genDependencies : Invalid condition id : UX DEVICE CLASS RTOS Condition cause : null
2023-10-28 16:39:39,116 [WARN] ConditionMgr:1039 - genDependencies : Invalid condition id : UX DEVICE CLASS RTOS Condition cause : null
2023-10-28 16:39:39,140 [WARN] PackLoader:240 - Cannot read IP mode file for STMicroelectronics.X-CUBE-NFC7.1.0.1
2023-10-28 16:39:39,168 [WARN] PackLoader:240 - Cannot read IP mode file for STMicroelectronics.X-CUBE-NFC6.3.0.0
2023-10-28 16:39:39,187 [WARN] PackLoader:240 - Cannot read IP mode file for STMicroelectronics.X-CUBE-EEPRMA1.4.1.0
2023-10-28 16:39:39,205 [WARN] PackLoader:240 - Cannot read IP mode file for STMicroelectronics.X-CUBE-AI.8.1.0
2023-10-28 16:39:39,239 [WARN] ConditionMgr:438 - getConditionDescription Invalid condition id : LAN8742 Phy interface Condition cause : null
2023-10-28 16:39:39,240 [WARN] PackLoader:240 - Cannot read IP mode file for STMicroelectronics.X-CUBE-AZRTOS-L4.2.0.0
2023-10-28 16:39:39,241 [WARN] ConditionMgr:1039 - genDependencies : Invalid condition id : LAN8742 Phy interface Condition cause : null
2023-10-28 16:39:39,242 [WARN] ConditionMgr:1039 - genDependencies : Invalid condition id : LAN8742 Phy interface Condition cause : null
2023-10-28 16:39:39,242 [WARN] ConditionMgr:1039 - genDependencies : Invalid condition id : LAN8742 Phy interface Condition cause : null
2023-10-28 16:39:39,267 [WARN] PackLoader:240 - Cannot read IP mode file for STMicroelectronics.X-CUBE-SFXS2LP1.4.0.0
2023-10-28 16:39:39,288 [WARN] PackLoader:240 - Cannot read IP mode file for STMicroelectronics.X-CUBE-ISPU.1.1.0
2023-10-28 16:39:39,323 [WARN] ConditionMgr:438 - getConditionDescription Invalid condition id : UX DEVICE CLASS RTOS Condition cause : null
2023-10-28 16:39:39,323 [WARN] ConditionMgr:438 - getConditionDescription Invalid condition id : UX DEVICE CLASS RTOS Condition cause : null
2023-10-28 16:39:39,326 [WARN] PackLoader:240 - Cannot read IP mode file for STMicroelectronics.X-CUBE-AZRTOS-WB.2.0.0
2023-10-28 16:39:39,327 [WARN] ConditionMgr:1039 - genDependencies : Invalid condition id : UX DEVICE CLASS RTOS Condition cause : null
2023-10-28 16:39:39,327 [WARN] ConditionMgr:1039 - genDependencies : Invalid condition id : UX DEVICE CLASS RTOS Condition cause : null
2023-10-28 16:39:39,327 [WARN] ConditionMgr:1039 - genDependencies : Invalid condition id : UX DEVICE CLASS RTOS Condition cause : null
2023-10-28 16:39:39,328 [WARN] ConditionMgr:1039 - genDependencies : Invalid condition id : UX DEVICE CLASS RTOS Condition cause : null
2023-10-28 16:39:39,328 [WARN] ConditionMgr:1039 - genDependencies : Invalid condition id : UX DEVICE CLASS RTOS Condition cause : null
2023-10-28 16:39:39,359 [WARN] PackLoader:240 - Cannot read IP mode file for STMicroelectronics.X-CUBE-SUBG2.5.0.0
2023-10-28 16:39:39,396 [WARN] PackLoader:240 - Cannot read IP mode file for STMicroelectronics.X-CUBE-TOF1.3.3.1
2023-10-28 16:39:39,442 [WARN] PackLoader:240 - Cannot read IP mode file for STMicroelectronics.X-CUBE-AZRTOS-G4.2.0.0
2023-10-28 16:39:39,475 [WARN] PackLoader:240 - Cannot read IP mode file for Infineon.AIROC-Wi-Fi-Bluetooth-STM32.1.5.1
2023-10-28 16:39:39,535 [WARN] PackLoader:240 - Cannot read IP mode file for STMicroelectronics.X-CUBE-MEMS1.10.0.0
2023-10-28 16:39:39,670 [WARN] PackLoader:240 - Cannot read IP mode file for STMicroelectronics.X-CUBE-FREERTOS.1.1.0
2023-10-28 16:39:39,697 [WARN] PackLoader:240 - Cannot read IP mode file for portGmbH.I-Cube-SoM-uGOAL.1.1.0
2023-10-28 16:39:39,883 [WARN] PackLoader:240 - Cannot read IP mode file for STMicroelectronics.X-CUBE-ALS.1.0.1
2023-10-28 16:39:39,902 [WARN] PackLoader:240 - Cannot read IP mode file for STMicroelectronics.FP-ATR-ASTRA1.2.0.0
2023-10-28 16:39:39,903 [INFO] ThirdParty:978 - Integrity check success = true
2023-10-28 16:39:39,903 [INFO] IntegrityCheckThread:100 - exiting critical section [integrity check]
2023-10-28 16:39:39,903 [INFO] IntegrityCheckThread:103 - End integrity checks thread
2023-10-28 16:39:49,428 [ERROR] LogOutputStream:75 - [STDERR_REDIRECT] SLF4J: Failed to load class "org.slf4j.impl.StaticLoggerBinder".
2023-10-28 16:39:49,428 [ERROR] LogOutputStream:75 - [STDERR_REDIRECT] SLF4J: Defaulting to no-operation (NOP) logger implementation
2023-10-28 16:39:49,430 [ERROR] LogOutputStream:75 - [STDERR_REDIRECT] SLF4J: See http://www.slf4j.org/codes.html#StaticLoggerBinder for further details.
2023-10-28 16:42:28,927 [INFO] McuFinderGlobals:63 - Set McuFinder mode to 2 (CubeIDE integrated)
2023-10-28 16:42:28,963 [INFO] MainUpdater:2868 - connection check result : 10
2023-10-28 16:42:28,972 [INFO] MainUpdater:2868 - connection check result : 10
2023-10-28 16:42:29,217 [INFO] MicroXplorer:468 - Change Database Path : 
2023-10-28 16:42:29,217 [INFO] MicroXplorer:498 - Change Database Version : DB.6.0.92
2023-10-28 16:42:29,222 [WARN] ThirdParty:871 - waiting for thirdparty lock release [close project]
2023-10-28 16:42:29,222 [INFO] ThirdParty:873 - entering critical section [close project]
2023-10-28 16:42:29,223 [INFO] ThirdParty:883 - exiting critical section [close project]
2023-10-28 16:42:29,225 [INFO] PinOutPanel:1499 - setPackage(No Configuration,No Configuration)
2023-10-28 16:42:29,233 [INFO] UtilMem:75 - Begin LoadConfig() Used Memory: 574978696 Bytes (785383424)
2023-10-28 16:42:29,268 [INFO] MicroXplorer:468 - Change Database Path : C:/Users/singh/.stm32cubemx/databases/DB.6.0.91/db/
2023-10-28 16:42:29,268 [INFO] MicroXplorer:498 - Change Database Version : DB.6.0.91
2023-10-28 16:42:32,473 [INFO] OpenFileManager:308 - Change cursor
2023-10-28 16:42:32,513 [INFO] Mcu:1946 - Initializing MCU STM32F446R(C-E)Tx STM32F446RETx STM32F446RET6
2023-10-28 16:42:35,157 [INFO] Context:659 - Trying to add GPIOservice into a context  which must be forbidden
2023-10-28 16:42:36,108 [INFO] RtosManager:555 - Registered RTOS mode: class=CMSIS, group=RTOS, mode=CMSIS_V1, owner=FREERTOS
2023-10-28 16:42:36,108 [INFO] RtosManager:555 - Registered RTOS mode: class=CMSIS, group=RTOS2, mode=CMSIS_V2, owner=FREERTOS
2023-10-28 16:42:36,109 [INFO] RtosManager:555 - Registered RTOS mode: class=RTOS, group=Core, mode=CMSIS_V1, owner=FREERTOS
2023-10-28 16:42:36,109 [INFO] RtosManager:555 - Registered RTOS mode: class=RTOS, group=Core, mode=CMSIS_V2, owner=FREERTOS
2023-10-28 16:42:36,109 [WARN] ModelIntegratedComponent:184 - Missing modes for component STMicroelectronics:FreeRTOS:0.0.1:STMicroelectronics:RTOS:FreeRTOS:Core:::10.2.0:
2023-10-28 16:42:36,126 [WARN] ModelIntegratedComponent:63 - No mode defined for component null
2023-10-28 16:42:36,126 [WARN] ModelIntegratedComponent:63 - No mode defined for component null
2023-10-28 16:42:36,126 [WARN] ModelIntegratedComponent:63 - No mode defined for component null
2023-10-28 16:42:36,126 [WARN] ModelIntegratedComponent:63 - No mode defined for component null
2023-10-28 16:42:36,126 [WARN] ModelIntegratedComponent:63 - No mode defined for component null
2023-10-28 16:42:36,127 [WARN] ModelIntegratedComponent:63 - No mode defined for component null
2023-10-28 16:42:36,127 [WARN] ModelIntegratedComponent:63 - No mode defined for component null
2023-10-28 16:42:36,127 [WARN] ModelIntegratedComponent:63 - No mode defined for component null
2023-10-28 16:42:36,127 [WARN] ModelIntegratedComponent:63 - No mode defined for component null
2023-10-28 16:42:36,127 [WARN] ModelIntegratedComponent:63 - No mode defined for component null
2023-10-28 16:42:36,127 [WARN] ModelIntegratedComponent:63 - No mode defined for component null
2023-10-28 16:42:36,128 [WARN] ModelIntegratedComponent:63 - No mode defined for component null
2023-10-28 16:42:36,128 [WARN] ModelIntegratedComponent:63 - No mode defined for component null
2023-10-28 16:42:36,128 [WARN] ModelIntegratedComponent:63 - No mode defined for component null
2023-10-28 16:42:36,128 [WARN] ModelIntegratedComponent:63 - No mode defined for component null
2023-10-28 16:42:36,128 [WARN] ModelIntegratedComponent:63 - No mode defined for component null
2023-10-28 16:42:36,128 [WARN] ModelIntegratedComponent:63 - No mode defined for component null
2023-10-28 16:42:36,128 [WARN] ModelIntegratedComponent:63 - No mode defined for component null
2023-10-28 16:42:36,128 [WARN] ModelIntegratedComponent:63 - No mode defined for component null
2023-10-28 16:42:36,128 [WARN] ModelIntegratedComponent:63 - No mode defined for component null
2023-10-28 16:42:36,128 [WARN] ModelIntegratedComponent:63 - No mode defined for component null
2023-10-28 16:42:36,128 [WARN] ModelIntegratedComponent:63 - No mode defined for component null
2023-10-28 16:42:36,129 [WARN] ModelIntegratedComponent:63 - No mode defined for component null
2023-10-28 16:42:36,129 [WARN] ModelIntegratedComponent:63 - No mode defined for component null
2023-10-28 16:42:36,129 [WARN] ModelIntegratedComponent:63 - No mode defined for component null
2023-10-28 16:42:36,129 [WARN] ModelIntegratedComponent:63 - No mode defined for component null
2023-10-28 16:42:36,129 [WARN] ModelIntegratedComponent:63 - No mode defined for component null
2023-10-28 16:42:36,129 [WARN] ModelIntegratedComponent:63 - No mode defined for component null
2023-10-28 16:42:36,129 [WARN] ModelIntegratedComponent:63 - No mode defined for component null
2023-10-28 16:42:36,129 [WARN] ModelIntegratedComponent:63 - No mode defined for component null
2023-10-28 16:42:36,129 [WARN] ModelIntegratedComponent:63 - No mode defined for component null
2023-10-28 16:42:36,129 [WARN] ModelIntegratedComponent:63 - No mode defined for component null
2023-10-28 16:42:36,130 [WARN] ModelIntegratedComponent:63 - No mode defined for component null
2023-10-28 16:42:36,316 [INFO] ThirdPartyModel:298 - Start build external matchings
2023-10-28 16:42:36,863 [INFO] ThirdPartyModel:316 - End build external matchings
2023-10-28 16:42:36,890 [INFO] ImportTextPane:194 - (OptionalMessage_ERROR) IP (RCC) : Invalid parameter (48MHZClocksFreq_Value)
2023-10-28 16:42:36,890 [INFO] ImportTextPane:194 - (OptionalMessage_ERROR) IP (RCC) : Invalid parameter (EthernetFreq_Value)
2023-10-28 16:42:36,892 [INFO] ImportTextPane:194 - (OptionalMessage_ERROR) IP (RCC) : Parameter (FLatency) has Id (AdvancedSettings) currently not set
2023-10-28 16:42:36,892 [INFO] ImportTextPane:194 - (OptionalMessage_ERROR) IP (RCC) : Invalid parameter (FamilyName)
2023-10-28 16:42:36,892 [INFO] ImportTextPane:194 - (OptionalMessage_ERROR) IP (RCC) : Invalid parameter (I2SClocksFreq_Value)
2023-10-28 16:42:36,893 [INFO] ImportTextPane:194 - (OptionalMessage_ERROR) IP (RCC) : Parameter (SDIOFreq_Value) has invalid value (168000000)
2023-10-28 16:42:36,893 [INFO] ImportTextPane:194 - (OptionalMessage_ERROR) IP (RCC) : Parameter (USBFreq_Value) has invalid value (168000000)
2023-10-28 16:42:36,894 [INFO] ImportTextPane:194 - (OptionalMessage_ERROR) IP (RCC) : Invalid parameter (VCOInputMFreq_Value)
2023-10-28 16:42:36,894 [INFO] ImportTextPane:194 - (OptionalMessage_ERROR) IP (RCC) : Invalid parameter (VcooutputI2S)
2023-10-28 16:42:37,333 [INFO] UtilMem:75 - End LoadConfig() Used Memory: 594417272 Bytes (1040187392)
2023-10-28 16:42:37,486 [INFO] ApiDb:581 - Connected to CubeFinder SQLite database (C:\Users\singh\.stmcufinder\plugins\mcufinder\mcu\cube-finder-db.db)
2023-10-28 16:42:37,653 [INFO] ApiDb:668 - CubeFinder database Data Model version=2.1
2023-10-28 16:42:37,653 [INFO] ApiDb:669 - CubeFinder database Configuration version=3.0.37
2023-10-28 16:42:37,653 [INFO] ApiDb:670 - CubeFinder database generation date=2023-10-13 (1697197505)
2023-10-28 16:42:37,654 [INFO] ApiDb:671 - CubeFinder database FW Pack versions=[FP-ATR-ASTRA1_V2.0.0, FP-SNS-FLIGHT1_V5.0.1, FP-SNS-FLIGHT1_V5.0.2, FP-SNS-MOTENV1_V4.3.1, FP-SNS-MOTENV1_V4.3.2, FP-SNS-SMARTAG2_V1.2.0, I-CUBE-ITTIADB_V8.6.3-1, STM32Cube_FW_C0_V1.1.0, STM32Cube_FW_F4_V1.27.1, STM32Cube_FW_F7_V1.17.0, STM32Cube_FW_G0_V1.6.1, STM32Cube_FW_G4_V1.5.1, STM32Cube_FW_H5_V0.5.1, STM32Cube_FW_H5_V1.1.1, STM32Cube_FW_H7_V1.11.0, STM32Cube_FW_L0_V1.12.2, STM32Cube_FW_L5_V1.5.0, STM32Cube_FW_U5_V1.3.0, STM32Cube_FW_U5_V1.3.0RC4, STM32Cube_FW_WBA_V1.0.0RC1, STM32Cube_FW_WBA_V1.1.0RC1, STM32Cube_FW_WBA_V1.1.1, STM32Cube_FW_WB_V1.15.0RC1, STM32Cube_FW_WB_V1.16.0, STM32Cube_FW_WB_V1.16.0RC2, STM32Cube_FW_WB_V1.17.3, STM32Cube_FW_WL_V1.3.0, X-CUBE-ALGOBUILD_V1.3.0, X-CUBE-ALS_V1.0.1, X-CUBE-AZRTOS-F4_V1.1.0, X-CUBE-AZRTOS-F7_V1.1.0, X-CUBE-AZRTOS-G0_V1.1.0, X-CUBE-AZRTOS-G4_V2.0.0, X-CUBE-AZRTOS-H7_V3.1.0, X-CUBE-AZRTOS-L4_V1.0.0, X-CUBE-AZRTOS-L4_V2.0.0, X-CUBE-AZRTOS-L5_V1.1.0, X-CUBE-AZRTOS-WB_V2.0.0, X-CUBE-AZRTOS-WL_V2.0.0, X-CUBE-BLE1_V7.0.0, X-CUBE-BLE2_V3.3.0, X-CUBE-BLEMGR_V2.0.0, X-CUBE-EEPRMA1_V4.1.0, X-CUBE-FREERTOS_V1.1.0, X-CUBE-GNSS1_V6.0.0, X-CUBE-MEMS1_V10.0.0, X-CUBE-MEMS1_V9.1.0, X-CUBE-MEMS1_V9.4.0, X-CUBE-MEMS1_V9.6.0, X-CUBE-NFC4_V3.0.0, X-CUBE-NFC7_V1.0.1, X-CUBE-SFXS2LP1_V4.0.0, X-CUBE-SUBG2_V5.0.0, X-CUBE-TOF1_V3.3.1]
2023-10-28 16:42:40,707 [INFO] ApiDb:240 - Found 323 in-development CPN: [B-G473E-ZEST1S, B-WB1M-WPAN1, B-WL5M-SUBG1, NUCLEO-C031C6, NUCLEO-H503RB, NUCLEO-H563ZI, NUCLEO-U545RE-Q, NUCLEO-U5A5ZJ-Q, NUCLEO-WBA52CG, STEVAL-PROTEUS1, STEVAL-SMARTAG2, STEVAL-STWINBX1, STM320518-EVAL, STM32C0116-DK, STM32C011D6Y3TR, STM32C011D6Y6TR, STM32C011F4P3, STM32C011F4P6, STM32C011F4U3, STM32C011F4U6TR, STM32C011F6P3, STM32C011F6P6, STM32C011F6U3, STM32C011F6U6TR, STM32C011J4M3, STM32C011J4M6, STM32C011J6M3, STM32C011J6M6, STM32C0316-DK, STM32C031C4T3, STM32C031C4T6, STM32C031C4U3, STM32C031C4U6, STM32C031C6T3, STM32C031C6T6, STM32C031C6U3, STM32C031C6U6, STM32C031F4P3, STM32C031F4P6, STM32C031F6P3, STM32C031F6P6, STM32C031G4U3, STM32C031G4U6, STM32C031G6U3, STM32C031G6U6, STM32C031K4T3, STM32C031K4T6, STM32C031K4U3, STM32C031K4U6, STM32C031K6T3, STM32C031K6T6, STM32C031K6U3, STM32C031K6U6, STM32G071K8TXN, STM32G071K8UXN, STM32G081GBU6N, STM32G081KBT6N, STM32G081KBUXN, STM32G0B1CCT6N, STM32G0B1KCT6, STM32G0B1NEY6TR, STM32G0B1RCT6N, STM32G0C1CCT6, STM32G0C1CCT6N, STM32G0C1CCU6N, STM32G0C1CET6N, STM32G0C1CEU6N, STM32G0C1KCT6, STM32G0C1NEY6TR, STM32G0C1RCI6N, STM32G0C1RCT6N, STM32G0C1REI6N, STM32G0C1RET6N, STM32G0C1VCI6, STM32G0C1VEI6, STM32G471CCT6, STM32G471CCU6, STM32G471CET3, STM32G471CET6, STM32G471CEU3, STM32G471CEU6, STM32G471MCT6, STM32G471MET3, STM32G471MET6, STM32G471MEY6TR, STM32G471QCT6, STM32G471QET3, STM32G471RCT6, STM32G471RET3, STM32G471RET6, STM32G471VCH6, STM32G471VCI6, STM32G471VCT6, STM32G471VEH3, STM32G471VEH6, STM32G471VEI3, STM32G471VEI6, STM32G471VET3, STM32G471VET6, STM32G474CCT6, STM32H503CBT6, STM32H503CBU6, STM32H503EBY6TR, STM32H503KBU6, STM32H503RBT6, STM32H562AGI6, STM32H562AII6, STM32H562IGK6, STM32H562IGT6, STM32H562IIK6, STM32H562IIT6, STM32H562RGT6, STM32H562RGV6, STM32H562RIT6, STM32H562RIV6, STM32H562VGT6, STM32H562VIT6, STM32H562ZGT6, STM32H562ZIT6, STM32H563AGI6, STM32H563AII3Q, STM32H563AII6, STM32H563IGK6, STM32H563IGT6, STM32H563IIK3Q, STM32H563IIK6, STM32H563IIT3Q, STM32H563IIT6, STM32H563MIY3QTR, STM32H563RGT6, STM32H563RGV6, STM32H563RIT6, STM32H563RIV6, STM32H563VGT6, STM32H563VIT3Q, STM32H563VIT6, STM32H563ZGT6, STM32H563ZIT3Q, STM32H563ZIT6, STM32H573AII3Q, STM32H573AII6, STM32H573I-DK, STM32H573IIK3Q, STM32H573IIK6, STM32H573IIT3Q, STM32H573IIT6, STM32H573MIY3QTR, STM32H573RIT6, STM32H573RIV6, STM32H573VIT3Q, STM32H573VIT6, STM32H573ZIT3Q, STM32H573ZIT6, STM32L4R5QGI6STR, STM32MP131AAE3, STM32MP131AAF3, STM32MP131AAG3, STM32MP131CAE3, STM32MP131CAF3, STM32MP131CAG3, STM32MP131DAE7, STM32MP131DAF7, STM32MP131DAG7, STM32MP131FAE7, STM32MP131FAF7, STM32MP131FAG7, STM32MP133AAE3, STM32MP133AAF3, STM32MP133AAG3, STM32MP133CAE3, STM32MP133CAF3, STM32MP133CAG3, STM32MP133DAE7, STM32MP133DAF7, STM32MP133DAG7, STM32MP133FAE7, STM32MP133FAF7, STM32MP133FAG7, STM32MP135AAE3, STM32MP135AAF3, STM32MP135AAG3, STM32MP135CAE3, STM32MP135CAF3, STM32MP135CAG3, STM32MP135DAE7, STM32MP135DAF7, STM32MP135DAG7, STM32MP135F-DK, STM32MP135FAE7, STM32MP135FAF7, STM32MP135FAF7T, STM32MP135FAF7U, STM32MP135FAG7, STM32U535CBT6, STM32U535CBT6Q, STM32U535CBU6, STM32U535CBU6Q, STM32U535CCT6, STM32U535CCT6Q, STM32U535CCU6, STM32U535CCU6Q, STM32U535CET6, STM32U535CET6Q, STM32U535CEU6, STM32U535CEU6Q, STM32U535JEY6QTR, STM32U535NCY6QTR, STM32U535NEY6QTR, STM32U535RBI6, STM32U535RBI6Q, STM32U535RBT6, STM32U535RBT6Q, STM32U535RCI6, STM32U535RCI6Q, STM32U535RCT6, STM32U535RCT6Q, STM32U535REI6, STM32U535REI6Q, STM32U535RET6, STM32U535RET6Q, STM32U535VCI6, STM32U535VCI6Q, STM32U535VCT6, STM32U535VCT6Q, STM32U535VEI6, STM32U535VEI6Q, STM32U535VET6, STM32U535VET6Q, STM32U545CET6, STM32U545CET6Q, STM32U545CEU6, STM32U545CEU6Q, STM32U545JEY6QTR, STM32U545NEY6QTR, STM32U545REI6, STM32U545REI6Q, STM32U545RET6, STM32U545RET6Q, STM32U545VEI6, STM32U545VEI6Q, STM32U545VET6, STM32U545VET6Q, STM32U595AIH6, STM32U595AIH6Q, STM32U595AJH6, STM32U595AJH6Q, STM32U595QII6, STM32U595QII6Q, STM32U595QJI6, STM32U595QJI6Q, STM32U595RIT6, STM32U595RIT6Q, STM32U595RJT6, STM32U595RJT6Q, STM32U595VIT6, STM32U595VIT6Q, STM32U595VJT6, STM32U595VJT6Q, STM32U595ZIT6, STM32U595ZIT6Q, STM32U595ZIY6QTR, STM32U595ZJT6, STM32U595ZJT6Q, STM32U595ZJY6QTR, STM32U599BJY6QTR, STM32U599NIH6Q, STM32U599NJH6Q, STM32U599VIT6Q, STM32U599VJT6, STM32U599VJT6Q, STM32U599ZIT6Q, STM32U599ZIY6QTR, STM32U599ZJT6Q, STM32U599ZJY6QTR, STM32U5A5AJH6, STM32U5A5AJH6Q, STM32U5A5QJI6, STM32U5A5QJI6Q, STM32U5A5RJT6, STM32U5A5RJT6Q, STM32U5A5VJT6, STM32U5A5VJT6Q, STM32U5A5ZJT6, STM32U5A5ZJT6Q, STM32U5A5ZJY6QTR, STM32U5A9BJY6QTR, STM32U5A9J-DK, STM32U5A9NJH6Q, STM32U5A9VJT6Q, STM32U5A9ZJT6Q, STM32U5A9ZJY6QTR, STM32U5F7VIT6, STM32U5F7VIT6Q, STM32U5F7VJT6, STM32U5F7VJT6Q, STM32U5F9BJY6QTR, STM32U5F9NJH6Q, STM32U5F9VIT6Q, STM32U5F9VJT6Q, STM32U5F9ZIJ6QTR, STM32U5F9ZIT6Q, STM32U5F9ZJJ6QTR, STM32U5F9ZJT6Q, STM32U5G7VJT6, STM32U5G7VJT6Q, STM32U5G9BJY6QTR, STM32U5G9J-DK1, STM32U5G9J-DK2, STM32U5G9NJH6Q, STM32U5G9VJT6Q, STM32U5G9ZJJ6QTR, STM32U5G9ZJT6Q, STM32WB1MMCH6, STM32WBA52CEU6, STM32WBA52CEU6T, STM32WBA52CGU6, STM32WBA52CGU6T, STM32WBA52KEU6, STM32WBA52KEU6T, STM32WBA52KGU6, STM32WBA52KGU6T, STM32WL5MOCH6, STM32WL5MOCH6TR]
2023-10-28 16:42:40,713 [INFO] DbMcus:217 - Found 3848 MCUs, 3848 are supported
2023-10-28 16:42:40,715 [INFO] ApiDb:423 - Load user favorites file C:\Users\singh/.stm32cubeide/favorites.mcus.txt: 0 item(s)
2023-10-28 16:42:40,716 [INFO] ApiDb:427 - User favorites MCUs=[]
2023-10-28 16:42:40,716 [INFO] DbMcus:223 - Set 0 / 0 favorites MCUs
2023-10-28 16:42:41,193 [WARN] ThirdParty:833 - waiting for thirdparty lock release [change project]
2023-10-28 16:42:41,193 [INFO] ThirdParty:835 - entering critical section [change project]
2023-10-28 16:42:41,194 [INFO] ThirdParty:1030 - CMSIS Pack Vendor :STMicroelectronics X-CUBE-ISPU 1.1.0
2023-10-28 16:42:41,194 [INFO] ThirdParty:1030 - CMSIS Pack Vendor :STMicroelectronics USBPD 4.1
2023-10-28 16:42:41,194 [INFO] ThirdParty:1030 - CMSIS Pack Vendor :STMicroelectronics X-CUBE-GNSS1 6.0.0
2023-10-28 16:42:41,194 [INFO] ThirdParty:1030 - CMSIS Pack Vendor :STMicroelectronics USB_HOST 2.0.0
2023-10-28 16:42:41,194 [INFO] ThirdParty:1030 - CMSIS Pack Vendor :STMicroelectronics X-CUBE-AZRTOS-F4 1.1.0
2023-10-28 16:42:41,194 [INFO] ThirdParty:1030 - CMSIS Pack Vendor :STMicroelectronics LIBJPEG 8.0.0
2023-10-28 16:42:41,194 [INFO] ThirdParty:1030 - CMSIS Pack Vendor :wolfSSL I-CUBE-wolfSSL 5.6.3
2023-10-28 16:42:41,194 [INFO] ThirdParty:1030 - CMSIS Pack Vendor :STMicroelectronics X-CUBE-SMBUS 2.1.0
2023-10-28 16:42:41,194 [INFO] ThirdParty:1030 - CMSIS Pack Vendor :STMicroelectronics USB_DEVICE 3.0.0
2023-10-28 16:42:41,194 [INFO] ThirdParty:1030 - CMSIS Pack Vendor :STMicroelectronics X-CUBE-AZRTOS-WB 2.0.0
2023-10-28 16:42:41,194 [INFO] ThirdParty:1030 - CMSIS Pack Vendor :STMicroelectronics X-CUBE-AZRTOS-F7 1.1.0
2023-10-28 16:42:41,194 [INFO] ThirdParty:1030 - CMSIS Pack Vendor :STMicroelectronics X-CUBE-AZRTOS-L5 2.0.0
2023-10-28 16:42:41,195 [INFO] ThirdParty:1030 - CMSIS Pack Vendor :STMicroelectronics USB_DEVICE 2.0.0
2023-10-28 16:42:41,195 [INFO] ThirdParty:1030 - CMSIS Pack Vendor :STMicroelectronics X-CUBE-MEMS1 9.6.0
2023-10-28 16:42:41,195 [INFO] ThirdParty:1030 - CMSIS Pack Vendor :STMicroelectronics X-CUBE-EEPRMA1 4.2.0
2023-10-28 16:42:41,195 [INFO] ThirdParty:1030 - CMSIS Pack Vendor :ITTIA_DB I-CUBE-ITTIADB 8.8.0
2023-10-28 16:42:41,195 [INFO] ThirdParty:1030 - CMSIS Pack Vendor :STMicroelectronics FP-SNS-MOTENV1 4.3.2
2023-10-28 16:42:41,195 [INFO] ThirdParty:1030 - CMSIS Pack Vendor :STMicroelectronics X-CUBE-ALGOBUILD 1.3.0
2023-10-28 16:42:41,195 [INFO] ThirdParty:1030 - CMSIS Pack Vendor :STMicroelectronics FreeRTOS 0.0.1
2023-10-28 16:42:41,195 [INFO] ThirdParty:1030 - CMSIS Pack Vendor :STMicroelectronics X-CUBE-AZRTOS-G0 1.1.0
2023-10-28 16:42:41,195 [INFO] ThirdParty:1030 - CMSIS Pack Vendor :STMicroelectronics X-CUBE-BLEMGR 2.0.0
2023-10-28 16:42:41,195 [INFO] ThirdParty:1030 - CMSIS Pack Vendor :STMicroelectronics X-CUBE-NFC4 3.0.0
2023-10-28 16:42:41,195 [INFO] ThirdParty:1030 - CMSIS Pack Vendor :STMicroelectronics X-CUBE-SUBG2 5.0.0
2023-10-28 16:42:41,195 [INFO] ThirdParty:1030 - CMSIS Pack Vendor :STMicroelectronics STM32_WPAN 1.0.0
2023-10-28 16:42:41,195 [INFO] ThirdParty:1030 - CMSIS Pack Vendor :STMicroelectronics lwIP 2.0.3
2023-10-28 16:42:41,195 [INFO] ThirdParty:1030 - CMSIS Pack Vendor :STMicroelectronics FP-SNS-FLIGHT1 5.0.2
2023-10-28 16:42:41,195 [INFO] ThirdParty:1030 - CMSIS Pack Vendor :STMicroelectronics USB_HOST 1.0.0
2023-10-28 16:42:41,196 [INFO] ThirdParty:1030 - CMSIS Pack Vendor :STMicroelectronics X-CUBE-TOF1 3.3.1
2023-10-28 16:42:41,196 [INFO] ThirdParty:1030 - CMSIS Pack Vendor :STMicroelectronics X-CUBE-AZRTOS-G4 2.0.0
2023-10-28 16:42:41,196 [INFO] ThirdParty:1030 - CMSIS Pack Vendor :STMicroelectronics PDM2PCM 3.1.0
2023-10-28 16:42:41,196 [INFO] ThirdParty:1030 - CMSIS Pack Vendor :STMicroelectronics X-CUBE-AZRTOS-H7 3.1.0
2023-10-28 16:42:41,196 [INFO] ThirdParty:1030 - CMSIS Pack Vendor :Infineon AIROC-Wi-Fi-Bluetooth-STM32 1.5.1
2023-10-28 16:42:41,196 [INFO] ThirdParty:1030 - CMSIS Pack Vendor :STMicroelectronics PDM2PCM 3.3.0
2023-10-28 16:42:41,196 [INFO] ThirdParty:1030 - CMSIS Pack Vendor :STMicroelectronics X-CUBE-DISPLAY 3.0.0
2023-10-28 16:42:41,196 [INFO] ThirdParty:1030 - CMSIS Pack Vendor :STMicroelectronics X-CUBE-BLE1 7.0.0
2023-10-28 16:42:41,196 [INFO] ThirdParty:1030 - CMSIS Pack Vendor :STMicroelectronics FP-ATR-SIGFOX1 3.2.0
2023-10-28 16:42:41,196 [INFO] ThirdParty:1030 - CMSIS Pack Vendor :STMicroelectronics HAL Drivers 0.0.0
2023-10-28 16:42:41,196 [INFO] ThirdParty:1030 - CMSIS Pack Vendor :STMicroelectronics MBEDTLS 2.16.2
2023-10-28 16:42:41,196 [INFO] ThirdParty:1030 - CMSIS Pack Vendor :emotas I-CUBE-CANOPEN 1.3.0
2023-10-28 16:42:41,196 [INFO] ThirdParty:1030 - CMSIS Pack Vendor :STMicroelectronics X-CUBE-MEMS1 10.0.0
2023-10-28 16:42:41,196 [INFO] ThirdParty:1030 - CMSIS Pack Vendor :STMicroelectronics X-CUBE-FREERTOS 1.1.0
2023-10-28 16:42:41,196 [INFO] ThirdParty:1030 - CMSIS Pack Vendor :STMicroelectronics X-CUBE-TOUCHGFX 4.22.0
2023-10-28 16:42:41,197 [INFO] ThirdParty:1030 - CMSIS Pack Vendor :STMicroelectronics X-CUBE-NFC7 1.0.1
2023-10-28 16:42:41,197 [INFO] ThirdParty:1030 - CMSIS Pack Vendor :STMicroelectronics MBEDTLS 2.14.1
2023-10-28 16:42:41,197 [INFO] ThirdParty:1030 - CMSIS Pack Vendor :STMicroelectronics X-CUBE-TOUCHGFX 4.22.1
2023-10-28 16:42:41,197 [INFO] ThirdParty:1030 - CMSIS Pack Vendor :STMicroelectronics X-CUBE-NFC6 3.0.0
2023-10-28 16:42:41,197 [INFO] ThirdParty:1030 - CMSIS Pack Vendor :STMicroelectronics X-CUBE-EEPRMA1 4.1.0
2023-10-28 16:42:41,197 [INFO] ThirdParty:1030 - CMSIS Pack Vendor :portGmbH I-Cube-SoM-uGOAL 1.1.0
2023-10-28 16:42:41,197 [INFO] ThirdParty:1030 - CMSIS Pack Vendor :STMicroelectronics X-CUBE-ALS 1.0.1
2023-10-28 16:42:41,197 [INFO] ThirdParty:1030 - CMSIS Pack Vendor :STMicroelectronics ThreadX 1.0.0
2023-10-28 16:42:41,197 [INFO] ThirdParty:1030 - CMSIS Pack Vendor :STMicroelectronics FP-SNS-SMARTAG2 1.2.0
2023-10-28 16:42:41,197 [INFO] ThirdParty:1030 - CMSIS Pack Vendor :STMicroelectronics X-CUBE-AZRTOS-WL 2.0.0
2023-10-28 16:42:41,197 [INFO] ThirdParty:1030 - CMSIS Pack Vendor :SEGGER I-CUBE-embOS 1.3.1
2023-10-28 16:42:41,197 [INFO] ThirdParty:1030 - CMSIS Pack Vendor :STMicroelectronics USB_DEVICE 1.0.0
2023-10-28 16:42:41,198 [INFO] ThirdParty:1030 - CMSIS Pack Vendor :STMicroelectronics X-CUBE-AI 8.1.0
2023-10-28 16:42:41,198 [INFO] ThirdParty:1030 - CMSIS Pack Vendor :STMicroelectronics X-CUBE-AZRTOS-L4 2.0.0
2023-10-28 16:42:41,198 [INFO] ThirdParty:1030 - CMSIS Pack Vendor :STMicroelectronics ThreadX 0.0.2
2023-10-28 16:42:41,198 [INFO] ThirdParty:1030 - CMSIS Pack Vendor :WES I-CUBE-Cesium 1.3.0
2023-10-28 16:42:41,198 [INFO] ThirdParty:1030 - CMSIS Pack Vendor :STMicroelectronics FP-ATR-ASTRA1 2.0.0
2023-10-28 16:42:41,198 [INFO] ThirdParty:1030 - CMSIS Pack Vendor :STMicroelectronics lwIP 2.1.2
2023-10-28 16:42:41,198 [INFO] ThirdParty:1030 - CMSIS Pack Vendor :STMicroelectronics X-CUBE-SFXS2LP1 4.0.0
2023-10-28 16:42:41,198 [INFO] ThirdParty:1030 - CMSIS Pack Vendor :STMicroelectronics X-CUBE-BLE2 3.3.0
2023-10-28 16:42:41,198 [INFO] ThirdParty:1030 - CMSIS Pack Vendor :STMicroelectronics PDM2PCM 3.2.0
2023-10-28 16:42:41,198 [INFO] ThirdParty:841 - exiting critical section [change project]
2023-10-28 16:42:41,757 [INFO] PinOutPanel:1499 - setPackage(No Configuration,No Configuration)
2023-10-28 16:42:41,760 [INFO] PinOutPanel:1499 - setPackage(STM32F446RETx,LQFP64)
2023-10-28 16:42:42,442 [INFO] UtilMem:75 - Before build in PCC Used Memory: 509717136 Bytes (1040187392)
2023-10-28 16:42:44,037 [INFO] UtilMem:75 - After build in PCC Used Memory: 555649408 Bytes (1040187392)
2023-10-28 16:42:44,095 [INFO] IPUIPlugin:80 - create IPUIPlugin
2023-10-28 16:42:44,095 [INFO] IPUIPlugin:80 - create IPUIPlugin
2023-10-28 16:42:44,095 [INFO] IPUIPlugin:80 - create IPUIPlugin
2023-10-28 16:42:44,095 [INFO] IPUIPlugin:80 - create IPUIPlugin
2023-10-28 16:42:44,095 [INFO] IPUIPlugin:80 - create IPUIPlugin
2023-10-28 16:42:44,096 [INFO] IPUIPlugin:80 - create IPUIPlugin
2023-10-28 16:42:44,096 [INFO] IPUIPlugin:80 - create IPUIPlugin
2023-10-28 16:42:44,096 [INFO] IPUIPlugin:80 - create IPUIPlugin
2023-10-28 16:42:44,096 [INFO] IPUIPlugin:80 - create IPUIPlugin
2023-10-28 16:42:44,097 [INFO] IPUIPlugin:80 - create IPUIPlugin
2023-10-28 16:42:44,097 [INFO] IPUIPlugin:80 - create IPUIPlugin
2023-10-28 16:42:44,097 [INFO] IPUIPlugin:80 - create IPUIPlugin
2023-10-28 16:42:44,097 [INFO] IPUIPlugin:80 - create IPUIPlugin
2023-10-28 16:42:44,098 [INFO] IPUIPlugin:80 - create IPUIPlugin
2023-10-28 16:42:44,098 [INFO] IPUIPlugin:80 - create IPUIPlugin
2023-10-28 16:42:44,098 [INFO] IPUIPlugin:80 - create IPUIPlugin
2023-10-28 16:42:44,098 [INFO] IPUIPlugin:80 - create IPUIPlugin
2023-10-28 16:42:44,099 [INFO] IPUIPlugin:80 - create IPUIPlugin
2023-10-28 16:42:44,099 [INFO] IPUIPlugin:80 - create IPUIPlugin
2023-10-28 16:42:44,099 [INFO] IPUIPlugin:80 - create IPUIPlugin
2023-10-28 16:42:44,099 [INFO] IPUIPlugin:80 - create IPUIPlugin
2023-10-28 16:42:44,100 [INFO] IPUIPlugin:80 - create IPUIPlugin
2023-10-28 16:42:44,100 [INFO] IPUIPlugin:80 - create IPUIPlugin
2023-10-28 16:42:44,100 [INFO] IPUIPlugin:80 - create IPUIPlugin
2023-10-28 16:42:44,100 [INFO] IPUIPlugin:80 - create IPUIPlugin
2023-10-28 16:42:44,102 [INFO] IPUIPlugin:80 - create IPUIPlugin
2023-10-28 16:42:44,102 [INFO] IPUIPlugin:80 - create IPUIPlugin
2023-10-28 16:42:44,102 [INFO] IPUIPlugin:80 - create IPUIPlugin
2023-10-28 16:42:44,102 [INFO] IPUIPlugin:80 - create IPUIPlugin
2023-10-28 16:42:44,103 [INFO] IPUIPlugin:80 - create IPUIPlugin
2023-10-28 16:42:44,104 [INFO] IPUIPlugin:80 - create IPUIPlugin
2023-10-28 16:42:44,104 [INFO] IPUIPlugin:80 - create IPUIPlugin
2023-10-28 16:42:44,104 [INFO] IPUIPlugin:80 - create IPUIPlugin
2023-10-28 16:42:44,105 [INFO] IPUIPlugin:80 - create IPUIPlugin
2023-10-28 16:42:44,105 [INFO] IPUIPlugin:80 - create IPUIPlugin
2023-10-28 16:42:44,106 [INFO] IPUIPlugin:80 - create IPUIPlugin
2023-10-28 16:42:44,106 [INFO] IPUIPlugin:80 - create IPUIPlugin
2023-10-28 16:42:44,106 [INFO] IPUIPlugin:80 - create IPUIPlugin
2023-10-28 16:42:44,107 [INFO] IPUIPlugin:80 - create IPUIPlugin
2023-10-28 16:42:44,107 [INFO] IPUIPlugin:80 - create IPUIPlugin
2023-10-28 16:42:44,107 [INFO] IPUIPlugin:80 - create IPUIPlugin
2023-10-28 16:42:44,108 [INFO] IPUIPlugin:80 - create IPUIPlugin
2023-10-28 16:42:44,108 [INFO] IPUIPlugin:80 - create IPUIPlugin
2023-10-28 16:42:44,108 [INFO] IPUIPlugin:80 - create IPUIPlugin
2023-10-28 16:42:44,108 [INFO] IPUIPlugin:80 - create IPUIPlugin
2023-10-28 16:42:44,108 [INFO] IPUIPlugin:80 - create IPUIPlugin
2023-10-28 16:42:44,110 [INFO] IPUIPlugin:80 - create IPUIPlugin
2023-10-28 16:42:44,110 [INFO] IPUIPlugin:80 - create IPUIPlugin
2023-10-28 16:42:44,111 [INFO] IPUIPlugin:80 - create IPUIPlugin
2023-10-28 16:42:44,111 [INFO] IPUIPlugin:80 - create IPUIPlugin
2023-10-28 16:42:44,111 [INFO] IPUIPlugin:80 - create IPUIPlugin
2023-10-28 16:42:44,111 [INFO] IPUIPlugin:80 - create IPUIPlugin
2023-10-28 16:42:44,112 [INFO] IPUIPlugin:80 - create IPUIPlugin
2023-10-28 16:42:44,112 [INFO] IPUIPlugin:80 - create IPUIPlugin
2023-10-28 16:42:44,112 [INFO] IPUIPlugin:80 - create IPUIPlugin
2023-10-28 16:42:44,114 [INFO] IPUIPlugin:80 - create IPUIPlugin
2023-10-28 16:42:44,114 [INFO] IPUIPlugin:80 - create IPUIPlugin
2023-10-28 16:42:44,115 [INFO] IPUIPlugin:80 - create IPUIPlugin
2023-10-28 16:42:44,116 [INFO] IPUIPlugin:80 - create IPUIPlugin
2023-10-28 16:42:44,116 [INFO] IPUIPlugin:80 - create IPUIPlugin
2023-10-28 16:42:44,333 [INFO] ApiDbMcu:507 - Load IP Config File for PDM2PCM
2023-10-28 16:42:44,668 [INFO] CADModel:165 - CPN selected for project levelSTM32F446RET6
2023-10-28 16:42:44,668 [INFO] CADModel:114 - Register for checkConnection events
2023-10-28 16:42:44,733 [INFO] OpenFileManager:328 - Restore cursor
