2023-09-28 12:17:38,143 [INFO] Activator:176 - 


2023-09-28 12:17:38,150 [INFO] Activator:177 - !SESSION log4j initialized
2023-09-28 12:17:43,882 [INFO] LogOutputStream:77 - [STDOUT_REDIRECT] 
2023-09-28 12:17:57,303 [INFO] ApplicationProperties:184 - Using Application install path: C:\ST\STM32CubeIDE_1.13.1\STM32CubeIDE\plugins\com.st.stm32cube.common.mx_6.9.2.202309101412
2023-09-28 12:17:57,327 [INFO] DbMcusXml:78 - Set database path to: C:\ST\STM32CubeIDE_1.13.1\STM32CubeIDE\plugins\com.st.stm32cube.common.mx_6.9.2.202309101412\\db\/mcu/
2023-09-28 12:17:57,328 [INFO] ApiDb:274 - Set plugin database path to: C:\ST\STM32CubeIDE_1.13.1\STM32CubeIDE\plugins\com.st.stm32cube.common.mx_6.9.2.202309101412\\db\/plugins/boardmanager/
2023-09-28 12:17:57,329 [WARN] ApiDb:259 - Overriding images path with different value:  => C:\ST\STM32CubeIDE_1.13.1\STM32CubeIDE\plugins\com.st.stm32cube.common.mx_6.9.2.202309101412\\db\/plugins/mcufinder/images/
2023-09-28 12:17:57,349 [INFO] ApiDb:250 - Set database path to: C:\Users\singh\.stmcufinder\plugins\mcufinder//mcu/
2023-09-28 12:17:57,351 [INFO] DbMcusAds:125 - Set database path to: C:\Users\singh\.stmcufinder\plugins\mcufinder//mcu/
2023-09-28 12:17:57,367 [INFO] CrossReferenceDbSqlite:203 - Set database path to: C:\Users\singh\.stmcufinder\plugins\mcufinder//mcu/cs/
2023-09-28 12:17:57,539 [INFO] RulesReader:64 - Compatibility file has been processed (293 Rules)
2023-09-28 12:17:57,702 [INFO] DbMcusXml:78 - Set database path to: C:\ST\STM32CubeIDE_1.13.1\STM32CubeIDE\plugins\com.st.stm32cube.common.mx_6.9.2.202309101412\\db\/mcu/
2023-09-28 12:17:57,702 [INFO] ApiDb:274 - Set plugin database path to: C:\ST\STM32CubeIDE_1.13.1\STM32CubeIDE\plugins\com.st.stm32cube.common.mx_6.9.2.202309101412\\db\/plugins/boardmanager/
2023-09-28 12:17:57,702 [INFO] ApiDb:261 - Set plugin images path to: C:\ST\STM32CubeIDE_1.13.1\STM32CubeIDE\plugins\com.st.stm32cube.common.mx_6.9.2.202309101412\\db\/plugins/mcufinder/images/
2023-09-28 12:17:57,704 [WARN] DbFile:41 - Overriding database path with different value: C:\Users\singh\.stmcufinder\plugins\mcufinder/ => C:\Users\singh\.stmcufinder\plugins\mcufinder
2023-09-28 12:17:57,704 [INFO] ApiDb:250 - Set database path to: C:\Users\singh\.stmcufinder\plugins\mcufinder//mcu/
2023-09-28 12:17:57,704 [WARN] DbFile:41 - Overriding database path with different value: C:\Users\singh\.stmcufinder\plugins\mcufinder/ => C:\Users\singh\.stmcufinder\plugins\mcufinder
2023-09-28 12:17:57,704 [INFO] DbMcusAds:125 - Set database path to: C:\Users\singh\.stmcufinder\plugins\mcufinder//mcu/
2023-09-28 12:17:57,705 [WARN] DbFile:41 - Overriding database path with different value: C:\Users\singh\.stmcufinder\plugins\mcufinder/ => C:\Users\singh\.stmcufinder\plugins\mcufinder
2023-09-28 12:17:57,705 [WARN] DbFile:41 - Overriding database path with different value: C:\Users\singh\.stmcufinder\plugins\mcufinder/ => C:\Users\singh\.stmcufinder\plugins\mcufinder
2023-09-28 12:17:57,705 [INFO] CrossReferenceDbSqlite:203 - Set database path to: C:\Users\singh\.stmcufinder\plugins\mcufinder//mcu/cs/
2023-09-28 12:17:57,851 [INFO] MainPanel:262 - HeapMemory: 268435456
2023-09-28 12:17:57,998 [INFO] DbMcusXml:78 - Set database path to: C:\ST\STM32CubeIDE_1.13.1\STM32CubeIDE\plugins\com.st.stm32cube.common.mx_6.9.2.202309101412\\db\/mcu/
2023-09-28 12:17:57,998 [INFO] ApiDb:274 - Set plugin database path to: C:\ST\STM32CubeIDE_1.13.1\STM32CubeIDE\plugins\com.st.stm32cube.common.mx_6.9.2.202309101412\\db\/plugins/boardmanager/
2023-09-28 12:17:57,998 [INFO] ApiDb:261 - Set plugin images path to: C:\ST\STM32CubeIDE_1.13.1\STM32CubeIDE\plugins\com.st.stm32cube.common.mx_6.9.2.202309101412\\db\/plugins/mcufinder/images/
2023-09-28 12:17:57,999 [WARN] DbFile:41 - Overriding database path with different value: C:\Users\singh\.stmcufinder\plugins\mcufinder/ => C:\Users\singh\.stmcufinder\plugins\mcufinder
2023-09-28 12:17:57,999 [INFO] ApiDb:250 - Set database path to: C:\Users\singh\.stmcufinder\plugins\mcufinder//mcu/
2023-09-28 12:17:57,999 [WARN] DbFile:41 - Overriding database path with different value: C:\Users\singh\.stmcufinder\plugins\mcufinder/ => C:\Users\singh\.stmcufinder\plugins\mcufinder
2023-09-28 12:17:57,999 [INFO] DbMcusAds:125 - Set database path to: C:\Users\singh\.stmcufinder\plugins\mcufinder//mcu/
2023-09-28 12:17:58,000 [WARN] DbFile:41 - Overriding database path with different value: C:\Users\singh\.stmcufinder\plugins\mcufinder/ => C:\Users\singh\.stmcufinder\plugins\mcufinder
2023-09-28 12:17:58,000 [WARN] DbFile:41 - Overriding database path with different value: C:\Users\singh\.stmcufinder\plugins\mcufinder/ => C:\Users\singh\.stmcufinder\plugins\mcufinder
2023-09-28 12:17:58,000 [INFO] CrossReferenceDbSqlite:203 - Set database path to: C:\Users\singh\.stmcufinder\plugins\mcufinder//mcu/cs/
2023-09-28 12:17:58,030 [INFO] ApplicationProperties:184 - Using Application install path: C:\ST\STM32CubeIDE_1.13.1\STM32CubeIDE\plugins\com.st.stm32cube.common.mx_6.9.2.202309101412
2023-09-28 12:17:58,033 [INFO] PluginManage:196 - Search for loadable plugins [exclusion list=, ]
2023-09-28 12:17:58,035 [INFO] PluginManage:310 - Check plugin analytics
2023-09-28 12:17:58,267 [INFO] AnalyticsPlugin:253 - Accepted Software Licenses: STM32CubeMX.6.9.1
2023-09-28 12:17:58,268 [INFO] AnalyticsPlugin:255 - Accepted CMSIS Pack Licenses: 
2023-09-28 12:17:58,268 [INFO] AnalyticsPlugin:257 - Accepted Firmware Licenses: FW.F4.1.27.0,FW.G4.1.5.0
2023-09-28 12:17:58,273 [INFO] PluginManage:359 - Loaded plugin analytics (category:tool,tabindex:-1)
2023-09-28 12:17:58,273 [INFO] PluginManage:310 - Check plugin cadmodel
2023-09-28 12:17:58,290 [INFO] CADModel:105 - Init CAD model plugin
2023-09-28 12:17:58,290 [INFO] PluginManage:359 - Loaded plugin cadmodel (category:power,tabindex:5)
2023-09-28 12:17:58,290 [INFO] PluginManage:310 - Check plugin clock
2023-09-28 12:17:58,319 [INFO] PluginManage:359 - Loaded plugin clock (category:base,tabindex:2)
2023-09-28 12:17:58,319 [INFO] PluginManage:310 - Check plugin ddr
2023-09-28 12:17:58,322 [INFO] PluginManage:359 - Loaded plugin ddr (category:tool,tabindex:6)
2023-09-28 12:17:58,322 [INFO] PluginManage:310 - Check plugin filemanager
2023-09-28 12:17:58,497 [INFO] PluginManage:359 - Loaded plugin filemanager (category:base,tabindex:10)
2023-09-28 12:17:58,497 [INFO] PluginManage:310 - Check plugin ipmanager
2023-09-28 12:17:58,510 [INFO] PluginManage:359 - Loaded plugin ipmanager (category:base,tabindex:5)
2023-09-28 12:17:58,511 [INFO] PluginManage:310 - Check plugin lpbam
2023-09-28 12:17:58,532 [INFO] PluginManage:359 - Loaded plugin lpbam (category:base,tabindex:0)
2023-09-28 12:17:58,533 [INFO] PluginManage:310 - Check plugin memorymap
2023-09-28 12:17:58,568 [INFO] PluginManage:359 - Loaded plugin memorymap (category:base,tabindex:4)
2023-09-28 12:17:58,569 [INFO] PluginManage:310 - Check plugin pinoutandconfiguration
2023-09-28 12:17:58,594 [INFO] PluginManage:359 - Loaded plugin pinoutandconfiguration (category:base,tabindex:1)
2023-09-28 12:17:58,594 [INFO] PluginManage:310 - Check plugin pinoutconfig
2023-09-28 12:17:58,723 [WARN] SupportedApi:132 - Cannot load RTOS API schema: s4s-elt-must-match.1: The content of 'definitions' must match (annotation?, (simpleType | complexType)?, (unique | key | keyref)*)). A problem was found starting at: attribute.
2023-09-28 12:17:58,902 [INFO] PluginManage:359 - Loaded plugin pinoutconfig (category:base,tabindex:0)
2023-09-28 12:17:58,903 [INFO] PluginManage:310 - Check plugin power
2023-09-28 12:17:58,928 [INFO] PluginManage:359 - Loaded plugin power (category:power,tabindex:4)
2023-09-28 12:17:58,928 [INFO] PluginManage:310 - Check plugin projectmanager
2023-09-28 12:17:58,949 [INFO] PluginManage:359 - Loaded plugin projectmanager (category:projectmanager,tabindex:3)
2023-09-28 12:17:58,949 [INFO] PluginManage:310 - Check plugin thirdparty
2023-09-28 12:17:59,321 [INFO] PluginManage:359 - Loaded plugin thirdparty (category:base,tabindex:-1)
2023-09-28 12:17:59,321 [WARN] IntegrityCheckThread:84 - waiting for thirdparty lock release [integrity check]
2023-09-28 12:17:59,322 [INFO] PluginManage:310 - Check plugin tools
2023-09-28 12:17:59,323 [INFO] IntegrityCheckThread:86 - entering critical section [integrity check]
2023-09-28 12:17:59,323 [INFO] ThirdPartyUpdaterWithRetryManager:70 - Updater plugin not ready yet. [1/15]
2023-09-28 12:17:59,367 [INFO] PluginManage:359 - Loaded plugin tools (category:base,tabindex:7)
2023-09-28 12:17:59,367 [INFO] PluginManage:310 - Check plugin tutovideos
2023-09-28 12:17:59,678 [INFO] PluginManage:359 - Loaded plugin tutovideos (category:base,tabindex:-1)
2023-09-28 12:17:59,678 [INFO] PluginManage:310 - Check plugin updater
2023-09-28 12:17:59,691 [INFO] PluginManage:359 - Loaded plugin updater (category:base,tabindex:12)
2023-09-28 12:17:59,691 [INFO] PluginManage:310 - Check plugin userauth
2023-09-28 12:17:59,698 [INFO] UserAuth:113 - Init User Auth plugin
2023-09-28 12:17:59,698 [INFO] PluginManage:359 - Loaded plugin userauth (category:base,tabindex:14)
2023-09-28 12:17:59,699 [INFO] PluginManage:283 - PluginManage : Loaded plugins [17]
2023-09-28 12:18:00,028 [INFO] PinOutPanel:1499 - setPackage(No Configuration,No Configuration)
2023-09-28 12:18:00,190 [INFO] CADModel:165 - CPN selected for project level
2023-09-28 12:18:00,190 [INFO] CADModel:114 - Register for checkConnection events
2023-09-28 12:18:00,217 [INFO] IPUIPlugin:80 - create IPUIPlugin
2023-09-28 12:18:00,217 [INFO] PluginManager:220 - loadIPPluginJar : add adc
2023-09-28 12:18:00,255 [INFO] IPUIPlugin:80 - create IPUIPlugin
2023-09-28 12:18:00,255 [INFO] PluginManager:220 - loadIPPluginJar : add aes
2023-09-28 12:18:00,295 [INFO] IPUIPlugin:80 - create IPUIPlugin
2023-09-28 12:18:00,295 [INFO] PluginManager:220 - loadIPPluginJar : add can
2023-09-28 12:18:00,314 [INFO] IPUIPlugin:80 - create IPUIPlugin
2023-09-28 12:18:00,314 [INFO] PluginManager:220 - loadIPPluginJar : add comp
2023-09-28 12:18:00,347 [INFO] IPUIPlugin:80 - create IPUIPlugin
2023-09-28 12:18:00,347 [INFO] PluginManager:220 - loadIPPluginJar : add cryp
2023-09-28 12:18:00,381 [INFO] IPUIPlugin:80 - create IPUIPlugin
2023-09-28 12:18:00,382 [INFO] PluginManager:220 - loadIPPluginJar : add dfsdm
2023-09-28 12:18:00,397 [INFO] IPUIPlugin:80 - create IPUIPlugin
2023-09-28 12:18:00,397 [INFO] PluginManager:220 - loadIPPluginJar : add dma
2023-09-28 12:18:00,433 [INFO] IPUIPlugin:80 - create IPUIPlugin
2023-09-28 12:18:00,433 [INFO] PluginManager:220 - loadIPPluginJar : add dma3
2023-09-28 12:18:00,452 [INFO] IPUIPlugin:80 - create IPUIPlugin
2023-09-28 12:18:00,452 [INFO] PluginManager:220 - loadIPPluginJar : add fatfs
2023-09-28 12:18:00,498 [INFO] IPUIPlugin:80 - create IPUIPlugin
2023-09-28 12:18:00,498 [INFO] PluginManager:220 - loadIPPluginJar : add fmc
2023-09-28 12:18:00,513 [INFO] IPUIPlugin:80 - create IPUIPlugin
2023-09-28 12:18:00,513 [INFO] PluginManager:220 - loadIPPluginJar : add freertos
2023-09-28 12:18:00,531 [INFO] IPUIPlugin:80 - create IPUIPlugin
2023-09-28 12:18:00,531 [INFO] PluginManager:220 - loadIPPluginJar : add genericplugin
2023-09-28 12:18:00,614 [INFO] IPUIPlugin:80 - create IPUIPlugin
2023-09-28 12:18:00,614 [INFO] PluginManager:220 - loadIPPluginJar : add gfxmmu
2023-09-28 12:18:00,716 [INFO] IPUIPlugin:80 - create IPUIPlugin
2023-09-28 12:18:00,716 [INFO] PluginManager:220 - loadIPPluginJar : add gic
2023-09-28 12:18:00,730 [INFO] IPUIPlugin:80 - create IPUIPlugin
2023-09-28 12:18:00,730 [INFO] PluginManager:220 - loadIPPluginJar : add gpio
2023-09-28 12:18:00,814 [INFO] IPUIPlugin:80 - create IPUIPlugin
2023-09-28 12:18:00,814 [INFO] PluginManager:220 - loadIPPluginJar : add gtzc
2023-09-28 12:18:00,842 [INFO] IPUIPlugin:80 - create IPUIPlugin
2023-09-28 12:18:00,842 [INFO] PluginManager:220 - loadIPPluginJar : add hash
2023-09-28 12:18:00,893 [INFO] IPUIPlugin:80 - create IPUIPlugin
2023-09-28 12:18:00,893 [INFO] PluginManager:220 - loadIPPluginJar : add i2c
2023-09-28 12:18:00,925 [INFO] IPUIPlugin:80 - create IPUIPlugin
2023-09-28 12:18:00,925 [INFO] PluginManager:220 - loadIPPluginJar : add i2s
2023-09-28 12:18:00,967 [INFO] IPUIPlugin:80 - create IPUIPlugin
2023-09-28 12:18:00,967 [INFO] PluginManager:220 - loadIPPluginJar : add i3c
2023-09-28 12:18:01,060 [INFO] IPUIPlugin:80 - create IPUIPlugin
2023-09-28 12:18:01,060 [INFO] PluginManager:220 - loadIPPluginJar : add ipddr
2023-09-28 12:18:01,142 [INFO] IPUIPlugin:80 - create IPUIPlugin
2023-09-28 12:18:01,142 [INFO] PluginManager:220 - loadIPPluginJar : add linkedlist
2023-09-28 12:18:01,172 [INFO] IPUIPlugin:80 - create IPUIPlugin
2023-09-28 12:18:01,172 [INFO] PluginManager:220 - loadIPPluginJar : add lorawan
2023-09-28 12:18:01,205 [INFO] IPUIPlugin:80 - create IPUIPlugin
2023-09-28 12:18:01,205 [INFO] PluginManager:220 - loadIPPluginJar : add ltdc
2023-09-28 12:18:01,219 [INFO] IPUIPlugin:80 - create IPUIPlugin
2023-09-28 12:18:01,220 [INFO] PluginManager:220 - loadIPPluginJar : add mdma
2023-09-28 12:18:01,230 [INFO] IPUIPlugin:80 - create IPUIPlugin
2023-09-28 12:18:01,230 [INFO] PluginManager:220 - loadIPPluginJar : add nvic
2023-09-28 12:18:01,262 [INFO] IPUIPlugin:80 - create IPUIPlugin
2023-09-28 12:18:01,262 [INFO] PluginManager:220 - loadIPPluginJar : add opamp
2023-09-28 12:18:01,314 [INFO] IPUIPlugin:80 - create IPUIPlugin
2023-09-28 12:18:01,314 [INFO] PluginManager:220 - loadIPPluginJar : add openamp
2023-09-28 12:18:01,351 [INFO] IPUIPlugin:80 - create IPUIPlugin
2023-09-28 12:18:01,351 [INFO] PluginManager:220 - loadIPPluginJar : add pdm2pcm
2023-09-28 12:18:01,366 [INFO] IPUIPlugin:80 - create IPUIPlugin
2023-09-28 12:18:01,368 [INFO] PluginManager:220 - loadIPPluginJar : add plateformsettings
2023-09-28 12:18:01,387 [INFO] IPUIPlugin:80 - create IPUIPlugin
2023-09-28 12:18:01,388 [INFO] PluginManager:220 - loadIPPluginJar : add quadspi
2023-09-28 12:18:01,400 [INFO] IPUIPlugin:80 - create IPUIPlugin
2023-09-28 12:18:01,401 [INFO] PluginManager:220 - loadIPPluginJar : add resmgrutility
2023-09-28 12:18:01,449 [INFO] IPUIPlugin:80 - create IPUIPlugin
2023-09-28 12:18:01,449 [INFO] PluginManager:220 - loadIPPluginJar : add sai
2023-09-28 12:18:01,481 [INFO] IPUIPlugin:80 - create IPUIPlugin
2023-09-28 12:18:01,481 [INFO] PluginManager:220 - loadIPPluginJar : add spi
2023-09-28 12:18:01,531 [INFO] IPUIPlugin:80 - create IPUIPlugin
2023-09-28 12:18:01,531 [INFO] PluginManager:220 - loadIPPluginJar : add stm32_wpan
2023-09-28 12:18:01,556 [INFO] IPUIPlugin:80 - create IPUIPlugin
2023-09-28 12:18:01,556 [INFO] PluginManager:220 - loadIPPluginJar : add tim
2023-09-28 12:18:01,611 [INFO] IPUIPlugin:80 - create IPUIPlugin
2023-09-28 12:18:01,611 [INFO] PluginManager:220 - loadIPPluginJar : add touchsensing
2023-09-28 12:18:01,630 [INFO] IPUIPlugin:80 - create IPUIPlugin
2023-09-28 12:18:01,631 [INFO] PluginManager:220 - loadIPPluginJar : add tracer_emb
2023-09-28 12:18:01,651 [INFO] IPUIPlugin:80 - create IPUIPlugin
2023-09-28 12:18:01,651 [INFO] PluginManager:220 - loadIPPluginJar : add ts
2023-09-28 12:18:01,673 [INFO] IPUIPlugin:80 - create IPUIPlugin
2023-09-28 12:18:01,673 [INFO] PluginManager:220 - loadIPPluginJar : add tsc
2023-09-28 12:18:01,692 [INFO] IPUIPlugin:80 - create IPUIPlugin
2023-09-28 12:18:01,693 [INFO] PluginManager:220 - loadIPPluginJar : add ucpd
2023-09-28 12:18:01,731 [INFO] IPUIPlugin:80 - create IPUIPlugin
2023-09-28 12:18:01,731 [INFO] PluginManager:220 - loadIPPluginJar : add usart
2023-09-28 12:18:01,769 [INFO] IPUIPlugin:80 - create IPUIPlugin
2023-09-28 12:18:01,769 [INFO] PluginManager:220 - loadIPPluginJar : add usbx
2023-09-28 12:18:01,902 [INFO] CADModel:165 - CPN selected for project level
2023-09-28 12:18:01,902 [INFO] CADModel:114 - Register for checkConnection events
2023-09-28 12:18:01,902 [FATAL] Updater:308 - Updater called before beeing initialized
2023-09-28 12:18:01,902 [ERROR] CADModel:125 - Updater not yet initialized, retry later 
2023-09-28 12:18:02,077 [INFO] CADModel:165 - CPN selected for project level
2023-09-28 12:18:02,077 [INFO] CADModel:114 - Register for checkConnection events
2023-09-28 12:18:02,077 [FATAL] Updater:308 - Updater called before beeing initialized
2023-09-28 12:18:02,077 [ERROR] CADModel:125 - Updater not yet initialized, retry later 
2023-09-28 12:18:02,081 [FATAL] Updater:308 - Updater called before beeing initialized
2023-09-28 12:18:02,235 [FATAL] Updater:308 - Updater called before beeing initialized
2023-09-28 12:18:02,248 [INFO] DbMcusAds:53 - JSON generation date=Tue Mar 07 03:50:55 EST 2023 (1678179055114)
2023-09-28 12:18:02,248 [FATAL] Updater:308 - Updater called before beeing initialized
2023-09-28 12:18:02,297 [WARN] DetailPanel:346 - Failed to get advertising image, set to default
2023-09-28 12:18:02,338 [INFO] ThirdPartyUpdaterWithRetryManager:70 - Updater plugin not ready yet. [2/15]
2023-09-28 12:18:02,463 [FATAL] Updater:308 - Updater called before beeing initialized
2023-09-28 12:18:02,466 [FATAL] Updater:308 - Updater called before beeing initialized
2023-09-28 12:18:02,466 [FATAL] Updater:308 - Updater called before beeing initialized
2023-09-28 12:18:02,466 [WARN] DetailPanel:346 - Failed to get advertising image, set to default
2023-09-28 12:18:02,467 [FATAL] Updater:308 - Updater called before beeing initialized
2023-09-28 12:18:02,561 [ERROR] Updater:1120 - MainUpdater not yet initialized. External WinMGr cannot be set.
2023-09-28 12:18:02,572 [INFO] Updater:1056 - Updater Version found : 6.9.2
2023-09-28 12:18:02,595 [INFO] ApplicationProperties:184 - Using Application install path: C:\ST\STM32CubeIDE_1.13.1\STM32CubeIDE\plugins\com.st.stm32cube.common.mx_6.9.2.202309101412
2023-09-28 12:18:02,925 [INFO] MainUpdater:2868 - connection check result : 10
2023-09-28 12:18:02,926 [INFO] MainUpdater:285 - Updater Check For Update Now.
2023-09-28 12:18:02,926 [INFO] MicroXplorer:498 - Change Database Version : DB.6.0.92
2023-09-28 12:18:02,948 [INFO] McuFinderGlobals:63 - Set McuFinder mode to 2 (CubeIDE integrated)
2023-09-28 12:18:03,151 [INFO] CheckServerUpdateThread:120 - End of CheckServer Thread
2023-09-28 12:18:05,654 [WARN] PackLoader:240 - Cannot read IP mode file for STMicroelectronics.X-CUBE-SMBUS.2.1.0
2023-09-28 12:18:05,721 [WARN] PackLoader:240 - Cannot read IP mode file for STMicroelectronics.X-CUBE-AZRTOS-F7.1.1.0
2023-09-28 12:18:05,765 [WARN] PackLoader:240 - Cannot read IP mode file for STMicroelectronics.FP-SNS-MOTENV1.4.3.2
2023-09-28 12:18:05,794 [WARN] PackLoader:240 - Cannot read IP mode file for STMicroelectronics.FP-SNS-FLIGHT1.5.0.2
2023-09-28 12:18:05,823 [WARN] PackLoader:240 - Cannot read IP mode file for STMicroelectronics.X-CUBE-DISPLAY.3.0.0
2023-09-28 12:18:05,858 [WARN] PackLoader:240 - Cannot read IP mode file for STMicroelectronics.X-CUBE-BLE1.7.0.0
2023-09-28 12:18:05,879 [WARN] PackLoader:240 - Cannot read IP mode file for emotas.I-CUBE-CANOPEN.1.3.0
2023-09-28 12:18:05,899 [WARN] PackLoader:240 - Cannot read IP mode file for STMicroelectronics.X-CUBE-TOUCHGFX.4.22.0
2023-09-28 12:18:05,917 [WARN] PackLoader:240 - Cannot read IP mode file for STMicroelectronics.FP-SNS-SMARTAG2.1.2.0
2023-09-28 12:18:05,948 [INFO] LogOutputStream:77 - [STDOUT_REDIRECT] 1 : Invalid condition id : UX_CORESTACK_Condition cause : null
2023-09-28 12:18:05,949 [INFO] LogOutputStream:77 - [STDOUT_REDIRECT] 1 : Invalid condition id : UX_CORESTACK_Condition cause : null
2023-09-28 12:18:05,950 [INFO] LogOutputStream:77 - [STDOUT_REDIRECT] 1 : Invalid condition id : UX_CORESTACK_Condition cause : null
2023-09-28 12:18:05,953 [INFO] LogOutputStream:77 - [STDOUT_REDIRECT] 1 : Invalid condition id : UX_CORESTACK_Condition cause : null
2023-09-28 12:18:05,954 [INFO] LogOutputStream:77 - [STDOUT_REDIRECT] 1 : Invalid condition id : UX_CORESTACK_Condition cause : null
2023-09-28 12:18:05,958 [WARN] PackLoader:240 - Cannot read IP mode file for STMicroelectronics.X-CUBE-AZRTOS-WL.2.0.0
2023-09-28 12:18:05,980 [WARN] PackLoader:240 - Cannot read IP mode file for WES.I-CUBE-Cesium.1.3.0
2023-09-28 12:18:05,996 [WARN] PackLoader:240 - Cannot read IP mode file for STMicroelectronics.X-CUBE-BLE2.3.3.0
2023-09-28 12:18:06,013 [WARN] PackLoader:240 - Cannot read IP mode file for STMicroelectronics.X-CUBE-ALGOBUILD.1.3.0
2023-09-28 12:18:06,055 [WARN] PackLoader:240 - Cannot read IP mode file for STMicroelectronics.X-CUBE-AZRTOS-G0.1.1.0
2023-09-28 12:18:06,077 [WARN] PackLoader:240 - Cannot read IP mode file for STMicroelectronics.X-CUBE-NFC4.3.0.0
2023-09-28 12:18:06,094 [WARN] PackLoader:240 - Cannot read IP mode file for STMicroelectronics.FP-ATR-SIGFOX1.3.2.0
2023-09-28 12:18:06,150 [WARN] PackLoader:240 - Cannot read IP mode file for SEGGER.I-CUBE-embOS.1.3.1
2023-09-28 12:18:06,235 [WARN] PackLoader:240 - Cannot read IP mode file for STMicroelectronics.X-CUBE-GNSS1.6.0.0
2023-09-28 12:18:06,283 [WARN] PackLoader:240 - Cannot read IP mode file for STMicroelectronics.X-CUBE-AZRTOS-F4.1.1.0
2023-09-28 12:18:06,308 [WARN] PackLoader:240 - Cannot read IP mode file for wolfSSL.I-CUBE-wolfSSL.5.6.3
2023-09-28 12:18:06,351 [WARN] PackLoader:240 - Cannot read IP mode file for STMicroelectronics.X-CUBE-AZRTOS-L5.2.0.0
2023-09-28 12:18:06,433 [WARN] PackLoader:240 - Cannot read IP mode file for STMicroelectronics.X-CUBE-MEMS1.9.6.0
2023-09-28 12:18:06,694 [WARN] PackLoader:240 - Cannot read IP mode file for STMicroelectronics.X-CUBE-BLEMGR.2.0.0
2023-09-28 12:18:06,775 [WARN] ConditionMgr:438 - getConditionDescription Invalid condition id : UX DEVICE CLASS RTOS Condition cause : null
2023-09-28 12:18:06,775 [WARN] ConditionMgr:438 - getConditionDescription Invalid condition id : UX DEVICE CLASS RTOS Condition cause : null
2023-09-28 12:18:06,786 [WARN] PackLoader:240 - Cannot read IP mode file for STMicroelectronics.X-CUBE-AZRTOS-H7.3.1.0
2023-09-28 12:18:06,788 [WARN] ConditionMgr:1039 - genDependencies : Invalid condition id : UX DEVICE CLASS RTOS Condition cause : null
2023-09-28 12:18:06,789 [WARN] ConditionMgr:1039 - genDependencies : Invalid condition id : UX DEVICE CLASS RTOS Condition cause : null
2023-09-28 12:18:06,789 [WARN] ConditionMgr:1039 - genDependencies : Invalid condition id : UX DEVICE CLASS RTOS Condition cause : null
2023-09-28 12:18:06,790 [WARN] ConditionMgr:1039 - genDependencies : Invalid condition id : UX DEVICE CLASS RTOS Condition cause : null
2023-09-28 12:18:06,790 [WARN] ConditionMgr:1039 - genDependencies : Invalid condition id : UX DEVICE CLASS RTOS Condition cause : null
2023-09-28 12:18:06,809 [WARN] PackLoader:240 - Cannot read IP mode file for STMicroelectronics.X-CUBE-NFC7.1.0.1
2023-09-28 12:18:06,833 [WARN] PackLoader:240 - Cannot read IP mode file for STMicroelectronics.X-CUBE-NFC6.3.0.0
2023-09-28 12:18:06,856 [WARN] PackLoader:240 - Cannot read IP mode file for STMicroelectronics.X-CUBE-EEPRMA1.4.1.0
2023-09-28 12:18:06,881 [WARN] PackLoader:240 - Cannot read IP mode file for STMicroelectronics.X-CUBE-AI.8.1.0
2023-09-28 12:18:06,949 [WARN] ConditionMgr:438 - getConditionDescription Invalid condition id : LAN8742 Phy interface Condition cause : null
2023-09-28 12:18:06,951 [WARN] PackLoader:240 - Cannot read IP mode file for STMicroelectronics.X-CUBE-AZRTOS-L4.2.0.0
2023-09-28 12:18:06,956 [WARN] ConditionMgr:1039 - genDependencies : Invalid condition id : LAN8742 Phy interface Condition cause : null
2023-09-28 12:18:06,957 [WARN] ConditionMgr:1039 - genDependencies : Invalid condition id : LAN8742 Phy interface Condition cause : null
2023-09-28 12:18:06,958 [WARN] ConditionMgr:1039 - genDependencies : Invalid condition id : LAN8742 Phy interface Condition cause : null
2023-09-28 12:18:06,981 [WARN] PackLoader:240 - Cannot read IP mode file for STMicroelectronics.X-CUBE-SFXS2LP1.4.0.0
2023-09-28 12:18:07,000 [WARN] PackLoader:240 - Cannot read IP mode file for STMicroelectronics.X-CUBE-ISPU.1.1.0
2023-09-28 12:18:07,031 [WARN] ConditionMgr:438 - getConditionDescription Invalid condition id : UX DEVICE CLASS RTOS Condition cause : null
2023-09-28 12:18:07,031 [WARN] ConditionMgr:438 - getConditionDescription Invalid condition id : UX DEVICE CLASS RTOS Condition cause : null
2023-09-28 12:18:07,034 [WARN] PackLoader:240 - Cannot read IP mode file for STMicroelectronics.X-CUBE-AZRTOS-WB.2.0.0
2023-09-28 12:18:07,035 [WARN] ConditionMgr:1039 - genDependencies : Invalid condition id : UX DEVICE CLASS RTOS Condition cause : null
2023-09-28 12:18:07,035 [WARN] ConditionMgr:1039 - genDependencies : Invalid condition id : UX DEVICE CLASS RTOS Condition cause : null
2023-09-28 12:18:07,036 [WARN] ConditionMgr:1039 - genDependencies : Invalid condition id : UX DEVICE CLASS RTOS Condition cause : null
2023-09-28 12:18:07,036 [WARN] ConditionMgr:1039 - genDependencies : Invalid condition id : UX DEVICE CLASS RTOS Condition cause : null
2023-09-28 12:18:07,036 [WARN] ConditionMgr:1039 - genDependencies : Invalid condition id : UX DEVICE CLASS RTOS Condition cause : null
2023-09-28 12:18:07,068 [WARN] PackLoader:240 - Cannot read IP mode file for STMicroelectronics.X-CUBE-SUBG2.5.0.0
2023-09-28 12:18:07,100 [WARN] PackLoader:240 - Cannot read IP mode file for STMicroelectronics.X-CUBE-TOF1.3.3.1
2023-09-28 12:18:07,148 [WARN] PackLoader:240 - Cannot read IP mode file for STMicroelectronics.X-CUBE-AZRTOS-G4.2.0.0
2023-09-28 12:18:07,169 [WARN] PackLoader:240 - Cannot read IP mode file for STMicroelectronics.X-CUBE-FREERTOS.1.1.0
2023-09-28 12:18:07,189 [WARN] PackLoader:240 - Cannot read IP mode file for portGmbH.I-Cube-SoM-uGOAL.1.1.0
2023-09-28 12:18:07,362 [WARN] PackLoader:240 - Cannot read IP mode file for STMicroelectronics.X-CUBE-ALS.1.0.1
2023-09-28 12:18:07,381 [WARN] PackLoader:240 - Cannot read IP mode file for STMicroelectronics.FP-ATR-ASTRA1.2.0.0
2023-09-28 12:18:07,383 [INFO] ThirdParty:978 - Integrity check success = true
2023-09-28 12:18:07,383 [INFO] IntegrityCheckThread:100 - exiting critical section [integrity check]
2023-09-28 12:18:07,383 [INFO] IntegrityCheckThread:103 - End integrity checks thread
2023-09-28 12:18:16,653 [ERROR] LogOutputStream:75 - [STDERR_REDIRECT] SLF4J: Failed to load class "org.slf4j.impl.StaticLoggerBinder".
2023-09-28 12:18:16,654 [ERROR] LogOutputStream:75 - [STDERR_REDIRECT] SLF4J: Defaulting to no-operation (NOP) logger implementation
2023-09-28 12:18:16,655 [ERROR] LogOutputStream:75 - [STDERR_REDIRECT] SLF4J: See http://www.slf4j.org/codes.html#StaticLoggerBinder for further details.
2023-09-28 14:41:24,991 [INFO] Activator:176 - 


2023-09-28 14:41:24,993 [INFO] Activator:177 - !SESSION log4j initialized
2023-09-28 14:41:30,622 [INFO] LogOutputStream:77 - [STDOUT_REDIRECT] 
2023-09-28 14:41:44,081 [INFO] ApplicationProperties:184 - Using Application install path: C:\ST\STM32CubeIDE_1.13.1\STM32CubeIDE\plugins\com.st.stm32cube.common.mx_6.9.2.202309101412
2023-09-28 14:41:44,102 [INFO] DbMcusXml:78 - Set database path to: C:\ST\STM32CubeIDE_1.13.1\STM32CubeIDE\plugins\com.st.stm32cube.common.mx_6.9.2.202309101412\\db\/mcu/
2023-09-28 14:41:44,103 [INFO] ApiDb:274 - Set plugin database path to: C:\ST\STM32CubeIDE_1.13.1\STM32CubeIDE\plugins\com.st.stm32cube.common.mx_6.9.2.202309101412\\db\/plugins/boardmanager/
2023-09-28 14:41:44,103 [WARN] ApiDb:259 - Overriding images path with different value:  => C:\ST\STM32CubeIDE_1.13.1\STM32CubeIDE\plugins\com.st.stm32cube.common.mx_6.9.2.202309101412\\db\/plugins/mcufinder/images/
2023-09-28 14:41:44,124 [INFO] ApiDb:250 - Set database path to: C:\Users\singh\.stmcufinder\plugins\mcufinder//mcu/
2023-09-28 14:41:44,125 [INFO] DbMcusAds:125 - Set database path to: C:\Users\singh\.stmcufinder\plugins\mcufinder//mcu/
2023-09-28 14:41:44,172 [INFO] CrossReferenceDbSqlite:203 - Set database path to: C:\Users\singh\.stmcufinder\plugins\mcufinder//mcu/cs/
2023-09-28 14:41:44,338 [INFO] RulesReader:64 - Compatibility file has been processed (293 Rules)
2023-09-28 14:41:44,485 [INFO] DbMcusXml:78 - Set database path to: C:\ST\STM32CubeIDE_1.13.1\STM32CubeIDE\plugins\com.st.stm32cube.common.mx_6.9.2.202309101412\\db\/mcu/
2023-09-28 14:41:44,485 [INFO] ApiDb:274 - Set plugin database path to: C:\ST\STM32CubeIDE_1.13.1\STM32CubeIDE\plugins\com.st.stm32cube.common.mx_6.9.2.202309101412\\db\/plugins/boardmanager/
2023-09-28 14:41:44,485 [INFO] ApiDb:261 - Set plugin images path to: C:\ST\STM32CubeIDE_1.13.1\STM32CubeIDE\plugins\com.st.stm32cube.common.mx_6.9.2.202309101412\\db\/plugins/mcufinder/images/
2023-09-28 14:41:44,485 [WARN] DbFile:41 - Overriding database path with different value: C:\Users\singh\.stmcufinder\plugins\mcufinder/ => C:\Users\singh\.stmcufinder\plugins\mcufinder
2023-09-28 14:41:44,486 [INFO] ApiDb:250 - Set database path to: C:\Users\singh\.stmcufinder\plugins\mcufinder//mcu/
2023-09-28 14:41:44,486 [WARN] DbFile:41 - Overriding database path with different value: C:\Users\singh\.stmcufinder\plugins\mcufinder/ => C:\Users\singh\.stmcufinder\plugins\mcufinder
2023-09-28 14:41:44,486 [INFO] DbMcusAds:125 - Set database path to: C:\Users\singh\.stmcufinder\plugins\mcufinder//mcu/
2023-09-28 14:41:44,486 [WARN] DbFile:41 - Overriding database path with different value: C:\Users\singh\.stmcufinder\plugins\mcufinder/ => C:\Users\singh\.stmcufinder\plugins\mcufinder
2023-09-28 14:41:44,486 [WARN] DbFile:41 - Overriding database path with different value: C:\Users\singh\.stmcufinder\plugins\mcufinder/ => C:\Users\singh\.stmcufinder\plugins\mcufinder
2023-09-28 14:41:44,486 [INFO] CrossReferenceDbSqlite:203 - Set database path to: C:\Users\singh\.stmcufinder\plugins\mcufinder//mcu/cs/
2023-09-28 14:41:44,604 [INFO] MainPanel:262 - HeapMemory: 268435456
2023-09-28 14:41:44,741 [INFO] DbMcusXml:78 - Set database path to: C:\ST\STM32CubeIDE_1.13.1\STM32CubeIDE\plugins\com.st.stm32cube.common.mx_6.9.2.202309101412\\db\/mcu/
2023-09-28 14:41:44,741 [INFO] ApiDb:274 - Set plugin database path to: C:\ST\STM32CubeIDE_1.13.1\STM32CubeIDE\plugins\com.st.stm32cube.common.mx_6.9.2.202309101412\\db\/plugins/boardmanager/
2023-09-28 14:41:44,742 [INFO] ApiDb:261 - Set plugin images path to: C:\ST\STM32CubeIDE_1.13.1\STM32CubeIDE\plugins\com.st.stm32cube.common.mx_6.9.2.202309101412\\db\/plugins/mcufinder/images/
2023-09-28 14:41:44,742 [WARN] DbFile:41 - Overriding database path with different value: C:\Users\singh\.stmcufinder\plugins\mcufinder/ => C:\Users\singh\.stmcufinder\plugins\mcufinder
2023-09-28 14:41:44,742 [INFO] ApiDb:250 - Set database path to: C:\Users\singh\.stmcufinder\plugins\mcufinder//mcu/
2023-09-28 14:41:44,742 [WARN] DbFile:41 - Overriding database path with different value: C:\Users\singh\.stmcufinder\plugins\mcufinder/ => C:\Users\singh\.stmcufinder\plugins\mcufinder
2023-09-28 14:41:44,742 [INFO] DbMcusAds:125 - Set database path to: C:\Users\singh\.stmcufinder\plugins\mcufinder//mcu/
2023-09-28 14:41:44,742 [WARN] DbFile:41 - Overriding database path with different value: C:\Users\singh\.stmcufinder\plugins\mcufinder/ => C:\Users\singh\.stmcufinder\plugins\mcufinder
2023-09-28 14:41:44,743 [WARN] DbFile:41 - Overriding database path with different value: C:\Users\singh\.stmcufinder\plugins\mcufinder/ => C:\Users\singh\.stmcufinder\plugins\mcufinder
2023-09-28 14:41:44,743 [INFO] CrossReferenceDbSqlite:203 - Set database path to: C:\Users\singh\.stmcufinder\plugins\mcufinder//mcu/cs/
2023-09-28 14:41:44,772 [INFO] ApplicationProperties:184 - Using Application install path: C:\ST\STM32CubeIDE_1.13.1\STM32CubeIDE\plugins\com.st.stm32cube.common.mx_6.9.2.202309101412
2023-09-28 14:41:44,774 [INFO] PluginManage:196 - Search for loadable plugins [exclusion list=, ]
2023-09-28 14:41:44,776 [INFO] PluginManage:310 - Check plugin analytics
2023-09-28 14:41:44,997 [INFO] AnalyticsPlugin:253 - Accepted Software Licenses: STM32CubeMX.6.9.1
2023-09-28 14:41:44,998 [INFO] AnalyticsPlugin:255 - Accepted CMSIS Pack Licenses: 
2023-09-28 14:41:44,998 [INFO] AnalyticsPlugin:257 - Accepted Firmware Licenses: FW.F4.1.27.0,FW.G4.1.5.0
2023-09-28 14:41:45,002 [INFO] PluginManage:359 - Loaded plugin analytics (category:tool,tabindex:-1)
2023-09-28 14:41:45,002 [INFO] PluginManage:310 - Check plugin cadmodel
2023-09-28 14:41:45,020 [INFO] CADModel:105 - Init CAD model plugin
2023-09-28 14:41:45,020 [INFO] PluginManage:359 - Loaded plugin cadmodel (category:power,tabindex:5)
2023-09-28 14:41:45,020 [INFO] PluginManage:310 - Check plugin clock
2023-09-28 14:41:45,043 [INFO] PluginManage:359 - Loaded plugin clock (category:base,tabindex:2)
2023-09-28 14:41:45,043 [INFO] PluginManage:310 - Check plugin ddr
2023-09-28 14:41:45,047 [INFO] PluginManage:359 - Loaded plugin ddr (category:tool,tabindex:6)
2023-09-28 14:41:45,047 [INFO] PluginManage:310 - Check plugin filemanager
2023-09-28 14:41:45,199 [INFO] PluginManage:359 - Loaded plugin filemanager (category:base,tabindex:10)
2023-09-28 14:41:45,199 [INFO] PluginManage:310 - Check plugin ipmanager
2023-09-28 14:41:45,210 [INFO] PluginManage:359 - Loaded plugin ipmanager (category:base,tabindex:5)
2023-09-28 14:41:45,210 [INFO] PluginManage:310 - Check plugin lpbam
2023-09-28 14:41:45,230 [INFO] PluginManage:359 - Loaded plugin lpbam (category:base,tabindex:0)
2023-09-28 14:41:45,230 [INFO] PluginManage:310 - Check plugin memorymap
2023-09-28 14:41:45,263 [INFO] PluginManage:359 - Loaded plugin memorymap (category:base,tabindex:4)
2023-09-28 14:41:45,263 [INFO] PluginManage:310 - Check plugin pinoutandconfiguration
2023-09-28 14:41:45,283 [INFO] PluginManage:359 - Loaded plugin pinoutandconfiguration (category:base,tabindex:1)
2023-09-28 14:41:45,283 [INFO] PluginManage:310 - Check plugin pinoutconfig
2023-09-28 14:41:45,400 [WARN] SupportedApi:132 - Cannot load RTOS API schema: s4s-elt-must-match.1: The content of 'definitions' must match (annotation?, (simpleType | complexType)?, (unique | key | keyref)*)). A problem was found starting at: attribute.
2023-09-28 14:41:45,594 [INFO] PluginManage:359 - Loaded plugin pinoutconfig (category:base,tabindex:0)
2023-09-28 14:41:45,594 [INFO] PluginManage:310 - Check plugin power
2023-09-28 14:41:45,619 [INFO] PluginManage:359 - Loaded plugin power (category:power,tabindex:4)
2023-09-28 14:41:45,619 [INFO] PluginManage:310 - Check plugin projectmanager
2023-09-28 14:41:45,638 [INFO] PluginManage:359 - Loaded plugin projectmanager (category:projectmanager,tabindex:3)
2023-09-28 14:41:45,638 [INFO] PluginManage:310 - Check plugin thirdparty
2023-09-28 14:41:45,975 [INFO] PluginManage:359 - Loaded plugin thirdparty (category:base,tabindex:-1)
2023-09-28 14:41:45,975 [INFO] PluginManage:310 - Check plugin tools
2023-09-28 14:41:45,975 [WARN] IntegrityCheckThread:84 - waiting for thirdparty lock release [integrity check]
2023-09-28 14:41:45,975 [INFO] IntegrityCheckThread:86 - entering critical section [integrity check]
2023-09-28 14:41:45,976 [INFO] ThirdPartyUpdaterWithRetryManager:70 - Updater plugin not ready yet. [1/15]
2023-09-28 14:41:46,016 [INFO] PluginManage:359 - Loaded plugin tools (category:base,tabindex:7)
2023-09-28 14:41:46,016 [INFO] PluginManage:310 - Check plugin tutovideos
2023-09-28 14:41:46,287 [INFO] PluginManage:359 - Loaded plugin tutovideos (category:base,tabindex:-1)
2023-09-28 14:41:46,287 [INFO] PluginManage:310 - Check plugin updater
2023-09-28 14:41:46,299 [INFO] PluginManage:359 - Loaded plugin updater (category:base,tabindex:12)
2023-09-28 14:41:46,299 [INFO] PluginManage:310 - Check plugin userauth
2023-09-28 14:41:46,305 [INFO] UserAuth:113 - Init User Auth plugin
2023-09-28 14:41:46,306 [INFO] PluginManage:359 - Loaded plugin userauth (category:base,tabindex:14)
2023-09-28 14:41:46,306 [INFO] PluginManage:283 - PluginManage : Loaded plugins [17]
2023-09-28 14:41:46,627 [INFO] PinOutPanel:1499 - setPackage(No Configuration,No Configuration)
2023-09-28 14:41:46,785 [INFO] CADModel:165 - CPN selected for project level
2023-09-28 14:41:46,785 [INFO] CADModel:114 - Register for checkConnection events
2023-09-28 14:41:46,815 [INFO] IPUIPlugin:80 - create IPUIPlugin
2023-09-28 14:41:46,815 [INFO] PluginManager:220 - loadIPPluginJar : add adc
2023-09-28 14:41:46,853 [INFO] IPUIPlugin:80 - create IPUIPlugin
2023-09-28 14:41:46,853 [INFO] PluginManager:220 - loadIPPluginJar : add aes
2023-09-28 14:41:46,907 [INFO] IPUIPlugin:80 - create IPUIPlugin
2023-09-28 14:41:46,907 [INFO] PluginManager:220 - loadIPPluginJar : add can
2023-09-28 14:41:46,934 [INFO] IPUIPlugin:80 - create IPUIPlugin
2023-09-28 14:41:46,934 [INFO] PluginManager:220 - loadIPPluginJar : add comp
2023-09-28 14:41:46,971 [INFO] IPUIPlugin:80 - create IPUIPlugin
2023-09-28 14:41:46,972 [INFO] PluginManager:220 - loadIPPluginJar : add cryp
2023-09-28 14:41:47,005 [INFO] IPUIPlugin:80 - create IPUIPlugin
2023-09-28 14:41:47,005 [INFO] PluginManager:220 - loadIPPluginJar : add dfsdm
2023-09-28 14:41:47,020 [INFO] IPUIPlugin:80 - create IPUIPlugin
2023-09-28 14:41:47,020 [INFO] PluginManager:220 - loadIPPluginJar : add dma
2023-09-28 14:41:47,073 [INFO] IPUIPlugin:80 - create IPUIPlugin
2023-09-28 14:41:47,074 [INFO] PluginManager:220 - loadIPPluginJar : add dma3
2023-09-28 14:41:47,100 [INFO] IPUIPlugin:80 - create IPUIPlugin
2023-09-28 14:41:47,100 [INFO] PluginManager:220 - loadIPPluginJar : add fatfs
2023-09-28 14:41:47,162 [INFO] IPUIPlugin:80 - create IPUIPlugin
2023-09-28 14:41:47,162 [INFO] PluginManager:220 - loadIPPluginJar : add fmc
2023-09-28 14:41:47,185 [INFO] IPUIPlugin:80 - create IPUIPlugin
2023-09-28 14:41:47,185 [INFO] PluginManager:220 - loadIPPluginJar : add freertos
2023-09-28 14:41:47,209 [INFO] IPUIPlugin:80 - create IPUIPlugin
2023-09-28 14:41:47,210 [INFO] PluginManager:220 - loadIPPluginJar : add genericplugin
2023-09-28 14:41:47,342 [INFO] IPUIPlugin:80 - create IPUIPlugin
2023-09-28 14:41:47,342 [INFO] PluginManager:220 - loadIPPluginJar : add gfxmmu
2023-09-28 14:41:47,486 [INFO] IPUIPlugin:80 - create IPUIPlugin
2023-09-28 14:41:47,486 [INFO] PluginManager:220 - loadIPPluginJar : add gic
2023-09-28 14:41:47,502 [INFO] IPUIPlugin:80 - create IPUIPlugin
2023-09-28 14:41:47,503 [INFO] PluginManager:220 - loadIPPluginJar : add gpio
2023-09-28 14:41:47,629 [INFO] IPUIPlugin:80 - create IPUIPlugin
2023-09-28 14:41:47,629 [INFO] PluginManager:220 - loadIPPluginJar : add gtzc
2023-09-28 14:41:47,663 [INFO] IPUIPlugin:80 - create IPUIPlugin
2023-09-28 14:41:47,663 [INFO] PluginManager:220 - loadIPPluginJar : add hash
2023-09-28 14:41:47,728 [INFO] IPUIPlugin:80 - create IPUIPlugin
2023-09-28 14:41:47,728 [INFO] PluginManager:220 - loadIPPluginJar : add i2c
2023-09-28 14:41:47,777 [INFO] IPUIPlugin:80 - create IPUIPlugin
2023-09-28 14:41:47,778 [INFO] PluginManager:220 - loadIPPluginJar : add i2s
2023-09-28 14:41:47,825 [INFO] IPUIPlugin:80 - create IPUIPlugin
2023-09-28 14:41:47,825 [INFO] PluginManager:220 - loadIPPluginJar : add i3c
2023-09-28 14:41:47,951 [INFO] IPUIPlugin:80 - create IPUIPlugin
2023-09-28 14:41:47,951 [INFO] PluginManager:220 - loadIPPluginJar : add ipddr
2023-09-28 14:41:48,071 [INFO] IPUIPlugin:80 - create IPUIPlugin
2023-09-28 14:41:48,071 [INFO] PluginManager:220 - loadIPPluginJar : add linkedlist
2023-09-28 14:41:48,111 [INFO] IPUIPlugin:80 - create IPUIPlugin
2023-09-28 14:41:48,112 [INFO] PluginManager:220 - loadIPPluginJar : add lorawan
2023-09-28 14:41:48,151 [INFO] IPUIPlugin:80 - create IPUIPlugin
2023-09-28 14:41:48,152 [INFO] PluginManager:220 - loadIPPluginJar : add ltdc
2023-09-28 14:41:48,170 [INFO] IPUIPlugin:80 - create IPUIPlugin
2023-09-28 14:41:48,170 [INFO] PluginManager:220 - loadIPPluginJar : add mdma
2023-09-28 14:41:48,185 [INFO] IPUIPlugin:80 - create IPUIPlugin
2023-09-28 14:41:48,185 [INFO] PluginManager:220 - loadIPPluginJar : add nvic
2023-09-28 14:41:48,226 [INFO] IPUIPlugin:80 - create IPUIPlugin
2023-09-28 14:41:48,227 [INFO] PluginManager:220 - loadIPPluginJar : add opamp
2023-09-28 14:41:48,298 [INFO] IPUIPlugin:80 - create IPUIPlugin
2023-09-28 14:41:48,298 [INFO] PluginManager:220 - loadIPPluginJar : add openamp
2023-09-28 14:41:48,346 [INFO] IPUIPlugin:80 - create IPUIPlugin
2023-09-28 14:41:48,346 [INFO] PluginManager:220 - loadIPPluginJar : add pdm2pcm
2023-09-28 14:41:48,363 [INFO] IPUIPlugin:80 - create IPUIPlugin
2023-09-28 14:41:48,366 [INFO] PluginManager:220 - loadIPPluginJar : add plateformsettings
2023-09-28 14:41:48,395 [INFO] IPUIPlugin:80 - create IPUIPlugin
2023-09-28 14:41:48,395 [INFO] PluginManager:220 - loadIPPluginJar : add quadspi
2023-09-28 14:41:48,411 [INFO] IPUIPlugin:80 - create IPUIPlugin
2023-09-28 14:41:48,411 [INFO] PluginManager:220 - loadIPPluginJar : add resmgrutility
2023-09-28 14:41:48,478 [INFO] IPUIPlugin:80 - create IPUIPlugin
2023-09-28 14:41:48,478 [INFO] PluginManager:220 - loadIPPluginJar : add sai
2023-09-28 14:41:48,522 [INFO] IPUIPlugin:80 - create IPUIPlugin
2023-09-28 14:41:48,522 [INFO] PluginManager:220 - loadIPPluginJar : add spi
2023-09-28 14:41:48,593 [INFO] IPUIPlugin:80 - create IPUIPlugin
2023-09-28 14:41:48,593 [INFO] PluginManager:220 - loadIPPluginJar : add stm32_wpan
2023-09-28 14:41:48,619 [INFO] IPUIPlugin:80 - create IPUIPlugin
2023-09-28 14:41:48,619 [INFO] PluginManager:220 - loadIPPluginJar : add tim
2023-09-28 14:41:48,693 [INFO] IPUIPlugin:80 - create IPUIPlugin
2023-09-28 14:41:48,694 [INFO] PluginManager:220 - loadIPPluginJar : add touchsensing
2023-09-28 14:41:48,719 [INFO] IPUIPlugin:80 - create IPUIPlugin
2023-09-28 14:41:48,719 [INFO] PluginManager:220 - loadIPPluginJar : add tracer_emb
2023-09-28 14:41:48,745 [INFO] IPUIPlugin:80 - create IPUIPlugin
2023-09-28 14:41:48,745 [INFO] PluginManager:220 - loadIPPluginJar : add ts
2023-09-28 14:41:48,769 [INFO] IPUIPlugin:80 - create IPUIPlugin
2023-09-28 14:41:48,769 [INFO] PluginManager:220 - loadIPPluginJar : add tsc
2023-09-28 14:41:48,798 [INFO] IPUIPlugin:80 - create IPUIPlugin
2023-09-28 14:41:48,798 [INFO] PluginManager:220 - loadIPPluginJar : add ucpd
2023-09-28 14:41:48,849 [INFO] IPUIPlugin:80 - create IPUIPlugin
2023-09-28 14:41:48,849 [INFO] PluginManager:220 - loadIPPluginJar : add usart
2023-09-28 14:41:48,892 [INFO] IPUIPlugin:80 - create IPUIPlugin
2023-09-28 14:41:48,892 [INFO] PluginManager:220 - loadIPPluginJar : add usbx
2023-09-28 14:41:48,978 [INFO] ThirdPartyUpdaterWithRetryManager:70 - Updater plugin not ready yet. [2/15]
2023-09-28 14:41:49,039 [INFO] CADModel:165 - CPN selected for project level
2023-09-28 14:41:49,040 [INFO] CADModel:114 - Register for checkConnection events
2023-09-28 14:41:49,040 [FATAL] Updater:308 - Updater called before beeing initialized
2023-09-28 14:41:49,040 [ERROR] CADModel:125 - Updater not yet initialized, retry later 
2023-09-28 14:41:49,218 [INFO] CADModel:165 - CPN selected for project level
2023-09-28 14:41:49,218 [INFO] CADModel:114 - Register for checkConnection events
2023-09-28 14:41:49,218 [FATAL] Updater:308 - Updater called before beeing initialized
2023-09-28 14:41:49,218 [ERROR] CADModel:125 - Updater not yet initialized, retry later 
2023-09-28 14:41:49,221 [FATAL] Updater:308 - Updater called before beeing initialized
2023-09-28 14:41:49,343 [FATAL] Updater:308 - Updater called before beeing initialized
2023-09-28 14:41:49,356 [INFO] DbMcusAds:53 - JSON generation date=Tue Mar 07 03:50:55 EST 2023 (1678179055114)
2023-09-28 14:41:49,356 [FATAL] Updater:308 - Updater called before beeing initialized
2023-09-28 14:41:49,411 [WARN] DetailPanel:346 - Failed to get advertising image, set to default
2023-09-28 14:41:49,581 [FATAL] Updater:308 - Updater called before beeing initialized
2023-09-28 14:41:49,582 [FATAL] Updater:308 - Updater called before beeing initialized
2023-09-28 14:41:49,582 [FATAL] Updater:308 - Updater called before beeing initialized
2023-09-28 14:41:49,582 [WARN] DetailPanel:346 - Failed to get advertising image, set to default
2023-09-28 14:41:49,583 [FATAL] Updater:308 - Updater called before beeing initialized
2023-09-28 14:41:49,656 [ERROR] Updater:1120 - MainUpdater not yet initialized. External WinMGr cannot be set.
2023-09-28 14:41:49,675 [INFO] Updater:1056 - Updater Version found : 6.9.2
2023-09-28 14:41:49,691 [INFO] ApplicationProperties:184 - Using Application install path: C:\ST\STM32CubeIDE_1.13.1\STM32CubeIDE\plugins\com.st.stm32cube.common.mx_6.9.2.202309101412
2023-09-28 14:41:49,975 [INFO] MainUpdater:2868 - connection check result : 10
2023-09-28 14:41:49,976 [INFO] MainUpdater:3562 - Updater definition file requires update
2023-09-28 14:41:49,977 [INFO] MainUpdater:285 - Updater Check For Update Now.
2023-09-28 14:41:49,977 [INFO] MicroXplorer:498 - Change Database Version : DB.6.0.92
2023-09-28 14:41:49,997 [INFO] McuFinderGlobals:63 - Set McuFinder mode to 2 (CubeIDE integrated)
2023-09-28 14:41:50,001 [INFO] ServerAccessManage:473 - Download File updaters.zip
2023-09-28 14:41:50,085 [INFO] FileExtend:240 - Unzip File : updaters.zip
2023-09-28 14:41:50,085 [INFO] FileExtend:255 - Standard Zip Deflate
2023-09-28 14:41:50,566 [INFO] ServerAccessManage:473 - Download File PacksControlFlags.xml
2023-09-28 14:41:50,621 [INFO] ServerAccessManage:473 - Download File cubemx.pidx
2023-09-28 14:41:50,716 [INFO] LoadServerUpdatesThread:373 - End of LoadServerUpdate Thread
2023-09-28 14:41:50,880 [INFO] CheckServerUpdateThread:120 - End of CheckServer Thread
2023-09-28 14:41:52,249 [WARN] PackLoader:240 - Cannot read IP mode file for STMicroelectronics.X-CUBE-SMBUS.2.1.0
2023-09-28 14:41:52,310 [WARN] PackLoader:240 - Cannot read IP mode file for STMicroelectronics.X-CUBE-AZRTOS-F7.1.1.0
2023-09-28 14:41:52,350 [WARN] PackLoader:240 - Cannot read IP mode file for STMicroelectronics.FP-SNS-MOTENV1.4.3.2
2023-09-28 14:41:52,374 [WARN] PackLoader:240 - Cannot read IP mode file for STMicroelectronics.FP-SNS-FLIGHT1.5.0.2
2023-09-28 14:41:52,400 [WARN] PackLoader:240 - Cannot read IP mode file for STMicroelectronics.X-CUBE-DISPLAY.3.0.0
2023-09-28 14:41:52,429 [WARN] PackLoader:240 - Cannot read IP mode file for STMicroelectronics.X-CUBE-BLE1.7.0.0
2023-09-28 14:41:52,448 [WARN] PackLoader:240 - Cannot read IP mode file for emotas.I-CUBE-CANOPEN.1.3.0
2023-09-28 14:41:52,469 [WARN] PackLoader:240 - Cannot read IP mode file for STMicroelectronics.X-CUBE-TOUCHGFX.4.22.0
2023-09-28 14:41:52,485 [WARN] PackLoader:240 - Cannot read IP mode file for STMicroelectronics.FP-SNS-SMARTAG2.1.2.0
2023-09-28 14:41:52,511 [INFO] LogOutputStream:77 - [STDOUT_REDIRECT] 1 : Invalid condition id : UX_CORESTACK_Condition cause : null
2023-09-28 14:41:52,512 [INFO] LogOutputStream:77 - [STDOUT_REDIRECT] 1 : Invalid condition id : UX_CORESTACK_Condition cause : null
2023-09-28 14:41:52,513 [INFO] LogOutputStream:77 - [STDOUT_REDIRECT] 1 : Invalid condition id : UX_CORESTACK_Condition cause : null
2023-09-28 14:41:52,514 [INFO] LogOutputStream:77 - [STDOUT_REDIRECT] 1 : Invalid condition id : UX_CORESTACK_Condition cause : null
2023-09-28 14:41:52,516 [INFO] LogOutputStream:77 - [STDOUT_REDIRECT] 1 : Invalid condition id : UX_CORESTACK_Condition cause : null
2023-09-28 14:41:52,521 [WARN] PackLoader:240 - Cannot read IP mode file for STMicroelectronics.X-CUBE-AZRTOS-WL.2.0.0
2023-09-28 14:41:52,541 [WARN] PackLoader:240 - Cannot read IP mode file for WES.I-CUBE-Cesium.1.3.0
2023-09-28 14:41:52,556 [WARN] PackLoader:240 - Cannot read IP mode file for STMicroelectronics.X-CUBE-BLE2.3.3.0
2023-09-28 14:41:52,575 [WARN] PackLoader:240 - Cannot read IP mode file for STMicroelectronics.X-CUBE-ALGOBUILD.1.3.0
2023-09-28 14:41:52,614 [WARN] PackLoader:240 - Cannot read IP mode file for STMicroelectronics.X-CUBE-AZRTOS-G0.1.1.0
2023-09-28 14:41:52,631 [WARN] PackLoader:240 - Cannot read IP mode file for STMicroelectronics.X-CUBE-NFC4.3.0.0
2023-09-28 14:41:52,648 [WARN] PackLoader:240 - Cannot read IP mode file for STMicroelectronics.FP-ATR-SIGFOX1.3.2.0
2023-09-28 14:41:52,694 [WARN] PackLoader:240 - Cannot read IP mode file for SEGGER.I-CUBE-embOS.1.3.1
2023-09-28 14:41:52,754 [WARN] PackLoader:240 - Cannot read IP mode file for STMicroelectronics.X-CUBE-GNSS1.6.0.0
2023-09-28 14:41:52,786 [WARN] PackLoader:240 - Cannot read IP mode file for STMicroelectronics.X-CUBE-AZRTOS-F4.1.1.0
2023-09-28 14:41:52,802 [WARN] PackLoader:240 - Cannot read IP mode file for wolfSSL.I-CUBE-wolfSSL.5.6.3
2023-09-28 14:41:52,837 [WARN] PackLoader:240 - Cannot read IP mode file for STMicroelectronics.X-CUBE-AZRTOS-L5.2.0.0
2023-09-28 14:41:52,900 [WARN] PackLoader:240 - Cannot read IP mode file for STMicroelectronics.X-CUBE-MEMS1.9.6.0
2023-09-28 14:41:53,068 [WARN] PackLoader:240 - Cannot read IP mode file for STMicroelectronics.X-CUBE-BLEMGR.2.0.0
2023-09-28 14:41:53,105 [WARN] ConditionMgr:438 - getConditionDescription Invalid condition id : UX DEVICE CLASS RTOS Condition cause : null
2023-09-28 14:41:53,105 [WARN] ConditionMgr:438 - getConditionDescription Invalid condition id : UX DEVICE CLASS RTOS Condition cause : null
2023-09-28 14:41:53,109 [WARN] PackLoader:240 - Cannot read IP mode file for STMicroelectronics.X-CUBE-AZRTOS-H7.3.1.0
2023-09-28 14:41:53,110 [WARN] ConditionMgr:1039 - genDependencies : Invalid condition id : UX DEVICE CLASS RTOS Condition cause : null
2023-09-28 14:41:53,110 [WARN] ConditionMgr:1039 - genDependencies : Invalid condition id : UX DEVICE CLASS RTOS Condition cause : null
2023-09-28 14:41:53,110 [WARN] ConditionMgr:1039 - genDependencies : Invalid condition id : UX DEVICE CLASS RTOS Condition cause : null
2023-09-28 14:41:53,111 [WARN] ConditionMgr:1039 - genDependencies : Invalid condition id : UX DEVICE CLASS RTOS Condition cause : null
2023-09-28 14:41:53,111 [WARN] ConditionMgr:1039 - genDependencies : Invalid condition id : UX DEVICE CLASS RTOS Condition cause : null
2023-09-28 14:41:53,127 [WARN] PackLoader:240 - Cannot read IP mode file for STMicroelectronics.X-CUBE-NFC7.1.0.1
2023-09-28 14:41:53,147 [WARN] PackLoader:240 - Cannot read IP mode file for STMicroelectronics.X-CUBE-NFC6.3.0.0
2023-09-28 14:41:53,164 [WARN] PackLoader:240 - Cannot read IP mode file for STMicroelectronics.X-CUBE-EEPRMA1.4.1.0
2023-09-28 14:41:53,183 [WARN] PackLoader:240 - Cannot read IP mode file for STMicroelectronics.X-CUBE-AI.8.1.0
2023-09-28 14:41:53,221 [WARN] ConditionMgr:438 - getConditionDescription Invalid condition id : LAN8742 Phy interface Condition cause : null
2023-09-28 14:41:53,222 [WARN] PackLoader:240 - Cannot read IP mode file for STMicroelectronics.X-CUBE-AZRTOS-L4.2.0.0
2023-09-28 14:41:53,223 [WARN] ConditionMgr:1039 - genDependencies : Invalid condition id : LAN8742 Phy interface Condition cause : null
2023-09-28 14:41:53,226 [WARN] ConditionMgr:1039 - genDependencies : Invalid condition id : LAN8742 Phy interface Condition cause : null
2023-09-28 14:41:53,226 [WARN] ConditionMgr:1039 - genDependencies : Invalid condition id : LAN8742 Phy interface Condition cause : null
2023-09-28 14:41:53,250 [WARN] PackLoader:240 - Cannot read IP mode file for STMicroelectronics.X-CUBE-SFXS2LP1.4.0.0
2023-09-28 14:41:53,271 [WARN] PackLoader:240 - Cannot read IP mode file for STMicroelectronics.X-CUBE-ISPU.1.1.0
2023-09-28 14:41:53,307 [WARN] ConditionMgr:438 - getConditionDescription Invalid condition id : UX DEVICE CLASS RTOS Condition cause : null
2023-09-28 14:41:53,307 [WARN] ConditionMgr:438 - getConditionDescription Invalid condition id : UX DEVICE CLASS RTOS Condition cause : null
2023-09-28 14:41:53,320 [WARN] PackLoader:240 - Cannot read IP mode file for STMicroelectronics.X-CUBE-AZRTOS-WB.2.0.0
2023-09-28 14:41:53,321 [WARN] ConditionMgr:1039 - genDependencies : Invalid condition id : UX DEVICE CLASS RTOS Condition cause : null
2023-09-28 14:41:53,321 [WARN] ConditionMgr:1039 - genDependencies : Invalid condition id : UX DEVICE CLASS RTOS Condition cause : null
2023-09-28 14:41:53,321 [WARN] ConditionMgr:1039 - genDependencies : Invalid condition id : UX DEVICE CLASS RTOS Condition cause : null
2023-09-28 14:41:53,321 [WARN] ConditionMgr:1039 - genDependencies : Invalid condition id : UX DEVICE CLASS RTOS Condition cause : null
2023-09-28 14:41:53,322 [WARN] ConditionMgr:1039 - genDependencies : Invalid condition id : UX DEVICE CLASS RTOS Condition cause : null
2023-09-28 14:41:53,350 [WARN] PackLoader:240 - Cannot read IP mode file for STMicroelectronics.X-CUBE-SUBG2.5.0.0
2023-09-28 14:41:53,377 [WARN] PackLoader:240 - Cannot read IP mode file for STMicroelectronics.X-CUBE-TOF1.3.3.1
2023-09-28 14:41:53,416 [WARN] PackLoader:240 - Cannot read IP mode file for STMicroelectronics.X-CUBE-AZRTOS-G4.2.0.0
2023-09-28 14:41:53,433 [WARN] PackLoader:240 - Cannot read IP mode file for STMicroelectronics.X-CUBE-FREERTOS.1.1.0
2023-09-28 14:41:53,454 [WARN] PackLoader:240 - Cannot read IP mode file for portGmbH.I-Cube-SoM-uGOAL.1.1.0
2023-09-28 14:41:53,600 [WARN] PackLoader:240 - Cannot read IP mode file for STMicroelectronics.X-CUBE-ALS.1.0.1
2023-09-28 14:41:53,617 [WARN] PackLoader:240 - Cannot read IP mode file for STMicroelectronics.FP-ATR-ASTRA1.2.0.0
2023-09-28 14:41:53,619 [INFO] ThirdParty:978 - Integrity check success = true
2023-09-28 14:41:53,619 [INFO] IntegrityCheckThread:100 - exiting critical section [integrity check]
2023-09-28 14:41:53,619 [INFO] IntegrityCheckThread:103 - End integrity checks thread
2023-09-28 14:42:03,658 [ERROR] LogOutputStream:75 - [STDERR_REDIRECT] SLF4J: Failed to load class "org.slf4j.impl.StaticLoggerBinder".
2023-09-28 14:42:03,658 [ERROR] LogOutputStream:75 - [STDERR_REDIRECT] SLF4J: Defaulting to no-operation (NOP) logger implementation
2023-09-28 14:42:03,659 [ERROR] LogOutputStream:75 - [STDERR_REDIRECT] SLF4J: See http://www.slf4j.org/codes.html#StaticLoggerBinder for further details.
2023-09-28 14:42:16,840 [INFO] McuFinderGlobals:63 - Set McuFinder mode to 2 (CubeIDE integrated)
2023-09-28 14:42:16,876 [INFO] MainUpdater:2868 - connection check result : 10
2023-09-28 14:42:16,887 [INFO] MainUpdater:2868 - connection check result : 10
2023-09-28 14:42:17,145 [INFO] MicroXplorer:468 - Change Database Path : 
2023-09-28 14:42:17,145 [INFO] MicroXplorer:498 - Change Database Version : DB.6.0.92
2023-09-28 14:42:17,149 [WARN] ThirdParty:871 - waiting for thirdparty lock release [close project]
2023-09-28 14:42:17,149 [INFO] ThirdParty:873 - entering critical section [close project]
2023-09-28 14:42:17,150 [INFO] ThirdParty:883 - exiting critical section [close project]
2023-09-28 14:42:17,151 [INFO] PinOutPanel:1499 - setPackage(No Configuration,No Configuration)
2023-09-28 14:42:17,157 [INFO] UtilMem:75 - Begin LoadConfig() Used Memory: 301455792 Bytes (512753664)
2023-09-28 14:42:17,165 [INFO] MicroXplorer:468 - Change Database Path : C:/Users/singh/.stm32cubemx/databases/DB.6.0.91/db/
2023-09-28 14:42:17,165 [INFO] MicroXplorer:498 - Change Database Version : DB.6.0.91
2023-09-28 14:42:19,623 [INFO] OpenFileManager:308 - Change cursor
2023-09-28 14:42:19,668 [INFO] Mcu:1946 - Initializing MCU STM32F446R(C-E)Tx STM32F446RETx STM32F446RET6
2023-09-28 14:42:22,379 [INFO] Context:659 - Trying to add GPIOservice into a context  which must be forbidden
2023-09-28 14:42:23,162 [INFO] RtosManager:555 - Registered RTOS mode: class=CMSIS, group=RTOS, mode=CMSIS_V1, owner=FREERTOS
2023-09-28 14:42:23,164 [INFO] RtosManager:555 - Registered RTOS mode: class=CMSIS, group=RTOS2, mode=CMSIS_V2, owner=FREERTOS
2023-09-28 14:42:23,164 [INFO] RtosManager:555 - Registered RTOS mode: class=RTOS, group=Core, mode=CMSIS_V1, owner=FREERTOS
2023-09-28 14:42:23,164 [INFO] RtosManager:555 - Registered RTOS mode: class=RTOS, group=Core, mode=CMSIS_V2, owner=FREERTOS
2023-09-28 14:42:23,164 [WARN] ModelIntegratedComponent:184 - Missing modes for component STMicroelectronics:FreeRTOS:0.0.1:STMicroelectronics:RTOS:FreeRTOS:Core:::10.2.0:
2023-09-28 14:42:23,174 [WARN] ModelIntegratedComponent:63 - No mode defined for component null
2023-09-28 14:42:23,174 [WARN] ModelIntegratedComponent:63 - No mode defined for component null
2023-09-28 14:42:23,174 [WARN] ModelIntegratedComponent:63 - No mode defined for component null
2023-09-28 14:42:23,174 [WARN] ModelIntegratedComponent:63 - No mode defined for component null
2023-09-28 14:42:23,174 [WARN] ModelIntegratedComponent:63 - No mode defined for component null
2023-09-28 14:42:23,174 [WARN] ModelIntegratedComponent:63 - No mode defined for component null
2023-09-28 14:42:23,174 [WARN] ModelIntegratedComponent:63 - No mode defined for component null
2023-09-28 14:42:23,174 [WARN] ModelIntegratedComponent:63 - No mode defined for component null
2023-09-28 14:42:23,174 [WARN] ModelIntegratedComponent:63 - No mode defined for component null
2023-09-28 14:42:23,175 [WARN] ModelIntegratedComponent:63 - No mode defined for component null
2023-09-28 14:42:23,175 [WARN] ModelIntegratedComponent:63 - No mode defined for component null
2023-09-28 14:42:23,175 [WARN] ModelIntegratedComponent:63 - No mode defined for component null
2023-09-28 14:42:23,175 [WARN] ModelIntegratedComponent:63 - No mode defined for component null
2023-09-28 14:42:23,175 [WARN] ModelIntegratedComponent:63 - No mode defined for component null
2023-09-28 14:42:23,175 [WARN] ModelIntegratedComponent:63 - No mode defined for component null
2023-09-28 14:42:23,175 [WARN] ModelIntegratedComponent:63 - No mode defined for component null
2023-09-28 14:42:23,175 [WARN] ModelIntegratedComponent:63 - No mode defined for component null
2023-09-28 14:42:23,175 [WARN] ModelIntegratedComponent:63 - No mode defined for component null
2023-09-28 14:42:23,175 [WARN] ModelIntegratedComponent:63 - No mode defined for component null
2023-09-28 14:42:23,175 [WARN] ModelIntegratedComponent:63 - No mode defined for component null
2023-09-28 14:42:23,175 [WARN] ModelIntegratedComponent:63 - No mode defined for component null
2023-09-28 14:42:23,175 [WARN] ModelIntegratedComponent:63 - No mode defined for component null
2023-09-28 14:42:23,175 [WARN] ModelIntegratedComponent:63 - No mode defined for component null
2023-09-28 14:42:23,175 [WARN] ModelIntegratedComponent:63 - No mode defined for component null
2023-09-28 14:42:23,175 [WARN] ModelIntegratedComponent:63 - No mode defined for component null
2023-09-28 14:42:23,175 [WARN] ModelIntegratedComponent:63 - No mode defined for component null
2023-09-28 14:42:23,175 [WARN] ModelIntegratedComponent:63 - No mode defined for component null
2023-09-28 14:42:23,175 [WARN] ModelIntegratedComponent:63 - No mode defined for component null
2023-09-28 14:42:23,175 [WARN] ModelIntegratedComponent:63 - No mode defined for component null
2023-09-28 14:42:23,175 [WARN] ModelIntegratedComponent:63 - No mode defined for component null
2023-09-28 14:42:23,176 [WARN] ModelIntegratedComponent:63 - No mode defined for component null
2023-09-28 14:42:23,176 [WARN] ModelIntegratedComponent:63 - No mode defined for component null
2023-09-28 14:42:23,176 [WARN] ModelIntegratedComponent:63 - No mode defined for component null
2023-09-28 14:42:23,195 [INFO] ThirdPartyModel:298 - Start build external matchings
2023-09-28 14:42:23,425 [INFO] ThirdPartyModel:316 - End build external matchings
2023-09-28 14:42:23,437 [INFO] ImportTextPane:194 - (OptionalMessage_ERROR) IP (RCC) : Invalid parameter (48MHZClocksFreq_Value)
2023-09-28 14:42:23,439 [INFO] ImportTextPane:194 - (OptionalMessage_ERROR) IP (RCC) : Invalid parameter (EthernetFreq_Value)
2023-09-28 14:42:23,439 [INFO] ImportTextPane:194 - (OptionalMessage_ERROR) IP (RCC) : Parameter (FLatency) has Id (AdvancedSettings) currently not set
2023-09-28 14:42:23,439 [INFO] ImportTextPane:194 - (OptionalMessage_ERROR) IP (RCC) : Invalid parameter (FamilyName)
2023-09-28 14:42:23,440 [INFO] ImportTextPane:194 - (OptionalMessage_ERROR) IP (RCC) : Invalid parameter (I2SClocksFreq_Value)
2023-09-28 14:42:23,441 [INFO] ImportTextPane:194 - (OptionalMessage_ERROR) IP (RCC) : Parameter (SDIOFreq_Value) has invalid value (64000000)
2023-09-28 14:42:23,441 [INFO] ImportTextPane:194 - (OptionalMessage_ERROR) IP (RCC) : Parameter (USBFreq_Value) has invalid value (64000000)
2023-09-28 14:42:23,441 [INFO] ImportTextPane:194 - (OptionalMessage_ERROR) IP (RCC) : Invalid parameter (VCOInputMFreq_Value)
2023-09-28 14:42:23,441 [INFO] ImportTextPane:194 - (OptionalMessage_ERROR) IP (RCC) : Invalid parameter (VcooutputI2S)
2023-09-28 14:42:23,750 [INFO] UtilMem:75 - End LoadConfig() Used Memory: 443801816 Bytes (796917760)
2023-09-28 14:42:23,874 [INFO] ApiDb:581 - Connected to CubeFinder SQLite database (C:\Users\singh\.stmcufinder\plugins\mcufinder\mcu\cube-finder-db.db)
2023-09-28 14:42:23,991 [INFO] ApiDb:668 - CubeFinder database Data Model version=2.1
2023-09-28 14:42:23,991 [INFO] ApiDb:669 - CubeFinder database Configuration version=3.0.37
2023-09-28 14:42:23,993 [INFO] ApiDb:670 - CubeFinder database generation date=2023-08-09 (1691586011)
2023-09-28 14:42:23,993 [INFO] ApiDb:671 - CubeFinder database FW Pack versions=[FP-ATR-ASTRA1_V2.0.0, FP-SNS-FLIGHT1_V5.0.1, FP-SNS-FLIGHT1_V5.0.2, FP-SNS-MOTENV1_V4.3.1, FP-SNS-MOTENV1_V4.3.2, STM32Cube_FW_C0_V1.1.0, STM32Cube_FW_F4_V1.27.1, STM32Cube_FW_F7_V1.17.0, STM32Cube_FW_G0_V1.6.1, STM32Cube_FW_G4_V1.5.1, STM32Cube_FW_H5_V0.5.1, STM32Cube_FW_H5_V1.1.0, STM32Cube_FW_H7_V1.11.0, STM32Cube_FW_L0_V1.12.2, STM32Cube_FW_L5_V1.5.0, STM32Cube_FW_U5_V1.3.0, STM32Cube_FW_U5_V1.3.0RC4, STM32Cube_FW_WBA_V1.0.0RC1, STM32Cube_FW_WBA_V1.1.0, STM32Cube_FW_WBA_V1.1.0RC1, STM32Cube_FW_WB_V1.15.0RC1, STM32Cube_FW_WB_V1.16.0, STM32Cube_FW_WB_V1.16.0RC2, STM32Cube_FW_WB_V1.17.0, STM32Cube_FW_WL_V1.3.0, X-CUBE-ALGOBUILD_V1.3.0, X-CUBE-ALS_V1.0.1, X-CUBE-AZRTOS-F4_V1.1.0, X-CUBE-AZRTOS-F7_V1.1.0, X-CUBE-AZRTOS-G0_V1.1.0, X-CUBE-AZRTOS-G4_V2.0.0, X-CUBE-AZRTOS-H7_V3.1.0, X-CUBE-AZRTOS-L4_V1.0.0, X-CUBE-AZRTOS-L4_V2.0.0, X-CUBE-AZRTOS-L5_V1.1.0, X-CUBE-AZRTOS-WB_V1.1.0, X-CUBE-AZRTOS-WL_V2.0.0, X-CUBE-BLE1_V7.0.0, X-CUBE-BLE2_V3.3.0, X-CUBE-BLEMGR_V2.0.0, X-CUBE-EEPRMA1_V4.1.0, X-CUBE-FREERTOS_V1.1.0, X-CUBE-GNSS1_V6.0.0, X-CUBE-MEMS1_V9.1.0, X-CUBE-MEMS1_V9.4.0, X-CUBE-MEMS1_V9.6.0, X-CUBE-NFC4_V3.0.0, X-CUBE-NFC7_V1.0.0, X-CUBE-SFXS2LP1_V4.0.0, X-CUBE-SUBG2_V5.0.0, X-CUBE-TOF1_V3.3.1]
2023-09-28 14:42:26,687 [INFO] ApiDb:240 - Found 323 in-development CPN: [B-G473E-ZEST1S, B-WB1M-WPAN1, B-WL5M-SUBG1, NUCLEO-C031C6, NUCLEO-H503RB, NUCLEO-H563ZI, NUCLEO-U545RE-Q, NUCLEO-U5A5ZJ-Q, NUCLEO-WBA52CG, STEVAL-PROTEUS1, STEVAL-SMARTAG2, STEVAL-STWINBX1, STM320518-EVAL, STM32C0116-DK, STM32C011D6Y3TR, STM32C011D6Y6TR, STM32C011F4P3, STM32C011F4P6, STM32C011F4U3, STM32C011F4U6TR, STM32C011F6P3, STM32C011F6P6, STM32C011F6U3, STM32C011F6U6TR, STM32C011J4M3, STM32C011J4M6, STM32C011J6M3, STM32C011J6M6, STM32C0316-DK, STM32C031C4T3, STM32C031C4T6, STM32C031C4U3, STM32C031C4U6, STM32C031C6T3, STM32C031C6T6, STM32C031C6U3, STM32C031C6U6, STM32C031F4P3, STM32C031F4P6, STM32C031F6P3, STM32C031F6P6, STM32C031G4U3, STM32C031G4U6, STM32C031G6U3, STM32C031G6U6, STM32C031K4T3, STM32C031K4T6, STM32C031K4U3, STM32C031K4U6, STM32C031K6T3, STM32C031K6T6, STM32C031K6U3, STM32C031K6U6, STM32G071K8TXN, STM32G071K8UXN, STM32G081GBU6N, STM32G081KBT6N, STM32G081KBUXN, STM32G0B1CCT6N, STM32G0B1KCT6, STM32G0B1NEY6TR, STM32G0B1RCT6N, STM32G0C1CCT6, STM32G0C1CCT6N, STM32G0C1CCU6N, STM32G0C1CET6N, STM32G0C1CEU6N, STM32G0C1KCT6, STM32G0C1NEY6TR, STM32G0C1RCI6N, STM32G0C1RCT6N, STM32G0C1REI6N, STM32G0C1RET6N, STM32G0C1VCI6, STM32G0C1VEI6, STM32G471CCT6, STM32G471CCU6, STM32G471CET3, STM32G471CET6, STM32G471CEU3, STM32G471CEU6, STM32G471MCT6, STM32G471MET3, STM32G471MET6, STM32G471MEY6TR, STM32G471QCT6, STM32G471QET3, STM32G471RCT6, STM32G471RET3, STM32G471RET6, STM32G471VCH6, STM32G471VCI6, STM32G471VCT6, STM32G471VEH3, STM32G471VEH6, STM32G471VEI3, STM32G471VEI6, STM32G471VET3, STM32G471VET6, STM32G474CCT6, STM32H503CBT6, STM32H503CBU6, STM32H503EBY6TR, STM32H503KBU6, STM32H503RBT6, STM32H562AGI6, STM32H562AII6, STM32H562IGK6, STM32H562IGT6, STM32H562IIK6, STM32H562IIT6, STM32H562RGT6, STM32H562RGV6, STM32H562RIT6, STM32H562RIV6, STM32H562VGT6, STM32H562VIT6, STM32H562ZGT6, STM32H562ZIT6, STM32H563AGI6, STM32H563AII3Q, STM32H563AII6, STM32H563IGK6, STM32H563IGT6, STM32H563IIK3Q, STM32H563IIK6, STM32H563IIT3Q, STM32H563IIT6, STM32H563MIY3QTR, STM32H563RGT6, STM32H563RGV6, STM32H563RIT6, STM32H563RIV6, STM32H563VGT6, STM32H563VIT3Q, STM32H563VIT6, STM32H563ZGT6, STM32H563ZIT3Q, STM32H563ZIT6, STM32H573AII3Q, STM32H573AII6, STM32H573I-DK, STM32H573IIK3Q, STM32H573IIK6, STM32H573IIT3Q, STM32H573IIT6, STM32H573MIY3QTR, STM32H573RIT6, STM32H573RIV6, STM32H573VIT3Q, STM32H573VIT6, STM32H573ZIT3Q, STM32H573ZIT6, STM32L4R5QGI6STR, STM32MP131AAE3, STM32MP131AAF3, STM32MP131AAG3, STM32MP131CAE3, STM32MP131CAF3, STM32MP131CAG3, STM32MP131DAE7, STM32MP131DAF7, STM32MP131DAG7, STM32MP131FAE7, STM32MP131FAF7, STM32MP131FAG7, STM32MP133AAE3, STM32MP133AAF3, STM32MP133AAG3, STM32MP133CAE3, STM32MP133CAF3, STM32MP133CAG3, STM32MP133DAE7, STM32MP133DAF7, STM32MP133DAG7, STM32MP133FAE7, STM32MP133FAF7, STM32MP133FAG7, STM32MP135AAE3, STM32MP135AAF3, STM32MP135AAG3, STM32MP135CAE3, STM32MP135CAF3, STM32MP135CAG3, STM32MP135DAE7, STM32MP135DAF7, STM32MP135DAG7, STM32MP135F-DK, STM32MP135FAE7, STM32MP135FAF7, STM32MP135FAF7T, STM32MP135FAF7U, STM32MP135FAG7, STM32U535CBT6, STM32U535CBT6Q, STM32U535CBU6, STM32U535CBU6Q, STM32U535CCT6, STM32U535CCT6Q, STM32U535CCU6, STM32U535CCU6Q, STM32U535CET6, STM32U535CET6Q, STM32U535CEU6, STM32U535CEU6Q, STM32U535JEY6QTR, STM32U535NCY6QTR, STM32U535NEY6QTR, STM32U535RBI6, STM32U535RBI6Q, STM32U535RBT6, STM32U535RBT6Q, STM32U535RCI6, STM32U535RCI6Q, STM32U535RCT6, STM32U535RCT6Q, STM32U535REI6, STM32U535REI6Q, STM32U535RET6, STM32U535RET6Q, STM32U535VCI6, STM32U535VCI6Q, STM32U535VCT6, STM32U535VCT6Q, STM32U535VEI6, STM32U535VEI6Q, STM32U535VET6, STM32U535VET6Q, STM32U545CET6, STM32U545CET6Q, STM32U545CEU6, STM32U545CEU6Q, STM32U545JEY6QTR, STM32U545NEY6QTR, STM32U545REI6, STM32U545REI6Q, STM32U545RET6, STM32U545RET6Q, STM32U545VEI6, STM32U545VEI6Q, STM32U545VET6, STM32U545VET6Q, STM32U595AIH6, STM32U595AIH6Q, STM32U595AJH6, STM32U595AJH6Q, STM32U595QII6, STM32U595QII6Q, STM32U595QJI6, STM32U595QJI6Q, STM32U595RIT6, STM32U595RIT6Q, STM32U595RJT6, STM32U595RJT6Q, STM32U595VIT6, STM32U595VIT6Q, STM32U595VJT6, STM32U595VJT6Q, STM32U595ZIT6, STM32U595ZIT6Q, STM32U595ZIY6QTR, STM32U595ZJT6, STM32U595ZJT6Q, STM32U595ZJY6QTR, STM32U599BJY6QTR, STM32U599NIH6Q, STM32U599NJH6Q, STM32U599VIT6Q, STM32U599VJT6, STM32U599VJT6Q, STM32U599ZIT6Q, STM32U599ZIY6QTR, STM32U599ZJT6Q, STM32U599ZJY6QTR, STM32U5A5AJH6, STM32U5A5AJH6Q, STM32U5A5QJI6, STM32U5A5QJI6Q, STM32U5A5RJT6, STM32U5A5RJT6Q, STM32U5A5VJT6, STM32U5A5VJT6Q, STM32U5A5ZJT6, STM32U5A5ZJT6Q, STM32U5A5ZJY6QTR, STM32U5A9BJY6QTR, STM32U5A9J-DK, STM32U5A9NJH6Q, STM32U5A9VJT6Q, STM32U5A9ZJT6Q, STM32U5A9ZJY6QTR, STM32U5F7VIT6, STM32U5F7VIT6Q, STM32U5F7VJT6, STM32U5F7VJT6Q, STM32U5F9BJY6QTR, STM32U5F9NJH6Q, STM32U5F9VIT6Q, STM32U5F9VJT6Q, STM32U5F9ZIJ6QTR, STM32U5F9ZIT6Q, STM32U5F9ZJJ6QTR, STM32U5F9ZJT6Q, STM32U5G7VJT6, STM32U5G7VJT6Q, STM32U5G9BJY6QTR, STM32U5G9J-DK1, STM32U5G9J-DK2, STM32U5G9NJH6Q, STM32U5G9VJT6Q, STM32U5G9ZJJ6QTR, STM32U5G9ZJT6Q, STM32WB1MMCH6, STM32WBA52CEU6, STM32WBA52CEU6T, STM32WBA52CGU6, STM32WBA52CGU6T, STM32WBA52KEU6, STM32WBA52KEU6T, STM32WBA52KGU6, STM32WBA52KGU6T, STM32WL5MOCH6, STM32WL5MOCH6TR]
2023-09-28 14:42:26,691 [INFO] DbMcus:217 - Found 3848 MCUs, 3848 are supported
2023-09-28 14:42:26,691 [INFO] ApiDb:423 - Load user favorites file C:\Users\singh/.stm32cubeide/favorites.mcus.txt: 0 item(s)
2023-09-28 14:42:26,692 [INFO] ApiDb:427 - User favorites MCUs=[]
2023-09-28 14:42:26,692 [INFO] DbMcus:223 - Set 0 / 0 favorites MCUs
2023-09-28 14:42:27,081 [WARN] ThirdParty:833 - waiting for thirdparty lock release [change project]
2023-09-28 14:42:27,081 [INFO] ThirdParty:835 - entering critical section [change project]
2023-09-28 14:42:27,081 [INFO] ThirdParty:1030 - CMSIS Pack Vendor :STMicroelectronics X-CUBE-ISPU 1.1.0
2023-09-28 14:42:27,081 [INFO] ThirdParty:1030 - CMSIS Pack Vendor :STMicroelectronics USBPD 4.1
2023-09-28 14:42:27,081 [INFO] ThirdParty:1030 - CMSIS Pack Vendor :STMicroelectronics X-CUBE-GNSS1 6.0.0
2023-09-28 14:42:27,081 [INFO] ThirdParty:1030 - CMSIS Pack Vendor :STMicroelectronics USB_HOST 2.0.0
2023-09-28 14:42:27,081 [INFO] ThirdParty:1030 - CMSIS Pack Vendor :STMicroelectronics X-CUBE-AZRTOS-F4 1.1.0
2023-09-28 14:42:27,081 [INFO] ThirdParty:1030 - CMSIS Pack Vendor :STMicroelectronics LIBJPEG 8.0.0
2023-09-28 14:42:27,081 [INFO] ThirdParty:1030 - CMSIS Pack Vendor :wolfSSL I-CUBE-wolfSSL 5.6.3
2023-09-28 14:42:27,082 [INFO] ThirdParty:1030 - CMSIS Pack Vendor :STMicroelectronics X-CUBE-SMBUS 2.1.0
2023-09-28 14:42:27,082 [INFO] ThirdParty:1030 - CMSIS Pack Vendor :STMicroelectronics USB_DEVICE 3.0.0
2023-09-28 14:42:27,082 [INFO] ThirdParty:1030 - CMSIS Pack Vendor :STMicroelectronics X-CUBE-AZRTOS-WB 2.0.0
2023-09-28 14:42:27,082 [INFO] ThirdParty:1030 - CMSIS Pack Vendor :STMicroelectronics X-CUBE-AZRTOS-F7 1.1.0
2023-09-28 14:42:27,082 [INFO] ThirdParty:1030 - CMSIS Pack Vendor :STMicroelectronics X-CUBE-AZRTOS-L5 2.0.0
2023-09-28 14:42:27,082 [INFO] ThirdParty:1030 - CMSIS Pack Vendor :STMicroelectronics USB_DEVICE 2.0.0
2023-09-28 14:42:27,082 [INFO] ThirdParty:1030 - CMSIS Pack Vendor :STMicroelectronics X-CUBE-MEMS1 9.6.0
2023-09-28 14:42:27,082 [INFO] ThirdParty:1030 - CMSIS Pack Vendor :STMicroelectronics FP-SNS-MOTENV1 4.3.2
2023-09-28 14:42:27,082 [INFO] ThirdParty:1030 - CMSIS Pack Vendor :STMicroelectronics X-CUBE-ALGOBUILD 1.3.0
2023-09-28 14:42:27,082 [INFO] ThirdParty:1030 - CMSIS Pack Vendor :STMicroelectronics FreeRTOS 0.0.1
2023-09-28 14:42:27,083 [INFO] ThirdParty:1030 - CMSIS Pack Vendor :STMicroelectronics X-CUBE-AZRTOS-G0 1.1.0
2023-09-28 14:42:27,083 [INFO] ThirdParty:1030 - CMSIS Pack Vendor :STMicroelectronics X-CUBE-BLEMGR 2.0.0
2023-09-28 14:42:27,083 [INFO] ThirdParty:1030 - CMSIS Pack Vendor :STMicroelectronics X-CUBE-NFC4 3.0.0
2023-09-28 14:42:27,083 [INFO] ThirdParty:1030 - CMSIS Pack Vendor :STMicroelectronics X-CUBE-SUBG2 5.0.0
2023-09-28 14:42:27,083 [INFO] ThirdParty:1030 - CMSIS Pack Vendor :STMicroelectronics STM32_WPAN 1.0.0
2023-09-28 14:42:27,083 [INFO] ThirdParty:1030 - CMSIS Pack Vendor :STMicroelectronics lwIP 2.0.3
2023-09-28 14:42:27,083 [INFO] ThirdParty:1030 - CMSIS Pack Vendor :STMicroelectronics FP-SNS-FLIGHT1 5.0.2
2023-09-28 14:42:27,083 [INFO] ThirdParty:1030 - CMSIS Pack Vendor :STMicroelectronics USB_HOST 1.0.0
2023-09-28 14:42:27,083 [INFO] ThirdParty:1030 - CMSIS Pack Vendor :STMicroelectronics X-CUBE-TOF1 3.3.1
2023-09-28 14:42:27,083 [INFO] ThirdParty:1030 - CMSIS Pack Vendor :STMicroelectronics X-CUBE-AZRTOS-G4 2.0.0
2023-09-28 14:42:27,083 [INFO] ThirdParty:1030 - CMSIS Pack Vendor :STMicroelectronics PDM2PCM 3.1.0
2023-09-28 14:42:27,083 [INFO] ThirdParty:1030 - CMSIS Pack Vendor :STMicroelectronics X-CUBE-AZRTOS-H7 3.1.0
2023-09-28 14:42:27,083 [INFO] ThirdParty:1030 - CMSIS Pack Vendor :STMicroelectronics PDM2PCM 3.3.0
2023-09-28 14:42:27,083 [INFO] ThirdParty:1030 - CMSIS Pack Vendor :STMicroelectronics X-CUBE-DISPLAY 3.0.0
2023-09-28 14:42:27,083 [INFO] ThirdParty:1030 - CMSIS Pack Vendor :STMicroelectronics X-CUBE-BLE1 7.0.0
2023-09-28 14:42:27,083 [INFO] ThirdParty:1030 - CMSIS Pack Vendor :STMicroelectronics FP-ATR-SIGFOX1 3.2.0
2023-09-28 14:42:27,083 [INFO] ThirdParty:1030 - CMSIS Pack Vendor :STMicroelectronics HAL Drivers 0.0.0
2023-09-28 14:42:27,083 [INFO] ThirdParty:1030 - CMSIS Pack Vendor :STMicroelectronics MBEDTLS 2.16.2
2023-09-28 14:42:27,083 [INFO] ThirdParty:1030 - CMSIS Pack Vendor :emotas I-CUBE-CANOPEN 1.3.0
2023-09-28 14:42:27,083 [INFO] ThirdParty:1030 - CMSIS Pack Vendor :STMicroelectronics X-CUBE-FREERTOS 1.1.0
2023-09-28 14:42:27,083 [INFO] ThirdParty:1030 - CMSIS Pack Vendor :STMicroelectronics X-CUBE-TOUCHGFX 4.22.0
2023-09-28 14:42:27,083 [INFO] ThirdParty:1030 - CMSIS Pack Vendor :STMicroelectronics X-CUBE-NFC7 1.0.1
2023-09-28 14:42:27,084 [INFO] ThirdParty:1030 - CMSIS Pack Vendor :STMicroelectronics MBEDTLS 2.14.1
2023-09-28 14:42:27,084 [INFO] ThirdParty:1030 - CMSIS Pack Vendor :STMicroelectronics X-CUBE-NFC6 3.0.0
2023-09-28 14:42:27,084 [INFO] ThirdParty:1030 - CMSIS Pack Vendor :STMicroelectronics X-CUBE-EEPRMA1 4.1.0
2023-09-28 14:42:27,084 [INFO] ThirdParty:1030 - CMSIS Pack Vendor :portGmbH I-Cube-SoM-uGOAL 1.1.0
2023-09-28 14:42:27,084 [INFO] ThirdParty:1030 - CMSIS Pack Vendor :STMicroelectronics X-CUBE-ALS 1.0.1
2023-09-28 14:42:27,084 [INFO] ThirdParty:1030 - CMSIS Pack Vendor :STMicroelectronics ThreadX 1.0.0
2023-09-28 14:42:27,084 [INFO] ThirdParty:1030 - CMSIS Pack Vendor :STMicroelectronics FP-SNS-SMARTAG2 1.2.0
2023-09-28 14:42:27,084 [INFO] ThirdParty:1030 - CMSIS Pack Vendor :STMicroelectronics X-CUBE-AZRTOS-WL 2.0.0
2023-09-28 14:42:27,084 [INFO] ThirdParty:1030 - CMSIS Pack Vendor :SEGGER I-CUBE-embOS 1.3.1
2023-09-28 14:42:27,084 [INFO] ThirdParty:1030 - CMSIS Pack Vendor :STMicroelectronics USB_DEVICE 1.0.0
2023-09-28 14:42:27,084 [INFO] ThirdParty:1030 - CMSIS Pack Vendor :STMicroelectronics X-CUBE-AI 8.1.0
2023-09-28 14:42:27,084 [INFO] ThirdParty:1030 - CMSIS Pack Vendor :STMicroelectronics X-CUBE-AZRTOS-L4 2.0.0
2023-09-28 14:42:27,084 [INFO] ThirdParty:1030 - CMSIS Pack Vendor :STMicroelectronics ThreadX 0.0.2
2023-09-28 14:42:27,086 [INFO] ThirdParty:1030 - CMSIS Pack Vendor :WES I-CUBE-Cesium 1.3.0
2023-09-28 14:42:27,086 [INFO] ThirdParty:1030 - CMSIS Pack Vendor :STMicroelectronics FP-ATR-ASTRA1 2.0.0
2023-09-28 14:42:27,087 [INFO] ThirdParty:1030 - CMSIS Pack Vendor :STMicroelectronics lwIP 2.1.2
2023-09-28 14:42:27,087 [INFO] ThirdParty:1030 - CMSIS Pack Vendor :STMicroelectronics X-CUBE-SFXS2LP1 4.0.0
2023-09-28 14:42:27,087 [INFO] ThirdParty:1030 - CMSIS Pack Vendor :STMicroelectronics X-CUBE-BLE2 3.3.0
2023-09-28 14:42:27,087 [INFO] ThirdParty:1030 - CMSIS Pack Vendor :STMicroelectronics PDM2PCM 3.2.0
2023-09-28 14:42:27,087 [INFO] ThirdParty:841 - exiting critical section [change project]
2023-09-28 14:42:27,602 [INFO] PinOutPanel:1499 - setPackage(No Configuration,No Configuration)
2023-09-28 14:42:27,603 [INFO] PinOutPanel:1499 - setPackage(STM32F446RETx,LQFP64)
2023-09-28 14:42:28,231 [INFO] UtilMem:75 - Before build in PCC Used Memory: 855716120 Bytes (948961280)
2023-09-28 14:42:29,413 [INFO] UtilMem:75 - After build in PCC Used Memory: 634269336 Bytes (1006632960)
2023-09-28 14:42:29,474 [INFO] IPUIPlugin:80 - create IPUIPlugin
2023-09-28 14:42:29,474 [INFO] IPUIPlugin:80 - create IPUIPlugin
2023-09-28 14:42:29,474 [INFO] IPUIPlugin:80 - create IPUIPlugin
2023-09-28 14:42:29,474 [INFO] IPUIPlugin:80 - create IPUIPlugin
2023-09-28 14:42:29,474 [INFO] IPUIPlugin:80 - create IPUIPlugin
2023-09-28 14:42:29,474 [INFO] IPUIPlugin:80 - create IPUIPlugin
2023-09-28 14:42:29,474 [INFO] IPUIPlugin:80 - create IPUIPlugin
2023-09-28 14:42:29,476 [INFO] IPUIPlugin:80 - create IPUIPlugin
2023-09-28 14:42:29,476 [INFO] IPUIPlugin:80 - create IPUIPlugin
2023-09-28 14:42:29,476 [INFO] IPUIPlugin:80 - create IPUIPlugin
2023-09-28 14:42:29,476 [INFO] IPUIPlugin:80 - create IPUIPlugin
2023-09-28 14:42:29,476 [INFO] IPUIPlugin:80 - create IPUIPlugin
2023-09-28 14:42:29,476 [INFO] IPUIPlugin:80 - create IPUIPlugin
2023-09-28 14:42:29,476 [INFO] IPUIPlugin:80 - create IPUIPlugin
2023-09-28 14:42:29,477 [INFO] IPUIPlugin:80 - create IPUIPlugin
2023-09-28 14:42:29,477 [INFO] IPUIPlugin:80 - create IPUIPlugin
2023-09-28 14:42:29,477 [INFO] IPUIPlugin:80 - create IPUIPlugin
2023-09-28 14:42:29,477 [INFO] IPUIPlugin:80 - create IPUIPlugin
2023-09-28 14:42:29,477 [INFO] IPUIPlugin:80 - create IPUIPlugin
2023-09-28 14:42:29,477 [INFO] IPUIPlugin:80 - create IPUIPlugin
2023-09-28 14:42:29,478 [INFO] IPUIPlugin:80 - create IPUIPlugin
2023-09-28 14:42:29,478 [INFO] IPUIPlugin:80 - create IPUIPlugin
2023-09-28 14:42:29,478 [INFO] IPUIPlugin:80 - create IPUIPlugin
2023-09-28 14:42:29,479 [INFO] IPUIPlugin:80 - create IPUIPlugin
2023-09-28 14:42:29,479 [INFO] IPUIPlugin:80 - create IPUIPlugin
2023-09-28 14:42:29,479 [INFO] IPUIPlugin:80 - create IPUIPlugin
2023-09-28 14:42:29,479 [INFO] IPUIPlugin:80 - create IPUIPlugin
2023-09-28 14:42:29,480 [INFO] IPUIPlugin:80 - create IPUIPlugin
2023-09-28 14:42:29,480 [INFO] IPUIPlugin:80 - create IPUIPlugin
2023-09-28 14:42:29,481 [INFO] IPUIPlugin:80 - create IPUIPlugin
2023-09-28 14:42:29,481 [INFO] IPUIPlugin:80 - create IPUIPlugin
2023-09-28 14:42:29,482 [INFO] IPUIPlugin:80 - create IPUIPlugin
2023-09-28 14:42:29,482 [INFO] IPUIPlugin:80 - create IPUIPlugin
2023-09-28 14:42:29,482 [INFO] IPUIPlugin:80 - create IPUIPlugin
2023-09-28 14:42:29,483 [INFO] IPUIPlugin:80 - create IPUIPlugin
2023-09-28 14:42:29,483 [INFO] IPUIPlugin:80 - create IPUIPlugin
2023-09-28 14:42:29,484 [INFO] IPUIPlugin:80 - create IPUIPlugin
2023-09-28 14:42:29,484 [INFO] IPUIPlugin:80 - create IPUIPlugin
2023-09-28 14:42:29,486 [INFO] IPUIPlugin:80 - create IPUIPlugin
2023-09-28 14:42:29,486 [INFO] IPUIPlugin:80 - create IPUIPlugin
2023-09-28 14:42:29,487 [INFO] IPUIPlugin:80 - create IPUIPlugin
2023-09-28 14:42:29,487 [INFO] IPUIPlugin:80 - create IPUIPlugin
2023-09-28 14:42:29,487 [INFO] IPUIPlugin:80 - create IPUIPlugin
2023-09-28 14:42:29,488 [INFO] IPUIPlugin:80 - create IPUIPlugin
2023-09-28 14:42:29,488 [INFO] IPUIPlugin:80 - create IPUIPlugin
2023-09-28 14:42:29,489 [INFO] IPUIPlugin:80 - create IPUIPlugin
2023-09-28 14:42:29,489 [INFO] IPUIPlugin:80 - create IPUIPlugin
2023-09-28 14:42:29,490 [INFO] IPUIPlugin:80 - create IPUIPlugin
2023-09-28 14:42:29,490 [INFO] IPUIPlugin:80 - create IPUIPlugin
2023-09-28 14:42:29,492 [INFO] IPUIPlugin:80 - create IPUIPlugin
2023-09-28 14:42:29,492 [INFO] IPUIPlugin:80 - create IPUIPlugin
2023-09-28 14:42:29,493 [INFO] IPUIPlugin:80 - create IPUIPlugin
2023-09-28 14:42:29,493 [INFO] IPUIPlugin:80 - create IPUIPlugin
2023-09-28 14:42:29,494 [INFO] IPUIPlugin:80 - create IPUIPlugin
2023-09-28 14:42:29,495 [INFO] IPUIPlugin:80 - create IPUIPlugin
2023-09-28 14:42:29,495 [INFO] IPUIPlugin:80 - create IPUIPlugin
2023-09-28 14:42:29,496 [INFO] IPUIPlugin:80 - create IPUIPlugin
2023-09-28 14:42:29,497 [INFO] IPUIPlugin:80 - create IPUIPlugin
2023-09-28 14:42:29,499 [INFO] IPUIPlugin:80 - create IPUIPlugin
2023-09-28 14:42:29,499 [INFO] IPUIPlugin:80 - create IPUIPlugin
2023-09-28 14:42:29,698 [INFO] ApiDbMcu:507 - Load IP Config File for PDM2PCM
2023-09-28 14:42:29,987 [INFO] CADModel:165 - CPN selected for project levelSTM32F446RET6
2023-09-28 14:42:29,987 [INFO] CADModel:114 - Register for checkConnection events
2023-09-28 14:42:30,031 [INFO] OpenFileManager:328 - Restore cursor
2023-09-28 14:43:43,758 [INFO] MainUpdater:2868 - connection check result : 10
2023-09-28 14:43:43,758 [INFO] MainUpdater:2868 - connection check result : 10
2023-09-28 14:43:43,787 [INFO] MicroXplorer:468 - Change Database Path : 
2023-09-28 14:43:43,787 [INFO] MicroXplorer:498 - Change Database Version : DB.6.0.92
2023-09-28 14:43:43,819 [WARN] ThirdParty:871 - waiting for thirdparty lock release [close project]
2023-09-28 14:43:43,819 [INFO] ThirdParty:873 - entering critical section [close project]
2023-09-28 14:43:43,819 [INFO] ThirdParty:883 - exiting critical section [close project]
2023-09-28 14:43:43,823 [INFO] PinOutPanel:1499 - setPackage(No Configuration,No Configuration)
2023-09-28 14:43:43,841 [WARN] IpParametersView:151 - Warning: This peripheral hasn't parameters
2023-09-28 14:43:43,859 [WARN] MainPanel:272 - <html><b><center>Warning: This peripheral has no parameters to be configured<br></b></html>
2023-09-28 14:43:43,866 [INFO] UtilMem:75 - Begin LoadConfig() Used Memory: 581962336 Bytes (1073741824)
2023-09-28 14:43:43,875 [INFO] MicroXplorer:468 - Change Database Path : C:/Users/singh/.stm32cubemx/databases/DB.6.0.91/db/
2023-09-28 14:43:43,875 [INFO] MicroXplorer:498 - Change Database Version : DB.6.0.91
2023-09-28 14:43:44,960 [INFO] OpenFileManager:308 - Change cursor
2023-09-28 14:43:44,973 [INFO] Mcu:1946 - Initializing MCU STM32F446R(C-E)Tx STM32F446RETx STM32F446RET6
2023-09-28 14:43:46,376 [INFO] Context:659 - Trying to add GPIOservice into a context  which must be forbidden
2023-09-28 14:43:46,834 [INFO] RtosManager:555 - Registered RTOS mode: class=CMSIS, group=RTOS, mode=CMSIS_V1, owner=FREERTOS
2023-09-28 14:43:46,836 [INFO] RtosManager:555 - Registered RTOS mode: class=CMSIS, group=RTOS2, mode=CMSIS_V2, owner=FREERTOS
2023-09-28 14:43:46,836 [INFO] RtosManager:555 - Registered RTOS mode: class=RTOS, group=Core, mode=CMSIS_V1, owner=FREERTOS
2023-09-28 14:43:46,836 [INFO] RtosManager:555 - Registered RTOS mode: class=RTOS, group=Core, mode=CMSIS_V2, owner=FREERTOS
2023-09-28 14:43:46,836 [WARN] ModelIntegratedComponent:184 - Missing modes for component STMicroelectronics:FreeRTOS:0.0.1:STMicroelectronics:RTOS:FreeRTOS:Core:::10.2.0:
2023-09-28 14:43:46,845 [WARN] ModelIntegratedComponent:63 - No mode defined for component null
2023-09-28 14:43:46,846 [WARN] ModelIntegratedComponent:63 - No mode defined for component null
2023-09-28 14:43:46,846 [WARN] ModelIntegratedComponent:63 - No mode defined for component null
2023-09-28 14:43:46,846 [WARN] ModelIntegratedComponent:63 - No mode defined for component null
2023-09-28 14:43:46,846 [WARN] ModelIntegratedComponent:63 - No mode defined for component null
2023-09-28 14:43:46,846 [WARN] ModelIntegratedComponent:63 - No mode defined for component null
2023-09-28 14:43:46,846 [WARN] ModelIntegratedComponent:63 - No mode defined for component null
2023-09-28 14:43:46,846 [WARN] ModelIntegratedComponent:63 - No mode defined for component null
2023-09-28 14:43:46,846 [WARN] ModelIntegratedComponent:63 - No mode defined for component null
2023-09-28 14:43:46,846 [WARN] ModelIntegratedComponent:63 - No mode defined for component null
2023-09-28 14:43:46,846 [WARN] ModelIntegratedComponent:63 - No mode defined for component null
2023-09-28 14:43:46,846 [WARN] ModelIntegratedComponent:63 - No mode defined for component null
2023-09-28 14:43:46,846 [WARN] ModelIntegratedComponent:63 - No mode defined for component null
2023-09-28 14:43:46,846 [WARN] ModelIntegratedComponent:63 - No mode defined for component null
2023-09-28 14:43:46,846 [WARN] ModelIntegratedComponent:63 - No mode defined for component null
2023-09-28 14:43:46,846 [WARN] ModelIntegratedComponent:63 - No mode defined for component null
2023-09-28 14:43:46,846 [WARN] ModelIntegratedComponent:63 - No mode defined for component null
2023-09-28 14:43:46,846 [WARN] ModelIntegratedComponent:63 - No mode defined for component null
2023-09-28 14:43:46,846 [WARN] ModelIntegratedComponent:63 - No mode defined for component null
2023-09-28 14:43:46,846 [WARN] ModelIntegratedComponent:63 - No mode defined for component null
2023-09-28 14:43:46,846 [WARN] ModelIntegratedComponent:63 - No mode defined for component null
2023-09-28 14:43:46,846 [WARN] ModelIntegratedComponent:63 - No mode defined for component null
2023-09-28 14:43:46,847 [WARN] ModelIntegratedComponent:63 - No mode defined for component null
2023-09-28 14:43:46,847 [WARN] ModelIntegratedComponent:63 - No mode defined for component null
2023-09-28 14:43:46,847 [WARN] ModelIntegratedComponent:63 - No mode defined for component null
2023-09-28 14:43:46,847 [WARN] ModelIntegratedComponent:63 - No mode defined for component null
2023-09-28 14:43:46,847 [WARN] ModelIntegratedComponent:63 - No mode defined for component null
2023-09-28 14:43:46,847 [WARN] ModelIntegratedComponent:63 - No mode defined for component null
2023-09-28 14:43:46,847 [WARN] ModelIntegratedComponent:63 - No mode defined for component null
2023-09-28 14:43:46,847 [WARN] ModelIntegratedComponent:63 - No mode defined for component null
2023-09-28 14:43:46,847 [WARN] ModelIntegratedComponent:63 - No mode defined for component null
2023-09-28 14:43:46,848 [WARN] ModelIntegratedComponent:63 - No mode defined for component null
2023-09-28 14:43:46,848 [WARN] ModelIntegratedComponent:63 - No mode defined for component null
2023-09-28 14:43:46,863 [INFO] ThirdPartyModel:298 - Start build external matchings
2023-09-28 14:43:47,213 [INFO] ThirdPartyModel:316 - End build external matchings
2023-09-28 14:43:47,227 [INFO] ImportTextPane:194 - (OptionalMessage_ERROR) IP (RCC) : Invalid parameter (48MHZClocksFreq_Value)
2023-09-28 14:43:47,227 [INFO] ImportTextPane:194 - (OptionalMessage_ERROR) IP (RCC) : Invalid parameter (EthernetFreq_Value)
2023-09-28 14:43:47,228 [INFO] ImportTextPane:194 - (OptionalMessage_ERROR) IP (RCC) : Parameter (FLatency) has Id (AdvancedSettings) currently not set
2023-09-28 14:43:47,228 [INFO] ImportTextPane:194 - (OptionalMessage_ERROR) IP (RCC) : Invalid parameter (FamilyName)
2023-09-28 14:43:47,228 [INFO] ImportTextPane:194 - (OptionalMessage_ERROR) IP (RCC) : Invalid parameter (I2SClocksFreq_Value)
2023-09-28 14:43:47,229 [INFO] ImportTextPane:194 - (OptionalMessage_ERROR) IP (RCC) : Parameter (SDIOFreq_Value) has invalid value (168000000)
2023-09-28 14:43:47,229 [INFO] ImportTextPane:194 - (OptionalMessage_ERROR) IP (RCC) : Parameter (USBFreq_Value) has invalid value (168000000)
2023-09-28 14:43:47,229 [INFO] ImportTextPane:194 - (OptionalMessage_ERROR) IP (RCC) : Invalid parameter (VCOInputMFreq_Value)
2023-09-28 14:43:47,229 [INFO] ImportTextPane:194 - (OptionalMessage_ERROR) IP (RCC) : Invalid parameter (VcooutputI2S)
2023-09-28 14:43:47,598 [INFO] UtilMem:75 - End LoadConfig() Used Memory: 791480488 Bytes (1073741824)
2023-09-28 14:43:47,674 [WARN] ThirdParty:833 - waiting for thirdparty lock release [change project]
2023-09-28 14:43:47,674 [INFO] ThirdParty:835 - entering critical section [change project]
2023-09-28 14:43:47,674 [INFO] ThirdParty:1030 - CMSIS Pack Vendor :STMicroelectronics X-CUBE-ISPU 1.1.0
2023-09-28 14:43:47,674 [INFO] ThirdParty:1030 - CMSIS Pack Vendor :STMicroelectronics USBPD 4.1
2023-09-28 14:43:47,674 [INFO] ThirdParty:1030 - CMSIS Pack Vendor :STMicroelectronics X-CUBE-GNSS1 6.0.0
2023-09-28 14:43:47,674 [INFO] ThirdParty:1030 - CMSIS Pack Vendor :STMicroelectronics USB_HOST 2.0.0
2023-09-28 14:43:47,674 [INFO] ThirdParty:1030 - CMSIS Pack Vendor :STMicroelectronics X-CUBE-AZRTOS-F4 1.1.0
2023-09-28 14:43:47,674 [INFO] ThirdParty:1030 - CMSIS Pack Vendor :STMicroelectronics LIBJPEG 8.0.0
2023-09-28 14:43:47,674 [INFO] ThirdParty:1030 - CMSIS Pack Vendor :wolfSSL I-CUBE-wolfSSL 5.6.3
2023-09-28 14:43:47,674 [INFO] ThirdParty:1030 - CMSIS Pack Vendor :STMicroelectronics X-CUBE-SMBUS 2.1.0
2023-09-28 14:43:47,674 [INFO] ThirdParty:1030 - CMSIS Pack Vendor :STMicroelectronics USB_DEVICE 3.0.0
2023-09-28 14:43:47,674 [INFO] ThirdParty:1030 - CMSIS Pack Vendor :STMicroelectronics X-CUBE-AZRTOS-WB 2.0.0
2023-09-28 14:43:47,674 [INFO] ThirdParty:1030 - CMSIS Pack Vendor :STMicroelectronics X-CUBE-AZRTOS-F7 1.1.0
2023-09-28 14:43:47,674 [INFO] ThirdParty:1030 - CMSIS Pack Vendor :STMicroelectronics X-CUBE-AZRTOS-L5 2.0.0
2023-09-28 14:43:47,674 [INFO] ThirdParty:1030 - CMSIS Pack Vendor :STMicroelectronics USB_DEVICE 2.0.0
2023-09-28 14:43:47,674 [INFO] ThirdParty:1030 - CMSIS Pack Vendor :STMicroelectronics X-CUBE-MEMS1 9.6.0
2023-09-28 14:43:47,674 [INFO] ThirdParty:1030 - CMSIS Pack Vendor :STMicroelectronics FP-SNS-MOTENV1 4.3.2
2023-09-28 14:43:47,674 [INFO] ThirdParty:1030 - CMSIS Pack Vendor :STMicroelectronics X-CUBE-ALGOBUILD 1.3.0
2023-09-28 14:43:47,674 [INFO] ThirdParty:1030 - CMSIS Pack Vendor :STMicroelectronics FreeRTOS 0.0.1
2023-09-28 14:43:47,674 [INFO] ThirdParty:1030 - CMSIS Pack Vendor :STMicroelectronics X-CUBE-AZRTOS-G0 1.1.0
2023-09-28 14:43:47,675 [INFO] ThirdParty:1030 - CMSIS Pack Vendor :STMicroelectronics X-CUBE-BLEMGR 2.0.0
2023-09-28 14:43:47,675 [INFO] ThirdParty:1030 - CMSIS Pack Vendor :STMicroelectronics X-CUBE-NFC4 3.0.0
2023-09-28 14:43:47,675 [INFO] ThirdParty:1030 - CMSIS Pack Vendor :STMicroelectronics X-CUBE-SUBG2 5.0.0
2023-09-28 14:43:47,675 [INFO] ThirdParty:1030 - CMSIS Pack Vendor :STMicroelectronics STM32_WPAN 1.0.0
2023-09-28 14:43:47,675 [INFO] ThirdParty:1030 - CMSIS Pack Vendor :STMicroelectronics lwIP 2.0.3
2023-09-28 14:43:47,675 [INFO] ThirdParty:1030 - CMSIS Pack Vendor :STMicroelectronics FP-SNS-FLIGHT1 5.0.2
2023-09-28 14:43:47,675 [INFO] ThirdParty:1030 - CMSIS Pack Vendor :STMicroelectronics USB_HOST 1.0.0
2023-09-28 14:43:47,675 [INFO] ThirdParty:1030 - CMSIS Pack Vendor :STMicroelectronics X-CUBE-TOF1 3.3.1
2023-09-28 14:43:47,675 [INFO] ThirdParty:1030 - CMSIS Pack Vendor :STMicroelectronics X-CUBE-AZRTOS-G4 2.0.0
2023-09-28 14:43:47,675 [INFO] ThirdParty:1030 - CMSIS Pack Vendor :STMicroelectronics PDM2PCM 3.1.0
2023-09-28 14:43:47,675 [INFO] ThirdParty:1030 - CMSIS Pack Vendor :STMicroelectronics X-CUBE-AZRTOS-H7 3.1.0
2023-09-28 14:43:47,675 [INFO] ThirdParty:1030 - CMSIS Pack Vendor :STMicroelectronics PDM2PCM 3.3.0
2023-09-28 14:43:47,675 [INFO] ThirdParty:1030 - CMSIS Pack Vendor :STMicroelectronics X-CUBE-DISPLAY 3.0.0
2023-09-28 14:43:47,675 [INFO] ThirdParty:1030 - CMSIS Pack Vendor :STMicroelectronics X-CUBE-BLE1 7.0.0
2023-09-28 14:43:47,675 [INFO] ThirdParty:1030 - CMSIS Pack Vendor :STMicroelectronics FP-ATR-SIGFOX1 3.2.0
2023-09-28 14:43:47,675 [INFO] ThirdParty:1030 - CMSIS Pack Vendor :STMicroelectronics HAL Drivers 0.0.0
2023-09-28 14:43:47,675 [INFO] ThirdParty:1030 - CMSIS Pack Vendor :STMicroelectronics MBEDTLS 2.16.2
2023-09-28 14:43:47,675 [INFO] ThirdParty:1030 - CMSIS Pack Vendor :emotas I-CUBE-CANOPEN 1.3.0
2023-09-28 14:43:47,675 [INFO] ThirdParty:1030 - CMSIS Pack Vendor :STMicroelectronics X-CUBE-FREERTOS 1.1.0
2023-09-28 14:43:47,675 [INFO] ThirdParty:1030 - CMSIS Pack Vendor :STMicroelectronics X-CUBE-TOUCHGFX 4.22.0
2023-09-28 14:43:47,675 [INFO] ThirdParty:1030 - CMSIS Pack Vendor :STMicroelectronics X-CUBE-NFC7 1.0.1
2023-09-28 14:43:47,676 [INFO] ThirdParty:1030 - CMSIS Pack Vendor :STMicroelectronics MBEDTLS 2.14.1
2023-09-28 14:43:47,676 [INFO] ThirdParty:1030 - CMSIS Pack Vendor :STMicroelectronics X-CUBE-NFC6 3.0.0
2023-09-28 14:43:47,676 [INFO] ThirdParty:1030 - CMSIS Pack Vendor :STMicroelectronics X-CUBE-EEPRMA1 4.1.0
2023-09-28 14:43:47,676 [INFO] ThirdParty:1030 - CMSIS Pack Vendor :portGmbH I-Cube-SoM-uGOAL 1.1.0
2023-09-28 14:43:47,676 [INFO] ThirdParty:1030 - CMSIS Pack Vendor :STMicroelectronics X-CUBE-ALS 1.0.1
2023-09-28 14:43:47,676 [INFO] ThirdParty:1030 - CMSIS Pack Vendor :STMicroelectronics ThreadX 1.0.0
2023-09-28 14:43:47,676 [INFO] ThirdParty:1030 - CMSIS Pack Vendor :STMicroelectronics FP-SNS-SMARTAG2 1.2.0
2023-09-28 14:43:47,676 [INFO] ThirdParty:1030 - CMSIS Pack Vendor :STMicroelectronics X-CUBE-AZRTOS-WL 2.0.0
2023-09-28 14:43:47,676 [INFO] ThirdParty:1030 - CMSIS Pack Vendor :SEGGER I-CUBE-embOS 1.3.1
2023-09-28 14:43:47,676 [INFO] ThirdParty:1030 - CMSIS Pack Vendor :STMicroelectronics USB_DEVICE 1.0.0
2023-09-28 14:43:47,676 [INFO] ThirdParty:1030 - CMSIS Pack Vendor :STMicroelectronics X-CUBE-AI 8.1.0
2023-09-28 14:43:47,676 [INFO] ThirdParty:1030 - CMSIS Pack Vendor :STMicroelectronics X-CUBE-AZRTOS-L4 2.0.0
2023-09-28 14:43:47,676 [INFO] ThirdParty:1030 - CMSIS Pack Vendor :STMicroelectronics ThreadX 0.0.2
2023-09-28 14:43:47,676 [INFO] ThirdParty:1030 - CMSIS Pack Vendor :WES I-CUBE-Cesium 1.3.0
2023-09-28 14:43:47,676 [INFO] ThirdParty:1030 - CMSIS Pack Vendor :STMicroelectronics FP-ATR-ASTRA1 2.0.0
2023-09-28 14:43:47,676 [INFO] ThirdParty:1030 - CMSIS Pack Vendor :STMicroelectronics lwIP 2.1.2
2023-09-28 14:43:47,676 [INFO] ThirdParty:1030 - CMSIS Pack Vendor :STMicroelectronics X-CUBE-SFXS2LP1 4.0.0
2023-09-28 14:43:47,676 [INFO] ThirdParty:1030 - CMSIS Pack Vendor :STMicroelectronics X-CUBE-BLE2 3.3.0
2023-09-28 14:43:47,676 [INFO] ThirdParty:1030 - CMSIS Pack Vendor :STMicroelectronics PDM2PCM 3.2.0
2023-09-28 14:43:47,676 [INFO] ThirdParty:841 - exiting critical section [change project]
2023-09-28 14:43:47,872 [INFO] PinOutPanel:1499 - setPackage(No Configuration,No Configuration)
2023-09-28 14:43:47,872 [INFO] PinOutPanel:1499 - setPackage(STM32F446RETx,LQFP64)
2023-09-28 14:43:48,172 [INFO] UtilMem:75 - Before build in PCC Used Memory: 559194576 Bytes (1073741824)
2023-09-28 14:43:48,439 [INFO] UtilMem:75 - After build in PCC Used Memory: 607951312 Bytes (1073741824)
2023-09-28 14:43:48,462 [INFO] IPUIPlugin:80 - create IPUIPlugin
2023-09-28 14:43:48,463 [INFO] IPUIPlugin:80 - create IPUIPlugin
2023-09-28 14:43:48,463 [INFO] IPUIPlugin:80 - create IPUIPlugin
2023-09-28 14:43:48,463 [INFO] IPUIPlugin:80 - create IPUIPlugin
2023-09-28 14:43:48,463 [INFO] IPUIPlugin:80 - create IPUIPlugin
2023-09-28 14:43:48,463 [INFO] IPUIPlugin:80 - create IPUIPlugin
2023-09-28 14:43:48,463 [INFO] IPUIPlugin:80 - create IPUIPlugin
2023-09-28 14:43:48,463 [INFO] IPUIPlugin:80 - create IPUIPlugin
2023-09-28 14:43:48,463 [INFO] IPUIPlugin:80 - create IPUIPlugin
2023-09-28 14:43:48,463 [INFO] IPUIPlugin:80 - create IPUIPlugin
2023-09-28 14:43:48,463 [INFO] IPUIPlugin:80 - create IPUIPlugin
2023-09-28 14:43:48,463 [INFO] IPUIPlugin:80 - create IPUIPlugin
2023-09-28 14:43:48,464 [INFO] IPUIPlugin:80 - create IPUIPlugin
2023-09-28 14:43:48,464 [INFO] IPUIPlugin:80 - create IPUIPlugin
2023-09-28 14:43:48,464 [INFO] IPUIPlugin:80 - create IPUIPlugin
2023-09-28 14:43:48,464 [INFO] IPUIPlugin:80 - create IPUIPlugin
2023-09-28 14:43:48,464 [INFO] IPUIPlugin:80 - create IPUIPlugin
2023-09-28 14:43:48,464 [INFO] IPUIPlugin:80 - create IPUIPlugin
2023-09-28 14:43:48,464 [INFO] IPUIPlugin:80 - create IPUIPlugin
2023-09-28 14:43:48,464 [INFO] IPUIPlugin:80 - create IPUIPlugin
2023-09-28 14:43:48,464 [INFO] IPUIPlugin:80 - create IPUIPlugin
2023-09-28 14:43:48,465 [INFO] IPUIPlugin:80 - create IPUIPlugin
2023-09-28 14:43:48,465 [INFO] IPUIPlugin:80 - create IPUIPlugin
2023-09-28 14:43:48,465 [INFO] IPUIPlugin:80 - create IPUIPlugin
2023-09-28 14:43:48,465 [INFO] IPUIPlugin:80 - create IPUIPlugin
2023-09-28 14:43:48,465 [INFO] IPUIPlugin:80 - create IPUIPlugin
2023-09-28 14:43:48,465 [INFO] IPUIPlugin:80 - create IPUIPlugin
2023-09-28 14:43:48,466 [INFO] IPUIPlugin:80 - create IPUIPlugin
2023-09-28 14:43:48,466 [INFO] IPUIPlugin:80 - create IPUIPlugin
2023-09-28 14:43:48,466 [INFO] IPUIPlugin:80 - create IPUIPlugin
2023-09-28 14:43:48,466 [INFO] IPUIPlugin:80 - create IPUIPlugin
2023-09-28 14:43:48,466 [INFO] IPUIPlugin:80 - create IPUIPlugin
2023-09-28 14:43:48,466 [INFO] IPUIPlugin:80 - create IPUIPlugin
2023-09-28 14:43:48,467 [INFO] IPUIPlugin:80 - create IPUIPlugin
2023-09-28 14:43:48,467 [INFO] IPUIPlugin:80 - create IPUIPlugin
2023-09-28 14:43:48,468 [INFO] IPUIPlugin:80 - create IPUIPlugin
2023-09-28 14:43:48,468 [INFO] IPUIPlugin:80 - create IPUIPlugin
2023-09-28 14:43:48,468 [INFO] IPUIPlugin:80 - create IPUIPlugin
2023-09-28 14:43:48,468 [INFO] IPUIPlugin:80 - create IPUIPlugin
2023-09-28 14:43:48,469 [INFO] IPUIPlugin:80 - create IPUIPlugin
2023-09-28 14:43:48,469 [INFO] IPUIPlugin:80 - create IPUIPlugin
2023-09-28 14:43:48,469 [INFO] IPUIPlugin:80 - create IPUIPlugin
2023-09-28 14:43:48,469 [INFO] IPUIPlugin:80 - create IPUIPlugin
2023-09-28 14:43:48,469 [INFO] IPUIPlugin:80 - create IPUIPlugin
2023-09-28 14:43:48,470 [INFO] IPUIPlugin:80 - create IPUIPlugin
2023-09-28 14:43:48,470 [INFO] IPUIPlugin:80 - create IPUIPlugin
2023-09-28 14:43:48,470 [INFO] IPUIPlugin:80 - create IPUIPlugin
2023-09-28 14:43:48,470 [INFO] IPUIPlugin:80 - create IPUIPlugin
2023-09-28 14:43:48,472 [INFO] IPUIPlugin:80 - create IPUIPlugin
2023-09-28 14:43:48,472 [INFO] IPUIPlugin:80 - create IPUIPlugin
2023-09-28 14:43:48,472 [INFO] IPUIPlugin:80 - create IPUIPlugin
2023-09-28 14:43:48,473 [INFO] IPUIPlugin:80 - create IPUIPlugin
2023-09-28 14:43:48,473 [INFO] IPUIPlugin:80 - create IPUIPlugin
2023-09-28 14:43:48,474 [INFO] IPUIPlugin:80 - create IPUIPlugin
2023-09-28 14:43:48,474 [INFO] IPUIPlugin:80 - create IPUIPlugin
2023-09-28 14:43:48,475 [INFO] IPUIPlugin:80 - create IPUIPlugin
2023-09-28 14:43:48,475 [INFO] IPUIPlugin:80 - create IPUIPlugin
2023-09-28 14:43:48,476 [INFO] IPUIPlugin:80 - create IPUIPlugin
2023-09-28 14:43:48,477 [INFO] IPUIPlugin:80 - create IPUIPlugin
2023-09-28 14:43:48,478 [INFO] IPUIPlugin:80 - create IPUIPlugin
2023-09-28 14:43:48,487 [INFO] ApiDbMcu:507 - Load IP Config File for PDM2PCM
2023-09-28 14:43:48,569 [INFO] CADModel:165 - CPN selected for project levelSTM32F446RET6
2023-09-28 14:43:48,569 [INFO] CADModel:114 - Register for checkConnection events
2023-09-28 14:43:48,638 [INFO] OpenFileManager:328 - Restore cursor
2023-09-28 14:44:03,566 [INFO] Gpio:273 - dependency for GPIO [RCC, SYS, TIM2, USART2]
