2023-11-12 00:58:31,202 [INFO] Activator:176 - 


2023-11-12 00:58:31,205 [INFO] Activator:177 - !SESSION log4j initialized
2023-11-12 00:58:35,369 [INFO] LogOutputStream:77 - [STDOUT_REDIRECT] 
2023-11-12 00:58:44,651 [INFO] ApplicationProperties:184 - Using Application install path: C:\ST\STM32CubeIDE_1.13.1\STM32CubeIDE\plugins\com.st.stm32cube.common.mx_6.9.2.202309101412
2023-11-12 00:58:44,664 [INFO] DbMcusXml:78 - Set database path to: C:\ST\STM32CubeIDE_1.13.1\STM32CubeIDE\plugins\com.st.stm32cube.common.mx_6.9.2.202309101412\\db\/mcu/
2023-11-12 00:58:44,664 [INFO] ApiDb:274 - Set plugin database path to: C:\ST\STM32CubeIDE_1.13.1\STM32CubeIDE\plugins\com.st.stm32cube.common.mx_6.9.2.202309101412\\db\/plugins/boardmanager/
2023-11-12 00:58:44,670 [WARN] ApiDb:259 - Overriding images path with different value:  => C:\ST\STM32CubeIDE_1.13.1\STM32CubeIDE\plugins\com.st.stm32cube.common.mx_6.9.2.202309101412\\db\/plugins/mcufinder/images/
2023-11-12 00:58:44,678 [INFO] ApiDb:250 - Set database path to: C:\Users\singh\.stmcufinder\plugins\mcufinder//mcu/
2023-11-12 00:58:44,679 [INFO] DbMcusAds:125 - Set database path to: C:\Users\singh\.stmcufinder\plugins\mcufinder//mcu/
2023-11-12 00:58:44,681 [INFO] CrossReferenceDbSqlite:203 - Set database path to: C:\Users\singh\.stmcufinder\plugins\mcufinder//mcu/cs/
2023-11-12 00:58:44,753 [INFO] RulesReader:64 - Compatibility file has been processed (293 Rules)
2023-11-12 00:58:44,825 [INFO] DbMcusXml:78 - Set database path to: C:\ST\STM32CubeIDE_1.13.1\STM32CubeIDE\plugins\com.st.stm32cube.common.mx_6.9.2.202309101412\\db\/mcu/
2023-11-12 00:58:44,825 [INFO] ApiDb:274 - Set plugin database path to: C:\ST\STM32CubeIDE_1.13.1\STM32CubeIDE\plugins\com.st.stm32cube.common.mx_6.9.2.202309101412\\db\/plugins/boardmanager/
2023-11-12 00:58:44,826 [INFO] ApiDb:261 - Set plugin images path to: C:\ST\STM32CubeIDE_1.13.1\STM32CubeIDE\plugins\com.st.stm32cube.common.mx_6.9.2.202309101412\\db\/plugins/mcufinder/images/
2023-11-12 00:58:44,826 [WARN] DbFile:41 - Overriding database path with different value: C:\Users\singh\.stmcufinder\plugins\mcufinder/ => C:\Users\singh\.stmcufinder\plugins\mcufinder
2023-11-12 00:58:44,826 [INFO] ApiDb:250 - Set database path to: C:\Users\singh\.stmcufinder\plugins\mcufinder//mcu/
2023-11-12 00:58:44,827 [WARN] DbFile:41 - Overriding database path with different value: C:\Users\singh\.stmcufinder\plugins\mcufinder/ => C:\Users\singh\.stmcufinder\plugins\mcufinder
2023-11-12 00:58:44,827 [INFO] DbMcusAds:125 - Set database path to: C:\Users\singh\.stmcufinder\plugins\mcufinder//mcu/
2023-11-12 00:58:44,827 [WARN] DbFile:41 - Overriding database path with different value: C:\Users\singh\.stmcufinder\plugins\mcufinder/ => C:\Users\singh\.stmcufinder\plugins\mcufinder
2023-11-12 00:58:44,827 [WARN] DbFile:41 - Overriding database path with different value: C:\Users\singh\.stmcufinder\plugins\mcufinder/ => C:\Users\singh\.stmcufinder\plugins\mcufinder
2023-11-12 00:58:44,827 [INFO] CrossReferenceDbSqlite:203 - Set database path to: C:\Users\singh\.stmcufinder\plugins\mcufinder//mcu/cs/
2023-11-12 00:58:44,885 [INFO] MainPanel:262 - HeapMemory: 268435456
2023-11-12 00:58:44,930 [INFO] DbMcusXml:78 - Set database path to: C:\ST\STM32CubeIDE_1.13.1\STM32CubeIDE\plugins\com.st.stm32cube.common.mx_6.9.2.202309101412\\db\/mcu/
2023-11-12 00:58:44,930 [INFO] ApiDb:274 - Set plugin database path to: C:\ST\STM32CubeIDE_1.13.1\STM32CubeIDE\plugins\com.st.stm32cube.common.mx_6.9.2.202309101412\\db\/plugins/boardmanager/
2023-11-12 00:58:44,930 [INFO] ApiDb:261 - Set plugin images path to: C:\ST\STM32CubeIDE_1.13.1\STM32CubeIDE\plugins\com.st.stm32cube.common.mx_6.9.2.202309101412\\db\/plugins/mcufinder/images/
2023-11-12 00:58:44,930 [WARN] DbFile:41 - Overriding database path with different value: C:\Users\singh\.stmcufinder\plugins\mcufinder/ => C:\Users\singh\.stmcufinder\plugins\mcufinder
2023-11-12 00:58:44,931 [INFO] ApiDb:250 - Set database path to: C:\Users\singh\.stmcufinder\plugins\mcufinder//mcu/
2023-11-12 00:58:44,931 [WARN] DbFile:41 - Overriding database path with different value: C:\Users\singh\.stmcufinder\plugins\mcufinder/ => C:\Users\singh\.stmcufinder\plugins\mcufinder
2023-11-12 00:58:44,931 [INFO] DbMcusAds:125 - Set database path to: C:\Users\singh\.stmcufinder\plugins\mcufinder//mcu/
2023-11-12 00:58:44,931 [WARN] DbFile:41 - Overriding database path with different value: C:\Users\singh\.stmcufinder\plugins\mcufinder/ => C:\Users\singh\.stmcufinder\plugins\mcufinder
2023-11-12 00:58:44,931 [WARN] DbFile:41 - Overriding database path with different value: C:\Users\singh\.stmcufinder\plugins\mcufinder/ => C:\Users\singh\.stmcufinder\plugins\mcufinder
2023-11-12 00:58:44,931 [INFO] CrossReferenceDbSqlite:203 - Set database path to: C:\Users\singh\.stmcufinder\plugins\mcufinder//mcu/cs/
2023-11-12 00:58:44,944 [INFO] ApplicationProperties:184 - Using Application install path: C:\ST\STM32CubeIDE_1.13.1\STM32CubeIDE\plugins\com.st.stm32cube.common.mx_6.9.2.202309101412
2023-11-12 00:58:44,945 [INFO] PluginManage:196 - Search for loadable plugins [exclusion list=, ]
2023-11-12 00:58:44,945 [INFO] PluginManage:310 - Check plugin analytics
2023-11-12 00:58:45,069 [INFO] AnalyticsPlugin:253 - Accepted Software Licenses: STM32CubeMX.6.9.1
2023-11-12 00:58:45,069 [INFO] AnalyticsPlugin:255 - Accepted CMSIS Pack Licenses: 
2023-11-12 00:58:45,070 [INFO] AnalyticsPlugin:257 - Accepted Firmware Licenses: FW.F4.1.27.0,FW.G4.1.5.0
2023-11-12 00:58:45,073 [INFO] PluginManage:359 - Loaded plugin analytics (category:tool,tabindex:-1)
2023-11-12 00:58:45,073 [INFO] PluginManage:310 - Check plugin cadmodel
2023-11-12 00:58:45,077 [INFO] CADModel:105 - Init CAD model plugin
2023-11-12 00:58:45,077 [INFO] PluginManage:359 - Loaded plugin cadmodel (category:power,tabindex:5)
2023-11-12 00:58:45,077 [INFO] PluginManage:310 - Check plugin clock
2023-11-12 00:58:45,086 [INFO] PluginManage:359 - Loaded plugin clock (category:base,tabindex:2)
2023-11-12 00:58:45,087 [INFO] PluginManage:310 - Check plugin ddr
2023-11-12 00:58:45,088 [INFO] PluginManage:359 - Loaded plugin ddr (category:tool,tabindex:6)
2023-11-12 00:58:45,088 [INFO] PluginManage:310 - Check plugin filemanager
2023-11-12 00:58:45,179 [INFO] PluginManage:359 - Loaded plugin filemanager (category:base,tabindex:10)
2023-11-12 00:58:45,179 [INFO] PluginManage:310 - Check plugin ipmanager
2023-11-12 00:58:45,188 [INFO] PluginManage:359 - Loaded plugin ipmanager (category:base,tabindex:5)
2023-11-12 00:58:45,188 [INFO] PluginManage:310 - Check plugin lpbam
2023-11-12 00:58:45,195 [INFO] PluginManage:359 - Loaded plugin lpbam (category:base,tabindex:0)
2023-11-12 00:58:45,195 [INFO] PluginManage:310 - Check plugin memorymap
2023-11-12 00:58:45,204 [INFO] PluginManage:359 - Loaded plugin memorymap (category:base,tabindex:4)
2023-11-12 00:58:45,204 [INFO] PluginManage:310 - Check plugin pinoutandconfiguration
2023-11-12 00:58:45,208 [INFO] PluginManage:359 - Loaded plugin pinoutandconfiguration (category:base,tabindex:1)
2023-11-12 00:58:45,208 [INFO] PluginManage:310 - Check plugin pinoutconfig
2023-11-12 00:58:45,268 [WARN] SupportedApi:132 - Cannot load RTOS API schema: s4s-elt-must-match.1: The content of 'definitions' must match (annotation?, (simpleType | complexType)?, (unique | key | keyref)*)). A problem was found starting at: attribute.
2023-11-12 00:58:45,358 [INFO] PluginManage:359 - Loaded plugin pinoutconfig (category:base,tabindex:0)
2023-11-12 00:58:45,358 [INFO] PluginManage:310 - Check plugin power
2023-11-12 00:58:45,365 [INFO] PluginManage:359 - Loaded plugin power (category:power,tabindex:4)
2023-11-12 00:58:45,365 [INFO] PluginManage:310 - Check plugin projectmanager
2023-11-12 00:58:45,377 [INFO] PluginManage:359 - Loaded plugin projectmanager (category:projectmanager,tabindex:3)
2023-11-12 00:58:45,377 [INFO] PluginManage:310 - Check plugin thirdparty
2023-11-12 00:58:45,467 [INFO] PluginManage:359 - Loaded plugin thirdparty (category:base,tabindex:-1)
2023-11-12 00:58:45,467 [WARN] IntegrityCheckThread:84 - waiting for thirdparty lock release [integrity check]
2023-11-12 00:58:45,467 [INFO] PluginManage:310 - Check plugin tools
2023-11-12 00:58:45,468 [INFO] IntegrityCheckThread:86 - entering critical section [integrity check]
2023-11-12 00:58:45,468 [INFO] ThirdPartyUpdaterWithRetryManager:70 - Updater plugin not ready yet. [1/15]
2023-11-12 00:58:45,471 [INFO] PluginManage:359 - Loaded plugin tools (category:base,tabindex:7)
2023-11-12 00:58:45,471 [INFO] PluginManage:310 - Check plugin tutovideos
2023-11-12 00:58:45,589 [INFO] PluginManage:359 - Loaded plugin tutovideos (category:base,tabindex:-1)
2023-11-12 00:58:45,589 [INFO] PluginManage:310 - Check plugin updater
2023-11-12 00:58:45,596 [INFO] PluginManage:359 - Loaded plugin updater (category:base,tabindex:12)
2023-11-12 00:58:45,596 [INFO] PluginManage:310 - Check plugin userauth
2023-11-12 00:58:45,599 [INFO] UserAuth:113 - Init User Auth plugin
2023-11-12 00:58:45,599 [INFO] PluginManage:359 - Loaded plugin userauth (category:base,tabindex:14)
2023-11-12 00:58:45,600 [INFO] PluginManage:283 - PluginManage : Loaded plugins [17]
2023-11-12 00:58:45,770 [INFO] PinOutPanel:1499 - setPackage(No Configuration,No Configuration)
2023-11-12 00:58:45,871 [INFO] CADModel:165 - CPN selected for project level
2023-11-12 00:58:45,871 [INFO] CADModel:114 - Register for checkConnection events
2023-11-12 00:58:45,885 [INFO] IPUIPlugin:80 - create IPUIPlugin
2023-11-12 00:58:45,885 [INFO] PluginManager:220 - loadIPPluginJar : add adc
2023-11-12 00:58:45,887 [INFO] IPUIPlugin:80 - create IPUIPlugin
2023-11-12 00:58:45,887 [INFO] PluginManager:220 - loadIPPluginJar : add aes
2023-11-12 00:58:45,889 [INFO] IPUIPlugin:80 - create IPUIPlugin
2023-11-12 00:58:45,889 [INFO] PluginManager:220 - loadIPPluginJar : add can
2023-11-12 00:58:45,891 [INFO] IPUIPlugin:80 - create IPUIPlugin
2023-11-12 00:58:45,891 [INFO] PluginManager:220 - loadIPPluginJar : add comp
2023-11-12 00:58:45,893 [INFO] IPUIPlugin:80 - create IPUIPlugin
2023-11-12 00:58:45,893 [INFO] PluginManager:220 - loadIPPluginJar : add cryp
2023-11-12 00:58:45,895 [INFO] IPUIPlugin:80 - create IPUIPlugin
2023-11-12 00:58:45,895 [INFO] PluginManager:220 - loadIPPluginJar : add dfsdm
2023-11-12 00:58:45,899 [INFO] IPUIPlugin:80 - create IPUIPlugin
2023-11-12 00:58:45,899 [INFO] PluginManager:220 - loadIPPluginJar : add dma
2023-11-12 00:58:45,901 [INFO] IPUIPlugin:80 - create IPUIPlugin
2023-11-12 00:58:45,901 [INFO] PluginManager:220 - loadIPPluginJar : add dma3
2023-11-12 00:58:45,902 [INFO] IPUIPlugin:80 - create IPUIPlugin
2023-11-12 00:58:45,902 [INFO] PluginManager:220 - loadIPPluginJar : add fatfs
2023-11-12 00:58:45,907 [INFO] IPUIPlugin:80 - create IPUIPlugin
2023-11-12 00:58:45,907 [INFO] PluginManager:220 - loadIPPluginJar : add fmc
2023-11-12 00:58:45,910 [INFO] IPUIPlugin:80 - create IPUIPlugin
2023-11-12 00:58:45,910 [INFO] PluginManager:220 - loadIPPluginJar : add freertos
2023-11-12 00:58:45,911 [INFO] IPUIPlugin:80 - create IPUIPlugin
2023-11-12 00:58:45,911 [INFO] PluginManager:220 - loadIPPluginJar : add genericplugin
2023-11-12 00:58:45,912 [INFO] IPUIPlugin:80 - create IPUIPlugin
2023-11-12 00:58:45,912 [INFO] PluginManager:220 - loadIPPluginJar : add gfxmmu
2023-11-12 00:58:45,916 [INFO] IPUIPlugin:80 - create IPUIPlugin
2023-11-12 00:58:45,916 [INFO] PluginManager:220 - loadIPPluginJar : add gic
2023-11-12 00:58:45,919 [INFO] IPUIPlugin:80 - create IPUIPlugin
2023-11-12 00:58:45,920 [INFO] PluginManager:220 - loadIPPluginJar : add gpio
2023-11-12 00:58:45,922 [INFO] IPUIPlugin:80 - create IPUIPlugin
2023-11-12 00:58:45,922 [INFO] PluginManager:220 - loadIPPluginJar : add gtzc
2023-11-12 00:58:45,924 [INFO] IPUIPlugin:80 - create IPUIPlugin
2023-11-12 00:58:45,924 [INFO] PluginManager:220 - loadIPPluginJar : add hash
2023-11-12 00:58:45,925 [INFO] IPUIPlugin:80 - create IPUIPlugin
2023-11-12 00:58:45,926 [INFO] PluginManager:220 - loadIPPluginJar : add i2c
2023-11-12 00:58:45,927 [INFO] IPUIPlugin:80 - create IPUIPlugin
2023-11-12 00:58:45,928 [INFO] PluginManager:220 - loadIPPluginJar : add i2s
2023-11-12 00:58:45,930 [INFO] IPUIPlugin:80 - create IPUIPlugin
2023-11-12 00:58:45,930 [INFO] PluginManager:220 - loadIPPluginJar : add i3c
2023-11-12 00:58:45,932 [INFO] IPUIPlugin:80 - create IPUIPlugin
2023-11-12 00:58:45,932 [INFO] PluginManager:220 - loadIPPluginJar : add ipddr
2023-11-12 00:58:45,938 [INFO] IPUIPlugin:80 - create IPUIPlugin
2023-11-12 00:58:45,939 [INFO] PluginManager:220 - loadIPPluginJar : add linkedlist
2023-11-12 00:58:45,941 [INFO] IPUIPlugin:80 - create IPUIPlugin
2023-11-12 00:58:45,941 [INFO] PluginManager:220 - loadIPPluginJar : add lorawan
2023-11-12 00:58:45,943 [INFO] IPUIPlugin:80 - create IPUIPlugin
2023-11-12 00:58:45,943 [INFO] PluginManager:220 - loadIPPluginJar : add ltdc
2023-11-12 00:58:45,947 [INFO] IPUIPlugin:80 - create IPUIPlugin
2023-11-12 00:58:45,948 [INFO] PluginManager:220 - loadIPPluginJar : add mdma
2023-11-12 00:58:45,951 [INFO] IPUIPlugin:80 - create IPUIPlugin
2023-11-12 00:58:45,951 [INFO] PluginManager:220 - loadIPPluginJar : add nvic
2023-11-12 00:58:45,955 [INFO] IPUIPlugin:80 - create IPUIPlugin
2023-11-12 00:58:45,955 [INFO] PluginManager:220 - loadIPPluginJar : add opamp
2023-11-12 00:58:45,958 [INFO] IPUIPlugin:80 - create IPUIPlugin
2023-11-12 00:58:45,958 [INFO] PluginManager:220 - loadIPPluginJar : add openamp
2023-11-12 00:58:45,961 [INFO] IPUIPlugin:80 - create IPUIPlugin
2023-11-12 00:58:45,961 [INFO] PluginManager:220 - loadIPPluginJar : add pdm2pcm
2023-11-12 00:58:45,966 [INFO] IPUIPlugin:80 - create IPUIPlugin
2023-11-12 00:58:45,969 [INFO] PluginManager:220 - loadIPPluginJar : add plateformsettings
2023-11-12 00:58:45,971 [INFO] IPUIPlugin:80 - create IPUIPlugin
2023-11-12 00:58:45,971 [INFO] PluginManager:220 - loadIPPluginJar : add quadspi
2023-11-12 00:58:45,974 [INFO] IPUIPlugin:80 - create IPUIPlugin
2023-11-12 00:58:45,974 [INFO] PluginManager:220 - loadIPPluginJar : add resmgrutility
2023-11-12 00:58:45,977 [INFO] IPUIPlugin:80 - create IPUIPlugin
2023-11-12 00:58:45,977 [INFO] PluginManager:220 - loadIPPluginJar : add sai
2023-11-12 00:58:45,979 [INFO] IPUIPlugin:80 - create IPUIPlugin
2023-11-12 00:58:45,979 [INFO] PluginManager:220 - loadIPPluginJar : add spi
2023-11-12 00:58:45,983 [INFO] IPUIPlugin:80 - create IPUIPlugin
2023-11-12 00:58:45,983 [INFO] PluginManager:220 - loadIPPluginJar : add stm32_wpan
2023-11-12 00:58:45,985 [INFO] IPUIPlugin:80 - create IPUIPlugin
2023-11-12 00:58:45,985 [INFO] PluginManager:220 - loadIPPluginJar : add tim
2023-11-12 00:58:45,988 [INFO] IPUIPlugin:80 - create IPUIPlugin
2023-11-12 00:58:45,988 [INFO] PluginManager:220 - loadIPPluginJar : add touchsensing
2023-11-12 00:58:45,989 [INFO] IPUIPlugin:80 - create IPUIPlugin
2023-11-12 00:58:45,989 [INFO] PluginManager:220 - loadIPPluginJar : add tracer_emb
2023-11-12 00:58:45,991 [INFO] IPUIPlugin:80 - create IPUIPlugin
2023-11-12 00:58:45,991 [INFO] PluginManager:220 - loadIPPluginJar : add ts
2023-11-12 00:58:45,992 [INFO] IPUIPlugin:80 - create IPUIPlugin
2023-11-12 00:58:45,992 [INFO] PluginManager:220 - loadIPPluginJar : add tsc
2023-11-12 00:58:45,994 [INFO] IPUIPlugin:80 - create IPUIPlugin
2023-11-12 00:58:45,994 [INFO] PluginManager:220 - loadIPPluginJar : add ucpd
2023-11-12 00:58:45,996 [INFO] IPUIPlugin:80 - create IPUIPlugin
2023-11-12 00:58:45,997 [INFO] PluginManager:220 - loadIPPluginJar : add usart
2023-11-12 00:58:45,998 [INFO] IPUIPlugin:80 - create IPUIPlugin
2023-11-12 00:58:46,000 [INFO] PluginManager:220 - loadIPPluginJar : add usbx
2023-11-12 00:58:46,119 [INFO] CADModel:165 - CPN selected for project level
2023-11-12 00:58:46,119 [INFO] CADModel:114 - Register for checkConnection events
2023-11-12 00:58:46,119 [FATAL] Updater:308 - Updater called before beeing initialized
2023-11-12 00:58:46,119 [ERROR] CADModel:125 - Updater not yet initialized, retry later 
2023-11-12 00:58:46,236 [INFO] CADModel:165 - CPN selected for project level
2023-11-12 00:58:46,236 [INFO] CADModel:114 - Register for checkConnection events
2023-11-12 00:58:46,236 [FATAL] Updater:308 - Updater called before beeing initialized
2023-11-12 00:58:46,236 [ERROR] CADModel:125 - Updater not yet initialized, retry later 
2023-11-12 00:58:46,239 [FATAL] Updater:308 - Updater called before beeing initialized
2023-11-12 00:58:46,331 [FATAL] Updater:308 - Updater called before beeing initialized
2023-11-12 00:58:46,335 [INFO] DbMcusAds:53 - JSON generation date=Tue Mar 07 03:50:55 EST 2023 (1678179055335)
2023-11-12 00:58:46,335 [FATAL] Updater:308 - Updater called before beeing initialized
2023-11-12 00:58:46,366 [WARN] DetailPanel:346 - Failed to get advertising image, set to default
2023-11-12 00:58:46,475 [FATAL] Updater:308 - Updater called before beeing initialized
2023-11-12 00:58:46,476 [FATAL] Updater:308 - Updater called before beeing initialized
2023-11-12 00:58:46,476 [FATAL] Updater:308 - Updater called before beeing initialized
2023-11-12 00:58:46,476 [WARN] DetailPanel:346 - Failed to get advertising image, set to default
2023-11-12 00:58:46,477 [FATAL] Updater:308 - Updater called before beeing initialized
2023-11-12 00:58:46,513 [ERROR] Updater:1120 - MainUpdater not yet initialized. External WinMGr cannot be set.
2023-11-12 00:58:46,515 [INFO] Updater:1056 - Updater Version found : 6.9.2
2023-11-12 00:58:46,529 [INFO] ApplicationProperties:184 - Using Application install path: C:\ST\STM32CubeIDE_1.13.1\STM32CubeIDE\plugins\com.st.stm32cube.common.mx_6.9.2.202309101412
2023-11-12 00:58:46,672 [INFO] MainUpdater:2868 - connection check result : 10
2023-11-12 00:58:46,673 [INFO] MainUpdater:285 - Updater Check For Update Now.
2023-11-12 00:58:46,673 [INFO] MicroXplorer:498 - Change Database Version : DB.6.0.92
2023-11-12 00:58:46,679 [INFO] McuFinderGlobals:63 - Set McuFinder mode to 2 (CubeIDE integrated)
2023-11-12 00:58:46,858 [INFO] CheckServerUpdateThread:120 - End of CheckServer Thread
2023-11-12 00:58:48,641 [WARN] PackLoader:240 - Cannot read IP mode file for STMicroelectronics.X-CUBE-SMBUS.2.1.0
2023-11-12 00:58:48,670 [WARN] PackLoader:240 - Cannot read IP mode file for STMicroelectronics.X-CUBE-AZRTOS-F7.1.1.0
2023-11-12 00:58:48,691 [WARN] PackLoader:240 - Cannot read IP mode file for STMicroelectronics.FP-SNS-MOTENV1.4.3.2
2023-11-12 00:58:48,697 [WARN] PackLoader:240 - Cannot read IP mode file for STMicroelectronics.FP-SNS-FLIGHT1.5.0.2
2023-11-12 00:58:48,706 [WARN] PackLoader:240 - Cannot read IP mode file for STMicroelectronics.X-CUBE-DISPLAY.3.0.0
2023-11-12 00:58:48,718 [WARN] PackLoader:240 - Cannot read IP mode file for STMicroelectronics.X-CUBE-BLE1.7.0.0
2023-11-12 00:58:48,724 [WARN] PackLoader:240 - Cannot read IP mode file for emotas.I-CUBE-CANOPEN.1.3.0
2023-11-12 00:58:48,730 [WARN] PackLoader:240 - Cannot read IP mode file for STMicroelectronics.X-CUBE-TOUCHGFX.4.22.0
2023-11-12 00:58:48,732 [WARN] PackLoader:240 - Cannot read IP mode file for STMicroelectronics.X-CUBE-TOUCHGFX.4.22.1
2023-11-12 00:58:48,736 [WARN] PackLoader:240 - Cannot read IP mode file for STMicroelectronics.FP-SNS-SMARTAG2.1.2.0
2023-11-12 00:58:48,745 [INFO] LogOutputStream:77 - [STDOUT_REDIRECT] 1 : Invalid condition id : UX_CORESTACK_Condition cause : null
2023-11-12 00:58:48,745 [INFO] LogOutputStream:77 - [STDOUT_REDIRECT] 1 : Invalid condition id : UX_CORESTACK_Condition cause : null
2023-11-12 00:58:48,746 [INFO] LogOutputStream:77 - [STDOUT_REDIRECT] 1 : Invalid condition id : UX_CORESTACK_Condition cause : null
2023-11-12 00:58:48,747 [INFO] LogOutputStream:77 - [STDOUT_REDIRECT] 1 : Invalid condition id : UX_CORESTACK_Condition cause : null
2023-11-12 00:58:48,747 [INFO] LogOutputStream:77 - [STDOUT_REDIRECT] 1 : Invalid condition id : UX_CORESTACK_Condition cause : null
2023-11-12 00:58:48,749 [WARN] PackLoader:240 - Cannot read IP mode file for STMicroelectronics.X-CUBE-AZRTOS-WL.2.0.0
2023-11-12 00:58:48,757 [WARN] PackLoader:240 - Cannot read IP mode file for WES.I-CUBE-Cesium.1.3.0
2023-11-12 00:58:48,761 [WARN] PackLoader:240 - Cannot read IP mode file for STMicroelectronics.X-CUBE-BLE2.3.3.0
2023-11-12 00:58:48,767 [WARN] PackLoader:240 - Cannot read IP mode file for STMicroelectronics.X-CUBE-ALGOBUILD.1.3.0
2023-11-12 00:58:48,778 [WARN] PackLoader:240 - Cannot read IP mode file for STMicroelectronics.X-CUBE-AZRTOS-G0.1.1.0
2023-11-12 00:58:48,784 [WARN] PackLoader:240 - Cannot read IP mode file for STMicroelectronics.X-CUBE-NFC4.3.0.0
2023-11-12 00:58:48,791 [WARN] PackLoader:240 - Cannot read IP mode file for STMicroelectronics.X-CUBE-BLEMGR.3.0.0
2023-11-12 00:58:48,798 [WARN] PackLoader:240 - Cannot read IP mode file for STMicroelectronics.FP-ATR-SIGFOX1.3.2.0
2023-11-12 00:58:48,818 [WARN] PackLoader:240 - Cannot read IP mode file for SEGGER.I-CUBE-embOS.1.3.1
2023-11-12 00:58:48,848 [WARN] PackLoader:240 - Cannot read IP mode file for STMicroelectronics.X-CUBE-GNSS1.6.0.0
2023-11-12 00:58:48,861 [WARN] PackLoader:240 - Cannot read IP mode file for STMicroelectronics.X-CUBE-AZRTOS-F4.1.1.0
2023-11-12 00:58:48,867 [WARN] PackLoader:240 - Cannot read IP mode file for wolfSSL.I-CUBE-wolfSSL.5.6.3
2023-11-12 00:58:48,884 [WARN] PackLoader:240 - Cannot read IP mode file for STMicroelectronics.X-CUBE-AZRTOS-L5.2.0.0
2023-11-12 00:58:48,922 [WARN] PackLoader:240 - Cannot read IP mode file for STMicroelectronics.X-CUBE-MEMS1.9.6.0
2023-11-12 00:58:49,069 [WARN] PackLoader:240 - Cannot read IP mode file for STMicroelectronics.X-CUBE-EEPRMA1.4.2.0
2023-11-12 00:58:49,074 [WARN] PackLoader:240 - Cannot read IP mode file for ITTIA_DB.I-CUBE-ITTIADB.8.8.0
2023-11-12 00:58:49,078 [WARN] PackLoader:240 - Cannot read IP mode file for STMicroelectronics.X-CUBE-BLEMGR.2.0.0
2023-11-12 00:58:49,091 [WARN] ConditionMgr:438 - getConditionDescription Invalid condition id : UX DEVICE CLASS RTOS Condition cause : null
2023-11-12 00:58:49,091 [WARN] ConditionMgr:438 - getConditionDescription Invalid condition id : UX DEVICE CLASS RTOS Condition cause : null
2023-11-12 00:58:49,095 [WARN] PackLoader:240 - Cannot read IP mode file for STMicroelectronics.X-CUBE-AZRTOS-H7.3.1.0
2023-11-12 00:58:49,096 [WARN] ConditionMgr:1039 - genDependencies : Invalid condition id : UX DEVICE CLASS RTOS Condition cause : null
2023-11-12 00:58:49,096 [WARN] ConditionMgr:1039 - genDependencies : Invalid condition id : UX DEVICE CLASS RTOS Condition cause : null
2023-11-12 00:58:49,097 [WARN] ConditionMgr:1039 - genDependencies : Invalid condition id : UX DEVICE CLASS RTOS Condition cause : null
2023-11-12 00:58:49,098 [WARN] ConditionMgr:1039 - genDependencies : Invalid condition id : UX DEVICE CLASS RTOS Condition cause : null
2023-11-12 00:58:49,098 [WARN] ConditionMgr:1039 - genDependencies : Invalid condition id : UX DEVICE CLASS RTOS Condition cause : null
2023-11-12 00:58:49,105 [WARN] PackLoader:240 - Cannot read IP mode file for STMicroelectronics.X-CUBE-NFC7.1.0.1
2023-11-12 00:58:49,114 [WARN] PackLoader:240 - Cannot read IP mode file for STMicroelectronics.X-CUBE-NFC6.3.0.0
2023-11-12 00:58:49,122 [WARN] PackLoader:240 - Cannot read IP mode file for STMicroelectronics.X-CUBE-EEPRMA1.4.1.0
2023-11-12 00:58:49,129 [WARN] PackLoader:240 - Cannot read IP mode file for STMicroelectronics.X-CUBE-AI.8.1.0
2023-11-12 00:58:49,161 [WARN] ConditionMgr:438 - getConditionDescription Invalid condition id : LAN8742 Phy interface Condition cause : null
2023-11-12 00:58:49,162 [WARN] PackLoader:240 - Cannot read IP mode file for STMicroelectronics.X-CUBE-AZRTOS-L4.2.0.0
2023-11-12 00:58:49,165 [WARN] ConditionMgr:1039 - genDependencies : Invalid condition id : LAN8742 Phy interface Condition cause : null
2023-11-12 00:58:49,165 [WARN] ConditionMgr:1039 - genDependencies : Invalid condition id : LAN8742 Phy interface Condition cause : null
2023-11-12 00:58:49,166 [WARN] ConditionMgr:1039 - genDependencies : Invalid condition id : LAN8742 Phy interface Condition cause : null
2023-11-12 00:58:49,177 [WARN] PackLoader:240 - Cannot read IP mode file for STMicroelectronics.X-CUBE-SFXS2LP1.4.0.0
2023-11-12 00:58:49,185 [WARN] PackLoader:240 - Cannot read IP mode file for STMicroelectronics.X-CUBE-ISPU.1.1.0
2023-11-12 00:58:49,200 [WARN] ConditionMgr:438 - getConditionDescription Invalid condition id : UX DEVICE CLASS RTOS Condition cause : null
2023-11-12 00:58:49,201 [WARN] ConditionMgr:438 - getConditionDescription Invalid condition id : UX DEVICE CLASS RTOS Condition cause : null
2023-11-12 00:58:49,203 [WARN] PackLoader:240 - Cannot read IP mode file for STMicroelectronics.X-CUBE-AZRTOS-WB.2.0.0
2023-11-12 00:58:49,204 [WARN] ConditionMgr:1039 - genDependencies : Invalid condition id : UX DEVICE CLASS RTOS Condition cause : null
2023-11-12 00:58:49,204 [WARN] ConditionMgr:1039 - genDependencies : Invalid condition id : UX DEVICE CLASS RTOS Condition cause : null
2023-11-12 00:58:49,204 [WARN] ConditionMgr:1039 - genDependencies : Invalid condition id : UX DEVICE CLASS RTOS Condition cause : null
2023-11-12 00:58:49,205 [WARN] ConditionMgr:1039 - genDependencies : Invalid condition id : UX DEVICE CLASS RTOS Condition cause : null
2023-11-12 00:58:49,205 [WARN] ConditionMgr:1039 - genDependencies : Invalid condition id : UX DEVICE CLASS RTOS Condition cause : null
2023-11-12 00:58:49,227 [WARN] PackLoader:240 - Cannot read IP mode file for STMicroelectronics.X-CUBE-SUBG2.5.0.0
2023-11-12 00:58:49,246 [WARN] PackLoader:240 - Cannot read IP mode file for STMicroelectronics.X-CUBE-TOF1.3.3.1
2023-11-12 00:58:49,270 [WARN] PackLoader:240 - Cannot read IP mode file for STMicroelectronics.X-CUBE-AZRTOS-G4.2.0.0
2023-11-12 00:58:49,284 [WARN] PackLoader:240 - Cannot read IP mode file for Infineon.AIROC-Wi-Fi-Bluetooth-STM32.1.5.1
2023-11-12 00:58:49,292 [WARN] PackLoader:240 - Cannot read IP mode file for STMicroelectronics.FP-SNS-MOTENVWB1.1.3.0
2023-11-12 00:58:49,333 [WARN] PackLoader:240 - Cannot read IP mode file for STMicroelectronics.X-CUBE-MEMS1.10.0.0
2023-11-12 00:58:49,437 [WARN] PackLoader:240 - Cannot read IP mode file for STMicroelectronics.X-CUBE-FREERTOS.1.1.0
2023-11-12 00:58:49,444 [WARN] PackLoader:240 - Cannot read IP mode file for portGmbH.I-Cube-SoM-uGOAL.1.1.0
2023-11-12 00:58:49,541 [WARN] PackLoader:240 - Cannot read IP mode file for STMicroelectronics.X-CUBE-ALS.1.0.1
2023-11-12 00:58:49,547 [WARN] PackLoader:240 - Cannot read IP mode file for STMicroelectronics.FP-ATR-ASTRA1.2.0.0
2023-11-12 00:58:49,548 [INFO] ThirdParty:978 - Integrity check success = true
2023-11-12 00:58:49,549 [INFO] IntegrityCheckThread:100 - exiting critical section [integrity check]
2023-11-12 00:58:49,549 [INFO] IntegrityCheckThread:103 - End integrity checks thread
2023-11-12 00:59:04,655 [ERROR] LogOutputStream:75 - [STDERR_REDIRECT] SLF4J: Failed to load class "org.slf4j.impl.StaticLoggerBinder".
2023-11-12 00:59:04,656 [ERROR] LogOutputStream:75 - [STDERR_REDIRECT] SLF4J: Defaulting to no-operation (NOP) logger implementation
2023-11-12 00:59:04,657 [ERROR] LogOutputStream:75 - [STDERR_REDIRECT] SLF4J: See http://www.slf4j.org/codes.html#StaticLoggerBinder for further details.
2023-11-12 00:59:23,655 [INFO] McuFinderGlobals:63 - Set McuFinder mode to 2 (CubeIDE integrated)
2023-11-12 00:59:23,678 [INFO] MainUpdater:2868 - connection check result : 10
2023-11-12 00:59:23,684 [INFO] MainUpdater:2868 - connection check result : 10
2023-11-12 00:59:23,822 [INFO] MicroXplorer:468 - Change Database Path : 
2023-11-12 00:59:23,822 [INFO] MicroXplorer:498 - Change Database Version : DB.6.0.92
2023-11-12 00:59:23,825 [WARN] ThirdParty:871 - waiting for thirdparty lock release [close project]
2023-11-12 00:59:23,825 [INFO] ThirdParty:873 - entering critical section [close project]
2023-11-12 00:59:23,825 [INFO] ThirdParty:883 - exiting critical section [close project]
2023-11-12 00:59:23,826 [INFO] PinOutPanel:1499 - setPackage(No Configuration,No Configuration)
2023-11-12 00:59:23,830 [INFO] UtilMem:75 - Begin LoadConfig() Used Memory: 401608416 Bytes (696254464)
2023-11-12 00:59:23,844 [INFO] MicroXplorer:468 - Change Database Path : C:/Users/singh/.stm32cubemx/databases/DB.6.0.91/db/
2023-11-12 00:59:23,845 [INFO] MicroXplorer:498 - Change Database Version : DB.6.0.91
2023-11-12 00:59:26,343 [INFO] OpenFileManager:308 - Change cursor
2023-11-12 00:59:26,375 [INFO] Mcu:1946 - Initializing MCU STM32F446R(C-E)Tx STM32F446RETx STM32F446RET6
2023-11-12 00:59:28,033 [INFO] Context:659 - Trying to add GPIOservice into a context  which must be forbidden
2023-11-12 00:59:28,821 [INFO] RtosManager:555 - Registered RTOS mode: class=CMSIS, group=RTOS, mode=CMSIS_V1, owner=FREERTOS
2023-11-12 00:59:28,822 [INFO] RtosManager:555 - Registered RTOS mode: class=CMSIS, group=RTOS2, mode=CMSIS_V2, owner=FREERTOS
2023-11-12 00:59:28,822 [INFO] RtosManager:555 - Registered RTOS mode: class=RTOS, group=Core, mode=CMSIS_V1, owner=FREERTOS
2023-11-12 00:59:28,823 [INFO] RtosManager:555 - Registered RTOS mode: class=RTOS, group=Core, mode=CMSIS_V2, owner=FREERTOS
2023-11-12 00:59:28,823 [WARN] ModelIntegratedComponent:184 - Missing modes for component STMicroelectronics:FreeRTOS:0.0.1:STMicroelectronics:RTOS:FreeRTOS:Core:::10.2.0:
2023-11-12 00:59:28,843 [WARN] ModelIntegratedComponent:63 - No mode defined for component null
2023-11-12 00:59:28,844 [WARN] ModelIntegratedComponent:63 - No mode defined for component null
2023-11-12 00:59:28,844 [WARN] ModelIntegratedComponent:63 - No mode defined for component null
2023-11-12 00:59:28,844 [WARN] ModelIntegratedComponent:63 - No mode defined for component null
2023-11-12 00:59:28,844 [WARN] ModelIntegratedComponent:63 - No mode defined for component null
2023-11-12 00:59:28,844 [WARN] ModelIntegratedComponent:63 - No mode defined for component null
2023-11-12 00:59:28,844 [WARN] ModelIntegratedComponent:63 - No mode defined for component null
2023-11-12 00:59:28,844 [WARN] ModelIntegratedComponent:63 - No mode defined for component null
2023-11-12 00:59:28,844 [WARN] ModelIntegratedComponent:63 - No mode defined for component null
2023-11-12 00:59:28,845 [WARN] ModelIntegratedComponent:63 - No mode defined for component null
2023-11-12 00:59:28,845 [WARN] ModelIntegratedComponent:63 - No mode defined for component null
2023-11-12 00:59:28,845 [WARN] ModelIntegratedComponent:63 - No mode defined for component null
2023-11-12 00:59:28,845 [WARN] ModelIntegratedComponent:63 - No mode defined for component null
2023-11-12 00:59:28,845 [WARN] ModelIntegratedComponent:63 - No mode defined for component null
2023-11-12 00:59:28,845 [WARN] ModelIntegratedComponent:63 - No mode defined for component null
2023-11-12 00:59:28,845 [WARN] ModelIntegratedComponent:63 - No mode defined for component null
2023-11-12 00:59:28,845 [WARN] ModelIntegratedComponent:63 - No mode defined for component null
2023-11-12 00:59:28,845 [WARN] ModelIntegratedComponent:63 - No mode defined for component null
2023-11-12 00:59:28,845 [WARN] ModelIntegratedComponent:63 - No mode defined for component null
2023-11-12 00:59:28,845 [WARN] ModelIntegratedComponent:63 - No mode defined for component null
2023-11-12 00:59:28,846 [WARN] ModelIntegratedComponent:63 - No mode defined for component null
2023-11-12 00:59:28,846 [WARN] ModelIntegratedComponent:63 - No mode defined for component null
2023-11-12 00:59:28,846 [WARN] ModelIntegratedComponent:63 - No mode defined for component null
2023-11-12 00:59:28,846 [WARN] ModelIntegratedComponent:63 - No mode defined for component null
2023-11-12 00:59:28,846 [WARN] ModelIntegratedComponent:63 - No mode defined for component null
2023-11-12 00:59:28,846 [WARN] ModelIntegratedComponent:63 - No mode defined for component null
2023-11-12 00:59:28,846 [WARN] ModelIntegratedComponent:63 - No mode defined for component null
2023-11-12 00:59:28,846 [WARN] ModelIntegratedComponent:63 - No mode defined for component null
2023-11-12 00:59:28,846 [WARN] ModelIntegratedComponent:63 - No mode defined for component null
2023-11-12 00:59:28,847 [WARN] ModelIntegratedComponent:63 - No mode defined for component null
2023-11-12 00:59:28,847 [WARN] ModelIntegratedComponent:63 - No mode defined for component null
2023-11-12 00:59:28,847 [WARN] ModelIntegratedComponent:63 - No mode defined for component null
2023-11-12 00:59:28,847 [WARN] ModelIntegratedComponent:63 - No mode defined for component null
2023-11-12 00:59:28,971 [INFO] ThirdPartyModel:298 - Start build external matchings
2023-11-12 00:59:29,567 [INFO] ThirdPartyModel:316 - End build external matchings
2023-11-12 00:59:29,584 [WARN] IP:2114 - I2C_Coeff_DF not found: check if there is a RefParameter without a condition.
2023-11-12 00:59:29,584 [WARN] IP:2114 - Analog_Filter not found: check if there is a RefParameter without a condition.
2023-11-12 00:59:29,584 [INFO] ImportTextPane:194 - (OptionalMessage_ERROR) IP (RCC) : Invalid parameter (48MHZClocksFreq_Value)
2023-11-12 00:59:29,584 [INFO] ImportTextPane:194 - (OptionalMessage_ERROR) IP (RCC) : Invalid parameter (EthernetFreq_Value)
2023-11-12 00:59:29,585 [INFO] ImportTextPane:194 - (OptionalMessage_ERROR) IP (RCC) : Parameter (FLatency) has Id (AdvancedSettings) currently not set
2023-11-12 00:59:29,585 [INFO] ImportTextPane:194 - (OptionalMessage_ERROR) IP (RCC) : Invalid parameter (FamilyName)
2023-11-12 00:59:29,585 [INFO] ImportTextPane:194 - (OptionalMessage_ERROR) IP (RCC) : Invalid parameter (I2SClocksFreq_Value)
2023-11-12 00:59:29,586 [INFO] ImportTextPane:194 - (OptionalMessage_ERROR) IP (RCC) : Parameter (SDIOFreq_Value) has invalid value (168000000)
2023-11-12 00:59:29,586 [INFO] ImportTextPane:194 - (OptionalMessage_ERROR) IP (RCC) : Parameter (USBFreq_Value) has invalid value (168000000)
2023-11-12 00:59:29,587 [INFO] ImportTextPane:194 - (OptionalMessage_ERROR) IP (RCC) : Invalid parameter (VCOInputMFreq_Value)
2023-11-12 00:59:29,587 [INFO] ImportTextPane:194 - (OptionalMessage_ERROR) IP (RCC) : Invalid parameter (VcooutputI2S)
2023-11-12 00:59:29,851 [INFO] UtilMem:75 - End LoadConfig() Used Memory: 750178608 Bytes (1073741824)
2023-11-12 00:59:29,935 [INFO] ApiDb:581 - Connected to CubeFinder SQLite database (C:\Users\singh\.stmcufinder\plugins\mcufinder\mcu\cube-finder-db.db)
2023-11-12 00:59:30,006 [INFO] ApiDb:668 - CubeFinder database Data Model version=2.1
2023-11-12 00:59:30,007 [INFO] ApiDb:669 - CubeFinder database Configuration version=3.0.37
2023-11-12 00:59:30,007 [INFO] ApiDb:670 - CubeFinder database generation date=2023-10-13 (1697197505)
2023-11-12 00:59:30,007 [INFO] ApiDb:671 - CubeFinder database FW Pack versions=[FP-ATR-ASTRA1_V2.0.0, FP-SNS-FLIGHT1_V5.0.1, FP-SNS-FLIGHT1_V5.0.2, FP-SNS-MOTENV1_V4.3.1, FP-SNS-MOTENV1_V4.3.2, FP-SNS-SMARTAG2_V1.2.0, I-CUBE-ITTIADB_V8.6.3-1, STM32Cube_FW_C0_V1.1.0, STM32Cube_FW_F4_V1.27.1, STM32Cube_FW_F7_V1.17.0, STM32Cube_FW_G0_V1.6.1, STM32Cube_FW_G4_V1.5.1, STM32Cube_FW_H5_V0.5.1, STM32Cube_FW_H5_V1.1.1, STM32Cube_FW_H7_V1.11.0, STM32Cube_FW_L0_V1.12.2, STM32Cube_FW_L5_V1.5.0, STM32Cube_FW_U5_V1.3.0, STM32Cube_FW_U5_V1.3.0RC4, STM32Cube_FW_WBA_V1.0.0RC1, STM32Cube_FW_WBA_V1.1.0RC1, STM32Cube_FW_WBA_V1.1.1, STM32Cube_FW_WB_V1.15.0RC1, STM32Cube_FW_WB_V1.16.0, STM32Cube_FW_WB_V1.16.0RC2, STM32Cube_FW_WB_V1.17.3, STM32Cube_FW_WL_V1.3.0, X-CUBE-ALGOBUILD_V1.3.0, X-CUBE-ALS_V1.0.1, X-CUBE-AZRTOS-F4_V1.1.0, X-CUBE-AZRTOS-F7_V1.1.0, X-CUBE-AZRTOS-G0_V1.1.0, X-CUBE-AZRTOS-G4_V2.0.0, X-CUBE-AZRTOS-H7_V3.1.0, X-CUBE-AZRTOS-L4_V1.0.0, X-CUBE-AZRTOS-L4_V2.0.0, X-CUBE-AZRTOS-L5_V1.1.0, X-CUBE-AZRTOS-WB_V2.0.0, X-CUBE-AZRTOS-WL_V2.0.0, X-CUBE-BLE1_V7.0.0, X-CUBE-BLE2_V3.3.0, X-CUBE-BLEMGR_V2.0.0, X-CUBE-EEPRMA1_V4.1.0, X-CUBE-FREERTOS_V1.1.0, X-CUBE-GNSS1_V6.0.0, X-CUBE-MEMS1_V10.0.0, X-CUBE-MEMS1_V9.1.0, X-CUBE-MEMS1_V9.4.0, X-CUBE-MEMS1_V9.6.0, X-CUBE-NFC4_V3.0.0, X-CUBE-NFC7_V1.0.1, X-CUBE-SFXS2LP1_V4.0.0, X-CUBE-SUBG2_V5.0.0, X-CUBE-TOF1_V3.3.1]
2023-11-12 00:59:31,545 [INFO] ApiDb:240 - Found 323 in-development CPN: [B-G473E-ZEST1S, B-WB1M-WPAN1, B-WL5M-SUBG1, NUCLEO-C031C6, NUCLEO-H503RB, NUCLEO-H563ZI, NUCLEO-U545RE-Q, NUCLEO-U5A5ZJ-Q, NUCLEO-WBA52CG, STEVAL-PROTEUS1, STEVAL-SMARTAG2, STEVAL-STWINBX1, STM320518-EVAL, STM32C0116-DK, STM32C011D6Y3TR, STM32C011D6Y6TR, STM32C011F4P3, STM32C011F4P6, STM32C011F4U3, STM32C011F4U6TR, STM32C011F6P3, STM32C011F6P6, STM32C011F6U3, STM32C011F6U6TR, STM32C011J4M3, STM32C011J4M6, STM32C011J6M3, STM32C011J6M6, STM32C0316-DK, STM32C031C4T3, STM32C031C4T6, STM32C031C4U3, STM32C031C4U6, STM32C031C6T3, STM32C031C6T6, STM32C031C6U3, STM32C031C6U6, STM32C031F4P3, STM32C031F4P6, STM32C031F6P3, STM32C031F6P6, STM32C031G4U3, STM32C031G4U6, STM32C031G6U3, STM32C031G6U6, STM32C031K4T3, STM32C031K4T6, STM32C031K4U3, STM32C031K4U6, STM32C031K6T3, STM32C031K6T6, STM32C031K6U3, STM32C031K6U6, STM32G071K8TXN, STM32G071K8UXN, STM32G081GBU6N, STM32G081KBT6N, STM32G081KBUXN, STM32G0B1CCT6N, STM32G0B1KCT6, STM32G0B1NEY6TR, STM32G0B1RCT6N, STM32G0C1CCT6, STM32G0C1CCT6N, STM32G0C1CCU6N, STM32G0C1CET6N, STM32G0C1CEU6N, STM32G0C1KCT6, STM32G0C1NEY6TR, STM32G0C1RCI6N, STM32G0C1RCT6N, STM32G0C1REI6N, STM32G0C1RET6N, STM32G0C1VCI6, STM32G0C1VEI6, STM32G471CCT6, STM32G471CCU6, STM32G471CET3, STM32G471CET6, STM32G471CEU3, STM32G471CEU6, STM32G471MCT6, STM32G471MET3, STM32G471MET6, STM32G471MEY6TR, STM32G471QCT6, STM32G471QET3, STM32G471RCT6, STM32G471RET3, STM32G471RET6, STM32G471VCH6, STM32G471VCI6, STM32G471VCT6, STM32G471VEH3, STM32G471VEH6, STM32G471VEI3, STM32G471VEI6, STM32G471VET3, STM32G471VET6, STM32G474CCT6, STM32H503CBT6, STM32H503CBU6, STM32H503EBY6TR, STM32H503KBU6, STM32H503RBT6, STM32H562AGI6, STM32H562AII6, STM32H562IGK6, STM32H562IGT6, STM32H562IIK6, STM32H562IIT6, STM32H562RGT6, STM32H562RGV6, STM32H562RIT6, STM32H562RIV6, STM32H562VGT6, STM32H562VIT6, STM32H562ZGT6, STM32H562ZIT6, STM32H563AGI6, STM32H563AII3Q, STM32H563AII6, STM32H563IGK6, STM32H563IGT6, STM32H563IIK3Q, STM32H563IIK6, STM32H563IIT3Q, STM32H563IIT6, STM32H563MIY3QTR, STM32H563RGT6, STM32H563RGV6, STM32H563RIT6, STM32H563RIV6, STM32H563VGT6, STM32H563VIT3Q, STM32H563VIT6, STM32H563ZGT6, STM32H563ZIT3Q, STM32H563ZIT6, STM32H573AII3Q, STM32H573AII6, STM32H573I-DK, STM32H573IIK3Q, STM32H573IIK6, STM32H573IIT3Q, STM32H573IIT6, STM32H573MIY3QTR, STM32H573RIT6, STM32H573RIV6, STM32H573VIT3Q, STM32H573VIT6, STM32H573ZIT3Q, STM32H573ZIT6, STM32L4R5QGI6STR, STM32MP131AAE3, STM32MP131AAF3, STM32MP131AAG3, STM32MP131CAE3, STM32MP131CAF3, STM32MP131CAG3, STM32MP131DAE7, STM32MP131DAF7, STM32MP131DAG7, STM32MP131FAE7, STM32MP131FAF7, STM32MP131FAG7, STM32MP133AAE3, STM32MP133AAF3, STM32MP133AAG3, STM32MP133CAE3, STM32MP133CAF3, STM32MP133CAG3, STM32MP133DAE7, STM32MP133DAF7, STM32MP133DAG7, STM32MP133FAE7, STM32MP133FAF7, STM32MP133FAG7, STM32MP135AAE3, STM32MP135AAF3, STM32MP135AAG3, STM32MP135CAE3, STM32MP135CAF3, STM32MP135CAG3, STM32MP135DAE7, STM32MP135DAF7, STM32MP135DAG7, STM32MP135F-DK, STM32MP135FAE7, STM32MP135FAF7, STM32MP135FAF7T, STM32MP135FAF7U, STM32MP135FAG7, STM32U535CBT6, STM32U535CBT6Q, STM32U535CBU6, STM32U535CBU6Q, STM32U535CCT6, STM32U535CCT6Q, STM32U535CCU6, STM32U535CCU6Q, STM32U535CET6, STM32U535CET6Q, STM32U535CEU6, STM32U535CEU6Q, STM32U535JEY6QTR, STM32U535NCY6QTR, STM32U535NEY6QTR, STM32U535RBI6, STM32U535RBI6Q, STM32U535RBT6, STM32U535RBT6Q, STM32U535RCI6, STM32U535RCI6Q, STM32U535RCT6, STM32U535RCT6Q, STM32U535REI6, STM32U535REI6Q, STM32U535RET6, STM32U535RET6Q, STM32U535VCI6, STM32U535VCI6Q, STM32U535VCT6, STM32U535VCT6Q, STM32U535VEI6, STM32U535VEI6Q, STM32U535VET6, STM32U535VET6Q, STM32U545CET6, STM32U545CET6Q, STM32U545CEU6, STM32U545CEU6Q, STM32U545JEY6QTR, STM32U545NEY6QTR, STM32U545REI6, STM32U545REI6Q, STM32U545RET6, STM32U545RET6Q, STM32U545VEI6, STM32U545VEI6Q, STM32U545VET6, STM32U545VET6Q, STM32U595AIH6, STM32U595AIH6Q, STM32U595AJH6, STM32U595AJH6Q, STM32U595QII6, STM32U595QII6Q, STM32U595QJI6, STM32U595QJI6Q, STM32U595RIT6, STM32U595RIT6Q, STM32U595RJT6, STM32U595RJT6Q, STM32U595VIT6, STM32U595VIT6Q, STM32U595VJT6, STM32U595VJT6Q, STM32U595ZIT6, STM32U595ZIT6Q, STM32U595ZIY6QTR, STM32U595ZJT6, STM32U595ZJT6Q, STM32U595ZJY6QTR, STM32U599BJY6QTR, STM32U599NIH6Q, STM32U599NJH6Q, STM32U599VIT6Q, STM32U599VJT6, STM32U599VJT6Q, STM32U599ZIT6Q, STM32U599ZIY6QTR, STM32U599ZJT6Q, STM32U599ZJY6QTR, STM32U5A5AJH6, STM32U5A5AJH6Q, STM32U5A5QJI6, STM32U5A5QJI6Q, STM32U5A5RJT6, STM32U5A5RJT6Q, STM32U5A5VJT6, STM32U5A5VJT6Q, STM32U5A5ZJT6, STM32U5A5ZJT6Q, STM32U5A5ZJY6QTR, STM32U5A9BJY6QTR, STM32U5A9J-DK, STM32U5A9NJH6Q, STM32U5A9VJT6Q, STM32U5A9ZJT6Q, STM32U5A9ZJY6QTR, STM32U5F7VIT6, STM32U5F7VIT6Q, STM32U5F7VJT6, STM32U5F7VJT6Q, STM32U5F9BJY6QTR, STM32U5F9NJH6Q, STM32U5F9VIT6Q, STM32U5F9VJT6Q, STM32U5F9ZIJ6QTR, STM32U5F9ZIT6Q, STM32U5F9ZJJ6QTR, STM32U5F9ZJT6Q, STM32U5G7VJT6, STM32U5G7VJT6Q, STM32U5G9BJY6QTR, STM32U5G9J-DK1, STM32U5G9J-DK2, STM32U5G9NJH6Q, STM32U5G9VJT6Q, STM32U5G9ZJJ6QTR, STM32U5G9ZJT6Q, STM32WB1MMCH6, STM32WBA52CEU6, STM32WBA52CEU6T, STM32WBA52CGU6, STM32WBA52CGU6T, STM32WBA52KEU6, STM32WBA52KEU6T, STM32WBA52KGU6, STM32WBA52KGU6T, STM32WL5MOCH6, STM32WL5MOCH6TR]
2023-11-12 00:59:31,554 [INFO] DbMcus:217 - Found 3848 MCUs, 3848 are supported
2023-11-12 00:59:31,556 [INFO] ApiDb:423 - Load user favorites file C:\Users\singh/.stm32cubeide/favorites.mcus.txt: 0 item(s)
2023-11-12 00:59:31,556 [INFO] ApiDb:427 - User favorites MCUs=[]
2023-11-12 00:59:31,556 [INFO] DbMcus:223 - Set 0 / 0 favorites MCUs
2023-11-12 00:59:31,877 [WARN] ThirdParty:833 - waiting for thirdparty lock release [change project]
2023-11-12 00:59:31,877 [INFO] ThirdParty:835 - entering critical section [change project]
2023-11-12 00:59:31,877 [INFO] ThirdParty:1030 - CMSIS Pack Vendor :STMicroelectronics X-CUBE-ISPU 1.1.0
2023-11-12 00:59:31,877 [INFO] ThirdParty:1030 - CMSIS Pack Vendor :STMicroelectronics USBPD 4.1
2023-11-12 00:59:31,877 [INFO] ThirdParty:1030 - CMSIS Pack Vendor :STMicroelectronics X-CUBE-GNSS1 6.0.0
2023-11-12 00:59:31,877 [INFO] ThirdParty:1030 - CMSIS Pack Vendor :STMicroelectronics USB_HOST 2.0.0
2023-11-12 00:59:31,877 [INFO] ThirdParty:1030 - CMSIS Pack Vendor :STMicroelectronics X-CUBE-AZRTOS-F4 1.1.0
2023-11-12 00:59:31,877 [INFO] ThirdParty:1030 - CMSIS Pack Vendor :STMicroelectronics LIBJPEG 8.0.0
2023-11-12 00:59:31,877 [INFO] ThirdParty:1030 - CMSIS Pack Vendor :wolfSSL I-CUBE-wolfSSL 5.6.3
2023-11-12 00:59:31,877 [INFO] ThirdParty:1030 - CMSIS Pack Vendor :STMicroelectronics X-CUBE-SMBUS 2.1.0
2023-11-12 00:59:31,877 [INFO] ThirdParty:1030 - CMSIS Pack Vendor :STMicroelectronics USB_DEVICE 3.0.0
2023-11-12 00:59:31,877 [INFO] ThirdParty:1030 - CMSIS Pack Vendor :STMicroelectronics X-CUBE-AZRTOS-WB 2.0.0
2023-11-12 00:59:31,877 [INFO] ThirdParty:1030 - CMSIS Pack Vendor :STMicroelectronics X-CUBE-AZRTOS-F7 1.1.0
2023-11-12 00:59:31,877 [INFO] ThirdParty:1030 - CMSIS Pack Vendor :STMicroelectronics X-CUBE-AZRTOS-L5 2.0.0
2023-11-12 00:59:31,877 [INFO] ThirdParty:1030 - CMSIS Pack Vendor :STMicroelectronics USB_DEVICE 2.0.0
2023-11-12 00:59:31,877 [INFO] ThirdParty:1030 - CMSIS Pack Vendor :STMicroelectronics X-CUBE-MEMS1 9.6.0
2023-11-12 00:59:31,877 [INFO] ThirdParty:1030 - CMSIS Pack Vendor :STMicroelectronics X-CUBE-EEPRMA1 4.2.0
2023-11-12 00:59:31,877 [INFO] ThirdParty:1030 - CMSIS Pack Vendor :ITTIA_DB I-CUBE-ITTIADB 8.8.0
2023-11-12 00:59:31,877 [INFO] ThirdParty:1030 - CMSIS Pack Vendor :STMicroelectronics FP-SNS-MOTENV1 4.3.2
2023-11-12 00:59:31,877 [INFO] ThirdParty:1030 - CMSIS Pack Vendor :STMicroelectronics X-CUBE-ALGOBUILD 1.3.0
2023-11-12 00:59:31,877 [INFO] ThirdParty:1030 - CMSIS Pack Vendor :STMicroelectronics FreeRTOS 0.0.1
2023-11-12 00:59:31,877 [INFO] ThirdParty:1030 - CMSIS Pack Vendor :STMicroelectronics X-CUBE-AZRTOS-G0 1.1.0
2023-11-12 00:59:31,877 [INFO] ThirdParty:1030 - CMSIS Pack Vendor :STMicroelectronics X-CUBE-BLEMGR 2.0.0
2023-11-12 00:59:31,877 [INFO] ThirdParty:1030 - CMSIS Pack Vendor :STMicroelectronics X-CUBE-NFC4 3.0.0
2023-11-12 00:59:31,877 [INFO] ThirdParty:1030 - CMSIS Pack Vendor :STMicroelectronics X-CUBE-SUBG2 5.0.0
2023-11-12 00:59:31,877 [INFO] ThirdParty:1030 - CMSIS Pack Vendor :STMicroelectronics STM32_WPAN 1.0.0
2023-11-12 00:59:31,877 [INFO] ThirdParty:1030 - CMSIS Pack Vendor :STMicroelectronics lwIP 2.0.3
2023-11-12 00:59:31,877 [INFO] ThirdParty:1030 - CMSIS Pack Vendor :STMicroelectronics FP-SNS-FLIGHT1 5.0.2
2023-11-12 00:59:31,877 [INFO] ThirdParty:1030 - CMSIS Pack Vendor :STMicroelectronics USB_HOST 1.0.0
2023-11-12 00:59:31,877 [INFO] ThirdParty:1030 - CMSIS Pack Vendor :STMicroelectronics X-CUBE-TOF1 3.3.1
2023-11-12 00:59:31,877 [INFO] ThirdParty:1030 - CMSIS Pack Vendor :STMicroelectronics X-CUBE-AZRTOS-G4 2.0.0
2023-11-12 00:59:31,877 [INFO] ThirdParty:1030 - CMSIS Pack Vendor :STMicroelectronics PDM2PCM 3.1.0
2023-11-12 00:59:31,877 [INFO] ThirdParty:1030 - CMSIS Pack Vendor :STMicroelectronics X-CUBE-AZRTOS-H7 3.1.0
2023-11-12 00:59:31,877 [INFO] ThirdParty:1030 - CMSIS Pack Vendor :Infineon AIROC-Wi-Fi-Bluetooth-STM32 1.5.1
2023-11-12 00:59:31,877 [INFO] ThirdParty:1030 - CMSIS Pack Vendor :STMicroelectronics X-CUBE-BLEMGR 3.0.0
2023-11-12 00:59:31,877 [INFO] ThirdParty:1030 - CMSIS Pack Vendor :STMicroelectronics PDM2PCM 3.3.0
2023-11-12 00:59:31,877 [INFO] ThirdParty:1030 - CMSIS Pack Vendor :STMicroelectronics X-CUBE-DISPLAY 3.0.0
2023-11-12 00:59:31,878 [INFO] ThirdParty:1030 - CMSIS Pack Vendor :STMicroelectronics FP-SNS-MOTENVWB1 1.3.0
2023-11-12 00:59:31,878 [INFO] ThirdParty:1030 - CMSIS Pack Vendor :STMicroelectronics X-CUBE-BLE1 7.0.0
2023-11-12 00:59:31,878 [INFO] ThirdParty:1030 - CMSIS Pack Vendor :STMicroelectronics FP-ATR-SIGFOX1 3.2.0
2023-11-12 00:59:31,878 [INFO] ThirdParty:1030 - CMSIS Pack Vendor :STMicroelectronics HAL Drivers 0.0.0
2023-11-12 00:59:31,878 [INFO] ThirdParty:1030 - CMSIS Pack Vendor :STMicroelectronics MBEDTLS 2.16.2
2023-11-12 00:59:31,878 [INFO] ThirdParty:1030 - CMSIS Pack Vendor :emotas I-CUBE-CANOPEN 1.3.0
2023-11-12 00:59:31,878 [INFO] ThirdParty:1030 - CMSIS Pack Vendor :STMicroelectronics X-CUBE-MEMS1 10.0.0
2023-11-12 00:59:31,878 [INFO] ThirdParty:1030 - CMSIS Pack Vendor :STMicroelectronics X-CUBE-FREERTOS 1.1.0
2023-11-12 00:59:31,878 [INFO] ThirdParty:1030 - CMSIS Pack Vendor :STMicroelectronics X-CUBE-TOUCHGFX 4.22.0
2023-11-12 00:59:31,878 [INFO] ThirdParty:1030 - CMSIS Pack Vendor :STMicroelectronics X-CUBE-NFC7 1.0.1
2023-11-12 00:59:31,878 [INFO] ThirdParty:1030 - CMSIS Pack Vendor :STMicroelectronics MBEDTLS 2.14.1
2023-11-12 00:59:31,878 [INFO] ThirdParty:1030 - CMSIS Pack Vendor :STMicroelectronics X-CUBE-TOUCHGFX 4.22.1
2023-11-12 00:59:31,878 [INFO] ThirdParty:1030 - CMSIS Pack Vendor :STMicroelectronics X-CUBE-NFC6 3.0.0
2023-11-12 00:59:31,878 [INFO] ThirdParty:1030 - CMSIS Pack Vendor :STMicroelectronics X-CUBE-EEPRMA1 4.1.0
2023-11-12 00:59:31,878 [INFO] ThirdParty:1030 - CMSIS Pack Vendor :portGmbH I-Cube-SoM-uGOAL 1.1.0
2023-11-12 00:59:31,878 [INFO] ThirdParty:1030 - CMSIS Pack Vendor :STMicroelectronics X-CUBE-ALS 1.0.1
2023-11-12 00:59:31,878 [INFO] ThirdParty:1030 - CMSIS Pack Vendor :STMicroelectronics ThreadX 1.0.0
2023-11-12 00:59:31,878 [INFO] ThirdParty:1030 - CMSIS Pack Vendor :STMicroelectronics FP-SNS-SMARTAG2 1.2.0
2023-11-12 00:59:31,878 [INFO] ThirdParty:1030 - CMSIS Pack Vendor :STMicroelectronics X-CUBE-AZRTOS-WL 2.0.0
2023-11-12 00:59:31,878 [INFO] ThirdParty:1030 - CMSIS Pack Vendor :SEGGER I-CUBE-embOS 1.3.1
2023-11-12 00:59:31,878 [INFO] ThirdParty:1030 - CMSIS Pack Vendor :STMicroelectronics USB_DEVICE 1.0.0
2023-11-12 00:59:31,878 [INFO] ThirdParty:1030 - CMSIS Pack Vendor :STMicroelectronics X-CUBE-AI 8.1.0
2023-11-12 00:59:31,879 [INFO] ThirdParty:1030 - CMSIS Pack Vendor :STMicroelectronics X-CUBE-AZRTOS-L4 2.0.0
2023-11-12 00:59:31,879 [INFO] ThirdParty:1030 - CMSIS Pack Vendor :STMicroelectronics ThreadX 0.0.2
2023-11-12 00:59:31,879 [INFO] ThirdParty:1030 - CMSIS Pack Vendor :WES I-CUBE-Cesium 1.3.0
2023-11-12 00:59:31,879 [INFO] ThirdParty:1030 - CMSIS Pack Vendor :STMicroelectronics FP-ATR-ASTRA1 2.0.0
2023-11-12 00:59:31,879 [INFO] ThirdParty:1030 - CMSIS Pack Vendor :STMicroelectronics lwIP 2.1.2
2023-11-12 00:59:31,879 [INFO] ThirdParty:1030 - CMSIS Pack Vendor :STMicroelectronics X-CUBE-SFXS2LP1 4.0.0
2023-11-12 00:59:31,879 [INFO] ThirdParty:1030 - CMSIS Pack Vendor :STMicroelectronics X-CUBE-BLE2 3.3.0
2023-11-12 00:59:31,879 [INFO] ThirdParty:1030 - CMSIS Pack Vendor :STMicroelectronics PDM2PCM 3.2.0
2023-11-12 00:59:31,879 [INFO] ThirdParty:841 - exiting critical section [change project]
2023-11-12 00:59:32,186 [INFO] PinOutPanel:1499 - setPackage(No Configuration,No Configuration)
2023-11-12 00:59:32,188 [INFO] PinOutPanel:1499 - setPackage(STM32F446RETx,LQFP64)
2023-11-12 00:59:32,682 [INFO] UtilMem:75 - Before build in PCC Used Memory: 920396416 Bytes (1073741824)
2023-11-12 00:59:33,779 [INFO] UtilMem:75 - After build in PCC Used Memory: 735589824 Bytes (1073741824)
2023-11-12 00:59:33,825 [INFO] IPUIPlugin:80 - create IPUIPlugin
2023-11-12 00:59:33,825 [INFO] IPUIPlugin:80 - create IPUIPlugin
2023-11-12 00:59:33,825 [INFO] IPUIPlugin:80 - create IPUIPlugin
2023-11-12 00:59:33,825 [INFO] IPUIPlugin:80 - create IPUIPlugin
2023-11-12 00:59:33,825 [INFO] IPUIPlugin:80 - create IPUIPlugin
2023-11-12 00:59:33,826 [INFO] IPUIPlugin:80 - create IPUIPlugin
2023-11-12 00:59:33,826 [INFO] IPUIPlugin:80 - create IPUIPlugin
2023-11-12 00:59:33,826 [INFO] IPUIPlugin:80 - create IPUIPlugin
2023-11-12 00:59:33,826 [INFO] IPUIPlugin:80 - create IPUIPlugin
2023-11-12 00:59:33,826 [INFO] IPUIPlugin:80 - create IPUIPlugin
2023-11-12 00:59:33,826 [INFO] IPUIPlugin:80 - create IPUIPlugin
2023-11-12 00:59:33,826 [INFO] IPUIPlugin:80 - create IPUIPlugin
2023-11-12 00:59:33,827 [INFO] IPUIPlugin:80 - create IPUIPlugin
2023-11-12 00:59:33,827 [INFO] IPUIPlugin:80 - create IPUIPlugin
2023-11-12 00:59:33,827 [INFO] IPUIPlugin:80 - create IPUIPlugin
2023-11-12 00:59:33,827 [INFO] IPUIPlugin:80 - create IPUIPlugin
2023-11-12 00:59:33,827 [INFO] IPUIPlugin:80 - create IPUIPlugin
2023-11-12 00:59:33,827 [INFO] IPUIPlugin:80 - create IPUIPlugin
2023-11-12 00:59:33,827 [INFO] IPUIPlugin:80 - create IPUIPlugin
2023-11-12 00:59:33,827 [INFO] IPUIPlugin:80 - create IPUIPlugin
2023-11-12 00:59:33,827 [INFO] IPUIPlugin:80 - create IPUIPlugin
2023-11-12 00:59:33,829 [INFO] IPUIPlugin:80 - create IPUIPlugin
2023-11-12 00:59:33,829 [INFO] IPUIPlugin:80 - create IPUIPlugin
2023-11-12 00:59:33,829 [INFO] IPUIPlugin:80 - create IPUIPlugin
2023-11-12 00:59:33,829 [INFO] IPUIPlugin:80 - create IPUIPlugin
2023-11-12 00:59:33,829 [INFO] IPUIPlugin:80 - create IPUIPlugin
2023-11-12 00:59:33,830 [INFO] IPUIPlugin:80 - create IPUIPlugin
2023-11-12 00:59:33,830 [INFO] IPUIPlugin:80 - create IPUIPlugin
2023-11-12 00:59:33,830 [INFO] IPUIPlugin:80 - create IPUIPlugin
2023-11-12 00:59:33,830 [INFO] IPUIPlugin:80 - create IPUIPlugin
2023-11-12 00:59:33,831 [INFO] IPUIPlugin:80 - create IPUIPlugin
2023-11-12 00:59:33,831 [INFO] IPUIPlugin:80 - create IPUIPlugin
2023-11-12 00:59:33,831 [INFO] IPUIPlugin:80 - create IPUIPlugin
2023-11-12 00:59:33,831 [INFO] IPUIPlugin:80 - create IPUIPlugin
2023-11-12 00:59:33,831 [INFO] IPUIPlugin:80 - create IPUIPlugin
2023-11-12 00:59:33,831 [INFO] IPUIPlugin:80 - create IPUIPlugin
2023-11-12 00:59:33,831 [INFO] IPUIPlugin:80 - create IPUIPlugin
2023-11-12 00:59:33,831 [INFO] IPUIPlugin:80 - create IPUIPlugin
2023-11-12 00:59:33,831 [INFO] IPUIPlugin:80 - create IPUIPlugin
2023-11-12 00:59:33,831 [INFO] IPUIPlugin:80 - create IPUIPlugin
2023-11-12 00:59:33,832 [INFO] IPUIPlugin:80 - create IPUIPlugin
2023-11-12 00:59:33,832 [INFO] IPUIPlugin:80 - create IPUIPlugin
2023-11-12 00:59:33,832 [INFO] IPUIPlugin:80 - create IPUIPlugin
2023-11-12 00:59:33,832 [INFO] IPUIPlugin:80 - create IPUIPlugin
2023-11-12 00:59:33,832 [INFO] IPUIPlugin:80 - create IPUIPlugin
2023-11-12 00:59:33,833 [INFO] IPUIPlugin:80 - create IPUIPlugin
2023-11-12 00:59:33,833 [INFO] IPUIPlugin:80 - create IPUIPlugin
2023-11-12 00:59:33,833 [INFO] IPUIPlugin:80 - create IPUIPlugin
2023-11-12 00:59:33,833 [INFO] IPUIPlugin:80 - create IPUIPlugin
2023-11-12 00:59:33,833 [INFO] IPUIPlugin:80 - create IPUIPlugin
2023-11-12 00:59:33,834 [INFO] IPUIPlugin:80 - create IPUIPlugin
2023-11-12 00:59:33,834 [INFO] IPUIPlugin:80 - create IPUIPlugin
2023-11-12 00:59:33,834 [INFO] IPUIPlugin:80 - create IPUIPlugin
2023-11-12 00:59:33,834 [INFO] IPUIPlugin:80 - create IPUIPlugin
2023-11-12 00:59:33,834 [INFO] IPUIPlugin:80 - create IPUIPlugin
2023-11-12 00:59:33,835 [INFO] IPUIPlugin:80 - create IPUIPlugin
2023-11-12 00:59:33,835 [INFO] IPUIPlugin:80 - create IPUIPlugin
2023-11-12 00:59:33,836 [INFO] IPUIPlugin:80 - create IPUIPlugin
2023-11-12 00:59:33,836 [INFO] IPUIPlugin:80 - create IPUIPlugin
2023-11-12 00:59:33,837 [INFO] IPUIPlugin:80 - create IPUIPlugin
2023-11-12 00:59:33,992 [INFO] ApiDbMcu:507 - Load IP Config File for PDM2PCM
2023-11-12 00:59:34,007 [WARN] IP:2114 - I2C_Coeff_DF not found: check if there is a RefParameter without a condition.
2023-11-12 00:59:34,007 [WARN] IP:2114 - Analog_Filter not found: check if there is a RefParameter without a condition.
2023-11-12 00:59:34,295 [INFO] CADModel:165 - CPN selected for project levelSTM32F446RET6
2023-11-12 00:59:34,295 [INFO] CADModel:114 - Register for checkConnection events
2023-11-12 00:59:34,347 [INFO] OpenFileManager:328 - Restore cursor
2023-11-12 00:59:34,588 [WARN] IP:2114 - I2C_Coeff_DF not found: check if there is a RefParameter without a condition.
2023-11-12 00:59:34,588 [WARN] IP:2114 - Analog_Filter not found: check if there is a RefParameter without a condition.
2023-11-12 00:59:34,589 [WARN] IP:2114 - I2C_Coeff_DF not found: check if there is a RefParameter without a condition.
2023-11-12 00:59:34,589 [WARN] IP:2114 - Analog_Filter not found: check if there is a RefParameter without a condition.
2023-11-12 01:01:10,654 [INFO] MainUpdater:2868 - connection check result : 10
2023-11-12 01:01:10,654 [INFO] MainUpdater:2868 - connection check result : 10
2023-11-12 01:01:10,946 [INFO] MicroXplorer:468 - Change Database Path : 
2023-11-12 01:01:10,946 [INFO] MicroXplorer:498 - Change Database Version : DB.6.0.92
2023-11-12 01:01:10,980 [WARN] ThirdParty:871 - waiting for thirdparty lock release [close project]
2023-11-12 01:01:10,980 [INFO] ThirdParty:873 - entering critical section [close project]
2023-11-12 01:01:10,980 [INFO] ThirdParty:883 - exiting critical section [close project]
2023-11-12 01:01:10,982 [INFO] PinOutPanel:1499 - setPackage(No Configuration,No Configuration)
2023-11-12 01:01:10,997 [WARN] IpParametersView:151 - Warning: This peripheral hasn't parameters
2023-11-12 01:01:11,010 [WARN] MainPanel:272 - <html><b><center>Warning: This peripheral has no parameters to be configured<br></b></html>
2023-11-12 01:01:11,020 [INFO] UtilMem:75 - Begin LoadConfig() Used Memory: 580782192 Bytes (1073741824)
2023-11-12 01:01:11,034 [INFO] MicroXplorer:468 - Change Database Path : C:/Users/singh/.stm32cubemx/databases/DB.6.0.91/db/
2023-11-12 01:01:11,034 [INFO] MicroXplorer:498 - Change Database Version : DB.6.0.91
2023-11-12 01:01:13,911 [INFO] OpenFileManager:308 - Change cursor
2023-11-12 01:01:13,918 [INFO] Mcu:1946 - Initializing MCU STM32F446R(C-E)Tx STM32F446RETx STM32F446RET6
2023-11-12 01:01:14,816 [INFO] Context:659 - Trying to add GPIOservice into a context  which must be forbidden
2023-11-12 01:01:15,303 [INFO] RtosManager:555 - Registered RTOS mode: class=CMSIS, group=RTOS, mode=CMSIS_V1, owner=FREERTOS
2023-11-12 01:01:15,303 [INFO] RtosManager:555 - Registered RTOS mode: class=CMSIS, group=RTOS2, mode=CMSIS_V2, owner=FREERTOS
2023-11-12 01:01:15,303 [INFO] RtosManager:555 - Registered RTOS mode: class=RTOS, group=Core, mode=CMSIS_V1, owner=FREERTOS
2023-11-12 01:01:15,303 [INFO] RtosManager:555 - Registered RTOS mode: class=RTOS, group=Core, mode=CMSIS_V2, owner=FREERTOS
2023-11-12 01:01:15,303 [WARN] ModelIntegratedComponent:184 - Missing modes for component STMicroelectronics:FreeRTOS:0.0.1:STMicroelectronics:RTOS:FreeRTOS:Core:::10.2.0:
2023-11-12 01:01:15,312 [WARN] ModelIntegratedComponent:63 - No mode defined for component null
2023-11-12 01:01:15,312 [WARN] ModelIntegratedComponent:63 - No mode defined for component null
2023-11-12 01:01:15,312 [WARN] ModelIntegratedComponent:63 - No mode defined for component null
2023-11-12 01:01:15,312 [WARN] ModelIntegratedComponent:63 - No mode defined for component null
2023-11-12 01:01:15,312 [WARN] ModelIntegratedComponent:63 - No mode defined for component null
2023-11-12 01:01:15,312 [WARN] ModelIntegratedComponent:63 - No mode defined for component null
2023-11-12 01:01:15,312 [WARN] ModelIntegratedComponent:63 - No mode defined for component null
2023-11-12 01:01:15,312 [WARN] ModelIntegratedComponent:63 - No mode defined for component null
2023-11-12 01:01:15,312 [WARN] ModelIntegratedComponent:63 - No mode defined for component null
2023-11-12 01:01:15,312 [WARN] ModelIntegratedComponent:63 - No mode defined for component null
2023-11-12 01:01:15,312 [WARN] ModelIntegratedComponent:63 - No mode defined for component null
2023-11-12 01:01:15,312 [WARN] ModelIntegratedComponent:63 - No mode defined for component null
2023-11-12 01:01:15,312 [WARN] ModelIntegratedComponent:63 - No mode defined for component null
2023-11-12 01:01:15,312 [WARN] ModelIntegratedComponent:63 - No mode defined for component null
2023-11-12 01:01:15,312 [WARN] ModelIntegratedComponent:63 - No mode defined for component null
2023-11-12 01:01:15,313 [WARN] ModelIntegratedComponent:63 - No mode defined for component null
2023-11-12 01:01:15,313 [WARN] ModelIntegratedComponent:63 - No mode defined for component null
2023-11-12 01:01:15,313 [WARN] ModelIntegratedComponent:63 - No mode defined for component null
2023-11-12 01:01:15,313 [WARN] ModelIntegratedComponent:63 - No mode defined for component null
2023-11-12 01:01:15,313 [WARN] ModelIntegratedComponent:63 - No mode defined for component null
2023-11-12 01:01:15,313 [WARN] ModelIntegratedComponent:63 - No mode defined for component null
2023-11-12 01:01:15,313 [WARN] ModelIntegratedComponent:63 - No mode defined for component null
2023-11-12 01:01:15,313 [WARN] ModelIntegratedComponent:63 - No mode defined for component null
2023-11-12 01:01:15,313 [WARN] ModelIntegratedComponent:63 - No mode defined for component null
2023-11-12 01:01:15,313 [WARN] ModelIntegratedComponent:63 - No mode defined for component null
2023-11-12 01:01:15,313 [WARN] ModelIntegratedComponent:63 - No mode defined for component null
2023-11-12 01:01:15,313 [WARN] ModelIntegratedComponent:63 - No mode defined for component null
2023-11-12 01:01:15,313 [WARN] ModelIntegratedComponent:63 - No mode defined for component null
2023-11-12 01:01:15,313 [WARN] ModelIntegratedComponent:63 - No mode defined for component null
2023-11-12 01:01:15,313 [WARN] ModelIntegratedComponent:63 - No mode defined for component null
2023-11-12 01:01:15,313 [WARN] ModelIntegratedComponent:63 - No mode defined for component null
2023-11-12 01:01:15,313 [WARN] ModelIntegratedComponent:63 - No mode defined for component null
2023-11-12 01:01:15,313 [WARN] ModelIntegratedComponent:63 - No mode defined for component null
2023-11-12 01:01:15,379 [INFO] ThirdPartyModel:298 - Start build external matchings
2023-11-12 01:01:15,821 [INFO] ThirdPartyModel:316 - End build external matchings
2023-11-12 01:01:15,832 [WARN] IP:2114 - I2C_Coeff_DF not found: check if there is a RefParameter without a condition.
2023-11-12 01:01:15,832 [WARN] IP:2114 - Analog_Filter not found: check if there is a RefParameter without a condition.
2023-11-12 01:01:15,833 [INFO] ImportTextPane:194 - (OptionalMessage_ERROR) IP (RCC) : Invalid parameter (48MHZClocksFreq_Value)
2023-11-12 01:01:15,833 [INFO] ImportTextPane:194 - (OptionalMessage_ERROR) IP (RCC) : Invalid parameter (EthernetFreq_Value)
2023-11-12 01:01:15,834 [INFO] ImportTextPane:194 - (OptionalMessage_ERROR) IP (RCC) : Parameter (FLatency) has Id (AdvancedSettings) currently not set
2023-11-12 01:01:15,834 [INFO] ImportTextPane:194 - (OptionalMessage_ERROR) IP (RCC) : Invalid parameter (FamilyName)
2023-11-12 01:01:15,834 [INFO] ImportTextPane:194 - (OptionalMessage_ERROR) IP (RCC) : Invalid parameter (I2SClocksFreq_Value)
2023-11-12 01:01:15,834 [INFO] ImportTextPane:194 - (OptionalMessage_ERROR) IP (RCC) : Parameter (SDIOFreq_Value) has invalid value (168000000)
2023-11-12 01:01:15,835 [INFO] ImportTextPane:194 - (OptionalMessage_ERROR) IP (RCC) : Parameter (USBFreq_Value) has invalid value (168000000)
2023-11-12 01:01:15,835 [INFO] ImportTextPane:194 - (OptionalMessage_ERROR) IP (RCC) : Invalid parameter (VCOInputMFreq_Value)
2023-11-12 01:01:15,835 [INFO] ImportTextPane:194 - (OptionalMessage_ERROR) IP (RCC) : Invalid parameter (VcooutputI2S)
2023-11-12 01:01:16,083 [INFO] UtilMem:75 - End LoadConfig() Used Memory: 582440528 Bytes (1073741824)
2023-11-12 01:01:16,138 [WARN] ThirdParty:833 - waiting for thirdparty lock release [change project]
2023-11-12 01:01:16,138 [INFO] ThirdParty:835 - entering critical section [change project]
2023-11-12 01:01:16,138 [INFO] ThirdParty:1030 - CMSIS Pack Vendor :STMicroelectronics X-CUBE-ISPU 1.1.0
2023-11-12 01:01:16,138 [INFO] ThirdParty:1030 - CMSIS Pack Vendor :STMicroelectronics USBPD 4.1
2023-11-12 01:01:16,138 [INFO] ThirdParty:1030 - CMSIS Pack Vendor :STMicroelectronics X-CUBE-GNSS1 6.0.0
2023-11-12 01:01:16,138 [INFO] ThirdParty:1030 - CMSIS Pack Vendor :STMicroelectronics USB_HOST 2.0.0
2023-11-12 01:01:16,139 [INFO] ThirdParty:1030 - CMSIS Pack Vendor :STMicroelectronics X-CUBE-AZRTOS-F4 1.1.0
2023-11-12 01:01:16,139 [INFO] ThirdParty:1030 - CMSIS Pack Vendor :STMicroelectronics LIBJPEG 8.0.0
2023-11-12 01:01:16,139 [INFO] ThirdParty:1030 - CMSIS Pack Vendor :wolfSSL I-CUBE-wolfSSL 5.6.3
2023-11-12 01:01:16,139 [INFO] ThirdParty:1030 - CMSIS Pack Vendor :STMicroelectronics X-CUBE-SMBUS 2.1.0
2023-11-12 01:01:16,139 [INFO] ThirdParty:1030 - CMSIS Pack Vendor :STMicroelectronics USB_DEVICE 3.0.0
2023-11-12 01:01:16,139 [INFO] ThirdParty:1030 - CMSIS Pack Vendor :STMicroelectronics X-CUBE-AZRTOS-WB 2.0.0
2023-11-12 01:01:16,139 [INFO] ThirdParty:1030 - CMSIS Pack Vendor :STMicroelectronics X-CUBE-AZRTOS-F7 1.1.0
2023-11-12 01:01:16,139 [INFO] ThirdParty:1030 - CMSIS Pack Vendor :STMicroelectronics X-CUBE-AZRTOS-L5 2.0.0
2023-11-12 01:01:16,139 [INFO] ThirdParty:1030 - CMSIS Pack Vendor :STMicroelectronics USB_DEVICE 2.0.0
2023-11-12 01:01:16,139 [INFO] ThirdParty:1030 - CMSIS Pack Vendor :STMicroelectronics X-CUBE-MEMS1 9.6.0
2023-11-12 01:01:16,139 [INFO] ThirdParty:1030 - CMSIS Pack Vendor :STMicroelectronics X-CUBE-EEPRMA1 4.2.0
2023-11-12 01:01:16,139 [INFO] ThirdParty:1030 - CMSIS Pack Vendor :ITTIA_DB I-CUBE-ITTIADB 8.8.0
2023-11-12 01:01:16,139 [INFO] ThirdParty:1030 - CMSIS Pack Vendor :STMicroelectronics FP-SNS-MOTENV1 4.3.2
2023-11-12 01:01:16,139 [INFO] ThirdParty:1030 - CMSIS Pack Vendor :STMicroelectronics X-CUBE-ALGOBUILD 1.3.0
2023-11-12 01:01:16,139 [INFO] ThirdParty:1030 - CMSIS Pack Vendor :STMicroelectronics FreeRTOS 0.0.1
2023-11-12 01:01:16,139 [INFO] ThirdParty:1030 - CMSIS Pack Vendor :STMicroelectronics X-CUBE-AZRTOS-G0 1.1.0
2023-11-12 01:01:16,139 [INFO] ThirdParty:1030 - CMSIS Pack Vendor :STMicroelectronics X-CUBE-BLEMGR 2.0.0
2023-11-12 01:01:16,139 [INFO] ThirdParty:1030 - CMSIS Pack Vendor :STMicroelectronics X-CUBE-NFC4 3.0.0
2023-11-12 01:01:16,139 [INFO] ThirdParty:1030 - CMSIS Pack Vendor :STMicroelectronics X-CUBE-SUBG2 5.0.0
2023-11-12 01:01:16,139 [INFO] ThirdParty:1030 - CMSIS Pack Vendor :STMicroelectronics STM32_WPAN 1.0.0
2023-11-12 01:01:16,139 [INFO] ThirdParty:1030 - CMSIS Pack Vendor :STMicroelectronics lwIP 2.0.3
2023-11-12 01:01:16,139 [INFO] ThirdParty:1030 - CMSIS Pack Vendor :STMicroelectronics FP-SNS-FLIGHT1 5.0.2
2023-11-12 01:01:16,139 [INFO] ThirdParty:1030 - CMSIS Pack Vendor :STMicroelectronics USB_HOST 1.0.0
2023-11-12 01:01:16,139 [INFO] ThirdParty:1030 - CMSIS Pack Vendor :STMicroelectronics X-CUBE-TOF1 3.3.1
2023-11-12 01:01:16,139 [INFO] ThirdParty:1030 - CMSIS Pack Vendor :STMicroelectronics X-CUBE-AZRTOS-G4 2.0.0
2023-11-12 01:01:16,139 [INFO] ThirdParty:1030 - CMSIS Pack Vendor :STMicroelectronics PDM2PCM 3.1.0
2023-11-12 01:01:16,139 [INFO] ThirdParty:1030 - CMSIS Pack Vendor :STMicroelectronics X-CUBE-AZRTOS-H7 3.1.0
2023-11-12 01:01:16,139 [INFO] ThirdParty:1030 - CMSIS Pack Vendor :Infineon AIROC-Wi-Fi-Bluetooth-STM32 1.5.1
2023-11-12 01:01:16,139 [INFO] ThirdParty:1030 - CMSIS Pack Vendor :STMicroelectronics X-CUBE-BLEMGR 3.0.0
2023-11-12 01:01:16,139 [INFO] ThirdParty:1030 - CMSIS Pack Vendor :STMicroelectronics PDM2PCM 3.3.0
2023-11-12 01:01:16,139 [INFO] ThirdParty:1030 - CMSIS Pack Vendor :STMicroelectronics X-CUBE-DISPLAY 3.0.0
2023-11-12 01:01:16,139 [INFO] ThirdParty:1030 - CMSIS Pack Vendor :STMicroelectronics FP-SNS-MOTENVWB1 1.3.0
2023-11-12 01:01:16,139 [INFO] ThirdParty:1030 - CMSIS Pack Vendor :STMicroelectronics X-CUBE-BLE1 7.0.0
2023-11-12 01:01:16,139 [INFO] ThirdParty:1030 - CMSIS Pack Vendor :STMicroelectronics FP-ATR-SIGFOX1 3.2.0
2023-11-12 01:01:16,139 [INFO] ThirdParty:1030 - CMSIS Pack Vendor :STMicroelectronics HAL Drivers 0.0.0
2023-11-12 01:01:16,140 [INFO] ThirdParty:1030 - CMSIS Pack Vendor :STMicroelectronics MBEDTLS 2.16.2
2023-11-12 01:01:16,140 [INFO] ThirdParty:1030 - CMSIS Pack Vendor :emotas I-CUBE-CANOPEN 1.3.0
2023-11-12 01:01:16,140 [INFO] ThirdParty:1030 - CMSIS Pack Vendor :STMicroelectronics X-CUBE-MEMS1 10.0.0
2023-11-12 01:01:16,140 [INFO] ThirdParty:1030 - CMSIS Pack Vendor :STMicroelectronics X-CUBE-FREERTOS 1.1.0
2023-11-12 01:01:16,140 [INFO] ThirdParty:1030 - CMSIS Pack Vendor :STMicroelectronics X-CUBE-TOUCHGFX 4.22.0
2023-11-12 01:01:16,140 [INFO] ThirdParty:1030 - CMSIS Pack Vendor :STMicroelectronics X-CUBE-NFC7 1.0.1
2023-11-12 01:01:16,140 [INFO] ThirdParty:1030 - CMSIS Pack Vendor :STMicroelectronics MBEDTLS 2.14.1
2023-11-12 01:01:16,140 [INFO] ThirdParty:1030 - CMSIS Pack Vendor :STMicroelectronics X-CUBE-TOUCHGFX 4.22.1
2023-11-12 01:01:16,140 [INFO] ThirdParty:1030 - CMSIS Pack Vendor :STMicroelectronics X-CUBE-NFC6 3.0.0
2023-11-12 01:01:16,140 [INFO] ThirdParty:1030 - CMSIS Pack Vendor :STMicroelectronics X-CUBE-EEPRMA1 4.1.0
2023-11-12 01:01:16,140 [INFO] ThirdParty:1030 - CMSIS Pack Vendor :portGmbH I-Cube-SoM-uGOAL 1.1.0
2023-11-12 01:01:16,140 [INFO] ThirdParty:1030 - CMSIS Pack Vendor :STMicroelectronics X-CUBE-ALS 1.0.1
2023-11-12 01:01:16,140 [INFO] ThirdParty:1030 - CMSIS Pack Vendor :STMicroelectronics ThreadX 1.0.0
2023-11-12 01:01:16,140 [INFO] ThirdParty:1030 - CMSIS Pack Vendor :STMicroelectronics FP-SNS-SMARTAG2 1.2.0
2023-11-12 01:01:16,140 [INFO] ThirdParty:1030 - CMSIS Pack Vendor :STMicroelectronics X-CUBE-AZRTOS-WL 2.0.0
2023-11-12 01:01:16,140 [INFO] ThirdParty:1030 - CMSIS Pack Vendor :SEGGER I-CUBE-embOS 1.3.1
2023-11-12 01:01:16,140 [INFO] ThirdParty:1030 - CMSIS Pack Vendor :STMicroelectronics USB_DEVICE 1.0.0
2023-11-12 01:01:16,140 [INFO] ThirdParty:1030 - CMSIS Pack Vendor :STMicroelectronics X-CUBE-AI 8.1.0
2023-11-12 01:01:16,140 [INFO] ThirdParty:1030 - CMSIS Pack Vendor :STMicroelectronics X-CUBE-AZRTOS-L4 2.0.0
2023-11-12 01:01:16,140 [INFO] ThirdParty:1030 - CMSIS Pack Vendor :STMicroelectronics ThreadX 0.0.2
2023-11-12 01:01:16,140 [INFO] ThirdParty:1030 - CMSIS Pack Vendor :WES I-CUBE-Cesium 1.3.0
2023-11-12 01:01:16,140 [INFO] ThirdParty:1030 - CMSIS Pack Vendor :STMicroelectronics FP-ATR-ASTRA1 2.0.0
2023-11-12 01:01:16,140 [INFO] ThirdParty:1030 - CMSIS Pack Vendor :STMicroelectronics lwIP 2.1.2
2023-11-12 01:01:16,140 [INFO] ThirdParty:1030 - CMSIS Pack Vendor :STMicroelectronics X-CUBE-SFXS2LP1 4.0.0
2023-11-12 01:01:16,140 [INFO] ThirdParty:1030 - CMSIS Pack Vendor :STMicroelectronics X-CUBE-BLE2 3.3.0
2023-11-12 01:01:16,140 [INFO] ThirdParty:1030 - CMSIS Pack Vendor :STMicroelectronics PDM2PCM 3.2.0
2023-11-12 01:01:16,140 [INFO] ThirdParty:841 - exiting critical section [change project]
2023-11-12 01:01:16,325 [INFO] PinOutPanel:1499 - setPackage(No Configuration,No Configuration)
2023-11-12 01:01:16,326 [INFO] PinOutPanel:1499 - setPackage(STM32F446RETx,LQFP64)
2023-11-12 01:01:16,546 [INFO] UtilMem:75 - Before build in PCC Used Memory: 779236600 Bytes (1073741824)
2023-11-12 01:01:16,807 [INFO] UtilMem:75 - After build in PCC Used Memory: 827471096 Bytes (1073741824)
2023-11-12 01:01:16,831 [INFO] IPUIPlugin:80 - create IPUIPlugin
2023-11-12 01:01:16,831 [INFO] IPUIPlugin:80 - create IPUIPlugin
2023-11-12 01:01:16,831 [INFO] IPUIPlugin:80 - create IPUIPlugin
2023-11-12 01:01:16,831 [INFO] IPUIPlugin:80 - create IPUIPlugin
2023-11-12 01:01:16,831 [INFO] IPUIPlugin:80 - create IPUIPlugin
2023-11-12 01:01:16,831 [INFO] IPUIPlugin:80 - create IPUIPlugin
2023-11-12 01:01:16,831 [INFO] IPUIPlugin:80 - create IPUIPlugin
2023-11-12 01:01:16,831 [INFO] IPUIPlugin:80 - create IPUIPlugin
2023-11-12 01:01:16,831 [INFO] IPUIPlugin:80 - create IPUIPlugin
2023-11-12 01:01:16,832 [INFO] IPUIPlugin:80 - create IPUIPlugin
2023-11-12 01:01:16,832 [INFO] IPUIPlugin:80 - create IPUIPlugin
2023-11-12 01:01:16,832 [INFO] IPUIPlugin:80 - create IPUIPlugin
2023-11-12 01:01:16,832 [INFO] IPUIPlugin:80 - create IPUIPlugin
2023-11-12 01:01:16,832 [INFO] IPUIPlugin:80 - create IPUIPlugin
2023-11-12 01:01:16,832 [INFO] IPUIPlugin:80 - create IPUIPlugin
2023-11-12 01:01:16,832 [INFO] IPUIPlugin:80 - create IPUIPlugin
2023-11-12 01:01:16,832 [INFO] IPUIPlugin:80 - create IPUIPlugin
2023-11-12 01:01:16,832 [INFO] IPUIPlugin:80 - create IPUIPlugin
2023-11-12 01:01:16,832 [INFO] IPUIPlugin:80 - create IPUIPlugin
2023-11-12 01:01:16,832 [INFO] IPUIPlugin:80 - create IPUIPlugin
2023-11-12 01:01:16,832 [INFO] IPUIPlugin:80 - create IPUIPlugin
2023-11-12 01:01:16,832 [INFO] IPUIPlugin:80 - create IPUIPlugin
2023-11-12 01:01:16,833 [INFO] IPUIPlugin:80 - create IPUIPlugin
2023-11-12 01:01:16,833 [INFO] IPUIPlugin:80 - create IPUIPlugin
2023-11-12 01:01:16,833 [INFO] IPUIPlugin:80 - create IPUIPlugin
2023-11-12 01:01:16,833 [INFO] IPUIPlugin:80 - create IPUIPlugin
2023-11-12 01:01:16,833 [INFO] IPUIPlugin:80 - create IPUIPlugin
2023-11-12 01:01:16,833 [INFO] IPUIPlugin:80 - create IPUIPlugin
2023-11-12 01:01:16,833 [INFO] IPUIPlugin:80 - create IPUIPlugin
2023-11-12 01:01:16,834 [INFO] IPUIPlugin:80 - create IPUIPlugin
2023-11-12 01:01:16,834 [INFO] IPUIPlugin:80 - create IPUIPlugin
2023-11-12 01:01:16,834 [INFO] IPUIPlugin:80 - create IPUIPlugin
2023-11-12 01:01:16,834 [INFO] IPUIPlugin:80 - create IPUIPlugin
2023-11-12 01:01:16,834 [INFO] IPUIPlugin:80 - create IPUIPlugin
2023-11-12 01:01:16,834 [INFO] IPUIPlugin:80 - create IPUIPlugin
2023-11-12 01:01:16,836 [INFO] IPUIPlugin:80 - create IPUIPlugin
2023-11-12 01:01:16,836 [INFO] IPUIPlugin:80 - create IPUIPlugin
2023-11-12 01:01:16,836 [INFO] IPUIPlugin:80 - create IPUIPlugin
2023-11-12 01:01:16,837 [INFO] IPUIPlugin:80 - create IPUIPlugin
2023-11-12 01:01:16,837 [INFO] IPUIPlugin:80 - create IPUIPlugin
2023-11-12 01:01:16,837 [INFO] IPUIPlugin:80 - create IPUIPlugin
2023-11-12 01:01:16,837 [INFO] IPUIPlugin:80 - create IPUIPlugin
2023-11-12 01:01:16,837 [INFO] IPUIPlugin:80 - create IPUIPlugin
2023-11-12 01:01:16,837 [INFO] IPUIPlugin:80 - create IPUIPlugin
2023-11-12 01:01:16,837 [INFO] IPUIPlugin:80 - create IPUIPlugin
2023-11-12 01:01:16,838 [INFO] IPUIPlugin:80 - create IPUIPlugin
2023-11-12 01:01:16,838 [INFO] IPUIPlugin:80 - create IPUIPlugin
2023-11-12 01:01:16,838 [INFO] IPUIPlugin:80 - create IPUIPlugin
2023-11-12 01:01:16,838 [INFO] IPUIPlugin:80 - create IPUIPlugin
2023-11-12 01:01:16,838 [INFO] IPUIPlugin:80 - create IPUIPlugin
2023-11-12 01:01:16,839 [INFO] IPUIPlugin:80 - create IPUIPlugin
2023-11-12 01:01:16,839 [INFO] IPUIPlugin:80 - create IPUIPlugin
2023-11-12 01:01:16,839 [INFO] IPUIPlugin:80 - create IPUIPlugin
2023-11-12 01:01:16,840 [INFO] IPUIPlugin:80 - create IPUIPlugin
2023-11-12 01:01:16,840 [INFO] IPUIPlugin:80 - create IPUIPlugin
2023-11-12 01:01:16,840 [INFO] IPUIPlugin:80 - create IPUIPlugin
2023-11-12 01:01:16,840 [INFO] IPUIPlugin:80 - create IPUIPlugin
2023-11-12 01:01:16,840 [INFO] IPUIPlugin:80 - create IPUIPlugin
2023-11-12 01:01:16,841 [INFO] IPUIPlugin:80 - create IPUIPlugin
2023-11-12 01:01:16,841 [INFO] IPUIPlugin:80 - create IPUIPlugin
2023-11-12 01:01:16,849 [INFO] ApiDbMcu:507 - Load IP Config File for PDM2PCM
2023-11-12 01:01:16,850 [WARN] IP:2114 - I2C_Coeff_DF not found: check if there is a RefParameter without a condition.
2023-11-12 01:01:16,850 [WARN] IP:2114 - Analog_Filter not found: check if there is a RefParameter without a condition.
2023-11-12 01:01:16,910 [INFO] CADModel:165 - CPN selected for project levelSTM32F446RET6
2023-11-12 01:01:16,910 [INFO] CADModel:114 - Register for checkConnection events
2023-11-12 01:01:16,969 [INFO] OpenFileManager:328 - Restore cursor
2023-11-12 01:01:17,106 [WARN] IP:2114 - I2C_Coeff_DF not found: check if there is a RefParameter without a condition.
2023-11-12 01:01:17,106 [WARN] IP:2114 - Analog_Filter not found: check if there is a RefParameter without a condition.
2023-11-12 01:01:17,106 [WARN] IP:2114 - I2C_Coeff_DF not found: check if there is a RefParameter without a condition.
2023-11-12 01:01:17,106 [WARN] IP:2114 - Analog_Filter not found: check if there is a RefParameter without a condition.
