2023-09-19 13:51:36,795 [ERROR] LogOutputStream:75 - [STDERR_REDIRECT] Exception in thread "AWT-EventQueue-0" java.awt.IllegalComponentStateException: component must be showing on the screen to determine its location
2023-09-19 13:51:36,840 [ERROR] LogOutputStream:75 - [STDERR_REDIRECT] 	at java.desktop/java.awt.Component.getLocationOnScreen_NoTreeLock(Component.java:2113)
2023-09-19 13:51:36,841 [ERROR] LogOutputStream:75 - [STDERR_REDIRECT] 	at java.desktop/java.awt.Component.getLocationOnScreen(Component.java:2087)
2023-09-19 13:51:36,842 [ERROR] LogOutputStream:75 - [STDERR_REDIRECT] 	at java.desktop/javax.swing.JPopupMenu.show(JPopupMenu.java:963)
2023-09-19 13:51:36,845 [ERROR] LogOutputStream:75 - [STDERR_REDIRECT] 	at java.desktop/javax.swing.plaf.basic.BasicComboPopup.show(BasicComboPopup.java:235)
2023-09-19 13:51:36,847 [ERROR] LogOutputStream:75 - [STDERR_REDIRECT] 	at java.desktop/javax.swing.plaf.basic.BasicComboPopup.togglePopup(BasicComboPopup.java:1257)
2023-09-19 13:51:36,849 [ERROR] LogOutputStream:75 - [STDERR_REDIRECT] 	at java.desktop/javax.swing.plaf.basic.BasicComboPopup$Handler.mousePressed(BasicComboPopup.java:936)
2023-09-19 13:51:36,851 [ERROR] LogOutputStream:75 - [STDERR_REDIRECT] 	at java.desktop/java.awt.Component.processMouseEvent(Component.java:6623)
2023-09-19 13:51:36,853 [ERROR] LogOutputStream:75 - [STDERR_REDIRECT] 	at java.desktop/javax.swing.JComponent.processMouseEvent(JComponent.java:3389)
2023-09-19 13:51:36,853 [ERROR] LogOutputStream:75 - [STDERR_REDIRECT] 	at java.desktop/java.awt.Component.processEvent(Component.java:6391)
2023-09-19 13:51:36,855 [ERROR] LogOutputStream:75 - [STDERR_REDIRECT] 	at java.desktop/java.awt.Container.processEvent(Container.java:2266)
2023-09-19 13:51:36,857 [ERROR] LogOutputStream:75 - [STDERR_REDIRECT] 	at java.desktop/java.awt.Component.dispatchEventImpl(Component.java:5001)
2023-09-19 13:51:36,859 [ERROR] LogOutputStream:75 - [STDERR_REDIRECT] 	at java.desktop/java.awt.Container.dispatchEventImpl(Container.java:2324)
2023-09-19 13:51:36,860 [ERROR] LogOutputStream:75 - [STDERR_REDIRECT] 	at java.desktop/java.awt.Component.dispatchEvent(Component.java:4833)
2023-09-19 13:51:36,862 [ERROR] LogOutputStream:75 - [STDERR_REDIRECT] 	at java.desktop/javax.swing.plaf.basic.BasicTableUI$Handler.repostEvent(BasicTableUI.java:987)
2023-09-19 13:51:36,864 [ERROR] LogOutputStream:75 - [STDERR_REDIRECT] 	at java.desktop/javax.swing.plaf.basic.BasicTableUI$Handler.adjustSelection(BasicTableUI.java:1149)
2023-09-19 13:51:36,865 [ERROR] LogOutputStream:75 - [STDERR_REDIRECT] 	at java.desktop/javax.swing.plaf.basic.BasicTableUI$Handler.mousePressed(BasicTableUI.java:1077)
2023-09-19 13:51:36,867 [ERROR] LogOutputStream:75 - [STDERR_REDIRECT] 	at java.desktop/java.awt.AWTEventMulticaster.mousePressed(AWTEventMulticaster.java:288)
2023-09-19 13:51:36,868 [ERROR] LogOutputStream:75 - [STDERR_REDIRECT] 	at java.desktop/java.awt.AWTEventMulticaster.mousePressed(AWTEventMulticaster.java:287)
2023-09-19 13:51:36,870 [ERROR] LogOutputStream:75 - [STDERR_REDIRECT] 	at java.desktop/java.awt.AWTEventMulticaster.mousePressed(AWTEventMulticaster.java:287)
2023-09-19 13:51:36,871 [ERROR] LogOutputStream:75 - [STDERR_REDIRECT] 	at java.desktop/java.awt.AWTEventMulticaster.mousePressed(AWTEventMulticaster.java:287)
2023-09-19 13:51:36,873 [ERROR] LogOutputStream:75 - [STDERR_REDIRECT] 	at java.desktop/java.awt.Component.processMouseEvent(Component.java:6623)
2023-09-19 13:51:36,874 [ERROR] LogOutputStream:75 - [STDERR_REDIRECT] 	at java.desktop/javax.swing.JComponent.processMouseEvent(JComponent.java:3389)
2023-09-19 13:51:36,875 [ERROR] LogOutputStream:75 - [STDERR_REDIRECT] 	at java.desktop/java.awt.Component.processEvent(Component.java:6391)
2023-09-19 13:51:36,876 [ERROR] LogOutputStream:75 - [STDERR_REDIRECT] 	at java.desktop/java.awt.Container.processEvent(Container.java:2266)
2023-09-19 13:51:36,878 [ERROR] LogOutputStream:75 - [STDERR_REDIRECT] 	at java.desktop/java.awt.Component.dispatchEventImpl(Component.java:5001)
2023-09-19 13:51:36,879 [ERROR] LogOutputStream:75 - [STDERR_REDIRECT] 	at java.desktop/java.awt.Container.dispatchEventImpl(Container.java:2324)
2023-09-19 13:51:36,880 [ERROR] LogOutputStream:75 - [STDERR_REDIRECT] 	at java.desktop/java.awt.Component.dispatchEvent(Component.java:4833)
2023-09-19 13:51:36,882 [ERROR] LogOutputStream:75 - [STDERR_REDIRECT] 	at java.desktop/java.awt.LightweightDispatcher.retargetMouseEvent(Container.java:4948)
2023-09-19 13:51:36,884 [ERROR] LogOutputStream:75 - [STDERR_REDIRECT] 	at java.desktop/java.awt.LightweightDispatcher.processMouseEvent(Container.java:4572)
2023-09-19 13:51:36,886 [ERROR] LogOutputStream:75 - [STDERR_REDIRECT] 	at java.desktop/java.awt.LightweightDispatcher.dispatchEvent(Container.java:4516)
2023-09-19 13:51:36,887 [ERROR] LogOutputStream:75 - [STDERR_REDIRECT] 	at java.desktop/java.awt.Container.dispatchEventImpl(Container.java:2310)
2023-09-19 13:51:36,888 [ERROR] LogOutputStream:75 - [STDERR_REDIRECT] 	at java.desktop/java.awt.Component.dispatchEvent(Component.java:4833)
2023-09-19 13:51:36,890 [ERROR] LogOutputStream:75 - [STDERR_REDIRECT] 	at java.desktop/java.awt.EventQueue.dispatchEventImpl(EventQueue.java:773)
2023-09-19 13:51:36,891 [ERROR] LogOutputStream:75 - [STDERR_REDIRECT] 	at java.desktop/java.awt.EventQueue$4.run(EventQueue.java:722)
2023-09-19 13:51:36,893 [ERROR] LogOutputStream:75 - [STDERR_REDIRECT] 	at java.desktop/java.awt.EventQueue$4.run(EventQueue.java:716)
2023-09-19 13:51:36,894 [ERROR] LogOutputStream:75 - [STDERR_REDIRECT] 	at java.base/java.security.AccessController.doPrivileged(AccessController.java:399)
2023-09-19 13:51:36,896 [ERROR] LogOutputStream:75 - [STDERR_REDIRECT] 	at java.base/java.security.ProtectionDomain$JavaSecurityAccessImpl.doIntersectionPrivilege(ProtectionDomain.java:86)
2023-09-19 13:51:36,898 [ERROR] LogOutputStream:75 - [STDERR_REDIRECT] 	at java.base/java.security.ProtectionDomain$JavaSecurityAccessImpl.doIntersectionPrivilege(ProtectionDomain.java:97)
2023-09-19 13:51:36,899 [ERROR] LogOutputStream:75 - [STDERR_REDIRECT] 	at java.desktop/java.awt.EventQueue$5.run(EventQueue.java:746)
2023-09-19 13:51:36,900 [ERROR] LogOutputStream:75 - [STDERR_REDIRECT] 	at java.desktop/java.awt.EventQueue$5.run(EventQueue.java:744)
2023-09-19 13:51:36,902 [ERROR] LogOutputStream:75 - [STDERR_REDIRECT] 	at java.base/java.security.AccessController.doPrivileged(AccessController.java:399)
2023-09-19 13:51:36,904 [ERROR] LogOutputStream:75 - [STDERR_REDIRECT] 	at java.base/java.security.ProtectionDomain$JavaSecurityAccessImpl.doIntersectionPrivilege(ProtectionDomain.java:86)
2023-09-19 13:51:36,906 [ERROR] LogOutputStream:75 - [STDERR_REDIRECT] 	at java.desktop/java.awt.EventQueue.dispatchEvent(EventQueue.java:743)
2023-09-19 13:51:36,907 [ERROR] LogOutputStream:75 - [STDERR_REDIRECT] 	at java.desktop/java.awt.EventDispatchThread.pumpOneEventForFilters(EventDispatchThread.java:203)
2023-09-19 13:51:36,909 [ERROR] LogOutputStream:75 - [STDERR_REDIRECT] 	at java.desktop/java.awt.EventDispatchThread.pumpEventsForFilter(EventDispatchThread.java:124)
2023-09-19 13:51:36,911 [ERROR] LogOutputStream:75 - [STDERR_REDIRECT] 	at java.desktop/java.awt.EventDispatchThread.pumpEventsForHierarchy(EventDispatchThread.java:113)
2023-09-19 13:51:36,912 [ERROR] LogOutputStream:75 - [STDERR_REDIRECT] 	at java.desktop/java.awt.EventDispatchThread.pumpEvents(EventDispatchThread.java:109)
2023-09-19 13:51:36,913 [ERROR] LogOutputStream:75 - [STDERR_REDIRECT] 	at java.desktop/java.awt.EventDispatchThread.pumpEvents(EventDispatchThread.java:101)
2023-09-19 13:51:36,915 [ERROR] LogOutputStream:75 - [STDERR_REDIRECT] 	at java.desktop/java.awt.EventDispatchThread.run(EventDispatchThread.java:90)
2023-09-19 13:51:49,618 [INFO] UtilMem:75 - End SaveConfig() Used Memory: 582687792 Bytes (1073741824)
2023-09-19 13:51:50,738 [INFO] UtilMem:75 - End SaveConfig() Used Memory: 672343088 Bytes (1073741824)
2023-09-19 13:51:50,961 [INFO] BlockDiagram:2759 - set Specific Code input for plugin: SYS
2023-09-19 13:51:50,961 [INFO] BlockDiagram:2759 - set Specific Code input for plugin: RCC
2023-09-19 13:51:50,961 [INFO] BlockDiagram:2759 - set Specific Code input for plugin: NVIC
2023-09-19 13:51:50,961 [INFO] BlockDiagram:2759 - set Specific Code input for plugin: USART
2023-09-19 13:51:50,961 [INFO] BlockDiagram:2759 - set Specific Code input for plugin: UART
2023-09-19 13:51:50,961 [INFO] BlockDiagram:2759 - set Specific Code input for plugin: GPIO
2023-09-19 13:51:50,962 [INFO] CodeGenerator:799 - code generatio: config db path: C:\ST\STM32CubeIDE_1.13.1\STM32CubeIDE\plugins\com.st.stm32cube.common.mx_6.9.1.202307191849\\db\
2023-09-19 13:51:51,119 [INFO] CodeEngine:255 - oldGeneratedFile, C:\Users\singh\STM32CubeIDE\workspace_1.13.1\UART_2MC_01\MXTmpFiles\license.tmp_save
2023-09-19 13:51:51,228 [INFO] CodeEngine:279 - Generated code: C:\Users\singh\STM32CubeIDE\workspace_1.13.1\UART_2MC_01\MXTmpFiles\license.tmp
2023-09-19 13:51:51,251 [INFO] CodeEngine:255 - oldGeneratedFile, C:\Users\singh\STM32CubeIDE\workspace_1.13.1\UART_2MC_01\MXTmpFiles\gpio.tmp_save
2023-09-19 13:51:51,371 [INFO] CodeEngine:279 - Generated code: C:\Users\singh\STM32CubeIDE\workspace_1.13.1\UART_2MC_01\MXTmpFiles\gpio.tmp
2023-09-19 13:51:51,449 [INFO] CodeEngine:255 - oldGeneratedFile, C:\Users\singh\STM32CubeIDE\workspace_1.13.1\UART_2MC_01\Core\Src\stm32f4xx_it.c_save
2023-09-19 13:51:51,752 [INFO] CodeEngine:279 - Generated code: C:\Users\singh\STM32CubeIDE\workspace_1.13.1\UART_2MC_01\Core\Src\stm32f4xx_it.c
2023-09-19 13:51:51,762 [INFO] CodeEngine:255 - oldGeneratedFile, C:\Users\singh\STM32CubeIDE\workspace_1.13.1\UART_2MC_01\Core\Inc\stm32f4xx_it.h_save
2023-09-19 13:51:51,843 [INFO] CodeEngine:279 - Generated code: C:\Users\singh\STM32CubeIDE\workspace_1.13.1\UART_2MC_01\Core\Inc\stm32f4xx_it.h
2023-09-19 13:51:51,877 [INFO] CodeEngine:255 - oldGeneratedFile, C:\Users\singh\STM32CubeIDE\workspace_1.13.1\UART_2MC_01\Core\Src\stm32f4xx_hal_msp.c_save
2023-09-19 13:51:52,039 [INFO] CodeEngine:279 - Generated code: C:\Users\singh\STM32CubeIDE\workspace_1.13.1\UART_2MC_01\Core\Src\stm32f4xx_hal_msp.c
2023-09-19 13:51:52,048 [INFO] CodeEngine:255 - oldGeneratedFile, C:\Users\singh\STM32CubeIDE\workspace_1.13.1\UART_2MC_01\MXTmpFiles\system.tmp_save
2023-09-19 13:51:52,123 [INFO] CodeEngine:279 - Generated code: C:\Users\singh\STM32CubeIDE\workspace_1.13.1\UART_2MC_01\MXTmpFiles\system.tmp
2023-09-19 13:51:52,149 [INFO] CodeEngine:311 - oldGeneratedFile, C:\Users\singh\STM32CubeIDE\workspace_1.13.1\UART_2MC_01\Core\Inc\stm32f4xx_hal_conf.h_save
2023-09-19 13:51:52,267 [INFO] CodeEngine:335 - Generated code: C:\Users\singh\STM32CubeIDE\workspace_1.13.1\UART_2MC_01\Core\Inc\stm32f4xx_hal_conf.h
2023-09-19 13:51:52,294 [WARN] IPConfigManager:2937 - Warning: the RefConfig PLL2P_FOR_MCO is not available in your config.xml file
2023-09-19 13:51:52,320 [INFO] CodeEngine:255 - oldGeneratedFile, C:\Users\singh\STM32CubeIDE\workspace_1.13.1\UART_2MC_01\Core\Inc\main.h_save
2023-09-19 13:51:52,427 [INFO] CodeEngine:279 - Generated code: C:\Users\singh\STM32CubeIDE\workspace_1.13.1\UART_2MC_01\Core\Inc\main.h
2023-09-19 13:51:52,447 [INFO] CodeEngine:255 - oldGeneratedFile, C:\Users\singh\STM32CubeIDE\workspace_1.13.1\UART_2MC_01\Core\Src\main.c_save
2023-09-19 13:51:52,616 [INFO] CodeEngine:279 - Generated code: C:\Users\singh\STM32CubeIDE\workspace_1.13.1\UART_2MC_01\Core\Src\main.c
2023-09-19 13:51:53,371 [INFO] ProjectBuilder:3064 - Time for Copy HAL[1] : 348mS.
2023-09-19 13:51:53,378 [INFO] ProjectBuilder:4404 - Project Generator version: 4.1.0
2023-09-19 13:51:53,557 [INFO] ConfigFileManager:1457 - The Die is : DIE421
2023-09-19 13:51:55,045 [INFO] ProjectBuilder:4626 - Time for Generating toolchain IDE Files: 1667mS.
2023-09-19 13:51:55,046 [INFO] ProjectBuilder:2935 - Time for Copy CMSIS : 1mS.
2023-09-19 13:51:55,052 [INFO] ProjectBuilder:2935 - Time for Copy CMSIS : 0mS.
2023-09-19 14:08:40,437 [INFO] Activator:176 - 


2023-09-19 14:08:40,439 [INFO] Activator:177 - !SESSION log4j initialized
2023-09-19 14:08:47,773 [INFO] LogOutputStream:77 - [STDOUT_REDIRECT] 
2023-09-19 14:09:01,008 [INFO] ApplicationProperties:184 - Using Application install path: C:\ST\STM32CubeIDE_1.13.1\STM32CubeIDE\plugins\com.st.stm32cube.common.mx_6.9.1.202307191849
2023-09-19 14:09:01,029 [INFO] DbMcusXml:78 - Set database path to: C:\ST\STM32CubeIDE_1.13.1\STM32CubeIDE\plugins\com.st.stm32cube.common.mx_6.9.1.202307191849\\db\/mcu/
2023-09-19 14:09:01,029 [INFO] ApiDb:274 - Set plugin database path to: C:\ST\STM32CubeIDE_1.13.1\STM32CubeIDE\plugins\com.st.stm32cube.common.mx_6.9.1.202307191849\\db\/plugins/boardmanager/
2023-09-19 14:09:01,029 [WARN] ApiDb:259 - Overriding images path with different value:  => C:\ST\STM32CubeIDE_1.13.1\STM32CubeIDE\plugins\com.st.stm32cube.common.mx_6.9.1.202307191849\\db\/plugins/mcufinder/images/
2023-09-19 14:09:01,044 [INFO] ApiDb:250 - Set database path to: C:\Users\singh\.stmcufinder\plugins\mcufinder//mcu/
2023-09-19 14:09:01,046 [INFO] DbMcusAds:125 - Set database path to: C:\Users\singh\.stmcufinder\plugins\mcufinder//mcu/
2023-09-19 14:09:01,072 [INFO] CrossReferenceDbSqlite:203 - Set database path to: C:\Users\singh\.stmcufinder\plugins\mcufinder//mcu/cs/
2023-09-19 14:09:01,202 [INFO] RulesReader:64 - Compatibility file has been processed (293 Rules)
2023-09-19 14:09:01,325 [INFO] DbMcusXml:78 - Set database path to: C:\ST\STM32CubeIDE_1.13.1\STM32CubeIDE\plugins\com.st.stm32cube.common.mx_6.9.1.202307191849\\db\/mcu/
2023-09-19 14:09:01,325 [INFO] ApiDb:274 - Set plugin database path to: C:\ST\STM32CubeIDE_1.13.1\STM32CubeIDE\plugins\com.st.stm32cube.common.mx_6.9.1.202307191849\\db\/plugins/boardmanager/
2023-09-19 14:09:01,326 [INFO] ApiDb:261 - Set plugin images path to: C:\ST\STM32CubeIDE_1.13.1\STM32CubeIDE\plugins\com.st.stm32cube.common.mx_6.9.1.202307191849\\db\/plugins/mcufinder/images/
2023-09-19 14:09:01,326 [WARN] DbFile:41 - Overriding database path with different value: C:\Users\singh\.stmcufinder\plugins\mcufinder/ => C:\Users\singh\.stmcufinder\plugins\mcufinder
2023-09-19 14:09:01,326 [INFO] ApiDb:250 - Set database path to: C:\Users\singh\.stmcufinder\plugins\mcufinder//mcu/
2023-09-19 14:09:01,326 [WARN] DbFile:41 - Overriding database path with different value: C:\Users\singh\.stmcufinder\plugins\mcufinder/ => C:\Users\singh\.stmcufinder\plugins\mcufinder
2023-09-19 14:09:01,326 [INFO] DbMcusAds:125 - Set database path to: C:\Users\singh\.stmcufinder\plugins\mcufinder//mcu/
2023-09-19 14:09:01,326 [WARN] DbFile:41 - Overriding database path with different value: C:\Users\singh\.stmcufinder\plugins\mcufinder/ => C:\Users\singh\.stmcufinder\plugins\mcufinder
2023-09-19 14:09:01,327 [WARN] DbFile:41 - Overriding database path with different value: C:\Users\singh\.stmcufinder\plugins\mcufinder/ => C:\Users\singh\.stmcufinder\plugins\mcufinder
2023-09-19 14:09:01,327 [INFO] CrossReferenceDbSqlite:203 - Set database path to: C:\Users\singh\.stmcufinder\plugins\mcufinder//mcu/cs/
2023-09-19 14:09:01,433 [INFO] MainPanel:262 - HeapMemory: 268435456
2023-09-19 14:09:01,515 [INFO] DbMcusXml:78 - Set database path to: C:\ST\STM32CubeIDE_1.13.1\STM32CubeIDE\plugins\com.st.stm32cube.common.mx_6.9.1.202307191849\\db\/mcu/
2023-09-19 14:09:01,515 [INFO] ApiDb:274 - Set plugin database path to: C:\ST\STM32CubeIDE_1.13.1\STM32CubeIDE\plugins\com.st.stm32cube.common.mx_6.9.1.202307191849\\db\/plugins/boardmanager/
2023-09-19 14:09:01,516 [INFO] ApiDb:261 - Set plugin images path to: C:\ST\STM32CubeIDE_1.13.1\STM32CubeIDE\plugins\com.st.stm32cube.common.mx_6.9.1.202307191849\\db\/plugins/mcufinder/images/
2023-09-19 14:09:01,516 [WARN] DbFile:41 - Overriding database path with different value: C:\Users\singh\.stmcufinder\plugins\mcufinder/ => C:\Users\singh\.stmcufinder\plugins\mcufinder
2023-09-19 14:09:01,516 [INFO] ApiDb:250 - Set database path to: C:\Users\singh\.stmcufinder\plugins\mcufinder//mcu/
2023-09-19 14:09:01,516 [WARN] DbFile:41 - Overriding database path with different value: C:\Users\singh\.stmcufinder\plugins\mcufinder/ => C:\Users\singh\.stmcufinder\plugins\mcufinder
2023-09-19 14:09:01,516 [INFO] DbMcusAds:125 - Set database path to: C:\Users\singh\.stmcufinder\plugins\mcufinder//mcu/
2023-09-19 14:09:01,517 [WARN] DbFile:41 - Overriding database path with different value: C:\Users\singh\.stmcufinder\plugins\mcufinder/ => C:\Users\singh\.stmcufinder\plugins\mcufinder
2023-09-19 14:09:01,517 [WARN] DbFile:41 - Overriding database path with different value: C:\Users\singh\.stmcufinder\plugins\mcufinder/ => C:\Users\singh\.stmcufinder\plugins\mcufinder
2023-09-19 14:09:01,517 [INFO] CrossReferenceDbSqlite:203 - Set database path to: C:\Users\singh\.stmcufinder\plugins\mcufinder//mcu/cs/
2023-09-19 14:09:01,547 [INFO] ApplicationProperties:184 - Using Application install path: C:\ST\STM32CubeIDE_1.13.1\STM32CubeIDE\plugins\com.st.stm32cube.common.mx_6.9.1.202307191849
2023-09-19 14:09:01,549 [INFO] PluginManage:196 - Search for loadable plugins [exclusion list=, ]
2023-09-19 14:09:01,550 [INFO] PluginManage:310 - Check plugin analytics
2023-09-19 14:09:01,779 [INFO] AnalyticsPlugin:253 - Accepted Software Licenses: STM32CubeMX.6.9.1
2023-09-19 14:09:01,779 [INFO] AnalyticsPlugin:255 - Accepted CMSIS Pack Licenses: 
2023-09-19 14:09:01,780 [INFO] AnalyticsPlugin:257 - Accepted Firmware Licenses: FW.F4.1.27.0,FW.G4.1.5.0
2023-09-19 14:09:01,786 [INFO] PluginManage:359 - Loaded plugin analytics (category:tool,tabindex:-1)
2023-09-19 14:09:01,787 [INFO] PluginManage:310 - Check plugin cadmodel
2023-09-19 14:09:01,796 [INFO] CADModel:105 - Init CAD model plugin
2023-09-19 14:09:01,796 [INFO] PluginManage:359 - Loaded plugin cadmodel (category:power,tabindex:5)
2023-09-19 14:09:01,798 [INFO] PluginManage:310 - Check plugin clock
2023-09-19 14:09:01,813 [INFO] PluginManage:359 - Loaded plugin clock (category:base,tabindex:2)
2023-09-19 14:09:01,813 [INFO] PluginManage:310 - Check plugin ddr
2023-09-19 14:09:01,816 [INFO] PluginManage:359 - Loaded plugin ddr (category:tool,tabindex:6)
2023-09-19 14:09:01,816 [INFO] PluginManage:310 - Check plugin filemanager
2023-09-19 14:09:01,969 [INFO] PluginManage:359 - Loaded plugin filemanager (category:base,tabindex:10)
2023-09-19 14:09:01,969 [INFO] PluginManage:310 - Check plugin ipmanager
2023-09-19 14:09:01,981 [INFO] PluginManage:359 - Loaded plugin ipmanager (category:base,tabindex:5)
2023-09-19 14:09:01,984 [INFO] PluginManage:310 - Check plugin lpbam
2023-09-19 14:09:01,997 [INFO] PluginManage:359 - Loaded plugin lpbam (category:base,tabindex:0)
2023-09-19 14:09:01,997 [INFO] PluginManage:310 - Check plugin memorymap
2023-09-19 14:09:02,011 [INFO] PluginManage:359 - Loaded plugin memorymap (category:base,tabindex:4)
2023-09-19 14:09:02,011 [INFO] PluginManage:310 - Check plugin pinoutandconfiguration
2023-09-19 14:09:02,023 [INFO] PluginManage:359 - Loaded plugin pinoutandconfiguration (category:base,tabindex:1)
2023-09-19 14:09:02,024 [INFO] PluginManage:310 - Check plugin pinoutconfig
2023-09-19 14:09:02,138 [WARN] SupportedApi:132 - Cannot load RTOS API schema: s4s-elt-must-match.1: The content of 'definitions' must match (annotation?, (simpleType | complexType)?, (unique | key | keyref)*)). A problem was found starting at: attribute.
2023-09-19 14:09:02,298 [INFO] PluginManage:359 - Loaded plugin pinoutconfig (category:base,tabindex:0)
2023-09-19 14:09:02,298 [INFO] PluginManage:310 - Check plugin power
2023-09-19 14:09:02,308 [INFO] PluginManage:359 - Loaded plugin power (category:power,tabindex:4)
2023-09-19 14:09:02,309 [INFO] PluginManage:310 - Check plugin projectmanager
2023-09-19 14:09:02,326 [INFO] PluginManage:359 - Loaded plugin projectmanager (category:projectmanager,tabindex:3)
2023-09-19 14:09:02,326 [INFO] PluginManage:310 - Check plugin thirdparty
2023-09-19 14:09:02,444 [INFO] McuFinderGlobals:63 - Set McuFinder mode to 2 (CubeIDE integrated)
2023-09-19 14:09:02,496 [WARN] IntegrityCheckThread:84 - waiting for thirdparty lock release [integrity check]
2023-09-19 14:09:02,496 [INFO] IntegrityCheckThread:86 - entering critical section [integrity check]
2023-09-19 14:09:02,497 [INFO] PluginManage:359 - Loaded plugin thirdparty (category:base,tabindex:-1)
2023-09-19 14:09:02,498 [INFO] PluginManage:310 - Check plugin tools
2023-09-19 14:09:02,498 [INFO] ThirdPartyUpdaterWithRetryManager:70 - Updater plugin not ready yet. [1/15]
2023-09-19 14:09:02,501 [INFO] PluginManage:359 - Loaded plugin tools (category:base,tabindex:7)
2023-09-19 14:09:02,501 [INFO] PluginManage:310 - Check plugin tutovideos
2023-09-19 14:09:02,695 [INFO] PluginManage:359 - Loaded plugin tutovideos (category:base,tabindex:-1)
2023-09-19 14:09:02,695 [INFO] PluginManage:310 - Check plugin updater
2023-09-19 14:09:02,707 [INFO] PluginManage:359 - Loaded plugin updater (category:base,tabindex:12)
2023-09-19 14:09:02,707 [INFO] PluginManage:310 - Check plugin userauth
2023-09-19 14:09:02,712 [INFO] UserAuth:113 - Init User Auth plugin
2023-09-19 14:09:02,712 [INFO] PluginManage:359 - Loaded plugin userauth (category:base,tabindex:14)
2023-09-19 14:09:02,713 [INFO] PluginManage:283 - PluginManage : Loaded plugins [17]
2023-09-19 14:09:03,012 [INFO] PinOutPanel:1499 - setPackage(No Configuration,No Configuration)
2023-09-19 14:09:03,156 [INFO] CADModel:165 - CPN selected for project level
2023-09-19 14:09:03,156 [INFO] CADModel:114 - Register for checkConnection events
2023-09-19 14:09:03,175 [INFO] IPUIPlugin:80 - create IPUIPlugin
2023-09-19 14:09:03,175 [INFO] PluginManager:220 - loadIPPluginJar : add adc
2023-09-19 14:09:03,178 [INFO] IPUIPlugin:80 - create IPUIPlugin
2023-09-19 14:09:03,178 [INFO] PluginManager:220 - loadIPPluginJar : add aes
2023-09-19 14:09:03,183 [INFO] IPUIPlugin:80 - create IPUIPlugin
2023-09-19 14:09:03,183 [INFO] PluginManager:220 - loadIPPluginJar : add can
2023-09-19 14:09:03,185 [INFO] IPUIPlugin:80 - create IPUIPlugin
2023-09-19 14:09:03,185 [INFO] PluginManager:220 - loadIPPluginJar : add comp
2023-09-19 14:09:03,188 [INFO] IPUIPlugin:80 - create IPUIPlugin
2023-09-19 14:09:03,188 [INFO] PluginManager:220 - loadIPPluginJar : add cryp
2023-09-19 14:09:03,190 [INFO] IPUIPlugin:80 - create IPUIPlugin
2023-09-19 14:09:03,190 [INFO] PluginManager:220 - loadIPPluginJar : add dfsdm
2023-09-19 14:09:03,196 [INFO] IPUIPlugin:80 - create IPUIPlugin
2023-09-19 14:09:03,197 [INFO] PluginManager:220 - loadIPPluginJar : add dma
2023-09-19 14:09:03,200 [INFO] IPUIPlugin:80 - create IPUIPlugin
2023-09-19 14:09:03,200 [INFO] PluginManager:220 - loadIPPluginJar : add dma3
2023-09-19 14:09:03,202 [INFO] IPUIPlugin:80 - create IPUIPlugin
2023-09-19 14:09:03,202 [INFO] PluginManager:220 - loadIPPluginJar : add fatfs
2023-09-19 14:09:03,206 [INFO] IPUIPlugin:80 - create IPUIPlugin
2023-09-19 14:09:03,206 [INFO] PluginManager:220 - loadIPPluginJar : add fmc
2023-09-19 14:09:03,211 [INFO] IPUIPlugin:80 - create IPUIPlugin
2023-09-19 14:09:03,211 [INFO] PluginManager:220 - loadIPPluginJar : add freertos
2023-09-19 14:09:03,213 [INFO] IPUIPlugin:80 - create IPUIPlugin
2023-09-19 14:09:03,213 [INFO] PluginManager:220 - loadIPPluginJar : add genericplugin
2023-09-19 14:09:03,215 [INFO] IPUIPlugin:80 - create IPUIPlugin
2023-09-19 14:09:03,216 [INFO] PluginManager:220 - loadIPPluginJar : add gfxmmu
2023-09-19 14:09:03,220 [INFO] IPUIPlugin:80 - create IPUIPlugin
2023-09-19 14:09:03,220 [INFO] PluginManager:220 - loadIPPluginJar : add gic
2023-09-19 14:09:03,225 [INFO] IPUIPlugin:80 - create IPUIPlugin
2023-09-19 14:09:03,225 [INFO] PluginManager:220 - loadIPPluginJar : add gpio
2023-09-19 14:09:03,228 [INFO] IPUIPlugin:80 - create IPUIPlugin
2023-09-19 14:09:03,228 [INFO] PluginManager:220 - loadIPPluginJar : add gtzc
2023-09-19 14:09:03,231 [INFO] IPUIPlugin:80 - create IPUIPlugin
2023-09-19 14:09:03,231 [INFO] PluginManager:220 - loadIPPluginJar : add hash
2023-09-19 14:09:03,235 [INFO] IPUIPlugin:80 - create IPUIPlugin
2023-09-19 14:09:03,235 [INFO] PluginManager:220 - loadIPPluginJar : add i2c
2023-09-19 14:09:03,236 [INFO] IPUIPlugin:80 - create IPUIPlugin
2023-09-19 14:09:03,238 [INFO] PluginManager:220 - loadIPPluginJar : add i2s
2023-09-19 14:09:03,241 [INFO] IPUIPlugin:80 - create IPUIPlugin
2023-09-19 14:09:03,241 [INFO] PluginManager:220 - loadIPPluginJar : add i3c
2023-09-19 14:09:03,244 [INFO] IPUIPlugin:80 - create IPUIPlugin
2023-09-19 14:09:03,244 [INFO] PluginManager:220 - loadIPPluginJar : add ipddr
2023-09-19 14:09:03,251 [INFO] IPUIPlugin:80 - create IPUIPlugin
2023-09-19 14:09:03,251 [INFO] PluginManager:220 - loadIPPluginJar : add linkedlist
2023-09-19 14:09:03,255 [INFO] IPUIPlugin:80 - create IPUIPlugin
2023-09-19 14:09:03,256 [INFO] PluginManager:220 - loadIPPluginJar : add lorawan
2023-09-19 14:09:03,258 [INFO] IPUIPlugin:80 - create IPUIPlugin
2023-09-19 14:09:03,258 [INFO] PluginManager:220 - loadIPPluginJar : add ltdc
2023-09-19 14:09:03,264 [INFO] IPUIPlugin:80 - create IPUIPlugin
2023-09-19 14:09:03,265 [INFO] PluginManager:220 - loadIPPluginJar : add mdma
2023-09-19 14:09:03,268 [INFO] IPUIPlugin:80 - create IPUIPlugin
2023-09-19 14:09:03,268 [INFO] PluginManager:220 - loadIPPluginJar : add nvic
2023-09-19 14:09:03,271 [INFO] IPUIPlugin:80 - create IPUIPlugin
2023-09-19 14:09:03,271 [INFO] PluginManager:220 - loadIPPluginJar : add opamp
2023-09-19 14:09:03,274 [INFO] IPUIPlugin:80 - create IPUIPlugin
2023-09-19 14:09:03,276 [INFO] PluginManager:220 - loadIPPluginJar : add openamp
2023-09-19 14:09:03,279 [INFO] IPUIPlugin:80 - create IPUIPlugin
2023-09-19 14:09:03,279 [INFO] PluginManager:220 - loadIPPluginJar : add pdm2pcm
2023-09-19 14:09:03,287 [INFO] IPUIPlugin:80 - create IPUIPlugin
2023-09-19 14:09:03,290 [INFO] PluginManager:220 - loadIPPluginJar : add plateformsettings
2023-09-19 14:09:03,293 [INFO] IPUIPlugin:80 - create IPUIPlugin
2023-09-19 14:09:03,293 [INFO] PluginManager:220 - loadIPPluginJar : add quadspi
2023-09-19 14:09:03,296 [INFO] IPUIPlugin:80 - create IPUIPlugin
2023-09-19 14:09:03,296 [INFO] PluginManager:220 - loadIPPluginJar : add resmgrutility
2023-09-19 14:09:03,299 [INFO] IPUIPlugin:80 - create IPUIPlugin
2023-09-19 14:09:03,299 [INFO] PluginManager:220 - loadIPPluginJar : add sai
2023-09-19 14:09:03,301 [INFO] IPUIPlugin:80 - create IPUIPlugin
2023-09-19 14:09:03,301 [INFO] PluginManager:220 - loadIPPluginJar : add spi
2023-09-19 14:09:03,307 [INFO] IPUIPlugin:80 - create IPUIPlugin
2023-09-19 14:09:03,307 [INFO] PluginManager:220 - loadIPPluginJar : add stm32_wpan
2023-09-19 14:09:03,310 [INFO] IPUIPlugin:80 - create IPUIPlugin
2023-09-19 14:09:03,310 [INFO] PluginManager:220 - loadIPPluginJar : add tim
2023-09-19 14:09:03,313 [INFO] IPUIPlugin:80 - create IPUIPlugin
2023-09-19 14:09:03,313 [INFO] PluginManager:220 - loadIPPluginJar : add touchsensing
2023-09-19 14:09:03,315 [INFO] IPUIPlugin:80 - create IPUIPlugin
2023-09-19 14:09:03,315 [INFO] PluginManager:220 - loadIPPluginJar : add tracer_emb
2023-09-19 14:09:03,317 [INFO] IPUIPlugin:80 - create IPUIPlugin
2023-09-19 14:09:03,318 [INFO] PluginManager:220 - loadIPPluginJar : add ts
2023-09-19 14:09:03,320 [INFO] IPUIPlugin:80 - create IPUIPlugin
2023-09-19 14:09:03,320 [INFO] PluginManager:220 - loadIPPluginJar : add tsc
2023-09-19 14:09:03,322 [INFO] IPUIPlugin:80 - create IPUIPlugin
2023-09-19 14:09:03,322 [INFO] PluginManager:220 - loadIPPluginJar : add ucpd
2023-09-19 14:09:03,325 [INFO] IPUIPlugin:80 - create IPUIPlugin
2023-09-19 14:09:03,325 [INFO] PluginManager:220 - loadIPPluginJar : add usart
2023-09-19 14:09:03,328 [INFO] IPUIPlugin:80 - create IPUIPlugin
2023-09-19 14:09:03,328 [INFO] PluginManager:220 - loadIPPluginJar : add usbx
2023-09-19 14:09:03,483 [INFO] CADModel:165 - CPN selected for project level
2023-09-19 14:09:03,483 [INFO] CADModel:114 - Register for checkConnection events
2023-09-19 14:09:03,484 [FATAL] Updater:308 - Updater called before beeing initialized
2023-09-19 14:09:03,484 [ERROR] CADModel:125 - Updater not yet initialized, retry later 
2023-09-19 14:09:03,701 [INFO] CADModel:165 - CPN selected for project level
2023-09-19 14:09:03,702 [INFO] CADModel:114 - Register for checkConnection events
2023-09-19 14:09:03,702 [FATAL] Updater:308 - Updater called before beeing initialized
2023-09-19 14:09:03,702 [ERROR] CADModel:125 - Updater not yet initialized, retry later 
2023-09-19 14:09:03,706 [FATAL] Updater:308 - Updater called before beeing initialized
2023-09-19 14:09:03,846 [FATAL] Updater:308 - Updater called before beeing initialized
2023-09-19 14:09:03,852 [INFO] DbMcusAds:53 - JSON generation date=Tue Mar 07 03:50:55 EST 2023 (1678179055114)
2023-09-19 14:09:03,852 [FATAL] Updater:308 - Updater called before beeing initialized
2023-09-19 14:09:03,897 [WARN] DetailPanel:346 - Failed to get advertising image, set to default
2023-09-19 14:09:04,053 [FATAL] Updater:308 - Updater called before beeing initialized
2023-09-19 14:09:04,056 [FATAL] Updater:308 - Updater called before beeing initialized
2023-09-19 14:09:04,056 [FATAL] Updater:308 - Updater called before beeing initialized
2023-09-19 14:09:04,056 [WARN] DetailPanel:346 - Failed to get advertising image, set to default
2023-09-19 14:09:04,057 [FATAL] Updater:308 - Updater called before beeing initialized
2023-09-19 14:09:04,130 [ERROR] Updater:1120 - MainUpdater not yet initialized. External WinMGr cannot be set.
2023-09-19 14:09:04,133 [INFO] Updater:1056 - Updater Version found : 6.9.1
2023-09-19 14:09:04,147 [INFO] ApplicationProperties:184 - Using Application install path: C:\ST\STM32CubeIDE_1.13.1\STM32CubeIDE\plugins\com.st.stm32cube.common.mx_6.9.1.202307191849
2023-09-19 14:09:04,314 [INFO] MainUpdater:2868 - connection check result : 10
2023-09-19 14:09:04,315 [INFO] MainUpdater:285 - Updater Check For Update Now.
2023-09-19 14:09:04,316 [INFO] MicroXplorer:498 - Change Database Version : DB.6.0.91
2023-09-19 14:09:04,333 [INFO] McuFinderGlobals:63 - Set McuFinder mode to 2 (CubeIDE integrated)
2023-09-19 14:09:04,547 [INFO] CheckServerUpdateThread:120 - End of CheckServer Thread
2023-09-19 14:09:04,739 [INFO] MainUpdater:2868 - connection check result : 10
2023-09-19 14:09:04,740 [INFO] MainUpdater:2868 - connection check result : 10
2023-09-19 14:09:04,784 [INFO] MicroXplorer:468 - Change Database Path : 
2023-09-19 14:09:04,784 [INFO] MicroXplorer:498 - Change Database Version : DB.6.0.91
2023-09-19 14:09:04,790 [WARN] ThirdParty:871 - waiting for thirdparty lock release [close project]
2023-09-19 14:09:05,755 [WARN] PackLoader:240 - Cannot read IP mode file for STMicroelectronics.X-CUBE-SMBUS.2.1.0
2023-09-19 14:09:05,791 [WARN] PackLoader:240 - Cannot read IP mode file for STMicroelectronics.X-CUBE-AZRTOS-F7.1.1.0
2023-09-19 14:09:05,809 [WARN] PackLoader:240 - Cannot read IP mode file for STMicroelectronics.FP-SNS-MOTENV1.4.3.2
2023-09-19 14:09:05,819 [WARN] PackLoader:240 - Cannot read IP mode file for STMicroelectronics.FP-SNS-FLIGHT1.5.0.2
2023-09-19 14:09:05,830 [WARN] PackLoader:240 - Cannot read IP mode file for STMicroelectronics.X-CUBE-DISPLAY.3.0.0
2023-09-19 14:09:05,853 [WARN] PackLoader:240 - Cannot read IP mode file for STMicroelectronics.X-CUBE-BLE1.7.0.0
2023-09-19 14:09:05,863 [WARN] PackLoader:240 - Cannot read IP mode file for emotas.I-CUBE-CANOPEN.1.3.0
2023-09-19 14:09:05,871 [WARN] PackLoader:240 - Cannot read IP mode file for STMicroelectronics.X-CUBE-TOUCHGFX.4.22.0
2023-09-19 14:09:05,878 [WARN] PackLoader:240 - Cannot read IP mode file for STMicroelectronics.FP-SNS-SMARTAG2.1.2.0
2023-09-19 14:09:05,895 [INFO] LogOutputStream:77 - [STDOUT_REDIRECT] 1 : Invalid condition id : UX_CORESTACK_Condition cause : null
2023-09-19 14:09:05,896 [INFO] LogOutputStream:77 - [STDOUT_REDIRECT] 1 : Invalid condition id : UX_CORESTACK_Condition cause : null
2023-09-19 14:09:05,898 [INFO] LogOutputStream:77 - [STDOUT_REDIRECT] 1 : Invalid condition id : UX_CORESTACK_Condition cause : null
2023-09-19 14:09:05,899 [INFO] LogOutputStream:77 - [STDOUT_REDIRECT] 1 : Invalid condition id : UX_CORESTACK_Condition cause : null
2023-09-19 14:09:05,900 [INFO] LogOutputStream:77 - [STDOUT_REDIRECT] 1 : Invalid condition id : UX_CORESTACK_Condition cause : null
2023-09-19 14:09:05,903 [WARN] PackLoader:240 - Cannot read IP mode file for STMicroelectronics.X-CUBE-AZRTOS-WL.2.0.0
2023-09-19 14:09:05,917 [WARN] PackLoader:240 - Cannot read IP mode file for WES.I-CUBE-Cesium.1.3.0
2023-09-19 14:09:05,924 [WARN] PackLoader:240 - Cannot read IP mode file for STMicroelectronics.X-CUBE-BLE2.3.3.0
2023-09-19 14:09:05,933 [WARN] PackLoader:240 - Cannot read IP mode file for STMicroelectronics.X-CUBE-ALGOBUILD.1.3.0
2023-09-19 14:09:05,967 [WARN] PackLoader:240 - Cannot read IP mode file for STMicroelectronics.X-CUBE-AZRTOS-G0.1.1.0
2023-09-19 14:09:05,976 [WARN] PackLoader:240 - Cannot read IP mode file for STMicroelectronics.X-CUBE-NFC4.3.0.0
2023-09-19 14:09:05,984 [WARN] PackLoader:240 - Cannot read IP mode file for STMicroelectronics.FP-ATR-SIGFOX1.3.2.0
2023-09-19 14:09:06,021 [WARN] PackLoader:240 - Cannot read IP mode file for SEGGER.I-CUBE-embOS.1.3.1
2023-09-19 14:09:06,061 [WARN] PackLoader:240 - Cannot read IP mode file for STMicroelectronics.X-CUBE-GNSS1.6.0.0
2023-09-19 14:09:06,077 [WARN] PackLoader:240 - Cannot read IP mode file for STMicroelectronics.X-CUBE-AZRTOS-F4.1.1.0
2023-09-19 14:09:06,088 [WARN] PackLoader:240 - Cannot read IP mode file for wolfSSL.I-CUBE-wolfSSL.5.6.3
2023-09-19 14:09:06,104 [WARN] PackLoader:240 - Cannot read IP mode file for STMicroelectronics.X-CUBE-AZRTOS-L5.2.0.0
2023-09-19 14:09:06,147 [WARN] PackLoader:240 - Cannot read IP mode file for STMicroelectronics.X-CUBE-MEMS1.9.6.0
2023-09-19 14:09:06,360 [WARN] PackLoader:240 - Cannot read IP mode file for STMicroelectronics.X-CUBE-BLEMGR.2.0.0
2023-09-19 14:09:06,376 [WARN] ConditionMgr:438 - getConditionDescription Invalid condition id : UX DEVICE CLASS RTOS Condition cause : null
2023-09-19 14:09:06,376 [WARN] ConditionMgr:438 - getConditionDescription Invalid condition id : UX DEVICE CLASS RTOS Condition cause : null
2023-09-19 14:09:06,379 [WARN] PackLoader:240 - Cannot read IP mode file for STMicroelectronics.X-CUBE-AZRTOS-H7.3.1.0
2023-09-19 14:09:06,380 [WARN] ConditionMgr:1039 - genDependencies : Invalid condition id : UX DEVICE CLASS RTOS Condition cause : null
2023-09-19 14:09:06,380 [WARN] ConditionMgr:1039 - genDependencies : Invalid condition id : UX DEVICE CLASS RTOS Condition cause : null
2023-09-19 14:09:06,380 [WARN] ConditionMgr:1039 - genDependencies : Invalid condition id : UX DEVICE CLASS RTOS Condition cause : null
2023-09-19 14:09:06,381 [WARN] ConditionMgr:1039 - genDependencies : Invalid condition id : UX DEVICE CLASS RTOS Condition cause : null
2023-09-19 14:09:06,381 [WARN] ConditionMgr:1039 - genDependencies : Invalid condition id : UX DEVICE CLASS RTOS Condition cause : null
2023-09-19 14:09:06,388 [WARN] PackLoader:240 - Cannot read IP mode file for STMicroelectronics.X-CUBE-NFC7.1.0.1
2023-09-19 14:09:06,398 [WARN] PackLoader:240 - Cannot read IP mode file for STMicroelectronics.X-CUBE-NFC6.3.0.0
2023-09-19 14:09:06,411 [WARN] PackLoader:240 - Cannot read IP mode file for STMicroelectronics.X-CUBE-EEPRMA1.4.1.0
2023-09-19 14:09:06,417 [WARN] PackLoader:240 - Cannot read IP mode file for STMicroelectronics.X-CUBE-AI.8.1.0
2023-09-19 14:09:06,432 [WARN] ConditionMgr:438 - getConditionDescription Invalid condition id : LAN8742 Phy interface Condition cause : null
2023-09-19 14:09:06,432 [WARN] PackLoader:240 - Cannot read IP mode file for STMicroelectronics.X-CUBE-AZRTOS-L4.2.0.0
2023-09-19 14:09:06,433 [WARN] ConditionMgr:1039 - genDependencies : Invalid condition id : LAN8742 Phy interface Condition cause : null
2023-09-19 14:09:06,433 [WARN] ConditionMgr:1039 - genDependencies : Invalid condition id : LAN8742 Phy interface Condition cause : null
2023-09-19 14:09:06,435 [WARN] ConditionMgr:1039 - genDependencies : Invalid condition id : LAN8742 Phy interface Condition cause : null
2023-09-19 14:09:06,443 [WARN] PackLoader:240 - Cannot read IP mode file for STMicroelectronics.X-CUBE-SFXS2LP1.4.0.0
2023-09-19 14:09:06,454 [WARN] PackLoader:240 - Cannot read IP mode file for STMicroelectronics.X-CUBE-ISPU.1.1.0
2023-09-19 14:09:06,469 [WARN] ConditionMgr:438 - getConditionDescription Invalid condition id : UX DEVICE CLASS RTOS Condition cause : null
2023-09-19 14:09:06,471 [WARN] ConditionMgr:438 - getConditionDescription Invalid condition id : UX DEVICE CLASS RTOS Condition cause : null
2023-09-19 14:09:06,473 [WARN] PackLoader:240 - Cannot read IP mode file for STMicroelectronics.X-CUBE-AZRTOS-WB.2.0.0
2023-09-19 14:09:06,473 [WARN] ConditionMgr:1039 - genDependencies : Invalid condition id : UX DEVICE CLASS RTOS Condition cause : null
2023-09-19 14:09:06,473 [WARN] ConditionMgr:1039 - genDependencies : Invalid condition id : UX DEVICE CLASS RTOS Condition cause : null
2023-09-19 14:09:06,475 [WARN] ConditionMgr:1039 - genDependencies : Invalid condition id : UX DEVICE CLASS RTOS Condition cause : null
2023-09-19 14:09:06,475 [WARN] ConditionMgr:1039 - genDependencies : Invalid condition id : UX DEVICE CLASS RTOS Condition cause : null
2023-09-19 14:09:06,475 [WARN] ConditionMgr:1039 - genDependencies : Invalid condition id : UX DEVICE CLASS RTOS Condition cause : null
2023-09-19 14:09:06,487 [WARN] PackLoader:240 - Cannot read IP mode file for STMicroelectronics.X-CUBE-SUBG2.5.0.0
2023-09-19 14:09:06,500 [WARN] PackLoader:240 - Cannot read IP mode file for STMicroelectronics.X-CUBE-TOF1.3.3.1
2023-09-19 14:09:06,519 [WARN] PackLoader:240 - Cannot read IP mode file for STMicroelectronics.X-CUBE-AZRTOS-G4.2.0.0
2023-09-19 14:09:06,526 [WARN] PackLoader:240 - Cannot read IP mode file for STMicroelectronics.X-CUBE-FREERTOS.1.1.0
2023-09-19 14:09:06,532 [WARN] PackLoader:240 - Cannot read IP mode file for portGmbH.I-Cube-SoM-uGOAL.1.1.0
2023-09-19 14:09:06,537 [WARN] PackLoader:240 - Cannot read IP mode file for STMicroelectronics.X-CUBE-ALS.1.0.1
2023-09-19 14:09:06,542 [WARN] PackLoader:240 - Cannot read IP mode file for STMicroelectronics.FP-ATR-ASTRA1.2.0.0
2023-09-19 14:09:06,543 [INFO] ThirdParty:978 - Integrity check success = true
2023-09-19 14:09:06,543 [INFO] IntegrityCheckThread:100 - exiting critical section [integrity check]
2023-09-19 14:09:06,543 [INFO] IntegrityCheckThread:103 - End integrity checks thread
2023-09-19 14:09:06,543 [INFO] ThirdParty:873 - entering critical section [close project]
2023-09-19 14:09:06,545 [INFO] ThirdParty:883 - exiting critical section [close project]
2023-09-19 14:09:06,549 [INFO] PinOutPanel:1499 - setPackage(No Configuration,No Configuration)
2023-09-19 14:09:06,558 [INFO] UtilMem:75 - Begin LoadConfig() Used Memory: 185335632 Bytes (295698432)
2023-09-19 14:09:06,560 [INFO] MicroXplorer:468 - Change Database Path : 
2023-09-19 14:09:06,560 [INFO] MicroXplorer:498 - Change Database Version : DB.6.0.91
2023-09-19 14:09:06,560 [INFO] OpenFileManager:308 - Change cursor
2023-09-19 14:09:06,596 [INFO] Mcu:1946 - Initializing MCU STM32F446R(C-E)Tx STM32F446RETx STM32F446RET6
2023-09-19 14:09:08,248 [INFO] Context:659 - Trying to add GPIOservice into a context  which must be forbidden
2023-09-19 14:09:08,959 [INFO] RtosManager:555 - Registered RTOS mode: class=CMSIS, group=RTOS, mode=CMSIS_V1, owner=FREERTOS
2023-09-19 14:09:08,959 [INFO] RtosManager:555 - Registered RTOS mode: class=CMSIS, group=RTOS2, mode=CMSIS_V2, owner=FREERTOS
2023-09-19 14:09:08,959 [INFO] RtosManager:555 - Registered RTOS mode: class=RTOS, group=Core, mode=CMSIS_V1, owner=FREERTOS
2023-09-19 14:09:08,959 [INFO] RtosManager:555 - Registered RTOS mode: class=RTOS, group=Core, mode=CMSIS_V2, owner=FREERTOS
2023-09-19 14:09:08,959 [WARN] ModelIntegratedComponent:184 - Missing modes for component STMicroelectronics:FreeRTOS:0.0.1:STMicroelectronics:RTOS:FreeRTOS:Core:::10.2.0:
2023-09-19 14:09:08,970 [WARN] ModelIntegratedComponent:63 - No mode defined for component null
2023-09-19 14:09:08,972 [WARN] ModelIntegratedComponent:63 - No mode defined for component null
2023-09-19 14:09:08,972 [WARN] ModelIntegratedComponent:63 - No mode defined for component null
2023-09-19 14:09:08,972 [WARN] ModelIntegratedComponent:63 - No mode defined for component null
2023-09-19 14:09:08,972 [WARN] ModelIntegratedComponent:63 - No mode defined for component null
2023-09-19 14:09:08,972 [WARN] ModelIntegratedComponent:63 - No mode defined for component null
2023-09-19 14:09:08,972 [WARN] ModelIntegratedComponent:63 - No mode defined for component null
2023-09-19 14:09:08,972 [WARN] ModelIntegratedComponent:63 - No mode defined for component null
2023-09-19 14:09:08,972 [WARN] ModelIntegratedComponent:63 - No mode defined for component null
2023-09-19 14:09:08,972 [WARN] ModelIntegratedComponent:63 - No mode defined for component null
2023-09-19 14:09:08,972 [WARN] ModelIntegratedComponent:63 - No mode defined for component null
2023-09-19 14:09:08,972 [WARN] ModelIntegratedComponent:63 - No mode defined for component null
2023-09-19 14:09:08,972 [WARN] ModelIntegratedComponent:63 - No mode defined for component null
2023-09-19 14:09:08,972 [WARN] ModelIntegratedComponent:63 - No mode defined for component null
2023-09-19 14:09:08,972 [WARN] ModelIntegratedComponent:63 - No mode defined for component null
2023-09-19 14:09:08,973 [WARN] ModelIntegratedComponent:63 - No mode defined for component null
2023-09-19 14:09:08,973 [WARN] ModelIntegratedComponent:63 - No mode defined for component null
2023-09-19 14:09:08,973 [WARN] ModelIntegratedComponent:63 - No mode defined for component null
2023-09-19 14:09:08,973 [WARN] ModelIntegratedComponent:63 - No mode defined for component null
2023-09-19 14:09:08,973 [WARN] ModelIntegratedComponent:63 - No mode defined for component null
2023-09-19 14:09:08,973 [WARN] ModelIntegratedComponent:63 - No mode defined for component null
2023-09-19 14:09:08,973 [WARN] ModelIntegratedComponent:63 - No mode defined for component null
2023-09-19 14:09:08,973 [WARN] ModelIntegratedComponent:63 - No mode defined for component null
2023-09-19 14:09:08,973 [WARN] ModelIntegratedComponent:63 - No mode defined for component null
2023-09-19 14:09:08,973 [WARN] ModelIntegratedComponent:63 - No mode defined for component null
2023-09-19 14:09:08,973 [WARN] ModelIntegratedComponent:63 - No mode defined for component null
2023-09-19 14:09:08,973 [WARN] ModelIntegratedComponent:63 - No mode defined for component null
2023-09-19 14:09:08,973 [WARN] ModelIntegratedComponent:63 - No mode defined for component null
2023-09-19 14:09:08,973 [WARN] ModelIntegratedComponent:63 - No mode defined for component null
2023-09-19 14:09:08,973 [WARN] ModelIntegratedComponent:63 - No mode defined for component null
2023-09-19 14:09:08,973 [WARN] ModelIntegratedComponent:63 - No mode defined for component null
2023-09-19 14:09:08,973 [WARN] ModelIntegratedComponent:63 - No mode defined for component null
2023-09-19 14:09:08,973 [WARN] ModelIntegratedComponent:63 - No mode defined for component null
2023-09-19 14:09:08,995 [INFO] ThirdPartyModel:298 - Start build external matchings
2023-09-19 14:09:09,220 [INFO] ThirdPartyModel:316 - End build external matchings
2023-09-19 14:09:09,234 [INFO] ImportTextPane:194 - (OptionalMessage_ERROR) IP (RCC) : Invalid parameter (48MHZClocksFreq_Value)
2023-09-19 14:09:09,235 [INFO] ImportTextPane:194 - (OptionalMessage_ERROR) IP (RCC) : Invalid parameter (EthernetFreq_Value)
2023-09-19 14:09:09,236 [INFO] ImportTextPane:194 - (OptionalMessage_ERROR) IP (RCC) : Parameter (FLatency) has Id (AdvancedSettings) currently not set
2023-09-19 14:09:09,236 [INFO] ImportTextPane:194 - (OptionalMessage_ERROR) IP (RCC) : Invalid parameter (FamilyName)
2023-09-19 14:09:09,236 [INFO] ImportTextPane:194 - (OptionalMessage_ERROR) IP (RCC) : Invalid parameter (I2SClocksFreq_Value)
2023-09-19 14:09:09,237 [INFO] ImportTextPane:194 - (OptionalMessage_ERROR) IP (RCC) : Parameter (SDIOFreq_Value) has invalid value (168000000)
2023-09-19 14:09:09,238 [INFO] ImportTextPane:194 - (OptionalMessage_ERROR) IP (RCC) : Parameter (USBFreq_Value) has invalid value (168000000)
2023-09-19 14:09:09,238 [INFO] ImportTextPane:194 - (OptionalMessage_ERROR) IP (RCC) : Invalid parameter (VCOInputMFreq_Value)
2023-09-19 14:09:09,238 [INFO] ImportTextPane:194 - (OptionalMessage_ERROR) IP (RCC) : Invalid parameter (VcooutputI2S)
2023-09-19 14:09:09,585 [INFO] UtilMem:75 - End LoadConfig() Used Memory: 282006088 Bytes (332398592)
2023-09-19 14:09:09,686 [INFO] ApiDb:581 - Connected to CubeFinder SQLite database (C:\Users\singh\.stmcufinder\plugins\mcufinder\mcu\cube-finder-db.db)
2023-09-19 14:09:09,765 [INFO] ApiDb:668 - CubeFinder database Data Model version=2.1
2023-09-19 14:09:09,766 [INFO] ApiDb:669 - CubeFinder database Configuration version=3.0.37
2023-09-19 14:09:09,766 [INFO] ApiDb:670 - CubeFinder database generation date=2023-08-09 (1691586011)
2023-09-19 14:09:09,766 [INFO] ApiDb:671 - CubeFinder database FW Pack versions=[FP-ATR-ASTRA1_V2.0.0, FP-SNS-FLIGHT1_V5.0.1, FP-SNS-FLIGHT1_V5.0.2, FP-SNS-MOTENV1_V4.3.1, FP-SNS-MOTENV1_V4.3.2, STM32Cube_FW_C0_V1.1.0, STM32Cube_FW_F4_V1.27.1, STM32Cube_FW_F7_V1.17.0, STM32Cube_FW_G0_V1.6.1, STM32Cube_FW_G4_V1.5.1, STM32Cube_FW_H5_V0.5.1, STM32Cube_FW_H5_V1.1.0, STM32Cube_FW_H7_V1.11.0, STM32Cube_FW_L0_V1.12.2, STM32Cube_FW_L5_V1.5.0, STM32Cube_FW_U5_V1.3.0, STM32Cube_FW_U5_V1.3.0RC4, STM32Cube_FW_WBA_V1.0.0RC1, STM32Cube_FW_WBA_V1.1.0, STM32Cube_FW_WBA_V1.1.0RC1, STM32Cube_FW_WB_V1.15.0RC1, STM32Cube_FW_WB_V1.16.0, STM32Cube_FW_WB_V1.16.0RC2, STM32Cube_FW_WB_V1.17.0, STM32Cube_FW_WL_V1.3.0, X-CUBE-ALGOBUILD_V1.3.0, X-CUBE-ALS_V1.0.1, X-CUBE-AZRTOS-F4_V1.1.0, X-CUBE-AZRTOS-F7_V1.1.0, X-CUBE-AZRTOS-G0_V1.1.0, X-CUBE-AZRTOS-G4_V2.0.0, X-CUBE-AZRTOS-H7_V3.1.0, X-CUBE-AZRTOS-L4_V1.0.0, X-CUBE-AZRTOS-L4_V2.0.0, X-CUBE-AZRTOS-L5_V1.1.0, X-CUBE-AZRTOS-WB_V1.1.0, X-CUBE-AZRTOS-WL_V2.0.0, X-CUBE-BLE1_V7.0.0, X-CUBE-BLE2_V3.3.0, X-CUBE-BLEMGR_V2.0.0, X-CUBE-EEPRMA1_V4.1.0, X-CUBE-FREERTOS_V1.1.0, X-CUBE-GNSS1_V6.0.0, X-CUBE-MEMS1_V9.1.0, X-CUBE-MEMS1_V9.4.0, X-CUBE-MEMS1_V9.6.0, X-CUBE-NFC4_V3.0.0, X-CUBE-NFC7_V1.0.0, X-CUBE-SFXS2LP1_V4.0.0, X-CUBE-SUBG2_V5.0.0, X-CUBE-TOF1_V3.3.1]
2023-09-19 14:09:11,755 [INFO] ApiDb:240 - Found 323 in-development CPN: [B-G473E-ZEST1S, B-WB1M-WPAN1, B-WL5M-SUBG1, NUCLEO-C031C6, NUCLEO-H503RB, NUCLEO-H563ZI, NUCLEO-U545RE-Q, NUCLEO-U5A5ZJ-Q, NUCLEO-WBA52CG, STEVAL-PROTEUS1, STEVAL-SMARTAG2, STEVAL-STWINBX1, STM320518-EVAL, STM32C0116-DK, STM32C011D6Y3TR, STM32C011D6Y6TR, STM32C011F4P3, STM32C011F4P6, STM32C011F4U3, STM32C011F4U6TR, STM32C011F6P3, STM32C011F6P6, STM32C011F6U3, STM32C011F6U6TR, STM32C011J4M3, STM32C011J4M6, STM32C011J6M3, STM32C011J6M6, STM32C0316-DK, STM32C031C4T3, STM32C031C4T6, STM32C031C4U3, STM32C031C4U6, STM32C031C6T3, STM32C031C6T6, STM32C031C6U3, STM32C031C6U6, STM32C031F4P3, STM32C031F4P6, STM32C031F6P3, STM32C031F6P6, STM32C031G4U3, STM32C031G4U6, STM32C031G6U3, STM32C031G6U6, STM32C031K4T3, STM32C031K4T6, STM32C031K4U3, STM32C031K4U6, STM32C031K6T3, STM32C031K6T6, STM32C031K6U3, STM32C031K6U6, STM32G071K8TXN, STM32G071K8UXN, STM32G081GBU6N, STM32G081KBT6N, STM32G081KBUXN, STM32G0B1CCT6N, STM32G0B1KCT6, STM32G0B1NEY6TR, STM32G0B1RCT6N, STM32G0C1CCT6, STM32G0C1CCT6N, STM32G0C1CCU6N, STM32G0C1CET6N, STM32G0C1CEU6N, STM32G0C1KCT6, STM32G0C1NEY6TR, STM32G0C1RCI6N, STM32G0C1RCT6N, STM32G0C1REI6N, STM32G0C1RET6N, STM32G0C1VCI6, STM32G0C1VEI6, STM32G471CCT6, STM32G471CCU6, STM32G471CET3, STM32G471CET6, STM32G471CEU3, STM32G471CEU6, STM32G471MCT6, STM32G471MET3, STM32G471MET6, STM32G471MEY6TR, STM32G471QCT6, STM32G471QET3, STM32G471RCT6, STM32G471RET3, STM32G471RET6, STM32G471VCH6, STM32G471VCI6, STM32G471VCT6, STM32G471VEH3, STM32G471VEH6, STM32G471VEI3, STM32G471VEI6, STM32G471VET3, STM32G471VET6, STM32G474CCT6, STM32H503CBT6, STM32H503CBU6, STM32H503EBY6TR, STM32H503KBU6, STM32H503RBT6, STM32H562AGI6, STM32H562AII6, STM32H562IGK6, STM32H562IGT6, STM32H562IIK6, STM32H562IIT6, STM32H562RGT6, STM32H562RGV6, STM32H562RIT6, STM32H562RIV6, STM32H562VGT6, STM32H562VIT6, STM32H562ZGT6, STM32H562ZIT6, STM32H563AGI6, STM32H563AII3Q, STM32H563AII6, STM32H563IGK6, STM32H563IGT6, STM32H563IIK3Q, STM32H563IIK6, STM32H563IIT3Q, STM32H563IIT6, STM32H563MIY3QTR, STM32H563RGT6, STM32H563RGV6, STM32H563RIT6, STM32H563RIV6, STM32H563VGT6, STM32H563VIT3Q, STM32H563VIT6, STM32H563ZGT6, STM32H563ZIT3Q, STM32H563ZIT6, STM32H573AII3Q, STM32H573AII6, STM32H573I-DK, STM32H573IIK3Q, STM32H573IIK6, STM32H573IIT3Q, STM32H573IIT6, STM32H573MIY3QTR, STM32H573RIT6, STM32H573RIV6, STM32H573VIT3Q, STM32H573VIT6, STM32H573ZIT3Q, STM32H573ZIT6, STM32L4R5QGI6STR, STM32MP131AAE3, STM32MP131AAF3, STM32MP131AAG3, STM32MP131CAE3, STM32MP131CAF3, STM32MP131CAG3, STM32MP131DAE7, STM32MP131DAF7, STM32MP131DAG7, STM32MP131FAE7, STM32MP131FAF7, STM32MP131FAG7, STM32MP133AAE3, STM32MP133AAF3, STM32MP133AAG3, STM32MP133CAE3, STM32MP133CAF3, STM32MP133CAG3, STM32MP133DAE7, STM32MP133DAF7, STM32MP133DAG7, STM32MP133FAE7, STM32MP133FAF7, STM32MP133FAG7, STM32MP135AAE3, STM32MP135AAF3, STM32MP135AAG3, STM32MP135CAE3, STM32MP135CAF3, STM32MP135CAG3, STM32MP135DAE7, STM32MP135DAF7, STM32MP135DAG7, STM32MP135F-DK, STM32MP135FAE7, STM32MP135FAF7, STM32MP135FAF7T, STM32MP135FAF7U, STM32MP135FAG7, STM32U535CBT6, STM32U535CBT6Q, STM32U535CBU6, STM32U535CBU6Q, STM32U535CCT6, STM32U535CCT6Q, STM32U535CCU6, STM32U535CCU6Q, STM32U535CET6, STM32U535CET6Q, STM32U535CEU6, STM32U535CEU6Q, STM32U535JEY6QTR, STM32U535NCY6QTR, STM32U535NEY6QTR, STM32U535RBI6, STM32U535RBI6Q, STM32U535RBT6, STM32U535RBT6Q, STM32U535RCI6, STM32U535RCI6Q, STM32U535RCT6, STM32U535RCT6Q, STM32U535REI6, STM32U535REI6Q, STM32U535RET6, STM32U535RET6Q, STM32U535VCI6, STM32U535VCI6Q, STM32U535VCT6, STM32U535VCT6Q, STM32U535VEI6, STM32U535VEI6Q, STM32U535VET6, STM32U535VET6Q, STM32U545CET6, STM32U545CET6Q, STM32U545CEU6, STM32U545CEU6Q, STM32U545JEY6QTR, STM32U545NEY6QTR, STM32U545REI6, STM32U545REI6Q, STM32U545RET6, STM32U545RET6Q, STM32U545VEI6, STM32U545VEI6Q, STM32U545VET6, STM32U545VET6Q, STM32U595AIH6, STM32U595AIH6Q, STM32U595AJH6, STM32U595AJH6Q, STM32U595QII6, STM32U595QII6Q, STM32U595QJI6, STM32U595QJI6Q, STM32U595RIT6, STM32U595RIT6Q, STM32U595RJT6, STM32U595RJT6Q, STM32U595VIT6, STM32U595VIT6Q, STM32U595VJT6, STM32U595VJT6Q, STM32U595ZIT6, STM32U595ZIT6Q, STM32U595ZIY6QTR, STM32U595ZJT6, STM32U595ZJT6Q, STM32U595ZJY6QTR, STM32U599BJY6QTR, STM32U599NIH6Q, STM32U599NJH6Q, STM32U599VIT6Q, STM32U599VJT6, STM32U599VJT6Q, STM32U599ZIT6Q, STM32U599ZIY6QTR, STM32U599ZJT6Q, STM32U599ZJY6QTR, STM32U5A5AJH6, STM32U5A5AJH6Q, STM32U5A5QJI6, STM32U5A5QJI6Q, STM32U5A5RJT6, STM32U5A5RJT6Q, STM32U5A5VJT6, STM32U5A5VJT6Q, STM32U5A5ZJT6, STM32U5A5ZJT6Q, STM32U5A5ZJY6QTR, STM32U5A9BJY6QTR, STM32U5A9J-DK, STM32U5A9NJH6Q, STM32U5A9VJT6Q, STM32U5A9ZJT6Q, STM32U5A9ZJY6QTR, STM32U5F7VIT6, STM32U5F7VIT6Q, STM32U5F7VJT6, STM32U5F7VJT6Q, STM32U5F9BJY6QTR, STM32U5F9NJH6Q, STM32U5F9VIT6Q, STM32U5F9VJT6Q, STM32U5F9ZIJ6QTR, STM32U5F9ZIT6Q, STM32U5F9ZJJ6QTR, STM32U5F9ZJT6Q, STM32U5G7VJT6, STM32U5G7VJT6Q, STM32U5G9BJY6QTR, STM32U5G9J-DK1, STM32U5G9J-DK2, STM32U5G9NJH6Q, STM32U5G9VJT6Q, STM32U5G9ZJJ6QTR, STM32U5G9ZJT6Q, STM32WB1MMCH6, STM32WBA52CEU6, STM32WBA52CEU6T, STM32WBA52CGU6, STM32WBA52CGU6T, STM32WBA52KEU6, STM32WBA52KEU6T, STM32WBA52KGU6, STM32WBA52KGU6T, STM32WL5MOCH6, STM32WL5MOCH6TR]
2023-09-19 14:09:11,759 [INFO] DbMcus:217 - Found 3848 MCUs, 3848 are supported
2023-09-19 14:09:11,759 [INFO] ApiDb:423 - Load user favorites file C:\Users\singh/.stm32cubeide/favorites.mcus.txt: 0 item(s)
2023-09-19 14:09:11,760 [INFO] ApiDb:427 - User favorites MCUs=[]
2023-09-19 14:09:11,760 [INFO] DbMcus:223 - Set 0 / 0 favorites MCUs
2023-09-19 14:09:12,049 [WARN] ThirdParty:833 - waiting for thirdparty lock release [change project]
2023-09-19 14:09:12,049 [INFO] ThirdParty:835 - entering critical section [change project]
2023-09-19 14:09:12,049 [INFO] ThirdParty:1030 - CMSIS Pack Vendor :STMicroelectronics X-CUBE-ISPU 1.1.0
2023-09-19 14:09:12,049 [INFO] ThirdParty:1030 - CMSIS Pack Vendor :STMicroelectronics USBPD 4.1
2023-09-19 14:09:12,049 [INFO] ThirdParty:1030 - CMSIS Pack Vendor :STMicroelectronics X-CUBE-GNSS1 6.0.0
2023-09-19 14:09:12,049 [INFO] ThirdParty:1030 - CMSIS Pack Vendor :STMicroelectronics USB_HOST 2.0.0
2023-09-19 14:09:12,049 [INFO] ThirdParty:1030 - CMSIS Pack Vendor :STMicroelectronics X-CUBE-AZRTOS-F4 1.1.0
2023-09-19 14:09:12,050 [INFO] ThirdParty:1030 - CMSIS Pack Vendor :STMicroelectronics LIBJPEG 8.0.0
2023-09-19 14:09:12,050 [INFO] ThirdParty:1030 - CMSIS Pack Vendor :wolfSSL I-CUBE-wolfSSL 5.6.3
2023-09-19 14:09:12,050 [INFO] ThirdParty:1030 - CMSIS Pack Vendor :STMicroelectronics X-CUBE-SMBUS 2.1.0
2023-09-19 14:09:12,050 [INFO] ThirdParty:1030 - CMSIS Pack Vendor :STMicroelectronics USB_DEVICE 3.0.0
2023-09-19 14:09:12,050 [INFO] ThirdParty:1030 - CMSIS Pack Vendor :STMicroelectronics X-CUBE-AZRTOS-WB 2.0.0
2023-09-19 14:09:12,050 [INFO] ThirdParty:1030 - CMSIS Pack Vendor :STMicroelectronics X-CUBE-AZRTOS-F7 1.1.0
2023-09-19 14:09:12,050 [INFO] ThirdParty:1030 - CMSIS Pack Vendor :STMicroelectronics X-CUBE-AZRTOS-L5 2.0.0
2023-09-19 14:09:12,050 [INFO] ThirdParty:1030 - CMSIS Pack Vendor :STMicroelectronics USB_DEVICE 2.0.0
2023-09-19 14:09:12,050 [INFO] ThirdParty:1030 - CMSIS Pack Vendor :STMicroelectronics X-CUBE-MEMS1 9.6.0
2023-09-19 14:09:12,050 [INFO] ThirdParty:1030 - CMSIS Pack Vendor :STMicroelectronics FP-SNS-MOTENV1 4.3.2
2023-09-19 14:09:12,050 [INFO] ThirdParty:1030 - CMSIS Pack Vendor :STMicroelectronics X-CUBE-ALGOBUILD 1.3.0
2023-09-19 14:09:12,050 [INFO] ThirdParty:1030 - CMSIS Pack Vendor :STMicroelectronics FreeRTOS 0.0.1
2023-09-19 14:09:12,050 [INFO] ThirdParty:1030 - CMSIS Pack Vendor :STMicroelectronics X-CUBE-AZRTOS-G0 1.1.0
2023-09-19 14:09:12,050 [INFO] ThirdParty:1030 - CMSIS Pack Vendor :STMicroelectronics X-CUBE-BLEMGR 2.0.0
2023-09-19 14:09:12,050 [INFO] ThirdParty:1030 - CMSIS Pack Vendor :STMicroelectronics X-CUBE-NFC4 3.0.0
2023-09-19 14:09:12,050 [INFO] ThirdParty:1030 - CMSIS Pack Vendor :STMicroelectronics X-CUBE-SUBG2 5.0.0
2023-09-19 14:09:12,050 [INFO] ThirdParty:1030 - CMSIS Pack Vendor :STMicroelectronics STM32_WPAN 1.0.0
2023-09-19 14:09:12,050 [INFO] ThirdParty:1030 - CMSIS Pack Vendor :STMicroelectronics lwIP 2.0.3
2023-09-19 14:09:12,050 [INFO] ThirdParty:1030 - CMSIS Pack Vendor :STMicroelectronics FP-SNS-FLIGHT1 5.0.2
2023-09-19 14:09:12,050 [INFO] ThirdParty:1030 - CMSIS Pack Vendor :STMicroelectronics USB_HOST 1.0.0
2023-09-19 14:09:12,050 [INFO] ThirdParty:1030 - CMSIS Pack Vendor :STMicroelectronics X-CUBE-TOF1 3.3.1
2023-09-19 14:09:12,051 [INFO] ThirdParty:1030 - CMSIS Pack Vendor :STMicroelectronics X-CUBE-AZRTOS-G4 2.0.0
2023-09-19 14:09:12,051 [INFO] ThirdParty:1030 - CMSIS Pack Vendor :STMicroelectronics PDM2PCM 3.1.0
2023-09-19 14:09:12,051 [INFO] ThirdParty:1030 - CMSIS Pack Vendor :STMicroelectronics X-CUBE-AZRTOS-H7 3.1.0
2023-09-19 14:09:12,051 [INFO] ThirdParty:1030 - CMSIS Pack Vendor :STMicroelectronics PDM2PCM 3.3.0
2023-09-19 14:09:12,051 [INFO] ThirdParty:1030 - CMSIS Pack Vendor :STMicroelectronics X-CUBE-DISPLAY 3.0.0
2023-09-19 14:09:12,051 [INFO] ThirdParty:1030 - CMSIS Pack Vendor :STMicroelectronics X-CUBE-BLE1 7.0.0
2023-09-19 14:09:12,051 [INFO] ThirdParty:1030 - CMSIS Pack Vendor :STMicroelectronics FP-ATR-SIGFOX1 3.2.0
2023-09-19 14:09:12,051 [INFO] ThirdParty:1030 - CMSIS Pack Vendor :STMicroelectronics HAL Drivers 0.0.0
2023-09-19 14:09:12,051 [INFO] ThirdParty:1030 - CMSIS Pack Vendor :STMicroelectronics MBEDTLS 2.16.2
2023-09-19 14:09:12,051 [INFO] ThirdParty:1030 - CMSIS Pack Vendor :emotas I-CUBE-CANOPEN 1.3.0
2023-09-19 14:09:12,051 [INFO] ThirdParty:1030 - CMSIS Pack Vendor :STMicroelectronics X-CUBE-FREERTOS 1.1.0
2023-09-19 14:09:12,051 [INFO] ThirdParty:1030 - CMSIS Pack Vendor :STMicroelectronics X-CUBE-TOUCHGFX 4.22.0
2023-09-19 14:09:12,051 [INFO] ThirdParty:1030 - CMSIS Pack Vendor :STMicroelectronics X-CUBE-NFC7 1.0.1
2023-09-19 14:09:12,051 [INFO] ThirdParty:1030 - CMSIS Pack Vendor :STMicroelectronics MBEDTLS 2.14.1
2023-09-19 14:09:12,051 [INFO] ThirdParty:1030 - CMSIS Pack Vendor :STMicroelectronics X-CUBE-NFC6 3.0.0
2023-09-19 14:09:12,051 [INFO] ThirdParty:1030 - CMSIS Pack Vendor :STMicroelectronics X-CUBE-EEPRMA1 4.1.0
2023-09-19 14:09:12,051 [INFO] ThirdParty:1030 - CMSIS Pack Vendor :portGmbH I-Cube-SoM-uGOAL 1.1.0
2023-09-19 14:09:12,051 [INFO] ThirdParty:1030 - CMSIS Pack Vendor :STMicroelectronics X-CUBE-ALS 1.0.1
2023-09-19 14:09:12,051 [INFO] ThirdParty:1030 - CMSIS Pack Vendor :STMicroelectronics ThreadX 1.0.0
2023-09-19 14:09:12,051 [INFO] ThirdParty:1030 - CMSIS Pack Vendor :STMicroelectronics FP-SNS-SMARTAG2 1.2.0
2023-09-19 14:09:12,051 [INFO] ThirdParty:1030 - CMSIS Pack Vendor :STMicroelectronics X-CUBE-AZRTOS-WL 2.0.0
2023-09-19 14:09:12,051 [INFO] ThirdParty:1030 - CMSIS Pack Vendor :SEGGER I-CUBE-embOS 1.3.1
2023-09-19 14:09:12,051 [INFO] ThirdParty:1030 - CMSIS Pack Vendor :STMicroelectronics USB_DEVICE 1.0.0
2023-09-19 14:09:12,051 [INFO] ThirdParty:1030 - CMSIS Pack Vendor :STMicroelectronics X-CUBE-AI 8.1.0
2023-09-19 14:09:12,051 [INFO] ThirdParty:1030 - CMSIS Pack Vendor :STMicroelectronics X-CUBE-AZRTOS-L4 2.0.0
2023-09-19 14:09:12,051 [INFO] ThirdParty:1030 - CMSIS Pack Vendor :STMicroelectronics ThreadX 0.0.2
2023-09-19 14:09:12,052 [INFO] ThirdParty:1030 - CMSIS Pack Vendor :WES I-CUBE-Cesium 1.3.0
2023-09-19 14:09:12,052 [INFO] ThirdParty:1030 - CMSIS Pack Vendor :STMicroelectronics FP-ATR-ASTRA1 2.0.0
2023-09-19 14:09:12,052 [INFO] ThirdParty:1030 - CMSIS Pack Vendor :STMicroelectronics lwIP 2.1.2
2023-09-19 14:09:12,052 [INFO] ThirdParty:1030 - CMSIS Pack Vendor :STMicroelectronics X-CUBE-SFXS2LP1 4.0.0
2023-09-19 14:09:12,052 [INFO] ThirdParty:1030 - CMSIS Pack Vendor :STMicroelectronics X-CUBE-BLE2 3.3.0
2023-09-19 14:09:12,052 [INFO] ThirdParty:1030 - CMSIS Pack Vendor :STMicroelectronics PDM2PCM 3.2.0
2023-09-19 14:09:12,052 [INFO] ThirdParty:841 - exiting critical section [change project]
2023-09-19 14:09:12,447 [INFO] PinOutPanel:1499 - setPackage(No Configuration,No Configuration)
2023-09-19 14:09:12,448 [INFO] PinOutPanel:1499 - setPackage(STM32F446RETx,LQFP64)
2023-09-19 14:09:12,985 [INFO] UtilMem:75 - Before build in PCC Used Memory: 202380256 Bytes (332398592)
2023-09-19 14:09:14,167 [INFO] UtilMem:75 - After build in PCC Used Memory: 266869728 Bytes (332398592)
2023-09-19 14:09:14,212 [INFO] IPUIPlugin:80 - create IPUIPlugin
2023-09-19 14:09:14,212 [INFO] IPUIPlugin:80 - create IPUIPlugin
2023-09-19 14:09:14,212 [INFO] IPUIPlugin:80 - create IPUIPlugin
2023-09-19 14:09:14,212 [INFO] IPUIPlugin:80 - create IPUIPlugin
2023-09-19 14:09:14,213 [INFO] IPUIPlugin:80 - create IPUIPlugin
2023-09-19 14:09:14,213 [INFO] IPUIPlugin:80 - create IPUIPlugin
2023-09-19 14:09:14,213 [INFO] IPUIPlugin:80 - create IPUIPlugin
2023-09-19 14:09:14,213 [INFO] IPUIPlugin:80 - create IPUIPlugin
2023-09-19 14:09:14,213 [INFO] IPUIPlugin:80 - create IPUIPlugin
2023-09-19 14:09:14,213 [INFO] IPUIPlugin:80 - create IPUIPlugin
2023-09-19 14:09:14,213 [INFO] IPUIPlugin:80 - create IPUIPlugin
2023-09-19 14:09:14,214 [INFO] IPUIPlugin:80 - create IPUIPlugin
2023-09-19 14:09:14,214 [INFO] IPUIPlugin:80 - create IPUIPlugin
2023-09-19 14:09:14,214 [INFO] IPUIPlugin:80 - create IPUIPlugin
2023-09-19 14:09:14,214 [INFO] IPUIPlugin:80 - create IPUIPlugin
2023-09-19 14:09:14,214 [INFO] IPUIPlugin:80 - create IPUIPlugin
2023-09-19 14:09:14,214 [INFO] IPUIPlugin:80 - create IPUIPlugin
2023-09-19 14:09:14,214 [INFO] IPUIPlugin:80 - create IPUIPlugin
2023-09-19 14:09:14,214 [INFO] IPUIPlugin:80 - create IPUIPlugin
2023-09-19 14:09:14,214 [INFO] IPUIPlugin:80 - create IPUIPlugin
2023-09-19 14:09:14,214 [INFO] IPUIPlugin:80 - create IPUIPlugin
2023-09-19 14:09:14,215 [INFO] IPUIPlugin:80 - create IPUIPlugin
2023-09-19 14:09:14,215 [INFO] IPUIPlugin:80 - create IPUIPlugin
2023-09-19 14:09:14,215 [INFO] IPUIPlugin:80 - create IPUIPlugin
2023-09-19 14:09:14,215 [INFO] IPUIPlugin:80 - create IPUIPlugin
2023-09-19 14:09:14,215 [INFO] IPUIPlugin:80 - create IPUIPlugin
2023-09-19 14:09:14,215 [INFO] IPUIPlugin:80 - create IPUIPlugin
2023-09-19 14:09:14,216 [INFO] IPUIPlugin:80 - create IPUIPlugin
2023-09-19 14:09:14,216 [INFO] IPUIPlugin:80 - create IPUIPlugin
2023-09-19 14:09:14,216 [INFO] IPUIPlugin:80 - create IPUIPlugin
2023-09-19 14:09:14,223 [INFO] IPUIPlugin:80 - create IPUIPlugin
2023-09-19 14:09:14,223 [INFO] IPUIPlugin:80 - create IPUIPlugin
2023-09-19 14:09:14,224 [INFO] IPUIPlugin:80 - create IPUIPlugin
2023-09-19 14:09:14,224 [INFO] IPUIPlugin:80 - create IPUIPlugin
2023-09-19 14:09:14,224 [INFO] IPUIPlugin:80 - create IPUIPlugin
2023-09-19 14:09:14,224 [INFO] IPUIPlugin:80 - create IPUIPlugin
2023-09-19 14:09:14,225 [INFO] IPUIPlugin:80 - create IPUIPlugin
2023-09-19 14:09:14,225 [INFO] IPUIPlugin:80 - create IPUIPlugin
2023-09-19 14:09:14,225 [INFO] IPUIPlugin:80 - create IPUIPlugin
2023-09-19 14:09:14,225 [INFO] IPUIPlugin:80 - create IPUIPlugin
2023-09-19 14:09:14,225 [INFO] IPUIPlugin:80 - create IPUIPlugin
2023-09-19 14:09:14,227 [INFO] IPUIPlugin:80 - create IPUIPlugin
2023-09-19 14:09:14,227 [INFO] IPUIPlugin:80 - create IPUIPlugin
2023-09-19 14:09:14,227 [INFO] IPUIPlugin:80 - create IPUIPlugin
2023-09-19 14:09:14,228 [INFO] IPUIPlugin:80 - create IPUIPlugin
2023-09-19 14:09:14,228 [INFO] IPUIPlugin:80 - create IPUIPlugin
2023-09-19 14:09:14,228 [INFO] IPUIPlugin:80 - create IPUIPlugin
2023-09-19 14:09:14,228 [INFO] IPUIPlugin:80 - create IPUIPlugin
2023-09-19 14:09:14,229 [INFO] IPUIPlugin:80 - create IPUIPlugin
2023-09-19 14:09:14,229 [INFO] IPUIPlugin:80 - create IPUIPlugin
2023-09-19 14:09:14,229 [INFO] IPUIPlugin:80 - create IPUIPlugin
2023-09-19 14:09:14,230 [INFO] IPUIPlugin:80 - create IPUIPlugin
2023-09-19 14:09:14,230 [INFO] IPUIPlugin:80 - create IPUIPlugin
2023-09-19 14:09:14,230 [INFO] IPUIPlugin:80 - create IPUIPlugin
2023-09-19 14:09:14,231 [INFO] IPUIPlugin:80 - create IPUIPlugin
2023-09-19 14:09:14,231 [INFO] IPUIPlugin:80 - create IPUIPlugin
2023-09-19 14:09:14,232 [INFO] IPUIPlugin:80 - create IPUIPlugin
2023-09-19 14:09:14,233 [INFO] IPUIPlugin:80 - create IPUIPlugin
2023-09-19 14:09:14,234 [INFO] IPUIPlugin:80 - create IPUIPlugin
2023-09-19 14:09:14,234 [INFO] IPUIPlugin:80 - create IPUIPlugin
2023-09-19 14:09:14,373 [INFO] ApiDbMcu:507 - Load IP Config File for PDM2PCM
2023-09-19 14:09:14,649 [INFO] CADModel:165 - CPN selected for project levelSTM32F446RET6
2023-09-19 14:09:14,649 [INFO] CADModel:114 - Register for checkConnection events
2023-09-19 14:09:14,688 [INFO] OpenFileManager:328 - Restore cursor
2023-09-19 14:09:25,576 [ERROR] LogOutputStream:75 - [STDERR_REDIRECT] SLF4J: Failed to load class "org.slf4j.impl.StaticLoggerBinder".
2023-09-19 14:09:25,577 [ERROR] LogOutputStream:75 - [STDERR_REDIRECT] SLF4J: Defaulting to no-operation (NOP) logger implementation
2023-09-19 14:09:25,578 [ERROR] LogOutputStream:75 - [STDERR_REDIRECT] SLF4J: See http://www.slf4j.org/codes.html#StaticLoggerBinder for further details.
2023-09-19 14:17:07,373 [INFO] Activator:176 - 


2023-09-19 14:17:07,376 [INFO] Activator:177 - !SESSION log4j initialized
2023-09-19 14:17:13,116 [INFO] LogOutputStream:77 - [STDOUT_REDIRECT] 
2023-09-19 14:17:16,219 [INFO] ApplicationProperties:184 - Using Application install path: C:\ST\STM32CubeIDE_1.13.1\STM32CubeIDE\plugins\com.st.stm32cube.common.mx_6.9.1.202307191849
2023-09-19 14:17:16,237 [INFO] DbMcusXml:78 - Set database path to: C:\ST\STM32CubeIDE_1.13.1\STM32CubeIDE\plugins\com.st.stm32cube.common.mx_6.9.1.202307191849\\db\/mcu/
2023-09-19 14:17:16,237 [INFO] ApiDb:274 - Set plugin database path to: C:\ST\STM32CubeIDE_1.13.1\STM32CubeIDE\plugins\com.st.stm32cube.common.mx_6.9.1.202307191849\\db\/plugins/boardmanager/
2023-09-19 14:17:16,238 [WARN] ApiDb:259 - Overriding images path with different value:  => C:\ST\STM32CubeIDE_1.13.1\STM32CubeIDE\plugins\com.st.stm32cube.common.mx_6.9.1.202307191849\\db\/plugins/mcufinder/images/
2023-09-19 14:17:16,248 [INFO] ApiDb:250 - Set database path to: C:\Users\singh\.stmcufinder\plugins\mcufinder//mcu/
2023-09-19 14:17:16,249 [INFO] DbMcusAds:125 - Set database path to: C:\Users\singh\.stmcufinder\plugins\mcufinder//mcu/
2023-09-19 14:17:16,251 [INFO] CrossReferenceDbSqlite:203 - Set database path to: C:\Users\singh\.stmcufinder\plugins\mcufinder//mcu/cs/
2023-09-19 14:17:16,351 [INFO] RulesReader:64 - Compatibility file has been processed (293 Rules)
2023-09-19 14:17:16,453 [INFO] DbMcusXml:78 - Set database path to: C:\ST\STM32CubeIDE_1.13.1\STM32CubeIDE\plugins\com.st.stm32cube.common.mx_6.9.1.202307191849\\db\/mcu/
2023-09-19 14:17:16,453 [INFO] ApiDb:274 - Set plugin database path to: C:\ST\STM32CubeIDE_1.13.1\STM32CubeIDE\plugins\com.st.stm32cube.common.mx_6.9.1.202307191849\\db\/plugins/boardmanager/
2023-09-19 14:17:16,453 [INFO] ApiDb:261 - Set plugin images path to: C:\ST\STM32CubeIDE_1.13.1\STM32CubeIDE\plugins\com.st.stm32cube.common.mx_6.9.1.202307191849\\db\/plugins/mcufinder/images/
2023-09-19 14:17:16,454 [WARN] DbFile:41 - Overriding database path with different value: C:\Users\singh\.stmcufinder\plugins\mcufinder/ => C:\Users\singh\.stmcufinder\plugins\mcufinder
2023-09-19 14:17:16,454 [INFO] ApiDb:250 - Set database path to: C:\Users\singh\.stmcufinder\plugins\mcufinder//mcu/
2023-09-19 14:17:16,454 [WARN] DbFile:41 - Overriding database path with different value: C:\Users\singh\.stmcufinder\plugins\mcufinder/ => C:\Users\singh\.stmcufinder\plugins\mcufinder
2023-09-19 14:17:16,454 [INFO] DbMcusAds:125 - Set database path to: C:\Users\singh\.stmcufinder\plugins\mcufinder//mcu/
2023-09-19 14:17:16,454 [WARN] DbFile:41 - Overriding database path with different value: C:\Users\singh\.stmcufinder\plugins\mcufinder/ => C:\Users\singh\.stmcufinder\plugins\mcufinder
2023-09-19 14:17:16,454 [WARN] DbFile:41 - Overriding database path with different value: C:\Users\singh\.stmcufinder\plugins\mcufinder/ => C:\Users\singh\.stmcufinder\plugins\mcufinder
2023-09-19 14:17:16,454 [INFO] CrossReferenceDbSqlite:203 - Set database path to: C:\Users\singh\.stmcufinder\plugins\mcufinder//mcu/cs/
2023-09-19 14:17:16,536 [INFO] MainPanel:262 - HeapMemory: 268435456
2023-09-19 14:17:16,594 [INFO] DbMcusXml:78 - Set database path to: C:\ST\STM32CubeIDE_1.13.1\STM32CubeIDE\plugins\com.st.stm32cube.common.mx_6.9.1.202307191849\\db\/mcu/
2023-09-19 14:17:16,594 [INFO] ApiDb:274 - Set plugin database path to: C:\ST\STM32CubeIDE_1.13.1\STM32CubeIDE\plugins\com.st.stm32cube.common.mx_6.9.1.202307191849\\db\/plugins/boardmanager/
2023-09-19 14:17:16,594 [INFO] ApiDb:261 - Set plugin images path to: C:\ST\STM32CubeIDE_1.13.1\STM32CubeIDE\plugins\com.st.stm32cube.common.mx_6.9.1.202307191849\\db\/plugins/mcufinder/images/
2023-09-19 14:17:16,594 [WARN] DbFile:41 - Overriding database path with different value: C:\Users\singh\.stmcufinder\plugins\mcufinder/ => C:\Users\singh\.stmcufinder\plugins\mcufinder
2023-09-19 14:17:16,594 [INFO] ApiDb:250 - Set database path to: C:\Users\singh\.stmcufinder\plugins\mcufinder//mcu/
2023-09-19 14:17:16,595 [WARN] DbFile:41 - Overriding database path with different value: C:\Users\singh\.stmcufinder\plugins\mcufinder/ => C:\Users\singh\.stmcufinder\plugins\mcufinder
2023-09-19 14:17:16,595 [INFO] DbMcusAds:125 - Set database path to: C:\Users\singh\.stmcufinder\plugins\mcufinder//mcu/
2023-09-19 14:17:16,595 [WARN] DbFile:41 - Overriding database path with different value: C:\Users\singh\.stmcufinder\plugins\mcufinder/ => C:\Users\singh\.stmcufinder\plugins\mcufinder
2023-09-19 14:17:16,595 [WARN] DbFile:41 - Overriding database path with different value: C:\Users\singh\.stmcufinder\plugins\mcufinder/ => C:\Users\singh\.stmcufinder\plugins\mcufinder
2023-09-19 14:17:16,595 [INFO] CrossReferenceDbSqlite:203 - Set database path to: C:\Users\singh\.stmcufinder\plugins\mcufinder//mcu/cs/
2023-09-19 14:17:16,615 [INFO] ApplicationProperties:184 - Using Application install path: C:\ST\STM32CubeIDE_1.13.1\STM32CubeIDE\plugins\com.st.stm32cube.common.mx_6.9.1.202307191849
2023-09-19 14:17:16,616 [INFO] PluginManage:196 - Search for loadable plugins [exclusion list=, ]
2023-09-19 14:17:16,617 [INFO] PluginManage:310 - Check plugin analytics
2023-09-19 14:17:16,783 [INFO] AnalyticsPlugin:253 - Accepted Software Licenses: STM32CubeMX.6.9.1
2023-09-19 14:17:16,783 [INFO] AnalyticsPlugin:255 - Accepted CMSIS Pack Licenses: 
2023-09-19 14:17:16,783 [INFO] AnalyticsPlugin:257 - Accepted Firmware Licenses: FW.F4.1.27.0,FW.G4.1.5.0
2023-09-19 14:17:16,786 [INFO] PluginManage:359 - Loaded plugin analytics (category:tool,tabindex:-1)
2023-09-19 14:17:16,786 [INFO] PluginManage:310 - Check plugin cadmodel
2023-09-19 14:17:16,791 [INFO] CADModel:105 - Init CAD model plugin
2023-09-19 14:17:16,791 [INFO] PluginManage:359 - Loaded plugin cadmodel (category:power,tabindex:5)
2023-09-19 14:17:16,791 [INFO] PluginManage:310 - Check plugin clock
2023-09-19 14:17:16,799 [INFO] PluginManage:359 - Loaded plugin clock (category:base,tabindex:2)
2023-09-19 14:17:16,800 [INFO] PluginManage:310 - Check plugin ddr
2023-09-19 14:17:16,801 [INFO] PluginManage:359 - Loaded plugin ddr (category:tool,tabindex:6)
2023-09-19 14:17:16,802 [INFO] PluginManage:310 - Check plugin filemanager
2023-09-19 14:17:16,933 [INFO] PluginManage:359 - Loaded plugin filemanager (category:base,tabindex:10)
2023-09-19 14:17:16,933 [INFO] PluginManage:310 - Check plugin ipmanager
2023-09-19 14:17:16,942 [INFO] PluginManage:359 - Loaded plugin ipmanager (category:base,tabindex:5)
2023-09-19 14:17:16,942 [INFO] PluginManage:310 - Check plugin lpbam
2023-09-19 14:17:16,949 [INFO] PluginManage:359 - Loaded plugin lpbam (category:base,tabindex:0)
2023-09-19 14:17:16,949 [INFO] PluginManage:310 - Check plugin memorymap
2023-09-19 14:17:16,959 [INFO] PluginManage:359 - Loaded plugin memorymap (category:base,tabindex:4)
2023-09-19 14:17:16,959 [INFO] PluginManage:310 - Check plugin pinoutandconfiguration
2023-09-19 14:17:16,966 [INFO] PluginManage:359 - Loaded plugin pinoutandconfiguration (category:base,tabindex:1)
2023-09-19 14:17:16,966 [INFO] PluginManage:310 - Check plugin pinoutconfig
2023-09-19 14:17:17,045 [WARN] SupportedApi:132 - Cannot load RTOS API schema: s4s-elt-must-match.1: The content of 'definitions' must match (annotation?, (simpleType | complexType)?, (unique | key | keyref)*)). A problem was found starting at: attribute.
2023-09-19 14:17:17,157 [INFO] PluginManage:359 - Loaded plugin pinoutconfig (category:base,tabindex:0)
2023-09-19 14:17:17,157 [INFO] PluginManage:310 - Check plugin power
2023-09-19 14:17:17,164 [INFO] PluginManage:359 - Loaded plugin power (category:power,tabindex:4)
2023-09-19 14:17:17,165 [INFO] PluginManage:310 - Check plugin projectmanager
2023-09-19 14:17:17,186 [INFO] PluginManage:359 - Loaded plugin projectmanager (category:projectmanager,tabindex:3)
2023-09-19 14:17:17,187 [INFO] PluginManage:310 - Check plugin thirdparty
2023-09-19 14:17:17,301 [INFO] PluginManage:359 - Loaded plugin thirdparty (category:base,tabindex:-1)
2023-09-19 14:17:17,301 [INFO] PluginManage:310 - Check plugin tools
2023-09-19 14:17:17,301 [WARN] IntegrityCheckThread:84 - waiting for thirdparty lock release [integrity check]
2023-09-19 14:17:17,301 [INFO] IntegrityCheckThread:86 - entering critical section [integrity check]
2023-09-19 14:17:17,302 [INFO] ThirdPartyUpdaterWithRetryManager:70 - Updater plugin not ready yet. [1/15]
2023-09-19 14:17:17,303 [INFO] PluginManage:359 - Loaded plugin tools (category:base,tabindex:7)
2023-09-19 14:17:17,304 [INFO] PluginManage:310 - Check plugin tutovideos
2023-09-19 14:17:17,445 [INFO] PluginManage:359 - Loaded plugin tutovideos (category:base,tabindex:-1)
2023-09-19 14:17:17,445 [INFO] PluginManage:310 - Check plugin updater
2023-09-19 14:17:17,455 [INFO] PluginManage:359 - Loaded plugin updater (category:base,tabindex:12)
2023-09-19 14:17:17,455 [INFO] PluginManage:310 - Check plugin userauth
2023-09-19 14:17:17,458 [INFO] UserAuth:113 - Init User Auth plugin
2023-09-19 14:17:17,458 [INFO] PluginManage:359 - Loaded plugin userauth (category:base,tabindex:14)
2023-09-19 14:17:17,458 [INFO] PluginManage:283 - PluginManage : Loaded plugins [17]
2023-09-19 14:17:17,666 [INFO] PinOutPanel:1499 - setPackage(No Configuration,No Configuration)
2023-09-19 14:17:17,776 [INFO] CADModel:165 - CPN selected for project level
2023-09-19 14:17:17,776 [INFO] CADModel:114 - Register for checkConnection events
2023-09-19 14:17:17,789 [INFO] IPUIPlugin:80 - create IPUIPlugin
2023-09-19 14:17:17,789 [INFO] PluginManager:220 - loadIPPluginJar : add adc
2023-09-19 14:17:17,791 [INFO] IPUIPlugin:80 - create IPUIPlugin
2023-09-19 14:17:17,791 [INFO] PluginManager:220 - loadIPPluginJar : add aes
2023-09-19 14:17:17,793 [INFO] IPUIPlugin:80 - create IPUIPlugin
2023-09-19 14:17:17,793 [INFO] PluginManager:220 - loadIPPluginJar : add can
2023-09-19 14:17:17,794 [INFO] IPUIPlugin:80 - create IPUIPlugin
2023-09-19 14:17:17,795 [INFO] PluginManager:220 - loadIPPluginJar : add comp
2023-09-19 14:17:17,797 [INFO] IPUIPlugin:80 - create IPUIPlugin
2023-09-19 14:17:17,797 [INFO] PluginManager:220 - loadIPPluginJar : add cryp
2023-09-19 14:17:17,799 [INFO] IPUIPlugin:80 - create IPUIPlugin
2023-09-19 14:17:17,799 [INFO] PluginManager:220 - loadIPPluginJar : add dfsdm
2023-09-19 14:17:17,804 [INFO] IPUIPlugin:80 - create IPUIPlugin
2023-09-19 14:17:17,804 [INFO] PluginManager:220 - loadIPPluginJar : add dma
2023-09-19 14:17:17,806 [INFO] IPUIPlugin:80 - create IPUIPlugin
2023-09-19 14:17:17,807 [INFO] PluginManager:220 - loadIPPluginJar : add dma3
2023-09-19 14:17:17,808 [INFO] IPUIPlugin:80 - create IPUIPlugin
2023-09-19 14:17:17,808 [INFO] PluginManager:220 - loadIPPluginJar : add fatfs
2023-09-19 14:17:17,812 [INFO] IPUIPlugin:80 - create IPUIPlugin
2023-09-19 14:17:17,812 [INFO] PluginManager:220 - loadIPPluginJar : add fmc
2023-09-19 14:17:17,817 [INFO] IPUIPlugin:80 - create IPUIPlugin
2023-09-19 14:17:17,817 [INFO] PluginManager:220 - loadIPPluginJar : add freertos
2023-09-19 14:17:17,819 [INFO] IPUIPlugin:80 - create IPUIPlugin
2023-09-19 14:17:17,819 [INFO] PluginManager:220 - loadIPPluginJar : add genericplugin
2023-09-19 14:17:17,821 [INFO] IPUIPlugin:80 - create IPUIPlugin
2023-09-19 14:17:17,821 [INFO] PluginManager:220 - loadIPPluginJar : add gfxmmu
2023-09-19 14:17:17,825 [INFO] IPUIPlugin:80 - create IPUIPlugin
2023-09-19 14:17:17,825 [INFO] PluginManager:220 - loadIPPluginJar : add gic
2023-09-19 14:17:17,830 [INFO] IPUIPlugin:80 - create IPUIPlugin
2023-09-19 14:17:17,830 [INFO] PluginManager:220 - loadIPPluginJar : add gpio
2023-09-19 14:17:17,832 [INFO] IPUIPlugin:80 - create IPUIPlugin
2023-09-19 14:17:17,832 [INFO] PluginManager:220 - loadIPPluginJar : add gtzc
2023-09-19 14:17:17,834 [INFO] IPUIPlugin:80 - create IPUIPlugin
2023-09-19 14:17:17,834 [INFO] PluginManager:220 - loadIPPluginJar : add hash
2023-09-19 14:17:17,837 [INFO] IPUIPlugin:80 - create IPUIPlugin
2023-09-19 14:17:17,837 [INFO] PluginManager:220 - loadIPPluginJar : add i2c
2023-09-19 14:17:17,839 [INFO] IPUIPlugin:80 - create IPUIPlugin
2023-09-19 14:17:17,839 [INFO] PluginManager:220 - loadIPPluginJar : add i2s
2023-09-19 14:17:17,841 [INFO] IPUIPlugin:80 - create IPUIPlugin
2023-09-19 14:17:17,841 [INFO] PluginManager:220 - loadIPPluginJar : add i3c
2023-09-19 14:17:17,843 [INFO] IPUIPlugin:80 - create IPUIPlugin
2023-09-19 14:17:17,843 [INFO] PluginManager:220 - loadIPPluginJar : add ipddr
2023-09-19 14:17:17,848 [INFO] IPUIPlugin:80 - create IPUIPlugin
2023-09-19 14:17:17,849 [INFO] PluginManager:220 - loadIPPluginJar : add linkedlist
2023-09-19 14:17:17,851 [INFO] IPUIPlugin:80 - create IPUIPlugin
2023-09-19 14:17:17,851 [INFO] PluginManager:220 - loadIPPluginJar : add lorawan
2023-09-19 14:17:17,853 [INFO] IPUIPlugin:80 - create IPUIPlugin
2023-09-19 14:17:17,853 [INFO] PluginManager:220 - loadIPPluginJar : add ltdc
2023-09-19 14:17:17,857 [INFO] IPUIPlugin:80 - create IPUIPlugin
2023-09-19 14:17:17,858 [INFO] PluginManager:220 - loadIPPluginJar : add mdma
2023-09-19 14:17:17,861 [INFO] IPUIPlugin:80 - create IPUIPlugin
2023-09-19 14:17:17,861 [INFO] PluginManager:220 - loadIPPluginJar : add nvic
2023-09-19 14:17:17,863 [INFO] IPUIPlugin:80 - create IPUIPlugin
2023-09-19 14:17:17,863 [INFO] PluginManager:220 - loadIPPluginJar : add opamp
2023-09-19 14:17:17,866 [INFO] IPUIPlugin:80 - create IPUIPlugin
2023-09-19 14:17:17,866 [INFO] PluginManager:220 - loadIPPluginJar : add openamp
2023-09-19 14:17:17,869 [INFO] IPUIPlugin:80 - create IPUIPlugin
2023-09-19 14:17:17,869 [INFO] PluginManager:220 - loadIPPluginJar : add pdm2pcm
2023-09-19 14:17:17,873 [INFO] IPUIPlugin:80 - create IPUIPlugin
2023-09-19 14:17:17,875 [INFO] PluginManager:220 - loadIPPluginJar : add plateformsettings
2023-09-19 14:17:17,877 [INFO] IPUIPlugin:80 - create IPUIPlugin
2023-09-19 14:17:17,877 [INFO] PluginManager:220 - loadIPPluginJar : add quadspi
2023-09-19 14:17:17,880 [INFO] IPUIPlugin:80 - create IPUIPlugin
2023-09-19 14:17:17,880 [INFO] PluginManager:220 - loadIPPluginJar : add resmgrutility
2023-09-19 14:17:17,882 [INFO] IPUIPlugin:80 - create IPUIPlugin
2023-09-19 14:17:17,883 [INFO] PluginManager:220 - loadIPPluginJar : add sai
2023-09-19 14:17:17,885 [INFO] IPUIPlugin:80 - create IPUIPlugin
2023-09-19 14:17:17,885 [INFO] PluginManager:220 - loadIPPluginJar : add spi
2023-09-19 14:17:17,888 [INFO] IPUIPlugin:80 - create IPUIPlugin
2023-09-19 14:17:17,888 [INFO] PluginManager:220 - loadIPPluginJar : add stm32_wpan
2023-09-19 14:17:17,890 [INFO] IPUIPlugin:80 - create IPUIPlugin
2023-09-19 14:17:17,890 [INFO] PluginManager:220 - loadIPPluginJar : add tim
2023-09-19 14:17:17,893 [INFO] IPUIPlugin:80 - create IPUIPlugin
2023-09-19 14:17:17,893 [INFO] PluginManager:220 - loadIPPluginJar : add touchsensing
2023-09-19 14:17:17,894 [INFO] IPUIPlugin:80 - create IPUIPlugin
2023-09-19 14:17:17,894 [INFO] PluginManager:220 - loadIPPluginJar : add tracer_emb
2023-09-19 14:17:17,896 [INFO] IPUIPlugin:80 - create IPUIPlugin
2023-09-19 14:17:17,896 [INFO] PluginManager:220 - loadIPPluginJar : add ts
2023-09-19 14:17:17,898 [INFO] IPUIPlugin:80 - create IPUIPlugin
2023-09-19 14:17:17,898 [INFO] PluginManager:220 - loadIPPluginJar : add tsc
2023-09-19 14:17:17,899 [INFO] IPUIPlugin:80 - create IPUIPlugin
2023-09-19 14:17:17,899 [INFO] PluginManager:220 - loadIPPluginJar : add ucpd
2023-09-19 14:17:17,902 [INFO] IPUIPlugin:80 - create IPUIPlugin
2023-09-19 14:17:17,902 [INFO] PluginManager:220 - loadIPPluginJar : add usart
2023-09-19 14:17:17,904 [INFO] IPUIPlugin:80 - create IPUIPlugin
2023-09-19 14:17:17,904 [INFO] PluginManager:220 - loadIPPluginJar : add usbx
2023-09-19 14:17:18,036 [INFO] CADModel:165 - CPN selected for project level
2023-09-19 14:17:18,036 [INFO] CADModel:114 - Register for checkConnection events
2023-09-19 14:17:18,037 [FATAL] Updater:308 - Updater called before beeing initialized
2023-09-19 14:17:18,037 [ERROR] CADModel:125 - Updater not yet initialized, retry later 
2023-09-19 14:17:18,183 [INFO] CADModel:165 - CPN selected for project level
2023-09-19 14:17:18,183 [INFO] CADModel:114 - Register for checkConnection events
2023-09-19 14:17:18,183 [FATAL] Updater:308 - Updater called before beeing initialized
2023-09-19 14:17:18,183 [ERROR] CADModel:125 - Updater not yet initialized, retry later 
2023-09-19 14:17:18,186 [FATAL] Updater:308 - Updater called before beeing initialized
2023-09-19 14:17:18,298 [FATAL] Updater:308 - Updater called before beeing initialized
2023-09-19 14:17:18,303 [INFO] DbMcusAds:53 - JSON generation date=Tue Mar 07 03:50:55 EST 2023 (1678179055114)
2023-09-19 14:17:18,303 [FATAL] Updater:308 - Updater called before beeing initialized
2023-09-19 14:17:18,336 [WARN] DetailPanel:346 - Failed to get advertising image, set to default
2023-09-19 14:17:18,448 [FATAL] Updater:308 - Updater called before beeing initialized
2023-09-19 14:17:18,449 [FATAL] Updater:308 - Updater called before beeing initialized
2023-09-19 14:17:18,449 [FATAL] Updater:308 - Updater called before beeing initialized
2023-09-19 14:17:18,449 [WARN] DetailPanel:346 - Failed to get advertising image, set to default
2023-09-19 14:17:18,450 [FATAL] Updater:308 - Updater called before beeing initialized
2023-09-19 14:17:18,502 [ERROR] Updater:1120 - MainUpdater not yet initialized. External WinMGr cannot be set.
2023-09-19 14:17:18,504 [INFO] Updater:1056 - Updater Version found : 6.9.1
2023-09-19 14:17:18,523 [INFO] ApplicationProperties:184 - Using Application install path: C:\ST\STM32CubeIDE_1.13.1\STM32CubeIDE\plugins\com.st.stm32cube.common.mx_6.9.1.202307191849
2023-09-19 14:17:18,644 [INFO] MainUpdater:2868 - connection check result : 10
2023-09-19 14:17:18,645 [INFO] MainUpdater:285 - Updater Check For Update Now.
2023-09-19 14:17:18,645 [INFO] MicroXplorer:498 - Change Database Version : DB.6.0.91
2023-09-19 14:17:18,662 [INFO] McuFinderGlobals:63 - Set McuFinder mode to 2 (CubeIDE integrated)
2023-09-19 14:17:18,848 [INFO] CheckServerUpdateThread:120 - End of CheckServer Thread
2023-09-19 14:17:20,501 [WARN] PackLoader:240 - Cannot read IP mode file for STMicroelectronics.X-CUBE-SMBUS.2.1.0
2023-09-19 14:17:20,535 [WARN] PackLoader:240 - Cannot read IP mode file for STMicroelectronics.X-CUBE-AZRTOS-F7.1.1.0
2023-09-19 14:17:20,557 [WARN] PackLoader:240 - Cannot read IP mode file for STMicroelectronics.FP-SNS-MOTENV1.4.3.2
2023-09-19 14:17:20,566 [WARN] PackLoader:240 - Cannot read IP mode file for STMicroelectronics.FP-SNS-FLIGHT1.5.0.2
2023-09-19 14:17:20,577 [WARN] PackLoader:240 - Cannot read IP mode file for STMicroelectronics.X-CUBE-DISPLAY.3.0.0
2023-09-19 14:17:20,591 [WARN] PackLoader:240 - Cannot read IP mode file for STMicroelectronics.X-CUBE-BLE1.7.0.0
2023-09-19 14:17:20,600 [WARN] PackLoader:240 - Cannot read IP mode file for emotas.I-CUBE-CANOPEN.1.3.0
2023-09-19 14:17:20,606 [WARN] PackLoader:240 - Cannot read IP mode file for STMicroelectronics.X-CUBE-TOUCHGFX.4.22.0
2023-09-19 14:17:20,617 [WARN] PackLoader:240 - Cannot read IP mode file for STMicroelectronics.FP-SNS-SMARTAG2.1.2.0
2023-09-19 14:17:20,628 [INFO] LogOutputStream:77 - [STDOUT_REDIRECT] 1 : Invalid condition id : UX_CORESTACK_Condition cause : null
2023-09-19 14:17:20,629 [INFO] LogOutputStream:77 - [STDOUT_REDIRECT] 1 : Invalid condition id : UX_CORESTACK_Condition cause : null
2023-09-19 14:17:20,630 [INFO] LogOutputStream:77 - [STDOUT_REDIRECT] 1 : Invalid condition id : UX_CORESTACK_Condition cause : null
2023-09-19 14:17:20,633 [INFO] LogOutputStream:77 - [STDOUT_REDIRECT] 1 : Invalid condition id : UX_CORESTACK_Condition cause : null
2023-09-19 14:17:20,634 [INFO] LogOutputStream:77 - [STDOUT_REDIRECT] 1 : Invalid condition id : UX_CORESTACK_Condition cause : null
2023-09-19 14:17:20,637 [WARN] PackLoader:240 - Cannot read IP mode file for STMicroelectronics.X-CUBE-AZRTOS-WL.2.0.0
2023-09-19 14:17:20,650 [WARN] PackLoader:240 - Cannot read IP mode file for WES.I-CUBE-Cesium.1.3.0
2023-09-19 14:17:20,657 [WARN] PackLoader:240 - Cannot read IP mode file for STMicroelectronics.X-CUBE-BLE2.3.3.0
2023-09-19 14:17:20,666 [WARN] PackLoader:240 - Cannot read IP mode file for STMicroelectronics.X-CUBE-ALGOBUILD.1.3.0
2023-09-19 14:17:20,684 [WARN] PackLoader:240 - Cannot read IP mode file for STMicroelectronics.X-CUBE-AZRTOS-G0.1.1.0
2023-09-19 14:17:20,692 [WARN] PackLoader:240 - Cannot read IP mode file for STMicroelectronics.X-CUBE-NFC4.3.0.0
2023-09-19 14:17:20,701 [WARN] PackLoader:240 - Cannot read IP mode file for STMicroelectronics.FP-ATR-SIGFOX1.3.2.0
2023-09-19 14:17:20,733 [WARN] PackLoader:240 - Cannot read IP mode file for SEGGER.I-CUBE-embOS.1.3.1
2023-09-19 14:17:20,777 [WARN] PackLoader:240 - Cannot read IP mode file for STMicroelectronics.X-CUBE-GNSS1.6.0.0
2023-09-19 14:17:20,796 [WARN] PackLoader:240 - Cannot read IP mode file for STMicroelectronics.X-CUBE-AZRTOS-F4.1.1.0
2023-09-19 14:17:20,803 [WARN] PackLoader:240 - Cannot read IP mode file for wolfSSL.I-CUBE-wolfSSL.5.6.3
2023-09-19 14:17:20,819 [WARN] PackLoader:240 - Cannot read IP mode file for STMicroelectronics.X-CUBE-AZRTOS-L5.2.0.0
2023-09-19 14:17:20,869 [WARN] PackLoader:240 - Cannot read IP mode file for STMicroelectronics.X-CUBE-MEMS1.9.6.0
2023-09-19 14:17:21,039 [WARN] PackLoader:240 - Cannot read IP mode file for STMicroelectronics.X-CUBE-BLEMGR.2.0.0
2023-09-19 14:17:21,054 [WARN] ConditionMgr:438 - getConditionDescription Invalid condition id : UX DEVICE CLASS RTOS Condition cause : null
2023-09-19 14:17:21,055 [WARN] ConditionMgr:438 - getConditionDescription Invalid condition id : UX DEVICE CLASS RTOS Condition cause : null
2023-09-19 14:17:21,057 [WARN] PackLoader:240 - Cannot read IP mode file for STMicroelectronics.X-CUBE-AZRTOS-H7.3.1.0
2023-09-19 14:17:21,058 [WARN] ConditionMgr:1039 - genDependencies : Invalid condition id : UX DEVICE CLASS RTOS Condition cause : null
2023-09-19 14:17:21,058 [WARN] ConditionMgr:1039 - genDependencies : Invalid condition id : UX DEVICE CLASS RTOS Condition cause : null
2023-09-19 14:17:21,059 [WARN] ConditionMgr:1039 - genDependencies : Invalid condition id : UX DEVICE CLASS RTOS Condition cause : null
2023-09-19 14:17:21,059 [WARN] ConditionMgr:1039 - genDependencies : Invalid condition id : UX DEVICE CLASS RTOS Condition cause : null
2023-09-19 14:17:21,060 [WARN] ConditionMgr:1039 - genDependencies : Invalid condition id : UX DEVICE CLASS RTOS Condition cause : null
2023-09-19 14:17:21,067 [WARN] PackLoader:240 - Cannot read IP mode file for STMicroelectronics.X-CUBE-NFC7.1.0.1
2023-09-19 14:17:21,076 [WARN] PackLoader:240 - Cannot read IP mode file for STMicroelectronics.X-CUBE-NFC6.3.0.0
2023-09-19 14:17:21,084 [WARN] PackLoader:240 - Cannot read IP mode file for STMicroelectronics.X-CUBE-EEPRMA1.4.1.0
2023-09-19 14:17:21,090 [WARN] PackLoader:240 - Cannot read IP mode file for STMicroelectronics.X-CUBE-AI.8.1.0
2023-09-19 14:17:21,109 [WARN] ConditionMgr:438 - getConditionDescription Invalid condition id : LAN8742 Phy interface Condition cause : null
2023-09-19 14:17:21,110 [WARN] PackLoader:240 - Cannot read IP mode file for STMicroelectronics.X-CUBE-AZRTOS-L4.2.0.0
2023-09-19 14:17:21,111 [WARN] ConditionMgr:1039 - genDependencies : Invalid condition id : LAN8742 Phy interface Condition cause : null
2023-09-19 14:17:21,111 [WARN] ConditionMgr:1039 - genDependencies : Invalid condition id : LAN8742 Phy interface Condition cause : null
2023-09-19 14:17:21,112 [WARN] ConditionMgr:1039 - genDependencies : Invalid condition id : LAN8742 Phy interface Condition cause : null
2023-09-19 14:17:21,121 [WARN] PackLoader:240 - Cannot read IP mode file for STMicroelectronics.X-CUBE-SFXS2LP1.4.0.0
2023-09-19 14:17:21,134 [WARN] PackLoader:240 - Cannot read IP mode file for STMicroelectronics.X-CUBE-ISPU.1.1.0
2023-09-19 14:17:21,148 [WARN] ConditionMgr:438 - getConditionDescription Invalid condition id : UX DEVICE CLASS RTOS Condition cause : null
2023-09-19 14:17:21,148 [WARN] ConditionMgr:438 - getConditionDescription Invalid condition id : UX DEVICE CLASS RTOS Condition cause : null
2023-09-19 14:17:21,149 [WARN] PackLoader:240 - Cannot read IP mode file for STMicroelectronics.X-CUBE-AZRTOS-WB.2.0.0
2023-09-19 14:17:21,150 [WARN] ConditionMgr:1039 - genDependencies : Invalid condition id : UX DEVICE CLASS RTOS Condition cause : null
2023-09-19 14:17:21,150 [WARN] ConditionMgr:1039 - genDependencies : Invalid condition id : UX DEVICE CLASS RTOS Condition cause : null
2023-09-19 14:17:21,150 [WARN] ConditionMgr:1039 - genDependencies : Invalid condition id : UX DEVICE CLASS RTOS Condition cause : null
2023-09-19 14:17:21,151 [WARN] ConditionMgr:1039 - genDependencies : Invalid condition id : UX DEVICE CLASS RTOS Condition cause : null
2023-09-19 14:17:21,151 [WARN] ConditionMgr:1039 - genDependencies : Invalid condition id : UX DEVICE CLASS RTOS Condition cause : null
2023-09-19 14:17:21,163 [WARN] PackLoader:240 - Cannot read IP mode file for STMicroelectronics.X-CUBE-SUBG2.5.0.0
2023-09-19 14:17:21,178 [WARN] PackLoader:240 - Cannot read IP mode file for STMicroelectronics.X-CUBE-TOF1.3.3.1
2023-09-19 14:17:21,198 [WARN] PackLoader:240 - Cannot read IP mode file for STMicroelectronics.X-CUBE-AZRTOS-G4.2.0.0
2023-09-19 14:17:21,206 [WARN] PackLoader:240 - Cannot read IP mode file for STMicroelectronics.X-CUBE-FREERTOS.1.1.0
2023-09-19 14:17:21,214 [WARN] PackLoader:240 - Cannot read IP mode file for portGmbH.I-Cube-SoM-uGOAL.1.1.0
2023-09-19 14:17:21,220 [WARN] PackLoader:240 - Cannot read IP mode file for STMicroelectronics.X-CUBE-ALS.1.0.1
2023-09-19 14:17:21,226 [WARN] PackLoader:240 - Cannot read IP mode file for STMicroelectronics.FP-ATR-ASTRA1.2.0.0
2023-09-19 14:17:21,227 [INFO] ThirdParty:978 - Integrity check success = true
2023-09-19 14:17:21,228 [INFO] IntegrityCheckThread:100 - exiting critical section [integrity check]
2023-09-19 14:17:21,228 [INFO] IntegrityCheckThread:103 - End integrity checks thread
