2023-11-05 12:44:02,225 [INFO] Activator:176 - 


2023-11-05 12:44:02,233 [INFO] Activator:177 - !SESSION log4j initialized
2023-11-05 12:44:08,104 [INFO] LogOutputStream:77 - [STDOUT_REDIRECT] 
2023-11-05 12:44:22,645 [INFO] ApplicationProperties:184 - Using Application install path: C:\ST\STM32CubeIDE_1.13.1\STM32CubeIDE\plugins\com.st.stm32cube.common.mx_6.9.2.202309101412
2023-11-05 12:44:22,676 [INFO] DbMcusXml:78 - Set database path to: C:\ST\STM32CubeIDE_1.13.1\STM32CubeIDE\plugins\com.st.stm32cube.common.mx_6.9.2.202309101412\\db\/mcu/
2023-11-05 12:44:22,676 [INFO] ApiDb:274 - Set plugin database path to: C:\ST\STM32CubeIDE_1.13.1\STM32CubeIDE\plugins\com.st.stm32cube.common.mx_6.9.2.202309101412\\db\/plugins/boardmanager/
2023-11-05 12:44:22,677 [WARN] ApiDb:259 - Overriding images path with different value:  => C:\ST\STM32CubeIDE_1.13.1\STM32CubeIDE\plugins\com.st.stm32cube.common.mx_6.9.2.202309101412\\db\/plugins/mcufinder/images/
2023-11-05 12:44:22,706 [INFO] ApiDb:250 - Set database path to: C:\Users\singh\.stmcufinder\plugins\mcufinder//mcu/
2023-11-05 12:44:22,708 [INFO] DbMcusAds:125 - Set database path to: C:\Users\singh\.stmcufinder\plugins\mcufinder//mcu/
2023-11-05 12:44:22,720 [INFO] CrossReferenceDbSqlite:203 - Set database path to: C:\Users\singh\.stmcufinder\plugins\mcufinder//mcu/cs/
2023-11-05 12:44:22,919 [INFO] RulesReader:64 - Compatibility file has been processed (293 Rules)
2023-11-05 12:44:23,094 [INFO] DbMcusXml:78 - Set database path to: C:\ST\STM32CubeIDE_1.13.1\STM32CubeIDE\plugins\com.st.stm32cube.common.mx_6.9.2.202309101412\\db\/mcu/
2023-11-05 12:44:23,095 [INFO] ApiDb:274 - Set plugin database path to: C:\ST\STM32CubeIDE_1.13.1\STM32CubeIDE\plugins\com.st.stm32cube.common.mx_6.9.2.202309101412\\db\/plugins/boardmanager/
2023-11-05 12:44:23,095 [INFO] ApiDb:261 - Set plugin images path to: C:\ST\STM32CubeIDE_1.13.1\STM32CubeIDE\plugins\com.st.stm32cube.common.mx_6.9.2.202309101412\\db\/plugins/mcufinder/images/
2023-11-05 12:44:23,095 [WARN] DbFile:41 - Overriding database path with different value: C:\Users\singh\.stmcufinder\plugins\mcufinder/ => C:\Users\singh\.stmcufinder\plugins\mcufinder
2023-11-05 12:44:23,095 [INFO] ApiDb:250 - Set database path to: C:\Users\singh\.stmcufinder\plugins\mcufinder//mcu/
2023-11-05 12:44:23,096 [WARN] DbFile:41 - Overriding database path with different value: C:\Users\singh\.stmcufinder\plugins\mcufinder/ => C:\Users\singh\.stmcufinder\plugins\mcufinder
2023-11-05 12:44:23,096 [INFO] DbMcusAds:125 - Set database path to: C:\Users\singh\.stmcufinder\plugins\mcufinder//mcu/
2023-11-05 12:44:23,096 [WARN] DbFile:41 - Overriding database path with different value: C:\Users\singh\.stmcufinder\plugins\mcufinder/ => C:\Users\singh\.stmcufinder\plugins\mcufinder
2023-11-05 12:44:23,096 [WARN] DbFile:41 - Overriding database path with different value: C:\Users\singh\.stmcufinder\plugins\mcufinder/ => C:\Users\singh\.stmcufinder\plugins\mcufinder
2023-11-05 12:44:23,096 [INFO] CrossReferenceDbSqlite:203 - Set database path to: C:\Users\singh\.stmcufinder\plugins\mcufinder//mcu/cs/
2023-11-05 12:44:23,248 [INFO] MainPanel:262 - HeapMemory: 268435456
2023-11-05 12:44:23,396 [INFO] DbMcusXml:78 - Set database path to: C:\ST\STM32CubeIDE_1.13.1\STM32CubeIDE\plugins\com.st.stm32cube.common.mx_6.9.2.202309101412\\db\/mcu/
2023-11-05 12:44:23,397 [INFO] ApiDb:274 - Set plugin database path to: C:\ST\STM32CubeIDE_1.13.1\STM32CubeIDE\plugins\com.st.stm32cube.common.mx_6.9.2.202309101412\\db\/plugins/boardmanager/
2023-11-05 12:44:23,397 [INFO] ApiDb:261 - Set plugin images path to: C:\ST\STM32CubeIDE_1.13.1\STM32CubeIDE\plugins\com.st.stm32cube.common.mx_6.9.2.202309101412\\db\/plugins/mcufinder/images/
2023-11-05 12:44:23,398 [WARN] DbFile:41 - Overriding database path with different value: C:\Users\singh\.stmcufinder\plugins\mcufinder/ => C:\Users\singh\.stmcufinder\plugins\mcufinder
2023-11-05 12:44:23,398 [INFO] ApiDb:250 - Set database path to: C:\Users\singh\.stmcufinder\plugins\mcufinder//mcu/
2023-11-05 12:44:23,398 [WARN] DbFile:41 - Overriding database path with different value: C:\Users\singh\.stmcufinder\plugins\mcufinder/ => C:\Users\singh\.stmcufinder\plugins\mcufinder
2023-11-05 12:44:23,398 [INFO] DbMcusAds:125 - Set database path to: C:\Users\singh\.stmcufinder\plugins\mcufinder//mcu/
2023-11-05 12:44:23,399 [WARN] DbFile:41 - Overriding database path with different value: C:\Users\singh\.stmcufinder\plugins\mcufinder/ => C:\Users\singh\.stmcufinder\plugins\mcufinder
2023-11-05 12:44:23,399 [WARN] DbFile:41 - Overriding database path with different value: C:\Users\singh\.stmcufinder\plugins\mcufinder/ => C:\Users\singh\.stmcufinder\plugins\mcufinder
2023-11-05 12:44:23,399 [INFO] CrossReferenceDbSqlite:203 - Set database path to: C:\Users\singh\.stmcufinder\plugins\mcufinder//mcu/cs/
2023-11-05 12:44:23,431 [INFO] ApplicationProperties:184 - Using Application install path: C:\ST\STM32CubeIDE_1.13.1\STM32CubeIDE\plugins\com.st.stm32cube.common.mx_6.9.2.202309101412
2023-11-05 12:44:23,433 [INFO] PluginManage:196 - Search for loadable plugins [exclusion list=, ]
2023-11-05 12:44:23,435 [INFO] PluginManage:310 - Check plugin analytics
2023-11-05 12:44:23,689 [INFO] AnalyticsPlugin:253 - Accepted Software Licenses: STM32CubeMX.6.9.1
2023-11-05 12:44:23,689 [INFO] AnalyticsPlugin:255 - Accepted CMSIS Pack Licenses: 
2023-11-05 12:44:23,690 [INFO] AnalyticsPlugin:257 - Accepted Firmware Licenses: FW.F4.1.27.0,FW.G4.1.5.0
2023-11-05 12:44:23,696 [INFO] PluginManage:359 - Loaded plugin analytics (category:tool,tabindex:-1)
2023-11-05 12:44:23,696 [INFO] PluginManage:310 - Check plugin cadmodel
2023-11-05 12:44:23,720 [INFO] CADModel:105 - Init CAD model plugin
2023-11-05 12:44:23,720 [INFO] PluginManage:359 - Loaded plugin cadmodel (category:power,tabindex:5)
2023-11-05 12:44:23,720 [INFO] PluginManage:310 - Check plugin clock
2023-11-05 12:44:23,750 [INFO] PluginManage:359 - Loaded plugin clock (category:base,tabindex:2)
2023-11-05 12:44:23,750 [INFO] PluginManage:310 - Check plugin ddr
2023-11-05 12:44:23,754 [INFO] PluginManage:359 - Loaded plugin ddr (category:tool,tabindex:6)
2023-11-05 12:44:23,754 [INFO] PluginManage:310 - Check plugin filemanager
2023-11-05 12:44:23,975 [INFO] PluginManage:359 - Loaded plugin filemanager (category:base,tabindex:10)
2023-11-05 12:44:23,975 [INFO] PluginManage:310 - Check plugin ipmanager
2023-11-05 12:44:23,991 [INFO] PluginManage:359 - Loaded plugin ipmanager (category:base,tabindex:5)
2023-11-05 12:44:23,991 [INFO] PluginManage:310 - Check plugin lpbam
2023-11-05 12:44:24,016 [INFO] PluginManage:359 - Loaded plugin lpbam (category:base,tabindex:0)
2023-11-05 12:44:24,016 [INFO] PluginManage:310 - Check plugin memorymap
2023-11-05 12:44:24,055 [INFO] PluginManage:359 - Loaded plugin memorymap (category:base,tabindex:4)
2023-11-05 12:44:24,055 [INFO] PluginManage:310 - Check plugin pinoutandconfiguration
2023-11-05 12:44:24,086 [INFO] PluginManage:359 - Loaded plugin pinoutandconfiguration (category:base,tabindex:1)
2023-11-05 12:44:24,086 [INFO] PluginManage:310 - Check plugin pinoutconfig
2023-11-05 12:44:24,235 [WARN] SupportedApi:132 - Cannot load RTOS API schema: s4s-elt-must-match.1: The content of 'definitions' must match (annotation?, (simpleType | complexType)?, (unique | key | keyref)*)). A problem was found starting at: attribute.
2023-11-05 12:44:24,448 [INFO] PluginManage:359 - Loaded plugin pinoutconfig (category:base,tabindex:0)
2023-11-05 12:44:24,448 [INFO] PluginManage:310 - Check plugin power
2023-11-05 12:44:24,532 [INFO] PluginManage:359 - Loaded plugin power (category:power,tabindex:4)
2023-11-05 12:44:24,532 [INFO] PluginManage:310 - Check plugin projectmanager
2023-11-05 12:44:24,552 [INFO] PluginManage:359 - Loaded plugin projectmanager (category:projectmanager,tabindex:3)
2023-11-05 12:44:24,552 [INFO] PluginManage:310 - Check plugin thirdparty
2023-11-05 12:44:24,945 [INFO] PluginManage:359 - Loaded plugin thirdparty (category:base,tabindex:-1)
2023-11-05 12:44:24,945 [WARN] IntegrityCheckThread:84 - waiting for thirdparty lock release [integrity check]
2023-11-05 12:44:24,945 [INFO] PluginManage:310 - Check plugin tools
2023-11-05 12:44:24,945 [INFO] IntegrityCheckThread:86 - entering critical section [integrity check]
2023-11-05 12:44:24,947 [INFO] ThirdPartyUpdaterWithRetryManager:70 - Updater plugin not ready yet. [1/15]
2023-11-05 12:44:24,989 [INFO] PluginManage:359 - Loaded plugin tools (category:base,tabindex:7)
2023-11-05 12:44:24,990 [INFO] PluginManage:310 - Check plugin tutovideos
2023-11-05 12:44:25,233 [INFO] PluginManage:359 - Loaded plugin tutovideos (category:base,tabindex:-1)
2023-11-05 12:44:25,235 [INFO] PluginManage:310 - Check plugin updater
2023-11-05 12:44:25,249 [INFO] PluginManage:359 - Loaded plugin updater (category:base,tabindex:12)
2023-11-05 12:44:25,249 [INFO] PluginManage:310 - Check plugin userauth
2023-11-05 12:44:25,255 [INFO] UserAuth:113 - Init User Auth plugin
2023-11-05 12:44:25,256 [INFO] PluginManage:359 - Loaded plugin userauth (category:base,tabindex:14)
2023-11-05 12:44:25,256 [INFO] PluginManage:283 - PluginManage : Loaded plugins [17]
2023-11-05 12:44:25,572 [INFO] PinOutPanel:1499 - setPackage(No Configuration,No Configuration)
2023-11-05 12:44:25,744 [INFO] CADModel:165 - CPN selected for project level
2023-11-05 12:44:25,744 [INFO] CADModel:114 - Register for checkConnection events
2023-11-05 12:44:25,774 [INFO] IPUIPlugin:80 - create IPUIPlugin
2023-11-05 12:44:25,774 [INFO] PluginManager:220 - loadIPPluginJar : add adc
2023-11-05 12:44:25,808 [INFO] IPUIPlugin:80 - create IPUIPlugin
2023-11-05 12:44:25,809 [INFO] PluginManager:220 - loadIPPluginJar : add aes
2023-11-05 12:44:25,845 [INFO] IPUIPlugin:80 - create IPUIPlugin
2023-11-05 12:44:25,845 [INFO] PluginManager:220 - loadIPPluginJar : add can
2023-11-05 12:44:25,867 [INFO] IPUIPlugin:80 - create IPUIPlugin
2023-11-05 12:44:25,867 [INFO] PluginManager:220 - loadIPPluginJar : add comp
2023-11-05 12:44:25,896 [INFO] IPUIPlugin:80 - create IPUIPlugin
2023-11-05 12:44:25,896 [INFO] PluginManager:220 - loadIPPluginJar : add cryp
2023-11-05 12:44:25,924 [INFO] IPUIPlugin:80 - create IPUIPlugin
2023-11-05 12:44:25,924 [INFO] PluginManager:220 - loadIPPluginJar : add dfsdm
2023-11-05 12:44:25,938 [INFO] IPUIPlugin:80 - create IPUIPlugin
2023-11-05 12:44:25,939 [INFO] PluginManager:220 - loadIPPluginJar : add dma
2023-11-05 12:44:25,978 [INFO] IPUIPlugin:80 - create IPUIPlugin
2023-11-05 12:44:25,979 [INFO] PluginManager:220 - loadIPPluginJar : add dma3
2023-11-05 12:44:25,997 [INFO] IPUIPlugin:80 - create IPUIPlugin
2023-11-05 12:44:25,997 [INFO] PluginManager:220 - loadIPPluginJar : add fatfs
2023-11-05 12:44:26,038 [INFO] IPUIPlugin:80 - create IPUIPlugin
2023-11-05 12:44:26,038 [INFO] PluginManager:220 - loadIPPluginJar : add fmc
2023-11-05 12:44:26,055 [INFO] IPUIPlugin:80 - create IPUIPlugin
2023-11-05 12:44:26,055 [INFO] PluginManager:220 - loadIPPluginJar : add freertos
2023-11-05 12:44:26,073 [INFO] IPUIPlugin:80 - create IPUIPlugin
2023-11-05 12:44:26,073 [INFO] PluginManager:220 - loadIPPluginJar : add genericplugin
2023-11-05 12:44:26,151 [INFO] IPUIPlugin:80 - create IPUIPlugin
2023-11-05 12:44:26,151 [INFO] PluginManager:220 - loadIPPluginJar : add gfxmmu
2023-11-05 12:44:26,268 [INFO] IPUIPlugin:80 - create IPUIPlugin
2023-11-05 12:44:26,268 [INFO] PluginManager:220 - loadIPPluginJar : add gic
2023-11-05 12:44:26,290 [INFO] IPUIPlugin:80 - create IPUIPlugin
2023-11-05 12:44:26,290 [INFO] PluginManager:220 - loadIPPluginJar : add gpio
2023-11-05 12:44:26,391 [INFO] IPUIPlugin:80 - create IPUIPlugin
2023-11-05 12:44:26,391 [INFO] PluginManager:220 - loadIPPluginJar : add gtzc
2023-11-05 12:44:26,427 [INFO] IPUIPlugin:80 - create IPUIPlugin
2023-11-05 12:44:26,427 [INFO] PluginManager:220 - loadIPPluginJar : add hash
2023-11-05 12:44:26,478 [INFO] IPUIPlugin:80 - create IPUIPlugin
2023-11-05 12:44:26,479 [INFO] PluginManager:220 - loadIPPluginJar : add i2c
2023-11-05 12:44:26,518 [INFO] IPUIPlugin:80 - create IPUIPlugin
2023-11-05 12:44:26,518 [INFO] PluginManager:220 - loadIPPluginJar : add i2s
2023-11-05 12:44:26,553 [INFO] IPUIPlugin:80 - create IPUIPlugin
2023-11-05 12:44:26,553 [INFO] PluginManager:220 - loadIPPluginJar : add i3c
2023-11-05 12:44:26,659 [INFO] IPUIPlugin:80 - create IPUIPlugin
2023-11-05 12:44:26,660 [INFO] PluginManager:220 - loadIPPluginJar : add ipddr
2023-11-05 12:44:26,742 [INFO] IPUIPlugin:80 - create IPUIPlugin
2023-11-05 12:44:26,742 [INFO] PluginManager:220 - loadIPPluginJar : add linkedlist
2023-11-05 12:44:26,774 [INFO] IPUIPlugin:80 - create IPUIPlugin
2023-11-05 12:44:26,774 [INFO] PluginManager:220 - loadIPPluginJar : add lorawan
2023-11-05 12:44:26,805 [INFO] IPUIPlugin:80 - create IPUIPlugin
2023-11-05 12:44:26,806 [INFO] PluginManager:220 - loadIPPluginJar : add ltdc
2023-11-05 12:44:26,822 [INFO] IPUIPlugin:80 - create IPUIPlugin
2023-11-05 12:44:26,823 [INFO] PluginManager:220 - loadIPPluginJar : add mdma
2023-11-05 12:44:26,836 [INFO] IPUIPlugin:80 - create IPUIPlugin
2023-11-05 12:44:26,837 [INFO] PluginManager:220 - loadIPPluginJar : add nvic
2023-11-05 12:44:26,873 [INFO] IPUIPlugin:80 - create IPUIPlugin
2023-11-05 12:44:26,873 [INFO] PluginManager:220 - loadIPPluginJar : add opamp
2023-11-05 12:44:26,927 [INFO] IPUIPlugin:80 - create IPUIPlugin
2023-11-05 12:44:26,927 [INFO] PluginManager:220 - loadIPPluginJar : add openamp
2023-11-05 12:44:26,970 [INFO] IPUIPlugin:80 - create IPUIPlugin
2023-11-05 12:44:26,970 [INFO] PluginManager:220 - loadIPPluginJar : add pdm2pcm
2023-11-05 12:44:26,985 [INFO] IPUIPlugin:80 - create IPUIPlugin
2023-11-05 12:44:26,987 [INFO] PluginManager:220 - loadIPPluginJar : add plateformsettings
2023-11-05 12:44:27,008 [INFO] IPUIPlugin:80 - create IPUIPlugin
2023-11-05 12:44:27,008 [INFO] PluginManager:220 - loadIPPluginJar : add quadspi
2023-11-05 12:44:27,021 [INFO] IPUIPlugin:80 - create IPUIPlugin
2023-11-05 12:44:27,021 [INFO] PluginManager:220 - loadIPPluginJar : add resmgrutility
2023-11-05 12:44:27,067 [INFO] IPUIPlugin:80 - create IPUIPlugin
2023-11-05 12:44:27,067 [INFO] PluginManager:220 - loadIPPluginJar : add sai
2023-11-05 12:44:27,102 [INFO] IPUIPlugin:80 - create IPUIPlugin
2023-11-05 12:44:27,102 [INFO] PluginManager:220 - loadIPPluginJar : add spi
2023-11-05 12:44:27,154 [INFO] IPUIPlugin:80 - create IPUIPlugin
2023-11-05 12:44:27,154 [INFO] PluginManager:220 - loadIPPluginJar : add stm32_wpan
2023-11-05 12:44:27,178 [INFO] IPUIPlugin:80 - create IPUIPlugin
2023-11-05 12:44:27,178 [INFO] PluginManager:220 - loadIPPluginJar : add tim
2023-11-05 12:44:27,235 [INFO] IPUIPlugin:80 - create IPUIPlugin
2023-11-05 12:44:27,235 [INFO] PluginManager:220 - loadIPPluginJar : add touchsensing
2023-11-05 12:44:27,260 [INFO] IPUIPlugin:80 - create IPUIPlugin
2023-11-05 12:44:27,260 [INFO] PluginManager:220 - loadIPPluginJar : add tracer_emb
2023-11-05 12:44:27,285 [INFO] IPUIPlugin:80 - create IPUIPlugin
2023-11-05 12:44:27,285 [INFO] PluginManager:220 - loadIPPluginJar : add ts
2023-11-05 12:44:27,306 [INFO] IPUIPlugin:80 - create IPUIPlugin
2023-11-05 12:44:27,306 [INFO] PluginManager:220 - loadIPPluginJar : add tsc
2023-11-05 12:44:27,335 [INFO] IPUIPlugin:80 - create IPUIPlugin
2023-11-05 12:44:27,335 [INFO] PluginManager:220 - loadIPPluginJar : add ucpd
2023-11-05 12:44:27,385 [INFO] IPUIPlugin:80 - create IPUIPlugin
2023-11-05 12:44:27,385 [INFO] PluginManager:220 - loadIPPluginJar : add usart
2023-11-05 12:44:27,442 [INFO] IPUIPlugin:80 - create IPUIPlugin
2023-11-05 12:44:27,442 [INFO] PluginManager:220 - loadIPPluginJar : add usbx
2023-11-05 12:44:27,600 [INFO] CADModel:165 - CPN selected for project level
2023-11-05 12:44:27,601 [INFO] CADModel:114 - Register for checkConnection events
2023-11-05 12:44:27,601 [FATAL] Updater:308 - Updater called before beeing initialized
2023-11-05 12:44:27,601 [ERROR] CADModel:125 - Updater not yet initialized, retry later 
2023-11-05 12:44:27,799 [INFO] CADModel:165 - CPN selected for project level
2023-11-05 12:44:27,799 [INFO] CADModel:114 - Register for checkConnection events
2023-11-05 12:44:27,799 [FATAL] Updater:308 - Updater called before beeing initialized
2023-11-05 12:44:27,799 [ERROR] CADModel:125 - Updater not yet initialized, retry later 
2023-11-05 12:44:27,804 [FATAL] Updater:308 - Updater called before beeing initialized
2023-11-05 12:44:27,959 [INFO] ThirdPartyUpdaterWithRetryManager:70 - Updater plugin not ready yet. [2/15]
2023-11-05 12:44:27,963 [FATAL] Updater:308 - Updater called before beeing initialized
2023-11-05 12:44:27,976 [INFO] DbMcusAds:53 - JSON generation date=Tue Mar 07 03:50:55 EST 2023 (1678179055335)
2023-11-05 12:44:27,977 [FATAL] Updater:308 - Updater called before beeing initialized
2023-11-05 12:44:28,034 [WARN] DetailPanel:346 - Failed to get advertising image, set to default
2023-11-05 12:44:28,174 [FATAL] Updater:308 - Updater called before beeing initialized
2023-11-05 12:44:28,177 [FATAL] Updater:308 - Updater called before beeing initialized
2023-11-05 12:44:28,177 [FATAL] Updater:308 - Updater called before beeing initialized
2023-11-05 12:44:28,177 [WARN] DetailPanel:346 - Failed to get advertising image, set to default
2023-11-05 12:44:28,178 [FATAL] Updater:308 - Updater called before beeing initialized
2023-11-05 12:44:28,251 [ERROR] Updater:1120 - MainUpdater not yet initialized. External WinMGr cannot be set.
2023-11-05 12:44:28,262 [INFO] Updater:1056 - Updater Version found : 6.9.2
2023-11-05 12:44:28,283 [INFO] ApplicationProperties:184 - Using Application install path: C:\ST\STM32CubeIDE_1.13.1\STM32CubeIDE\plugins\com.st.stm32cube.common.mx_6.9.2.202309101412
2023-11-05 12:44:28,602 [INFO] MainUpdater:2868 - connection check result : 10
2023-11-05 12:44:28,603 [INFO] MainUpdater:285 - Updater Check For Update Now.
2023-11-05 12:44:28,603 [INFO] MicroXplorer:498 - Change Database Version : DB.6.0.92
2023-11-05 12:44:28,629 [INFO] McuFinderGlobals:63 - Set McuFinder mode to 2 (CubeIDE integrated)
2023-11-05 12:44:28,853 [INFO] CheckServerUpdateThread:120 - End of CheckServer Thread
2023-11-05 12:44:31,379 [WARN] PackLoader:240 - Cannot read IP mode file for STMicroelectronics.X-CUBE-SMBUS.2.1.0
2023-11-05 12:44:31,454 [WARN] PackLoader:240 - Cannot read IP mode file for STMicroelectronics.X-CUBE-AZRTOS-F7.1.1.0
2023-11-05 12:44:31,486 [WARN] PackLoader:240 - Cannot read IP mode file for STMicroelectronics.FP-SNS-MOTENV1.4.3.2
2023-11-05 12:44:31,507 [WARN] PackLoader:240 - Cannot read IP mode file for STMicroelectronics.FP-SNS-FLIGHT1.5.0.2
2023-11-05 12:44:31,531 [WARN] PackLoader:240 - Cannot read IP mode file for STMicroelectronics.X-CUBE-DISPLAY.3.0.0
2023-11-05 12:44:31,560 [WARN] PackLoader:240 - Cannot read IP mode file for STMicroelectronics.X-CUBE-BLE1.7.0.0
2023-11-05 12:44:31,581 [WARN] PackLoader:240 - Cannot read IP mode file for emotas.I-CUBE-CANOPEN.1.3.0
2023-11-05 12:44:31,599 [WARN] PackLoader:240 - Cannot read IP mode file for STMicroelectronics.X-CUBE-TOUCHGFX.4.22.0
2023-11-05 12:44:31,612 [WARN] PackLoader:240 - Cannot read IP mode file for STMicroelectronics.X-CUBE-TOUCHGFX.4.22.1
2023-11-05 12:44:31,629 [WARN] PackLoader:240 - Cannot read IP mode file for STMicroelectronics.FP-SNS-SMARTAG2.1.2.0
2023-11-05 12:44:31,658 [INFO] LogOutputStream:77 - [STDOUT_REDIRECT] 1 : Invalid condition id : UX_CORESTACK_Condition cause : null
2023-11-05 12:44:31,659 [INFO] LogOutputStream:77 - [STDOUT_REDIRECT] 1 : Invalid condition id : UX_CORESTACK_Condition cause : null
2023-11-05 12:44:31,660 [INFO] LogOutputStream:77 - [STDOUT_REDIRECT] 1 : Invalid condition id : UX_CORESTACK_Condition cause : null
2023-11-05 12:44:31,662 [INFO] LogOutputStream:77 - [STDOUT_REDIRECT] 1 : Invalid condition id : UX_CORESTACK_Condition cause : null
2023-11-05 12:44:31,664 [INFO] LogOutputStream:77 - [STDOUT_REDIRECT] 1 : Invalid condition id : UX_CORESTACK_Condition cause : null
2023-11-05 12:44:31,668 [WARN] PackLoader:240 - Cannot read IP mode file for STMicroelectronics.X-CUBE-AZRTOS-WL.2.0.0
2023-11-05 12:44:31,692 [WARN] PackLoader:240 - Cannot read IP mode file for WES.I-CUBE-Cesium.1.3.0
2023-11-05 12:44:31,709 [WARN] PackLoader:240 - Cannot read IP mode file for STMicroelectronics.X-CUBE-BLE2.3.3.0
2023-11-05 12:44:31,727 [WARN] PackLoader:240 - Cannot read IP mode file for STMicroelectronics.X-CUBE-ALGOBUILD.1.3.0
2023-11-05 12:44:31,765 [WARN] PackLoader:240 - Cannot read IP mode file for STMicroelectronics.X-CUBE-AZRTOS-G0.1.1.0
2023-11-05 12:44:31,786 [WARN] PackLoader:240 - Cannot read IP mode file for STMicroelectronics.X-CUBE-NFC4.3.0.0
2023-11-05 12:44:31,816 [WARN] PackLoader:240 - Cannot read IP mode file for STMicroelectronics.X-CUBE-BLEMGR.3.0.0
2023-11-05 12:44:31,835 [WARN] PackLoader:240 - Cannot read IP mode file for STMicroelectronics.FP-ATR-SIGFOX1.3.2.0
2023-11-05 12:44:31,899 [WARN] PackLoader:240 - Cannot read IP mode file for SEGGER.I-CUBE-embOS.1.3.1
2023-11-05 12:44:31,989 [WARN] PackLoader:240 - Cannot read IP mode file for STMicroelectronics.X-CUBE-GNSS1.6.0.0
2023-11-05 12:44:32,037 [WARN] PackLoader:240 - Cannot read IP mode file for STMicroelectronics.X-CUBE-AZRTOS-F4.1.1.0
2023-11-05 12:44:32,058 [WARN] PackLoader:240 - Cannot read IP mode file for wolfSSL.I-CUBE-wolfSSL.5.6.3
2023-11-05 12:44:32,107 [WARN] PackLoader:240 - Cannot read IP mode file for STMicroelectronics.X-CUBE-AZRTOS-L5.2.0.0
2023-11-05 12:44:32,186 [WARN] PackLoader:240 - Cannot read IP mode file for STMicroelectronics.X-CUBE-MEMS1.9.6.0
2023-11-05 12:44:32,429 [WARN] PackLoader:240 - Cannot read IP mode file for STMicroelectronics.X-CUBE-EEPRMA1.4.2.0
2023-11-05 12:44:32,459 [WARN] PackLoader:240 - Cannot read IP mode file for ITTIA_DB.I-CUBE-ITTIADB.8.8.0
2023-11-05 12:44:32,496 [WARN] PackLoader:240 - Cannot read IP mode file for STMicroelectronics.X-CUBE-BLEMGR.2.0.0
2023-11-05 12:44:32,576 [WARN] ConditionMgr:438 - getConditionDescription Invalid condition id : UX DEVICE CLASS RTOS Condition cause : null
2023-11-05 12:44:32,577 [WARN] ConditionMgr:438 - getConditionDescription Invalid condition id : UX DEVICE CLASS RTOS Condition cause : null
2023-11-05 12:44:32,590 [WARN] PackLoader:240 - Cannot read IP mode file for STMicroelectronics.X-CUBE-AZRTOS-H7.3.1.0
2023-11-05 12:44:32,594 [WARN] ConditionMgr:1039 - genDependencies : Invalid condition id : UX DEVICE CLASS RTOS Condition cause : null
2023-11-05 12:44:32,594 [WARN] ConditionMgr:1039 - genDependencies : Invalid condition id : UX DEVICE CLASS RTOS Condition cause : null
2023-11-05 12:44:32,596 [WARN] ConditionMgr:1039 - genDependencies : Invalid condition id : UX DEVICE CLASS RTOS Condition cause : null
2023-11-05 12:44:32,598 [WARN] ConditionMgr:1039 - genDependencies : Invalid condition id : UX DEVICE CLASS RTOS Condition cause : null
2023-11-05 12:44:32,598 [WARN] ConditionMgr:1039 - genDependencies : Invalid condition id : UX DEVICE CLASS RTOS Condition cause : null
2023-11-05 12:44:32,623 [WARN] PackLoader:240 - Cannot read IP mode file for STMicroelectronics.X-CUBE-NFC7.1.0.1
2023-11-05 12:44:32,660 [WARN] PackLoader:240 - Cannot read IP mode file for STMicroelectronics.X-CUBE-NFC6.3.0.0
2023-11-05 12:44:32,692 [WARN] PackLoader:240 - Cannot read IP mode file for STMicroelectronics.X-CUBE-EEPRMA1.4.1.0
2023-11-05 12:44:32,716 [WARN] PackLoader:240 - Cannot read IP mode file for STMicroelectronics.X-CUBE-AI.8.1.0
2023-11-05 12:44:32,781 [WARN] ConditionMgr:438 - getConditionDescription Invalid condition id : LAN8742 Phy interface Condition cause : null
2023-11-05 12:44:32,782 [WARN] PackLoader:240 - Cannot read IP mode file for STMicroelectronics.X-CUBE-AZRTOS-L4.2.0.0
2023-11-05 12:44:32,783 [WARN] ConditionMgr:1039 - genDependencies : Invalid condition id : LAN8742 Phy interface Condition cause : null
2023-11-05 12:44:32,784 [WARN] ConditionMgr:1039 - genDependencies : Invalid condition id : LAN8742 Phy interface Condition cause : null
2023-11-05 12:44:32,785 [WARN] ConditionMgr:1039 - genDependencies : Invalid condition id : LAN8742 Phy interface Condition cause : null
2023-11-05 12:44:32,807 [WARN] PackLoader:240 - Cannot read IP mode file for STMicroelectronics.X-CUBE-SFXS2LP1.4.0.0
2023-11-05 12:44:32,827 [WARN] PackLoader:240 - Cannot read IP mode file for STMicroelectronics.X-CUBE-ISPU.1.1.0
2023-11-05 12:44:32,864 [WARN] ConditionMgr:438 - getConditionDescription Invalid condition id : UX DEVICE CLASS RTOS Condition cause : null
2023-11-05 12:44:32,865 [WARN] ConditionMgr:438 - getConditionDescription Invalid condition id : UX DEVICE CLASS RTOS Condition cause : null
2023-11-05 12:44:32,869 [WARN] PackLoader:240 - Cannot read IP mode file for STMicroelectronics.X-CUBE-AZRTOS-WB.2.0.0
2023-11-05 12:44:32,870 [WARN] ConditionMgr:1039 - genDependencies : Invalid condition id : UX DEVICE CLASS RTOS Condition cause : null
2023-11-05 12:44:32,870 [WARN] ConditionMgr:1039 - genDependencies : Invalid condition id : UX DEVICE CLASS RTOS Condition cause : null
2023-11-05 12:44:32,870 [WARN] ConditionMgr:1039 - genDependencies : Invalid condition id : UX DEVICE CLASS RTOS Condition cause : null
2023-11-05 12:44:32,870 [WARN] ConditionMgr:1039 - genDependencies : Invalid condition id : UX DEVICE CLASS RTOS Condition cause : null
2023-11-05 12:44:32,870 [WARN] ConditionMgr:1039 - genDependencies : Invalid condition id : UX DEVICE CLASS RTOS Condition cause : null
2023-11-05 12:44:32,904 [WARN] PackLoader:240 - Cannot read IP mode file for STMicroelectronics.X-CUBE-SUBG2.5.0.0
2023-11-05 12:44:32,938 [WARN] PackLoader:240 - Cannot read IP mode file for STMicroelectronics.X-CUBE-TOF1.3.3.1
2023-11-05 12:44:32,983 [WARN] PackLoader:240 - Cannot read IP mode file for STMicroelectronics.X-CUBE-AZRTOS-G4.2.0.0
2023-11-05 12:44:33,024 [WARN] PackLoader:240 - Cannot read IP mode file for Infineon.AIROC-Wi-Fi-Bluetooth-STM32.1.5.1
2023-11-05 12:44:33,143 [WARN] PackLoader:240 - Cannot read IP mode file for STMicroelectronics.X-CUBE-MEMS1.10.0.0
2023-11-05 12:44:33,278 [WARN] PackLoader:240 - Cannot read IP mode file for STMicroelectronics.X-CUBE-FREERTOS.1.1.0
2023-11-05 12:44:33,308 [WARN] PackLoader:240 - Cannot read IP mode file for portGmbH.I-Cube-SoM-uGOAL.1.1.0
2023-11-05 12:44:33,486 [WARN] PackLoader:240 - Cannot read IP mode file for STMicroelectronics.X-CUBE-ALS.1.0.1
2023-11-05 12:44:33,505 [WARN] PackLoader:240 - Cannot read IP mode file for STMicroelectronics.FP-ATR-ASTRA1.2.0.0
2023-11-05 12:44:33,507 [INFO] ThirdParty:978 - Integrity check success = true
2023-11-05 12:44:33,507 [INFO] IntegrityCheckThread:100 - exiting critical section [integrity check]
2023-11-05 12:44:33,507 [INFO] IntegrityCheckThread:103 - End integrity checks thread
2023-11-05 12:44:41,969 [ERROR] LogOutputStream:75 - [STDERR_REDIRECT] SLF4J: Failed to load class "org.slf4j.impl.StaticLoggerBinder".
2023-11-05 12:44:41,971 [ERROR] LogOutputStream:75 - [STDERR_REDIRECT] SLF4J: Defaulting to no-operation (NOP) logger implementation
2023-11-05 12:44:41,973 [ERROR] LogOutputStream:75 - [STDERR_REDIRECT] SLF4J: See http://www.slf4j.org/codes.html#StaticLoggerBinder for further details.
